1 180
2 485
3 485
4 802
5 802
6 1116
7 1116
8 1383
9 1510
10 1510
11 1510
12 1786
13 1786
14 1786
15 2008
16 2207
17 2207
18 2235
19 2235
20 2361
21 2592
22 2592
23 2722
24 2722
25 2778
26 2778
27 3117
28 3117
29 3239
30 3318
31 3318
32 3609
33 3688
34 3688
35 3927
36 3927
37 4192
38 4192
39 4328
40 4493
41 4493
42 4730
43 4730
44 5047
45 5047
46 5359
47 5359
48 5483
49 5483
50 5618
51 5618
52 5750
53 6036
54 6036
55 6352
56 6352
57 6431
58 6431
59 6731
60 6731
61 7036
62 7036
63 7248
64 7248
65 7327
66 7336
67 7336
68 7535
69 7535
70 7850
71 7850
72 7850
73 8184
74 8184
75 8560
76 8560
77 8890
78 8890
79 8890
80 8890
81 9228
82 9228
83 9228
84 9353
85 9557
86 9557
87 9692
88 9692
89 9969
90 9969
91 10137
92 10137
93 10350
94 10350
95 10665
96 10665
97 10665
98 10980
99 10980
100 11358
101 11358
102 11590
103 11590
104 11861
105 11861
106 11861
107 11978
108 11978
109 12316
110 12316
111 12450
112 12450
113 12593
114 12593
115 12907
116 12907
117 13230
118 13230
119 13230
120 13365
121 13659
122 13659
123 13659
124 13788
125 13788
126 13867
127 14149
128 14149
129 14149
130 14276
131 14276
132 14404
133 14738
134 14738
135 14738
136 14970
137 14970
138 15209
139 15209
140 15209
141 15337
142 15638
143 15638
144 15638
145 15911
146 15911
147 15911
148 16233
149 16233
150 16581
151 16581
152 16581
153 16581
154 16581
155 16581
156 16581
157 16581
158 16581
159 16581
160 16581
161 16581
162 16581
163 16581
164 16581
165 16962
166 16962
167 16962
168 17281
169 17281
170 17281
171 17530
172 17530
173 17719
174 17719
175 17719
176 18017
177 18017
178 18147
179 18147
180 18276
181 18276
182 18607
183 18607
184 18607
185 18741
186 18741
187 18870
188 18870
189 18949
190 19131
191 19131
192 19131
193 19369
194 19369
195 19601
196 19601
197 19601
198 19840
199 19840
200 20169
201 20169
202 20169
203 20225
204 20225
205 20225
206 20225
207 20269
208 20269
209 20459
210 20459
211 20588
212 20588
213 20888
214 20888
215 20888
216 20967
217 20967
218 21046
219 21046
220 21046
221 21050
222 21050
223 21382
224 21382
225 21382
226 21718
227 21718
228 21718
229 22021
230 22021
231 22021
232 22154
233 22154
234 22283
235 22283
236 22572
237 22572
238 22572
239 22759
240 22759
241 22759
242 22894
243 22894
244 23098
245 23098
246 23177
247 23177
248 23329
249 23329
250 23458
251 23458
252 23741
253 23741
254 23741
255 24077
256 24077
257 24077
258 24077
259 24419
260 24419
261 24419
262 24748
263 24748
264 24748
265 24877
266 24877
267 24877
268 25144
269 25144
270 25461
271 25461
272 25461
273 25461
274 25597
275 25597
276 25731
277 25731
278 26037
279 26037
280 26037
281 26348
282 26348
283 26348
284 26607
285 26607
286 26607
287 26936
288 26936
289 26936
290 27208
291 27208
292 27208
293 27208
294 27492
295 27492
296 27492
297 27818
298 27818
299 27818
300 28152
301 28152
302 28152
303 28152
304 28408
305 28408
306 28661
307 28661
308 28661
309 28998
310 28998
311 28998
312 28998
313 29256
314 29256
315 29256
316 29256
317 29356
318 29356
319 29356
320 29662
321 29662
322 29662
323 30006
324 30006
325 30006
326 30006
327 30085
328 30085
329 30412
330 30412
331 30412
332 30412
333 30540
334 30540
335 30820
336 30820
337 30820
338 31108
339 31108
340 31108
341 31108
342 31381
343 31381
344 31381
345 31402
346 31402
347 31481
348 31481
349 31808
350 31808
351 31808
352 31808
353 32106
354 32106
355 32106
356 32343
357 32343
358 32343
359 32593
360 32593
361 32593
362 32726
363 32726
364 32726
365 32934
366 32934
367 32934
368 33264
369 33264
370 33264
371 33529
372 33529
373 33529
374 33529
375 33666
376 33666
377 33799
378 33799
379 34108
380 34108
381 34108
382 34108
383 34369
384 34369
385 34369
386 34369
387 34501
388 34501
389 34717
390 34717
391 34717
392 34999
393 34999
394 34999
395 35307
396 35307
397 35307
398 35307
399 35616
400 35616
401 35616
402 35616
403 35911
404 35911
405 35911
406 36244
407 36244
408 36244
409 36244
410 36455
411 36455
412 36455
413 36455
414 36764
415 36764
416 36764
417 36942
418 36942
419 36942
420 37243
421 37243
422 37243
423 37243
424 37570
425 37570
426 37570
427 37570
428 37570
429 37691
430 37691
431 37911
432 37911
433 37911
434 38212
435 38212
436 38212
437 38212
438 38212
439 38421
440 38421
441 38421
442 38741
443 38741
444 38741
445 38741
446 39070
447 39070
448 39070
449 39070
450 39199
451 39199
452 39470
453 39470
454 39470
455 39470
456 39470
457 39470
458 39703
459 39703
460 39703
461 39887
462 39887
463 39887
464 40011
465 40011
466 40143
467 40143
468 40143
469 40467
470 40467
471 40467
472 40467
473 40467
474 40467
475 40599
476 40599
477 40900
478 40900
479 40900
480 40900
481 41022
482 41022
483 41022
484 41350
485 41350
486 41350
487 41350
488 41477
489 41477
490 41739
491 41739
492 41739
493 41739
494 42085
495 42085
496 42085
497 42085
498 42085
499 42271
500 42271
501 42271
502 42570
503 42570
504 42570
505 42570
506 42752
507 42752
508 42752
509 42953
510 42953
511 42953
512 42953
513 43276
514 43276
515 43276
516 43276
517 43580
518 43580
519 43580
520 43580
521 43580
522 43770
523 43770
524 43770
525 44040
526 44040
527 44040
528 44040
529 44346
530 44346
531 44346
532 44346
533 44626
534 44626
535 44626
536 44626
537 44841
538 44841
539 44841
540 44841
541 45119
542 45119
543 45119
544 45119
545 45318
546 45318
547 45318
548 45318
549 45491
550 45491
551 45491
552 45587
553 45587
554 45587
555 45893
556 45893
557 45893
558 45893
559 46193
560 46193
561 46193
562 46193
563 46324
564 46324
565 46324
566 46619
567 46619
568 46619
569 46619
570 46619
571 46619
572 46967
573 46967
574 46967
575 46967
576 46967
577 47046
578 47046
579 47356
580 47356
581 47356
582 47356
583 47356
584 47481
585 47481
586 47767
587 47767
588 47767
589 47767
590 47767
591 48081
592 48081
593 48081
594 48081
595 48207
596 48207
597 48207
598 48340
599 48340
600 48340
601 48419
602 48419
603 48761
604 48761
605 48761
606 48761
607 48761
608 48761
609 48945
610 48945
611 48945
612 49084
613 49084
614 49084
615 49340
616 49340
617 49340
618 49340
619 49676
620 49676
621 49676
622 49676
623 49676
624 49676
625 49982
626 49982
627 49982
628 49982
629 50156
630 50156
631 50156
632 50156
633 50457
634 50457
635 50457
636 50457
637 50666
638 50666
639 50666
640 50666
641 50690
642 50690
643 51021
644 51021
645 51021
646 51021
647 51021
648 51021
649 51297
650 51297
651 51297
652 51297
653 51606
654 51606
655 51606
656 51606
657 51606
658 51685
659 51685
660 52027
661 52027
662 52027
663 52027
664 52027
665 52027
666 52340
667 52340
668 52340
669 52340
670 52340
671 52467
672 52467
673 52467
674 52591
675 52591
676 52591
677 52931
678 52931
679 52931
680 52931
681 52931
682 53010
683 53010
684 53010
685 53329
686 53329
687 53329
688 53329
689 53329
690 53329
691 53599
692 53599
693 53599
694 53599
695 53599
696 53823
697 53823
698 53823
699 53823
700 53823
701 53843
702 53843
703 54114
704 54114
705 54114
706 54114
707 54114
708 54329
709 54329
710 54329
711 54329
712 54455
713 54455
714 54455
715 54755
716 54755
717 54755
718 54755
719 54755
720 54755
721 54946
722 54946
723 54946
724 54946
725 55114
726 55114
727 55114
728 55196
729 55196
730 55196
731 55460
732 55460
733 55460
734 55460
735 55460
736 55593
737 55593
738 55593
739 55731
740 55731
741 55731
742 55866
743 55866
744 55866
745 55866
746 55945
747 55945
748 56199
749 56199
750 56199
751 56199
752 56199
753 56482
754 56482
755 56482
756 56482
757 56482
758 56491
759 56491
760 56623
761 56623
762 56623
763 56927
764 56927
765 56927
766 56927
767 56927
768 57130
769 57130
770 57130
771 57130
772 57130
773 57411
774 57411
775 57411
776 57411
777 57411
778 57729
779 57729
780 57729
781 57729
782 57729
783 57729
784 57853
785 57853
786 57853
787 58173
788 58173
789 58173
790 58173
791 58173
792 58173
793 58467
794 58467
795 58467
796 58467
797 58467
798 58467
799 58793
800 58793
801 58793
802 58793
803 58793
804 58793
805 58872
806 58872
807 59006
808 59006
809 59006
810 59006
811 59114
812 59114
813 59114
814 59446
815 59446
816 59446
817 59446
818 59446
819 59446
820 59734
821 59734
822 59734
823 59734
824 59734
825 59943
826 59943
827 59943
828 59943
829 59943
830 60074
831 60074
832 60074
833 60203
834 60203
835 60203
836 60203
837 60503
838 60503
839 60503
840 60503
841 60503
842 60696
843 60696
844 60696
845 60696
846 60920
847 60920
848 60920
849 60920
850 60920
851 61264
852 61264
853 61264
854 61264
855 61264
856 61264
857 61392
858 61392
859 61392
860 61799
861 61799
862 61799
863 61799
864 61799
865 61799
866 61799
867 61929
868 61929
869 61929
870 62149
871 62149
872 62149
873 62149
874 62149
875 62481
876 62481
877 62481
878 62481
879 62481
880 62481
881 62811
882 62811
883 62811
884 62811
885 62811
886 62811
887 62811
888 63122
889 63122
890 63122
891 63122
892 63122
893 63122
894 63441
895 63441
896 63441
897 63441
898 63441
899 63441
900 63734
901 63734
902 63734
903 63734
904 63734
905 63734
906 63886
907 63886
908 63886
909 63886
910 64185
911 64185
912 64185
913 64185
914 64185
915 64185
916 64321
917 64321
918 64321
919 64438
920 64438
921 64438
922 64735
923 64735
924 64735
925 64735
926 64735
927 64735
928 65068
929 65068
930 65068
931 65068
932 65068
933 65068
934 65068
935 65068
936 65395
937 65395
938 65395
939 65395
940 65395
941 65395
942 65395
943 65540
944 65540
945 65540
946 65540
947 65676
948 65676
949 65676
950 65981
951 65981
952 65981
953 65981
954 65981
955 65981
956 66296
957 66296
958 66296
959 66296
960 66296
961 66296
962 66586
963 66586
964 66586
965 66586
966 66586
967 66586
968 66665
969 66665
970 66665
971 66665
972 66665
973 67009
974 67009
975 67009
976 67009
977 67009
978 67009
979 67324
980 67324
981 67324
982 67324
983 67324
984 67324
985 67454
986 67454
987 67454
988 67454
989 67767
990 67767
991 67767
992 67767
993 67767
994 67767
995 67767
996 67767
997 67767
998 67846
999 67846
1000 67846
1001 68070
1002 68070
1003 68070
1004 68070
1005 68070
1006 68401
1007 68401
1008 68401
1009 68401
1010 68401
1011 68401
1012 68723
1013 68723
1014 68723
1015 68723
1016 68723
1017 68723
1018 68723
1019 68971
1020 68971
1021 68971
1022 68971
1023 68971
1024 69218
1025 69218
1026 69218
1027 69218
1028 69218
1029 69218
1030 69511
1031 69511
1032 69511
1033 69511
1034 69511
1035 69511
1036 69634
1037 69634
1038 69634
1039 69955
1040 69955
1041 69955
1042 69955
1043 69955
1044 69955
1045 69955
1046 70240
1047 70240
1048 70240
1049 70240
1050 70240
1051 70240
1052 70573
1053 70573
1054 70573
1055 70573
1056 70573
1057 70573
1058 70573
1059 70652
1060 70652
1061 70980
1062 70980
1063 70980
1064 70980
1065 70980
1066 70980
1067 70980
1068 71249
1069 71249
1070 71249
1071 71249
1072 71249
1073 71249
1074 71499
1075 71499
1076 71499
1077 71499
1078 71499
1079 71499
1080 71614
1081 71614
1082 71614
1083 71614
1084 71693
1085 71693
1086 71693
1087 71786
1088 71786
1089 71786
1090 71786
1091 71993
1092 71993
1093 71993
1094 71993
1095 71993
1096 71993
1097 72072
1098 72072
1099 72072
1100 72320
1101 72320
1102 72320
1103 72320
1104 72320
1105 72646
1106 72646
1107 72646
1108 72646
1109 72646
1110 72646
1111 72646
1112 72951
1113 72951
1114 72951
1115 72951
1116 72951
1117 72951
1118 72951
1119 73272
1120 73272
1121 73272
1122 73272
1123 73272
1124 73272
1125 73272
1126 73410
1127 73410
1128 73410
1129 73542
1130 73542
1131 73542
1132 73542
1133 73823
1134 73823
1135 73823
1136 73823
1137 73823
1138 73823
1139 73823
1140 74033
1141 74033
1142 74033
1143 74033
1144 74033
1145 74328
1146 74328
1147 74328
1148 74328
1149 74328
1150 74328
1151 74328
1152 74564
1153 74564
1154 74564
1155 74564
1156 74564
1157 74691
1158 74691
1159 74691
1160 74691
1161 74998
1162 74998
1163 74998
1164 74998
1165 74998
1166 74998
1167 74998
1168 74998
1169 74998
1170 74998
1171 75114
1172 75114
1173 75114
1174 75114
1175 75259
1176 75259
1177 75259
1178 75259
1179 75464
1180 75464
1181 75464
1182 75464
1183 75464
1184 75579
1185 75579
1186 75579
1187 75579
1188 75771
1189 75771
1190 75771
1191 75771
1192 75771
1193 76032
1194 76032
1195 76032
1196 76032
1197 76032
1198 76032
1199 76165
1200 76165
1201 76165
1202 76165
1203 76244
1204 76244
1205 76244
1206 76250
1207 76250
1208 76382
1209 76382
1210 76382
1211 76520
1212 76520
1213 76520
1214 76520
1215 76641
1216 76641
1217 76641
1218 76641
1219 76641
1220 76957
1221 76957
1222 76957
1223 76957
1224 76957
1225 76957
1226 76957
1227 77093
1228 77093
1229 77093
1230 77093
1231 77368
1232 77368
1233 77368
1234 77368
1235 77368
1236 77368
1237 77368
1238 77684
1239 77684
1240 77684
1241 77684
1242 77684
1243 77684
1244 77684
1245 77946
1246 77946
1247 77946
1248 77946
1249 77946
1250 77946
1251 78264
1252 78264
1253 78264
1254 78264
1255 78264
1256 78264
1257 78264
1258 78586
1259 78586
1260 78586
1261 78586
1262 78586
1263 78586
1264 78586
1265 78892
1266 78892
1267 78892
1268 78892
1269 78892
1270 78892
1271 78892
1272 79024
1273 79024
1274 79024
1275 79024
1276 79103
1277 79103
1278 79103
1279 79393
1280 79393
1281 79393
1282 79393
1283 79393
1284 79393
1285 79393
1286 79791
1287 79791
1288 79791
1289 79791
1290 79791
1291 79791
1292 79791
1293 79791
1294 80049
1295 80049
1296 80049
1297 80049
1298 80049
1299 80049
1300 80049
1301 80262
1302 80262
1303 80262
1304 80262
1305 80262
1306 80463
1307 80463
1308 80463
1309 80463
1310 80463
1311 80463
1312 80698
1313 80698
1314 80698
1315 80698
1316 80698
1317 80698
1318 80932
1319 80932
1320 80932
1321 80932
1322 80932
1323 80932
1324 81274
1325 81274
1326 81274
1327 81274
1328 81274
1329 81274
1330 81274
1331 81274
1332 81603
1333 81603
1334 81603
1335 81603
1336 81603
1337 81603
1338 81603
1339 81603
1340 81942
1341 81942
1342 81942
1343 81942
1344 81942
1345 81942
1346 81942
1347 81942
1348 82262
1349 82262
1350 82262
1351 82262
1352 82262
1353 82262
1354 82262
1355 82262
1356 82566
1357 82566
1358 82566
1359 82566
1360 82566
1361 82566
1362 82566
1363 82792
1364 82792
1365 82792
1366 82792
1367 82792
1368 82792
1369 82908
1370 82908
1371 82908
1372 82908
1373 82987
1374 82987
1375 82987
1376 83221
1377 83221
1378 83221
1379 83221
1380 83221
1381 83221
1382 83479
1383 83479
1384 83479
1385 83479
1386 83479
1387 83479
1388 83597
1389 83597
1390 83597
1391 83597
1392 83732
1393 83732
1394 83732
1395 83732
1396 83990
1397 83990
1398 83990
1399 83990
1400 83990
1401 83990
1402 83990
1403 84322
1404 84322
1405 84322
1406 84322
1407 84322
1408 84322
1409 84322
1410 84322
1411 84604
1412 84604
1413 84604
1414 84604
1415 84604
1416 84604
1417 84604
1418 84734
1419 84734
1420 84734
1421 84734
1422 84996
1423 84996
1424 84996
1425 84996
1426 84996
1427 84996
1428 84996
1429 85129
1430 85129
1431 85129
1432 85129
1433 85437
1434 85437
1435 85437
1436 85437
1437 85437
1438 85437
1439 85437
1440 85746
1441 85746
1442 85746
1443 85746
1444 85746
1445 85746
1446 85746
1447 85746
1448 86043
1449 86043
1450 86043
1451 86043
1452 86043
1453 86043
1454 86043
1455 86344
1456 86344
1457 86344
1458 86344
1459 86344
1460 86344
1461 86344
1462 86344
1463 86673
1464 86673
1465 86673
1466 86673
1467 86673
1468 86673
1469 86673
1470 86673
1471 86808
1472 86808
1473 86808
1474 86808
1475 87103
1476 87103
1477 87103
1478 87103
1479 87103
1480 87103
1481 87103
1482 87106
1483 87106
1484 87242
1485 87242
1486 87242
1487 87242
1488 87374
1489 87374
1490 87374
1491 87374
1492 87701
1493 87701
1494 87701
1495 87701
1496 87701
1497 87701
1498 87701
1499 87701
1500 87701
1501 88006
1502 88006
1503 88006
1504 88006
1505 88006
1506 88006
1507 88006
1508 88228
1509 88228
1510 88228
1511 88228
1512 88228
1513 88228
1514 88228
1515 88307
1516 88307
1517 88307
1518 88307
1519 88638
1520 88638
1521 88638
1522 88638
1523 88638
1524 88638
1525 88638
1526 88638
1527 88638
1528 88940
1529 88940
1530 88940
1531 88940
1532 88940
1533 88940
1534 88940
1535 88940
1536 88940
1537 89253
1538 89253
1539 89253
1540 89253
1541 89253
1542 89253
1543 89253
1544 89253
1545 89565
1546 89565
1547 89565
1548 89565
1549 89565
1550 89565
1551 89565
1552 89565
1553 89893
1554 89893
1555 89893
1556 89893
1557 89893
1558 89893
1559 89893
1560 89893
1561 89893
1562 90212
1563 90212
1564 90212
1565 90212
1566 90212
1567 90212
1568 90212
1569 90212
1570 90212
1571 90542
1572 90542
1573 90542
1574 90542
1575 90542
1576 90542
1577 90542
1578 90542
1579 90542
1580 90858
1581 90858
1582 90858
1583 90858
1584 90858
1585 90858
1586 90858
1587 90858
1588 90858
1589 90858
1590 91193
1591 91193
1592 91193
1593 91193
1594 91193
1595 91193
1596 91193
1597 91193
1598 91193
1599 91491
1600 91491
1601 91491
1602 91491
1603 91491
1604 91491
1605 91491
1606 91491
1607 91890
1608 91890
1609 91890
1610 91890
1611 91890
1612 91890
1613 91890
1614 91890
1615 91890
1616 91890
1617 91956
1618 91956
1619 91956
1620 92269
1621 92269
1622 92269
1623 92269
1624 92269
1625 92269
1626 92269
1627 92269
1628 92269
1629 92536
1630 92536
1631 92536
1632 92536
1633 92536
1634 92536
1635 92536
1636 92536
1637 92847
1638 92847
1639 92847
1640 92847
1641 92847
1642 92847
1643 92847
1644 92847
1645 93156
1646 93156
1647 93156
1648 93156
1649 93156
1650 93156
1651 93156
1652 93156
1653 93369
1654 93369
1655 93369
1656 93369
1657 93369
1658 93369
1659 93369
1660 93669
1661 93669
1662 93669
1663 93669
1664 93669
1665 93669
1666 93669
1667 93669
1668 93669
1669 93669
1670 93748
1671 93748
1672 93748
1673 93748
1674 93986
1675 93986
1676 93986
1677 93986
1678 93986
1679 93986
1680 93986
1681 93986
1682 94246
1683 94246
1684 94246
1685 94246
1686 94246
1687 94246
1688 94246
1689 94246
1690 94564
1691 94564
1692 94564
1693 94564
1694 94564
1695 94564
1696 94564
1697 94564
1698 94564
1699 94564
1700 94564
1701 94885
1702 94885
1703 94885
1704 94885
1705 94885
1706 94885
1707 94885
1708 94885
1709 94885
1710 94885
1711 94885
1712 95191
1713 95191
1714 95191
1715 95191
1716 95191
1717 95191
1718 95191
1719 95191
1720 95191
1721 95191
1722 95498
1723 95498
1724 95498
1725 95498
1726 95498
1727 95498
1728 95498
1729 95498
1730 95498
1731 95826
1732 95826
1733 95826
1734 95826
1735 95826
1736 95826
1737 95826
1738 95826
1739 95826
1740 95946
1741 95946
1742 95946
1743 95946
1744 95946
1745 95946
1746 96269
1747 96269
1748 96269
1749 96269
1750 96269
1751 96269
1752 96269
1753 96269
1754 96269
1755 96592
1756 96592
1757 96592
1758 96592
1759 96592
1760 96592
1761 96592
1762 96592
1763 96592
1764 96592
1765 96592
1766 96671
1767 96671
1768 96671
1769 96804
1770 96804
1771 96804
1772 96804
1773 96936
1774 96936
1775 96936
1776 96936
1777 96936
1778 97265
1779 97265
1780 97265
1781 97265
1782 97265
1783 97265
1784 97265
1785 97265
1786 97265
1787 97265
1788 97265
1789 97495
1790 97495
1791 97495
1792 97495
1793 97495
1794 97495
1795 97495
1796 97495
1797 97495
1798 97781
1799 97781
1800 97781
1801 97781
1802 97781
1803 97781
1804 97781
1805 97781
1806 98098
1807 98098
1808 98098
1809 98098
1810 98098
1811 98098
1812 98098
1813 98098
1814 98098
1815 98229
1816 98229
1817 98229
1818 98229
1819 98229
1820 98524
1821 98524
1822 98524
1823 98524
1824 98524
1825 98524
1826 98524
1827 98524
1828 98524
1829 98656
1830 98656
1831 98656
1832 98656
1833 98656
1834 98807
1835 98807
1836 98807
1837 98807
1838 98807
1839 98807
1840 98807
1841 99135
1842 99135
1843 99135
1844 99135
1845 99135
1846 99135
1847 99135
1848 99135
1849 99135
1850 99135
1851 99135
1852 99482
1853 99482
1854 99482
1855 99482
1856 99482
1857 99482
1858 99482
1859 99482
1860 99482
1861 99482
1862 99482
1863 99482
1864 99482
1865 99774
1866 99774
1867 99774
1868 99774
1869 99774
1870 99774
1871 99774
1872 99774
1873 99774
1874 100110
1875 100110
1876 100110
1877 100110
1878 100110
1879 100110
1880 100110
1881 100110
1882 100110
1883 100110
1884 100418
1885 100418
1886 100418
1887 100418
1888 100418
1889 100418
1890 100418
1891 100418
1892 100418
1893 100809
1894 100809
1895 100809
1896 100809
1897 100809
1898 100809
1899 100809
1900 100809
1901 100809
1902 100809
1903 100809
1904 101133
1905 101133
1906 101133
1907 101133
1908 101133
1909 101133
1910 101133
1911 101133
1912 101133
1913 101133
1914 101473
1915 101473
1916 101473
1917 101473
1918 101473
1919 101473
1920 101473
1921 101473
1922 101473
1923 101473
1924 101614
1925 101614
1926 101614
1927 101614
1928 101614
1929 101819
1930 101819
1931 101819
1932 101819
1933 101819
1934 101819
1935 102144
1936 102144
1937 102144
1938 102144
1939 102144
1940 102144
1941 102144
1942 102144
1943 102144
1944 102330
1945 102330
1946 102330
1947 102330
1948 102330
1949 102330
1950 102330
1951 102330
1952 102469
1953 102469
1954 102469
1955 102469
1956 102469
1957 102734
1958 102734
1959 102734
1960 102734
1961 102734
1962 102734
1963 102734
1964 102734
1965 102866
1966 102866
1967 102866
1968 102866
1969 102866
1970 102948
1971 102948
1972 102948
1973 103282
1974 103282
1975 103282
1976 103282
1977 103282
1978 103282
1979 103282
1980 103282
1981 103282
1982 103282
1983 103520
1984 103520
1985 103520
1986 103520
1987 103520
1988 103520
1989 103520
1990 103520
1991 103623
1992 103623
1993 103623
1994 103623
1995 103971
1996 103971
1997 103971
1998 103971
1999 103971
2000 103971
2001 103971
2002 103971
2003 103971
2004 103971
2005 104275
2006 104275
2007 104275
2008 104275
2009 104275
2010 104275
2011 104275
2012 104275
2013 104275
2014 104396
2015 104396
2016 104396
2017 104396
2018 104396
2019 104520
2020 104520
2021 104520
2022 104520
2023 104520
2024 104520
2025 104648
2026 104648
2027 104648
2028 104648
2029 104968
2030 104968
2031 104968
2032 104968
2033 104968
2034 104968
2035 104968
2036 104968
2037 104968
2038 104968
2039 105276
2040 105276
2041 105276
2042 105276
2043 105276
2044 105276
2045 105276
2046 105276
2047 105276
2048 105508
2049 105508
2050 105508
2051 105508
2052 105508
2053 105508
2054 105508
2055 105707
2056 105707
2057 105707
2058 105707
2059 105707
2060 105707
2061 105707
2062 105707
2063 105707
2064 105842
2065 105842
2066 105842
2067 105842
2068 105842
2069 105980
2070 105980
2071 105980
2072 105980
2073 105980
2074 105980
2075 105980
2076 106250
2077 106250
2078 106250
2079 106250
2080 106250
2081 106250
2082 106250
2083 106250
2084 106436
2085 106436
2086 106436
2087 106436
2088 106436
2089 106436
2090 106436
2091 106746
2092 106746
2093 106746
2094 106746
2095 106746
2096 106746
2097 106746
2098 106746
2099 106746
2100 106746
2101 107074
2102 107074
2103 107074
2104 107074
2105 107074
2106 107074
2107 107074
2108 107074
2109 107074
2110 107074
2111 107074
2112 107279
2113 107279
2114 107279
2115 107279
2116 107279
2117 107279
2118 107279
2119 107358
2120 107358
2121 107358
2122 107358
2123 107571
2124 107571
2125 107571
2126 107571
2127 107571
2128 107571
2129 107571
2130 107571
2131 107962
2132 107962
2133 107962
2134 107962
2135 107962
2136 107962
2137 107962
2138 107962
2139 107962
2140 107962
2141 107962
2142 107962
2143 108100
2144 108100
2145 108100
2146 108100
2147 108100
2148 108372
2149 108372
2150 108372
2151 108372
2152 108372
2153 108372
2154 108372
2155 108372
2156 108372
2157 108533
2158 108533
2159 108533
2160 108533
2161 108533
2162 108823
2163 108823
2164 108823
2165 108823
2166 108823
2167 108823
2168 108823
2169 108823
2170 108823
2171 108823
2172 108823
2173 108922
2174 108922
2175 108922
2176 108922
