1 0
2 0
3 0
4 0
5 0
6 0
7 0
8 0
9 1
10 1
11 1
12 1
13 1
14 1
15 1
16 1
17 1
18 1
19 1
20 1
21 1
22 1
23 2
24 2
25 2
26 2
27 2
28 2
29 2
30 3
31 3
32 3
33 3
34 3
35 3
36 3
37 3
38 4
39 4
40 4
41 4
42 4
43 4
44 4
45 4
46 4
47 4
48 5
49 5
50 5
51 5
52 5
53 5
54 5
55 5
56 5
57 5
58 5
59 5
60 5
61 6
62 6
63 6
64 6
65 6
66 6
67 6
68 6
69 6
70 6
71 6
72 6
73 6
74 6
75 6
76 6
77 7
78 7
79 7
80 7
81 7
82 7
83 7
84 7
85 7
86 7
87 7
88 7
89 7
90 7
91 7
92 7
93 7
94 7
95 7
96 8
97 8
98 8
99 8
100 8
101 9
102 9
103 9
104 9
105 9
106 9
107 9
108 9
109 9
110 9
111 12
112 12
113 12
114 12
115 13
116 13
117 13
118 13
119 13
120 13
121 13
122 13
123 14
124 14
125 14
126 14
127 14
128 14
129 14
130 14
131 14
132 14
133 14
134 14
135 14
136 14
137 14
138 14
139 14
140 14
141 14
142 14
143 14
144 14
145 14
146 14
147 14
148 14
149 14
150 14
151 14
152 14
153 14
154 14
155 15
156 15
157 15
158 16
159 16
160 17
161 18
162 18
163 18
164 18
165 18
166 18
167 18
168 18
169 18
170 18
171 18
172 18
173 18
174 18
175 18
176 18
177 18
178 18
179 18
180 18
181 18
182 18
183 19
184 19
185 19
186 19
187 19
188 19
189 19
190 19
191 19
192 19
193 19
194 19
195 19
196 19
197 19
198 19
199 19
200 19
201 20
202 20
203 20
204 20
205 20
206 20
207 20
208 20
209 20
210 20
211 20
212 20
213 20
214 20
215 20
216 20
217 21
218 21
219 21
220 21
221 21
222 21
223 21
224 21
225 21
226 21
227 21
228 21
229 21
230 21
231 21
232 21
233 21
234 21
235 21
236 21
237 21
238 21
239 21
240 21
241 21
242 21
243 21
244 21
245 21
246 21
247 21
248 21
249 21
250 21
251 21
252 21
253 21
254 21
255 21
256 21
257 21
258 22
259 22
260 22
261 22
262 22
263 22
264 22
265 22
266 22
267 23
268 23
269 23
270 24
271 24
272 24
273 24
274 24
275 25
276 25
277 25
278 25
279 25
280 25
281 25
282 26
283 26
284 27
285 27
286 27
287 27
288 27
289 27
290 27
291 27
292 27
293 27
294 27
295 27
296 27
297 27
298 27
299 27
300 27
301 27
302 27
303 27
304 27
305 27
306 27
307 27
308 27
309 27
310 27
311 28
312 28
313 28
314 28
315 28
316 28
317 28
318 28
319 28
320 28
321 28
322 28
323 28
324 28
325 28
326 28
327 28
328 28
329 28
330 28
331 28
332 28
333 28
334 28
335 28
336 28
337 28
338 28
339 28
340 28
341 28
342 28
343 29
344 29
345 29
346 29
347 29
348 29
349 29
350 29
351 29
352 29
353 29
354 29
355 29
356 29
357 29
358 29
359 29
360 29
361 29
362 29
363 29
364 29
365 29
366 29
367 29
368 29
369 29
370 29
371 29
372 29
373 29
374 29
375 29
376 29
377 29
378 29
379 29
380 29
381 29
382 29
383 29
384 29
385 29
386 29
387 29
388 29
389 29
390 29
391 29
392 29
393 29
394 29
395 30
396 30
397 30
398 30
399 30
400 30
401 30
402 30
403 30
404 31
405 31
406 31
407 31
408 31
409 31
410 31
411 31
412 31
413 31
414 31
415 31
416 31
417 31
418 31
419 31
420 31
421 31
422 31
423 31
424 31
425 31
426 31
427 31
428 31
429 32
430 32
431 33
432 33
433 33
434 34
435 34
436 34
437 34
438 34
439 34
440 34
441 34
442 34
443 34
444 34
445 34
446 34
447 34
448 34
449 34
450 34
451 34
452 34
453 34
454 34
455 34
456 34
457 34
458 34
459 35
460 36
461 36
462 37
463 39
464 39
465 39
466 39
467 39
468 39
469 39
470 39
471 39
472 39
473 39
474 39
475 39
476 39
477 39
478 39
479 39
480 40
481 40
482 40
483 40
484 40
485 40
486 40
487 41
488 41
489 41
490 41
491 41
492 41
493 41
494 41
495 41
496 41
497 42
498 42
499 42
500 42
501 42
502 42
503 42
504 42
505 42
506 42
507 43
508 43
509 43
510 43
511 43
512 43
513 43
514 43
515 43
516 43
517 43
518 43
519 43
520 43
521 43
522 43
523 43
524 43
525 43
526 43
527 43
528 43
529 43
530 43
531 43
532 43
533 43
534 43
535 43
536 43
537 43
538 43
539 43
540 43
541 43
542 43
543 43
544 43
545 43
546 43
547 43
548 43
549 44
550 44
551 44
552 44
553 44
554 44
555 44
556 45
557 45
558 45
559 45
560 45
561 45
562 45
563 45
564 45
565 45
566 45
567 45
568 45
569 45
570 45
571 45
572 45
573 45
574 45
575 45
576 45
577 45
578 45
579 45
580 45
581 45
582 45
583 45
584 45
585 45
586 45
587 45
588 45
589 45
590 45
591 45
592 45
593 45
594 45
595 45
596 45
597 45
598 45
599 45
600 45
601 45
602 45
603 45
604 45
605 45
606 45
607 45
608 46
609 46
610 46
611 46
612 46
613 46
614 46
615 46
616 46
617 46
618 46
619 46
620 46
621 46
622 46
623 46
624 46
625 47
626 47
627 47
628 47
629 47
630 47
631 48
632 48
633 48
634 48
635 48
636 49
637 49
638 49
639 49
640 49
641 50
642 50
643 50
644 50
645 50
646 50
647 50
648 50
649 51
650 51
651 51
652 51
653 51
654 51
655 51
656 51
657 51
658 51
659 51
660 51
661 51
662 52
663 52
664 52
665 52
666 52
667 52
668 52
669 52
670 52
671 52
672 52
673 52
674 52
675 52
676 52
677 52
678 52
679 52
680 52
681 52
682 52
683 52
684 52
685 52
686 52
687 52
688 52
689 52
690 52
691 52
692 53
693 53
694 53
695 53
696 53
697 53
698 53
699 54
700 54
701 54
702 54
703 54
704 54
705 54
706 54
707 54
708 54
709 54
710 55
711 55
712 55
713 55
714 55
715 55
716 55
717 55
718 55
719 55
720 55
721 56
722 56
723 56
724 56
725 56
726 56
727 56
728 56
729 56
730 56
731 56
732 56
733 56
734 56
735 56
736 56
737 56
738 56
739 56
740 56
741 56
742 56
743 56
744 56
745 56
746 56
747 56
748 56
749 56
750 56
751 56
752 56
753 56
754 56
755 56
756 56
757 56
758 56
759 56
760 56
761 56
762 56
763 56
764 56
765 56
766 56
767 56
768 56
769 56
770 56
771 56
772 56
773 56
774 56
775 56
776 56
777 56
778 56
779 56
780 56
781 56
782 56
783 56
784 56
785 56
786 56
787 56
788 56
789 56
790 56
791 56
792 56
793 56
794 56
795 56
796 56
797 56
798 56
799 56
800 56
801 56
802 57
803 57
804 57
805 57
806 57
807 57
808 57
809 57
810 57
811 57
812 57
813 57
814 57
815 57
816 57
817 57
818 57
819 57
820 57
821 57
822 57
823 57
824 57
825 57
826 57
827 57
828 57
829 57
830 57
831 57
832 57
833 57
834 57
835 57
836 57
837 57
838 57
839 57
840 58
841 58
842 58
843 58
844 58
845 58
846 58
847 58
848 58
849 58
850 58
851 59
852 59
853 59
854 59
855 59
856 59
857 59
858 59
859 59
860 59
861 59
862 59
863 59
864 59
865 60
866 60
867 60
868 60
869 60
870 60
871 60
872 60
873 60
874 60
875 60
876 60
877 60
878 60
879 60
880 60
881 60
882 60
883 60
884 60
885 60
886 60
887 60
888 60
889 60
890 60
891 60
892 60
893 60
894 60
895 60
896 60
897 60
898 60
899 60
900 60
901 60
902 60
903 60
904 60
905 60
906 60
907 60
