1 50
2 98
3 99
4 138
5 138
6 160
7 160
8 164
9 228
10 228
11 228
12 229
13 229
14 230
15 230
16 249
17 249
18 250
19 250
20 312
21 315
22 315
23 389
24 389
25 390
26 476
27 476
28 535
29 535
30 559
31 563
32 563
33 589
34 591
35 591
36 595
37 595
38 669
39 671
40 671
41 673
42 673
43 690
44 690
45 713
46 713
47 778
48 853
49 853
50 928
51 938
52 938
53 963
54 963
55 986
56 986
57 987
58 1005
59 1005
60 1007
61 1007
62 1031
63 1032
64 1032
65 1033
66 1033
67 1036
68 1036
69 1051
70 1051
71 1103
72 1145
73 1145
74 1145
75 1145
76 1212
77 1212
78 1282
79 1294
80 1294
81 1370
82 1370
83 1428
84 1429
85 1429
86 1430
87 1430
88 1444
89 1444
90 1467
91 1467
92 1568
93 1568
94 1575
95 1578
96 1578
97 1650
98 1650
99 1742
100 1742
101 1816
102 1900
103 1900
104 1935
105 1935
106 1975
107 1975
108 2044
109 2055
110 2055
111 2127
112 2127
113 2149
114 2164
115 2164
116 2234
117 2306
118 2306
119 2353
120 2353
121 2355
122 2355
123 2356
124 2426
125 2426
126 2454
127 2454
128 2458
129 2458
130 2481
131 2481
132 2483
133 2483
134 2483
135 2483
136 2483
137 2483
138 2483
139 2483
140 2483
141 2483
142 2483
143 2483
144 2483
145 2483
146 2511
147 2511
148 2534
149 2536
150 2536
151 2538
152 2538
153 2570
154 2570
155 2640
156 2707
157 2707
158 2756
159 2756
160 2829
161 2895
162 2895
163 2921
164 2922
165 2922
166 2937
167 2937
168 2942
169 2942
170 2943
171 2995
172 2995
173 2996
174 2996
175 2996
176 2996
177 2997
178 2999
179 2999
180 3080
181 3080
182 3096
183 3096
184 3121
185 3143
186 3143
187 3143
188 3144
189 3144
190 3184
191 3184
192 3248
193 3248
194 3256
195 3256
196 3321
197 3396
198 3396
199 3405
200 3405
201 3406
202 3406
203 3483
204 3483
205 3488
206 3511
207 3511
208 3518
209 3518
210 3588
211 3595
212 3595
213 3646
214 3646
215 3775
216 3775
217 3775
218 3820
219 3820
220 3894
221 3895
222 3895
223 3924
224 3924
225 3925
226 3925
227 4003
228 4023
229 4023
230 4047
231 4047
232 4053
233 4053
234 4097
235 4101
236 4101
237 4111
238 4111
239 4140
240 4140
241 4202
242 4202
243 4228
244 4228
245 4232
246 4270
247 4270
248 4273
249 4273
250 4273
251 4273
252 4275
253 4312
254 4312
255 4415
256 4415
257 4415
258 4441
259 4466
260 4466
261 4529
262 4529
263 4550
264 4550
265 4569
266 4569
267 4576
268 4576
269 4577
270 4577
271 4602
272 4634
273 4634
274 4701
275 4701
276 4709
277 4709
278 4710
279 4785
280 4785
281 4793
282 4793
283 4831
284 4841
285 4841
286 4916
287 4916
288 4994
289 4994
290 5021
291 5021
292 5034
293 5034
294 5116
295 5123
296 5123
297 5130
298 5130
299 5161
300 5174
301 5174
302 5180
303 5180
304 5243
305 5243
306 5244
307 5244
308 5255
309 5255
310 5271
311 5271
312 5287
313 5287
314 5312
315 5312
316 5371
317 5372
318 5372
319 5385
320 5385
321 5387
322 5387
323 5426
324 5426
325 5491
326 5491
327 5556
328 5556
329 5558
330 5558
331 5558
332 5589
333 5589
334 5598
335 5662
336 5662
337 5734
338 5734
339 5779
340 5779
341 5779
342 5858
343 5858
344 5875
345 5875
346 5943
347 5982
348 5982
349 6044
350 6044
351 6045
352 6045
353 6120
354 6120
355 6127
356 6128
357 6128
358 6129
359 6129
360 6131
361 6131
362 6191
363 6191
364 6219
365 6219
366 6220
367 6220
368 6226
369 6226
370 6231
371 6231
372 6257
373 6259
374 6259
375 6259
376 6318
377 6319
378 6319
379 6329
380 6329
381 6335
382 6335
383 6349
384 6349
385 6371
386 6371
387 6446
388 6460
389 6460
390 6460
391 6460
392 6495
393 6521
394 6521
395 6549
396 6549
397 6612
398 6622
399 6622
400 6654
401 6654
402 6722
403 6722
404 6796
405 6796
406 6821
407 6918
408 6918
409 6920
410 6920
411 7003
412 7003
413 7049
414 7049
415 7153
416 7153
417 7172
418 7172
419 7173
420 7187
421 7187
422 7188
423 7188
424 7189
425 7189
426 7221
427 7221
428 7223
429 7223
430 7239
431 7239
432 7262
433 7345
434 7345
435 7359
436 7359
437 7431
438 7431
439 7492
440 7492
441 7592
442 7592
443 7617
444 7619
445 7619
446 7622
447 7622
448 7622
449 7623
450 7623
451 7624
452 7629
453 7629
454 7631
455 7631
456 7704
457 7704
458 7706
459 7706
460 7709
461 7709
462 7720
463 7721
464 7721
465 7725
466 7725
467 7796
468 7873
469 7873
470 7951
471 7951
472 7975
473 7978
474 7978
475 7981
476 7981
477 7982
478 7982
479 7983
480 7983
481 8000
482 8000
483 8001
484 8003
485 8003
486 8021
487 8021
488 8094
489 8094
490 8109
491 8109
492 8117
493 8161
494 8161
495 8183
496 8183
497 8250
498 8250
499 8253
500 8289
501 8289
502 8295
503 8295
504 8297
505 8297
506 8366
507 8366
508 8430
509 8443
510 8443
511 8444
512 8444
513 8449
514 8449
515 8499
516 8577
517 8577
518 8714
519 8714
520 8792
521 8792
522 8796
523 8796
524 8811
525 8811
526 8860
527 8860
528 8881
529 8881
530 8900
531 8900
532 8911
533 8911
534 8921
535 8921
536 8921
537 8927
538 8927
539 9011
540 9012
541 9012
542 9014
543 9014
544 9043
545 9043
546 9043
547 9043
548 9076
549 9076
550 9078
551 9078
552 9148
553 9148
554 9159
555 9193
556 9193
557 9197
558 9197
559 9221
560 9221
561 9221
562 9319
563 9319
564 9325
565 9325
566 9394
567 9394
568 9396
569 9396
570 9396
571 9396
572 9423
573 9423
574 9431
575 9431
576 9478
577 9478
578 9497
579 9497
580 9509
581 9513
582 9513
583 9574
584 9574
585 9645
586 9645
587 9692
588 9692
589 9698
590 9698
591 9756
592 9756
593 9779
594 9819
595 9819
596 9832
597 9832
598 9835
599 9835
600 9843
601 9843
602 9866
603 9866
604 9873
605 9873
606 9873
607 9874
608 9874
609 9897
610 9897
611 9903
612 9903
613 9911
614 9911
615 9918
616 9954
617 9954
618 10035
619 10035
620 10105
621 10105
622 10111
623 10111
624 10114
625 10114
626 10130
627 10130
628 10132
629 10132
630 10133
631 10133
632 10143
633 10143
634 10143
635 10143
636 10143
637 10210
638 10214
639 10214
640 10216
641 10216
642 10279
643 10280
644 10280
645 10289
646 10289
647 10363
648 10363
649 10390
650 10390
651 10391
652 10466
653 10466
654 10547
655 10547
656 10618
657 10618
658 10618
659 10664
660 10664
661 10736
662 10736
663 10739
664 10739
665 10781
666 10781
667 10802
668 10802
669 10839
670 10839
671 10863
672 10863
673 10878
674 10957
675 10957
676 10980
677 10980
678 10984
679 10984
680 11068
681 11068
682 11070
683 11070
684 11077
685 11078
686 11078
687 11078
688 11081
689 11081
690 11082
691 11082
692 11132
693 11132
694 11180
695 11245
696 11245
697 11245
698 11283
699 11283
700 11286
701 11287
702 11287
703 11347
704 11347
705 11370
706 11370
707 11371
708 11404
709 11404
710 11467
711 11467
712 11543
713 11543
714 11549
715 11608
716 11608
717 11621
718 11621
719 11691
720 11691
721 11702
722 11702
723 11778
724 11778
725 11783
726 11783
727 11808
728 11808
729 11809
730 11809
731 11830
732 11830
733 11881
734 11881
735 11957
736 11957
737 11963
738 11964
739 11964
740 12041
741 12041
742 12117
743 12117
744 12165
745 12165
746 12197
747 12197
748 12201
749 12201
750 12228
751 12228
752 12253
753 12253
754 12264
755 12264
756 12308
757 12308
758 12330
759 12330
760 12359
761 12359
762 12408
763 12408
764 12454
765 12454
766 12472
767 12472
768 12563
769 12563
770 12591
771 12591
772 12715
773 12715
774 12716
775 12716
776 12773
777 12773
778 12784
779 12784
780 12800
781 12800
782 12817
783 12817
784 12820
785 12820
786 12839
787 12839
788 12839
789 12864
790 12864
791 12865
792 12865
793 12880
794 12880
795 12896
796 12896
797 12896
798 12949
799 12949
800 12949
801 12949
802 12980
803 12980
804 13017
805 13017
806 13041
807 13041
808 13108
809 13108
810 13108
811 13108
812 13134
813 13134
814 13158
815 13158
816 13180
817 13180
818 13262
819 13262
820 13335
821 13358
822 13358
823 13358
824 13365
825 13365
826 13375
827 13375
828 13439
829 13439
830 13517
831 13521
832 13521
833 13589
834 13589
835 13592
836 13592
837 13592
838 13592
839 13655
840 13655
841 13719
842 13719
843 13719
844 13719
845 13721
846 13721
847 13766
848 13766
849 13785
850 13785
851 13897
852 13897
853 13916
854 13916
855 13985
856 13985
857 14060
858 14060
859 14068
860 14068
861 14136
862 14136
863 14138
864 14138
865 14219
866 14219
867 14226
868 14226
869 14300
870 14300
871 14301
872 14352
873 14352
874 14355
875 14355
876 14356
877 14356
878 14418
879 14418
880 14446
881 14446
882 14448
883 14448
884 14507
885 14507
886 14507
887 14570
888 14570
889 14618
890 14618
891 14674
892 14674
893 14683
894 14683
895 14685
896 14685
897 14765
898 14765
899 14844
900 14844
901 14844
902 14859
903 14859
904 14859
905 14860
906 14860
907 14888
908 14888
909 14929
910 14929
911 14931
912 14931
913 14957
914 14957
915 14959
916 15025
917 15025
918 15107
919 15107
920 15140
921 15140
922 15143
923 15143
924 15147
925 15147
926 15147
927 15148
928 15148
