1 0
2 0
3 0
4 0
5 0
6 0
7 0
8 0
9 1
10 1
11 1
12 1
13 1
14 1
15 1
16 1
17 1
18 1
19 1
20 1
21 1
22 1
23 2
24 2
25 2
26 3
27 3
28 3
29 3
30 4
31 4
32 4
33 4
34 4
35 4
36 4
37 4
38 5
39 5
40 5
41 5
42 5
43 6
44 6
45 6
46 6
47 6
48 7
49 7
50 7
51 7
52 7
53 7
54 7
55 7
56 7
57 7
58 7
59 7
60 7
61 8
62 8
63 8
64 8
65 8
66 8
67 8
68 8
69 8
70 8
71 8
72 8
73 8
74 8
75 9
76 9
77 10
78 10
79 10
80 10
81 10
82 10
83 10
84 10
85 10
86 10
87 10
88 10
89 10
90 10
91 11
92 11
93 11
94 11
95 11
96 12
97 12
98 13
99 13
100 13
101 15
102 15
103 15
104 15
105 15
106 15
107 15
108 15
109 15
110 15
111 18
112 18
113 18
114 18
115 19
116 20
117 20
118 20
119 20
120 20
121 20
122 20
123 21
124 21
125 21
126 21
127 21
128 22
129 22
130 23
131 23
132 23
133 23
134 23
135 23
136 23
137 23
138 23
139 23
140 23
141 23
142 23
143 23
144 23
145 23
146 23
147 23
148 23
149 23
150 23
151 23
152 23
153 23
154 23
155 24
156 24
157 24
158 25
159 25
160 26
161 27
162 27
163 27
164 27
165 27
166 27
167 27
168 27
169 27
170 27
171 27
172 27
173 27
174 27
175 27
176 27
177 27
178 27
179 27
180 27
181 27
182 27
183 28
184 28
185 28
186 28
187 28
188 29
189 29
190 29
191 29
192 29
193 29
194 29
195 29
196 29
197 29
198 29
199 29
200 29
201 30
202 30
203 30
204 30
205 31
206 31
207 31
208 31
209 31
210 31
211 31
212 31
213 31
214 31
215 31
216 31
217 32
218 32
219 32
220 32
221 32
222 32
223 32
224 32
225 32
226 32
227 32
228 32
229 32
230 32
231 32
232 32
233 32
234 32
235 32
236 32
237 32
238 32
239 32
240 32
241 32
242 32
243 32
244 32
245 32
246 32
247 32
248 32
249 32
250 32
251 32
252 32
253 32
254 32
255 32
256 32
257 32
258 33
259 34
260 34
261 34
262 34
263 34
264 34
265 34
266 34
267 35
268 35
269 35
270 36
271 36
272 36
273 36
274 36
275 37
276 37
277 37
278 38
279 38
280 38
281 38
282 39
283 39
284 40
285 40
286 40
287 40
288 40
289 40
290 40
291 40
292 40
293 40
294 40
295 40
296 40
297 41
298 41
299 41
300 41
301 41
302 41
303 41
304 41
305 41
306 41
307 41
308 41
309 41
310 41
311 42
312 42
313 42
314 42
315 42
316 42
317 42
318 42
319 42
320 42
321 42
322 42
323 42
324 42
325 42
326 42
327 42
328 42
329 42
330 42
331 42
332 42
333 42
334 42
335 42
336 42
337 42
338 42
339 42
340 42
341 42
342 42
343 43
344 43
345 43
346 43
347 43
348 43
349 43
350 43
351 43
352 43
353 43
354 43
355 43
356 43
357 43
358 43
359 43
360 43
361 43
362 43
363 43
364 43
365 43
366 43
367 43
368 43
369 43
370 43
371 43
372 43
373 43
374 43
375 43
376 43
377 43
378 43
379 43
380 43
381 43
382 43
383 43
384 43
385 43
386 43
387 43
388 43
389 43
390 43
391 43
392 43
393 43
394 43
395 44
396 44
397 44
398 44
399 44
400 45
401 45
402 45
403 45
404 47
405 47
406 47
407 47
408 47
409 47
410 47
411 47
412 47
413 47
414 47
415 47
416 47
417 47
418 47
419 47
420 47
421 47
422 47
423 47
424 47
425 47
426 48
427 48
428 48
429 48
430 49
431 50
432 50
433 50
434 50
435 51
436 51
437 51
438 51
439 51
440 51
441 51
442 51
443 51
444 51
445 51
446 51
447 51
448 51
449 51
450 51
451 51
452 51
453 51
454 51
455 51
456 51
457 51
458 51
459 52
460 53
461 53
462 54
463 56
464 56
465 56
466 56
467 56
468 56
469 56
470 56
471 56
472 56
473 56
474 56
475 56
476 56
477 56
478 56
479 56
480 57
481 57
482 57
483 57
484 57
485 57
486 57
487 58
488 58
489 58
490 58
491 58
492 58
493 58
494 58
495 58
496 58
497 58
498 59
499 59
500 59
501 59
502 59
503 59
504 59
505 59
506 59
507 59
508 60
509 60
510 60
511 60
512 60
513 60
514 60
515 60
516 60
517 60
518 60
519 60
520 60
521 60
522 60
523 60
524 60
525 60
526 60
527 60
528 60
529 60
530 60
531 60
532 60
533 60
534 60
535 60
536 60
537 60
538 60
539 60
540 60
541 60
542 60
543 60
544 60
545 60
546 60
547 60
548 60
549 60
550 61
551 61
552 61
553 61
554 61
555 61
556 62
557 62
558 63
559 63
560 63
561 63
562 63
563 63
564 63
565 63
566 63
567 63
568 63
569 63
570 63
571 63
572 63
573 63
574 63
575 63
576 63
577 63
578 63
579 63
580 63
581 63
582 63
583 63
584 63
585 63
586 63
587 63
588 63
589 63
590 63
591 63
592 63
593 63
594 63
595 63
596 63
597 63
598 63
599 63
600 63
601 63
602 63
603 63
604 64
605 64
606 64
607 64
608 66
609 66
610 67
611 67
612 67
613 67
614 67
615 67
616 67
617 67
618 67
619 67
620 67
621 67
622 67
623 67
624 67
625 67
626 68
627 68
628 68
629 68
630 68
631 69
632 69
633 69
634 69
635 69
636 69
637 70
638 70
639 70
640 70
641 70
642 71
643 71
644 71
645 71
646 71
647 71
648 71
649 71
650 72
651 72
652 72
653 72
654 72
655 72
656 72
657 72
658 72
659 72
660 72
661 72
662 72
663 73
664 73
665 73
666 73
667 73
668 73
669 73
670 73
671 73
672 73
673 73
674 73
675 73
676 73
677 73
678 73
679 73
680 73
681 73
682 73
683 73
684 73
685 73
686 74
687 74
688 74
689 74
690 74
691 74
692 74
693 75
694 75
695 75
696 75
697 75
698 75
699 75
700 76
701 76
702 76
703 76
704 76
705 76
706 76
707 76
708 76
709 76
710 76
711 77
712 77
713 77
714 77
715 77
716 77
717 77
718 77
719 77
720 77
721 77
722 78
723 78
724 78
725 78
726 78
727 78
728 78
729 78
730 78
731 78
732 78
733 78
734 78
735 78
736 78
737 78
738 78
739 78
740 78
741 78
742 78
743 78
744 78
745 78
746 78
747 78
748 78
749 78
750 78
751 78
752 79
753 79
754 80
755 80
756 80
757 80
758 81
759 81
760 81
761 81
762 81
763 81
764 81
765 81
766 81
767 81
768 81
769 81
770 81
771 81
772 81
773 81
774 81
775 81
776 81
777 81
778 81
779 81
780 81
781 81
782 81
783 81
784 81
785 81
786 81
787 81
788 81
789 81
790 81
791 81
792 81
793 81
794 81
795 81
796 81
797 81
798 81
799 81
800 81
801 81
802 81
803 81
804 82
805 82
806 82
807 82
808 82
809 82
810 82
811 82
812 82
813 82
814 82
815 83
816 83
817 83
818 83
819 83
820 83
821 83
822 83
823 83
824 83
825 83
826 83
827 83
828 83
829 83
830 83
831 83
832 83
833 83
834 83
835 83
836 83
837 83
838 83
839 83
840 83
841 84
842 84
843 84
844 84
845 84
846 84
847 84
848 84
849 84
850 84
851 84
852 85
853 85
854 85
855 85
856 85
857 85
858 85
859 85
860 85
861 85
862 85
863 85
864 85
865 85
866 85
867 86
868 86
869 86
870 86
871 86
872 86
873 86
874 86
875 86
876 86
877 86
878 86
879 86
880 87
881 87
882 87
883 87
884 87
885 87
886 87
887 87
888 87
889 87
890 87
891 87
892 87
893 87
894 87
895 87
896 87
897 87
898 87
899 87
900 87
901 87
902 87
903 87
904 87
905 87
906 87
907 87
908 87
909 87
