1 6
2 11
3 11
4 15
5 15
6 16
7 16
8 17
9 61
10 61
11 61
12 62
13 62
14 63
15 63
16 68
17 68
18 69
19 69
20 117
21 117
22 117
23 164
24 165
25 165
26 173
27 173
28 218
29 221
30 221
31 221
32 221
33 225
34 226
35 226
36 227
37 227
38 278
39 279
40 279
41 281
42 281
43 282
44 284
45 284
46 328
47 328
48 382
49 426
50 426
51 427
52 427
53 428
54 428
55 429
56 430
57 430
58 431
59 432
60 432
61 435
62 436
63 436
64 437
65 437
66 438
67 438
68 439
69 439
70 442
71 442
72 445
73 445
74 445
75 449
76 449
77 493
78 494
79 494
80 546
81 558
82 558
83 559
84 559
85 560
86 560
87 561
88 561
89 562
90 562
91 577
92 578
93 578
94 579
95 579
96 623
97 636
98 636
99 683
100 683
101 741
102 744
103 744
104 745
105 745
106 788
107 789
108 789
109 833
110 833
111 836
112 837
113 837
114 878
115 878
116 926
117 927
118 927
119 928
120 928
121 929
122 929
123 973
124 973
125 973
126 974
127 974
128 975
129 975
130 977
131 977
132 977
133 977
134 977
135 977
136 977
137 977
138 977
139 977
140 977
141 977
142 977
143 977
144 978
145 981
146 981
147 982
148 982
149 983
150 983
151 986
152 986
153 1030
154 1078
155 1078
156 1085
157 1137
158 1137
159 1177
160 1177
161 1182
162 1183
163 1183
164 1185
165 1187
166 1187
167 1188
168 1188
169 1190
170 1190
171 1191
172 1191
173 1191
174 1191
175 1191
176 1192
177 1192
178 1236
179 1237
180 1237
181 1240
182 1241
183 1241
184 1241
185 1241
186 1242
187 1245
188 1245
189 1247
190 1247
191 1248
192 1248
193 1293
194 1344
195 1344
196 1345
197 1345
198 1346
199 1346
200 1395
201 1396
202 1396
203 1397
204 1397
205 1398
206 1448
207 1448
208 1449
209 1449
210 1450
211 1450
212 1464
213 1464
214 1466
215 1466
216 1507
217 1508
218 1508
219 1509
220 1509
221 1510
222 1510
223 1557
224 1558
225 1558
226 1559
227 1559
228 1560
229 1560
230 1561
231 1562
232 1562
233 1564
234 1564
235 1565
236 1565
237 1570
238 1574
239 1574
240 1575
241 1575
242 1579
243 1579
244 1580
245 1580
246 1580
247 1581
248 1581
249 1584
250 1584
251 1600
252 1600
253 1604
254 1604
255 1605
256 1605
257 1651
258 1654
259 1654
260 1655
261 1655
262 1657
263 1657
264 1658
265 1662
266 1662
267 1663
268 1663
269 1682
270 1683
271 1683
272 1684
273 1684
274 1727
275 1728
276 1728
277 1735
278 1735
279 1736
280 1736
281 1789
282 1842
283 1842
284 1844
285 1844
286 1845
287 1845
288 1890
289 1890
290 1890
291 1891
292 1891
293 1895
294 1896
295 1896
296 1897
297 1897
298 1900
299 1900
300 1901
301 1901
302 1903
303 1904
304 1904
305 1905
306 1905
307 1906
308 1906
309 1949
310 1949
311 1950
312 1950
313 1951
314 1951
315 1952
316 1952
317 1957
318 1957
319 1961
320 2009
321 2009
322 2010
323 2010
324 2010
325 2016
326 2016
327 2018
328 2018
329 2061
330 2109
331 2109
332 2113
333 2113
334 2113
335 2166
336 2166
337 2167
338 2167
339 2211
340 2212
341 2212
342 2250
343 2251
344 2251
345 2253
346 2253
347 2254
348 2254
349 2255
350 2255
351 2256
352 2256
353 2257
354 2258
355 2258
356 2258
357 2260
358 2260
359 2260
360 2261
361 2261
362 2263
363 2263
364 2264
365 2265
366 2265
367 2279
368 2279
369 2280
370 2280
371 2282
372 2282
373 2283
374 2283
375 2285
376 2286
377 2286
378 2333
379 2333
380 2334
381 2334
382 2334
383 2337
384 2337
385 2341
386 2342
387 2342
388 2387
389 2387
390 2388
391 2389
392 2389
393 2433
394 2433
395 2478
396 2481
397 2481
398 2491
399 2491
400 2492
401 2492
402 2547
403 2547
404 2556
405 2564
406 2564
407 2565
408 2565
409 2566
410 2566
411 2567
412 2567
413 2568
414 2569
415 2569
416 2571
417 2571
418 2572
419 2572
420 2573
421 2573
422 2574
423 2574
424 2582
425 2583
426 2583
427 2627
428 2627
429 2669
430 2669
431 2678
432 2682
433 2682
434 2683
435 2683
436 2684
437 2684
438 2685
439 2685
440 2685
441 2685
442 2686
443 2686
444 2687
445 2687
446 2731
447 2732
448 2732
449 2733
450 2733
451 2736
452 2736
453 2737
454 2738
455 2738
456 2789
457 2789
458 2841
459 2885
460 2885
461 2889
462 2889
463 2890
464 2890
465 2890
466 2891
467 2891
468 2892
469 2892
470 2893
471 2893
472 2894
473 2894
474 2895
475 2895
476 2896
477 2896
478 2940
479 2941
480 2941
481 2942
482 2942
483 2943
484 2943
485 2944
486 2989
487 2989
488 2990
489 2990
490 2992
491 2993
492 2993
493 2994
494 2994
495 3042
496 3042
497 3085
498 3086
499 3086
500 3086
501 3086
502 3087
503 3087
504 3091
505 3137
506 3137
507 3160
508 3160
509 3204
510 3205
511 3205
512 3205
513 3206
514 3206
515 3209
516 3210
517 3210
518 3211
519 3211
520 3211
521 3212
522 3212
523 3213
524 3213
525 3214
526 3214
527 3272
528 3273
529 3273
530 3274
531 3274
532 3276
533 3276
534 3276
535 3278
536 3278
537 3278
538 3279
539 3279
540 3327
541 3328
542 3328
543 3329
544 3329
545 3330
546 3330
547 3333
548 3333
549 3333
550 3339
551 3339
552 3340
553 3384
554 3384
555 3386
556 3386
557 3386
558 3386
559 3386
560 3391
561 3392
562 3392
563 3394
564 3394
565 3395
566 3395
567 3396
568 3396
569 3397
570 3397
571 3415
572 3459
573 3459
574 3463
575 3463
576 3464
577 3464
578 3465
579 3466
580 3466
581 3469
582 3469
583 3470
584 3470
585 3471
586 3471
587 3472
588 3472
589 3473
590 3474
591 3474
592 3474
593 3474
594 3475
595 3475
596 3476
597 3476
598 3477
599 3478
600 3478
601 3479
602 3479
603 3481
604 3481
605 3532
606 3579
607 3579
608 3580
609 3580
610 3581
611 3581
612 3582
613 3582
614 3583
615 3583
616 3584
617 3584
618 3585
619 3585
620 3585
621 3585
622 3585
623 3629
624 3630
625 3630
626 3631
627 3631
628 3675
629 3675
630 3676
631 3677
632 3677
633 3731
634 3731
635 3736
636 3737
637 3737
638 3786
639 3786
640 3842
641 3842
642 3886
643 3886
644 3886
645 3889
646 3889
647 3937
648 3938
649 3938
650 3942
651 3942
652 3945
653 3945
654 3947
655 3947
656 3949
657 3949
658 3951
659 3951
660 4004
661 4005
662 4005
663 4006
664 4006
665 4021
666 4022
667 4022
668 4023
669 4023
670 4024
671 4024
672 4024
673 4025
674 4025
675 4026
676 4026
677 4028
678 4029
679 4029
680 4035
681 4035
682 4038
683 4038
684 4039
685 4039
686 4039
687 4039
688 4083
689 4085
690 4085
691 4086
692 4086
693 4090
694 4090
695 4135
696 4186
697 4186
698 4187
699 4187
700 4191
701 4191
702 4192
703 4192
704 4239
705 4240
706 4240
707 4287
708 4287
709 4288
710 4288
711 4289
712 4289
713 4290
714 4290
715 4292
716 4292
717 4297
718 4345
719 4345
720 4346
721 4346
722 4347
723 4400
724 4400
725 4454
726 4454
727 4458
728 4458
729 4459
730 4459
731 4460
732 4460
733 4465
734 4465
735 4467
736 4467
737 4468
738 4468
739 4471
740 4471
741 4473
742 4474
743 4474
744 4475
745 4475
746 4478
747 4478
748 4479
749 4479
750 4490
751 4490
752 4491
753 4491
754 4511
755 4511
756 4512
757 4512
758 4515
759 4515
760 4516
761 4516
762 4517
763 4517
764 4519
765 4519
766 4520
767 4522
768 4522
769 4522
770 4522
771 4525
772 4525
773 4525
774 4526
775 4526
776 4527
777 4527
778 4527
779 4527
780 4529
781 4529
782 4529
783 4531
784 4531
785 4531
786 4533
787 4534
788 4534
789 4579
790 4579
791 4579
792 4579
793 4583
794 4583
795 4584
796 4584
797 4584
798 4584
799 4635
800 4680
801 4680
802 4681
803 4681
804 4682
805 4682
806 4683
807 4683
808 4691
809 4691
810 4745
811 4746
812 4746
813 4798
814 4798
815 4799
816 4799
817 4799
818 4806
819 4806
820 4807
821 4807
822 4807
823 4807
824 4807
825 4808
826 4808
827 4809
828 4809
829 4810
830 4832
831 4832
832 4833
833 4833
834 4835
835 4835
836 4888
837 4888
838 4889
839 4889
840 4893
841 4893
842 4895
843 4895
844 4953
845 4954
846 4954
847 5006
848 5006
849 5007
850 5007
851 5011
852 5011
853 5012
854 5012
855 5013
856 5017
857 5017
858 5022
859 5022
860 5024
861 5024
862 5068
863 5068
864 5068
865 5113
866 5116
867 5116
868 5120
869 5120
870 5121
871 5121
872 5122
873 5122
874 5176
875 5176
876 5232
877 5232
878 5232
879 5233
880 5233
881 5234
882 5234
883 5235
884 5235
885 5236
886 5236
887 5237
888 5237
889 5241
890 5241
891 5242
892 5242
893 5255
894 5312
895 5312
896 5313
897 5313
898 5314
899 5314
900 5314
901 5314
902 5314
903 5315
904 5315
