1 0
2 1
3 1
4 1
5 1
6 2
7 2
8 2
9 6
10 6
11 6
12 7
13 7
14 7
15 7
16 7
17 7
18 7
19 7
20 7
21 7
22 7
23 11
24 12
25 12
26 13
27 13
28 13
29 14
30 14
31 14
32 14
33 14
34 15
35 15
36 16
37 19
38 19
39 19
40 19
41 19
42 19
43 20
44 21
45 21
46 25
47 25
48 26
49 30
50 30
51 30
52 30
53 30
54 30
55 30
56 30
57 30
58 30
59 30
60 30
61 31
62 31
63 31
64 31
65 31
66 32
67 32
68 33
69 33
70 33
71 33
72 34
73 34
74 34
75 35
76 35
77 37
78 38
79 38
80 38
81 39
82 39
83 39
84 39
85 40
86 40
87 41
88 41
89 42
90 42
91 43
92 43
93 43
94 43
95 43
96 45
97 46
98 46
99 50
100 50
101 54
102 54
103 54
104 55
105 55
106 56
107 57
108 57
109 60
110 60
111 63
112 63
113 63
114 64
115 64
116 65
117 65
118 65
119 65
120 65
121 65
122 67
123 67
124 67
125 67
126 67
127 67
128 68
129 70
130 70
131 70
132 70
133 70
134 70
135 70
136 70
137 70
138 70
139 70
140 70
141 70
142 70
143 71
144 71
145 72
146 72
147 72
148 72
149 73
150 73
151 73
152 73
153 77
154 82
155 82
156 82
157 83
158 83
159 84
160 84
161 85
162 85
163 85
164 85
165 85
166 85
167 86
168 86
169 86
170 86
171 87
172 87
173 87
174 87
175 87
176 88
177 88
178 90
179 91
180 91
181 91
182 91
183 92
184 92
185 92
186 93
187 93
188 94
189 94
190 94
191 94
192 94
193 97
194 97
195 98
196 98
197 98
198 99
199 99
200 101
201 101
202 101
203 101
204 101
205 102
206 102
207 103
208 103
209 103
210 104
211 104
212 105
213 105
214 105
215 106
216 106
217 110
218 110
219 110
220 110
221 110
222 110
223 110
224 111
225 112
226 112
227 112
228 112
229 113
230 113
231 113
232 114
233 114
234 114
235 114
236 114
237 114
238 114
239 114
240 114
241 114
242 114
243 114
244 114
245 114
246 114
247 114
248 115
249 115
250 115
251 115
252 115
253 115
254 115
255 115
256 116
257 116
258 120
259 120
260 121
261 121
262 122
263 122
264 122
265 122
266 122
267 123
268 123
269 123
270 123
271 124
272 124
273 124
274 125
275 125
276 129
277 129
278 129
279 130
280 130
281 130
282 130
283 134
284 139
285 139
286 139
287 139
288 139
289 139
290 141
291 141
292 141
293 141
294 141
295 141
296 141
297 142
298 143
299 143
300 143
301 143
302 144
303 144
304 145
305 145
306 146
307 146
308 146
309 146
310 147
311 147
312 149
313 149
314 149
315 150
316 150
317 151
318 151
319 151
320 152
321 153
322 153
323 157
324 157
325 157
326 157
327 157
328 158
329 158
330 158
331 159
332 159
333 161
334 161
335 161
336 161
337 161
338 165
339 166
340 166
341 167
342 167
343 167
344 171
345 171
346 171
347 171
348 171
349 171
350 172
351 172
352 172
353 172
354 172
355 172
356 172
357 173
358 173
359 173
360 173
361 173
362 173
363 173
364 173
365 173
366 173
367 174
368 174
369 174
370 174
371 175
372 175
373 175
374 176
375 176
376 176
377 176
378 177
379 177
380 178
381 181
382 181
383 181
384 181
385 181
386 181
387 181
388 181
389 181
390 182
391 182
392 182
393 183
394 183
395 183
396 183
397 186
398 186
399 187
400 187
401 187
402 188
403 188
404 188
405 188
406 190
407 191
408 191
409 192
410 192
411 192
412 192
413 192
414 192
415 192
416 192
417 192
418 192
419 192
420 192
421 192
422 193
423 193
424 194
425 194
426 194
427 194
428 195
429 195
430 196
431 196
432 201
433 202
434 202
435 203
436 203
437 204
438 204
439 204
440 205
441 205
442 206
443 206
444 206
445 206
446 207
447 207
448 207
449 207
450 210
451 211
452 211
453 212
454 212
455 212
456 212
457 212
458 212
459 212
460 212
461 216
462 217
463 217
464 222
465 224
466 224
467 224
468 224
469 224
470 224
471 224
472 224
473 224
474 225
475 225
476 225
477 225
478 225
479 225
480 226
481 226
482 229
483 229
484 229
485 229
486 229
487 230
488 230
489 231
490 231
491 234
492 234
493 234
494 234
495 234
496 234
497 234
498 234
499 234
500 237
501 238
502 238
503 239
504 239
505 239
506 240
507 240
508 240
509 240
510 242
511 243
512 243
513 250
514 250
515 250
516 250
517 250
518 250
519 250
520 250
521 251
522 251
523 252
524 252
525 252
526 252
527 253
528 253
529 254
530 254
531 257
532 257
533 257
534 257
535 257
536 257
537 258
538 258
539 258
540 259
541 259
542 260
543 260
544 260
545 265
546 265
547 265
548 265
549 265
550 266
551 266
552 267
553 267
554 267
555 268
556 268
557 268
558 268
559 274
560 276
561 276
562 276
563 276
564 276
565 276
566 276
567 276
568 276
569 276
570 276
571 276
572 276
573 276
574 277
575 277
576 278
577 278
578 278
579 278
580 278
581 278
582 278
583 278
584 278
585 278
586 278
587 278
588 278
589 279
590 279
591 280
592 280
593 281
594 281
595 281
596 281
597 281
598 281
599 281
600 281
601 281
602 281
603 281
604 282
605 282
606 283
607 283
608 284
609 284
610 285
611 287
612 287
613 289
614 289
615 290
616 290
617 291
618 291
619 291
620 291
621 292
622 293
623 293
624 293
625 293
626 293
627 293
628 293
629 295
630 295
631 295
632 295
633 295
634 295
635 298
636 298
637 298
638 298
639 298
640 302
641 302
642 302
643 302
644 302
645 305
646 305
647 309
648 312
649 312
650 312
651 312
652 312
653 315
654 315
655 315
656 315
657 315
658 315
659 316
660 316
661 316
662 316
663 317
664 317
665 317
666 317
667 322
668 322
669 322
670 323
671 323
672 323
673 323
674 323
675 323
676 323
677 324
678 324
679 324
680 324
681 324
682 324
683 324
684 325
685 326
686 326
687 327
688 327
689 328
690 328
691 328
692 328
693 328
694 328
695 328
696 328
697 329
698 329
699 329
700 329
701 329
702 329
703 331
704 331
705 331
706 331
707 332
708 332
709 332
710 332
711 334
712 335
713 335
714 335
715 336
716 337
717 337
718 338
719 338
720 339
721 339
722 340
723 340
724 340
725 340
726 342
727 342
728 342
729 342
730 342
731 342
732 342
733 344
734 345
735 345
736 345
737 345
738 346
739 346
740 346
741 346
742 347
743 347
744 347
745 347
746 347
747 348
748 348
749 349
750 349
751 349
752 349
753 349
754 350
755 350
756 351
757 351
758 352
759 352
760 352
761 352
762 353
763 353
764 353
765 353
766 353
767 353
768 354
769 354
770 354
771 355
772 355
773 356
774 356
775 356
776 356
777 356
778 356
779 356
780 356
781 356
782 356
783 357
784 357
785 357
786 357
787 357
788 357
789 358
790 358
791 358
792 358
793 358
794 358
795 358
796 359
797 359
798 359
799 360
800 360
801 360
802 361
803 361
804 361
805 361
806 361
807 361
808 363
809 364
810 364
811 364
812 364
813 364
814 364
815 364
816 364
817 364
818 364
819 368
820 368
821 369
822 369
823 370
824 370
825 370
826 370
827 370
828 371
829 371
830 372
831 372
832 372
833 372
834 373
835 373
836 374
837 374
838 375
839 375
840 376
841 376
842 377
843 377
844 377
845 377
846 381
847 381
848 381
849 381
850 381
851 381
852 381
853 381
854 381
855 381
856 381
857 382
858 382
859 382
860 382
861 382
862 382
863 382
864 382
865 382
866 383
867 383
868 384
869 385
870 385
871 389
872 389
873 389
874 391
875 391
876 391
877 391
878 391
879 391
880 392
881 392
882 392
883 392
884 394
885 394
886 398
887 398
888 398
889 399
890 399
891 400
892 400
893 400
894 400
895 401
896 401
897 401
898 401
899 401
900 402
901 402
902 403
903 403
904 405
905 405
906 406
907 406
908 406
909 406
910 406
911 406
912 406
913 406
914 406
