1 229
2 910
3 910
4 1366
5 1366
6 1822
7 1822
8 2278
9 2278
10 2722
11 2722
12 2722
13 3178
14 3178
15 3634
16 3634
17 4090
18 4090
19 4500
20 4500
21 4936
22 4936
23 5392
24 5392
25 5848
26 5848
27 6203
28 6203
29 6659
30 6659
31 7097
32 7097
33 7176
34 7176
35 7632
36 7632
37 7711
38 7711
39 8167
40 8167
41 8623
42 8623
43 9086
44 9086
45 9542
46 9542
47 9542
48 9994
49 9994
50 10438
51 10438
52 10438
53 10894
54 10894
55 11337
56 11337
57 11337
58 11800
59 11800
60 12240
61 12240
62 12696
63 12696
64 12696
65 13152
66 13152
67 13152
68 13231
69 13687
70 13687
71 13687
72 14143
73 14143
74 14143
75 14599
76 14599
77 14678
78 14678
79 15047
80 15047
81 15047
82 15503
83 15503
84 15503
85 15959
86 15959
87 15959
88 16415
89 16415
90 16415
91 16871
92 16871
93 16871
94 17327
95 17327
96 17327
97 17327
98 17783
99 17783
100 17783
101 17783
102 18225
103 18225
104 18680
105 18680
106 18680
107 19142
108 19142
109 19142
110 19598
111 19598
112 19598
113 20047
114 20047
115 20047
116 20047
117 20503
118 20503
119 20503
120 20959
121 20959
122 20959
123 20959
124 21415
125 21415
126 21415
127 21871
128 21871
129 21871
130 22320
131 22320
132 22320
133 22776
134 22776
135 22776
136 22776
137 23211
138 23211
139 23211
140 23667
141 23667
142 23667
143 24113
144 24113
145 24113
146 24580
147 24580
148 24580
149 24580
150 25036
151 25036
152 25036
153 25492
154 25492
155 25492
156 25492
157 25948
158 25948
159 25948
160 26404
161 26404
162 26404
163 26404
164 26849
165 26849
166 26849
167 26928
168 26928
169 27384
170 27384
171 27384
172 27384
173 27827
174 27827
175 27827
176 28266
177 28266
178 28266
179 28266
180 28722
181 28722
182 28722
183 28722
184 29178
185 29178
186 29178
187 29178
188 29634
189 29634
190 29634
191 30081
192 30081
193 30081
194 30081
195 30537
196 30537
197 30537
198 30537
199 30993
200 30993
201 30993
202 30993
203 31449
204 31449
205 31449
206 31449
207 31905
208 31905
209 31905
210 31905
211 31905
212 31905
213 31905
214 31905
215 31905
216 31905
217 31905
218 31905
219 31905
220 31905
221 31905
222 31905
223 31905
224 32361
225 32361
226 32361
227 32361
228 32817
229 32817
230 32817
231 32817
232 32817
233 33273
234 33273
235 33273
236 33273
237 33626
238 33626
239 33626
240 33626
241 34082
242 34082
243 34082
244 34082
245 34082
246 34528
247 34528
248 34528
249 34528
250 34963
251 34963
252 34963
253 34963
254 35419
255 35419
256 35419
257 35419
258 35419
259 35879
260 35879
261 35879
262 35879
263 36323
264 36323
265 36323
266 36323
267 36323
268 36402
269 36402
270 36854
271 36854
272 36854
273 36854
274 36854
275 37310
276 37310
277 37310
278 37310
279 37310
280 37766
281 37766
282 37766
283 37766
284 37766
285 38218
286 38218
287 38218
288 38218
289 38218
290 38674
291 38674
292 38674
293 38674
294 38674
295 39028
296 39028
297 39028
298 39028
299 39028
300 39392
301 39392
302 39392
303 39392
304 39392
305 39763
306 39763
307 39763
308 39763
309 40207
310 40207
311 40207
312 40207
313 40663
314 40663
315 40663
316 40663
317 40663
318 40742
319 40742
320 40821
321 40821
322 40821
323 40821
324 41181
325 41181
326 41181
327 41181
328 41637
329 41637
330 41637
331 41637
332 41637
333 42093
334 42093
335 42093
336 42093
337 42093
338 42093
339 42549
340 42549
341 42549
342 42549
343 42549
344 42993
345 42993
346 42993
347 42993
348 42993
349 43424
350 43424
351 43424
352 43424
353 43424
354 43880
355 43880
356 43880
357 43880
358 43880
359 44336
360 44336
361 44336
362 44336
363 44336
364 44336
365 44800
366 44800
367 44800
368 44800
369 44800
370 45254
371 45254
372 45254
373 45254
374 45254
375 45333
376 45333
377 45789
378 45789
379 45789
380 45789
381 45789
382 45789
383 46240
384 46240
385 46240
386 46240
387 46240
388 46696
389 46696
390 46696
391 46696
392 46696
393 47152
394 47152
395 47152
396 47152
397 47152
398 47152
399 47608
400 47608
401 47608
402 47608
403 47608
404 47608
405 48064
406 48064
407 48064
408 48064
409 48064
410 48064
411 48510
412 48510
413 48510
414 48510
415 48510
416 48966
417 48966
418 48966
419 48966
420 48966
421 49422
422 49422
423 49422
424 49422
425 49422
426 49422
427 49878
428 49878
429 49878
430 49878
431 49878
432 49878
433 50340
434 50340
435 50340
436 50340
437 50340
438 50340
439 50796
440 50796
441 50796
442 50796
443 50796
444 50796
445 51229
446 51229
447 51229
448 51229
449 51229
450 51229
451 51685
452 51685
453 51685
454 51685
455 51685
456 51685
457 52141
458 52141
459 52141
460 52141
461 52141
462 52141
463 52597
464 52597
465 52597
466 52597
467 52597
468 52597
469 53053
470 53053
471 53053
472 53053
473 53053
474 53053
475 53509
476 53509
477 53509
478 53509
479 53509
480 53509
481 53509
482 53965
483 53965
484 53965
485 53965
486 53965
487 53965
488 54421
489 54421
490 54421
491 54421
492 54421
493 54421
494 54877
495 54877
496 54877
497 54877
498 54877
499 54877
500 54877
501 55333
502 55333
503 55333
504 55333
505 55333
506 55333
507 55789
508 55789
509 55789
510 55789
511 55789
512 55789
513 55789
514 55789
515 56245
516 56245
517 56245
518 56245
519 56245
520 56245
521 56245
522 56701
523 56701
524 56701
525 56701
526 56701
527 56701
528 56701
529 57157
530 57157
531 57157
532 57157
533 57157
534 57157
535 57157
536 57236
537 57236
538 57692
539 57692
540 57692
541 57692
542 57692
543 57692
544 57692
545 58128
546 58128
547 58128
548 58128
549 58128
550 58128
551 58583
552 58583
553 58583
554 58583
555 58583
556 58583
557 58583
558 59039
559 59039
560 59039
561 59039
562 59039
563 59039
564 59039
565 59494
566 59494
567 59494
568 59494
569 59494
570 59494
571 59494
572 59848
573 59848
574 59848
575 59848
576 59848
577 59848
578 59927
579 59927
580 60383
581 60383
582 60383
583 60383
584 60383
585 60383
586 60383
587 60838
588 60838
589 60838
590 60838
591 60838
592 60838
593 60838
594 61291
595 61291
596 61291
597 61291
598 61291
599 61291
600 61291
601 61747
602 61747
603 61747
604 61747
605 61747
606 61747
607 61747
608 62188
609 62188
610 62188
611 62188
612 62188
613 62188
614 62188
615 62644
616 62644
617 62644
618 62644
619 62644
620 62644
621 62644
622 63100
623 63100
624 63100
625 63100
626 63100
627 63100
628 63100
629 63100
630 63556
631 63556
632 63556
633 63556
634 63556
635 63556
636 63556
637 64016
638 64016
639 64016
640 64016
641 64016
642 64016
643 64016
644 64479
645 64479
646 64479
647 64479
648 64479
649 64479
650 64479
651 64935
652 64935
653 64935
654 64935
655 64935
656 64935
657 64935
658 64935
659 65391
660 65391
661 65391
662 65391
663 65391
664 65391
665 65391
666 65391
667 65835
668 65835
669 65835
670 65835
671 65835
672 65835
673 65835
674 66291
675 66291
676 66291
677 66291
678 66291
679 66291
680 66291
681 66747
682 66747
683 66747
684 66747
685 66747
686 66747
687 66747
688 66747
689 67203
690 67203
691 67203
692 67203
693 67203
694 67203
695 67203
696 67203
697 67659
698 67659
699 67659
700 67659
701 67659
702 67659
703 67659
704 67659
705 68104
706 68104
707 68104
708 68104
709 68104
710 68104
711 68104
712 68104
713 68560
714 68560
715 68560
716 68560
717 68560
718 68560
719 68560
720 68560
721 68560
722 69016
723 69016
724 69016
725 69016
726 69016
727 69016
728 69016
729 69016
730 69472
731 69472
732 69472
733 69472
734 69472
735 69472
736 69472
737 69472
738 69928
739 69928
740 69928
741 69928
742 69928
743 69928
744 69928
745 69928
746 70384
747 70384
748 70384
749 70384
750 70384
751 70384
752 70384
753 70384
754 70840
755 70840
756 70840
757 70840
758 70840
759 70840
760 70840
761 70840
762 70840
763 71280
764 71280
765 71280
766 71280
767 71280
768 71280
769 71280
770 71280
771 71736
772 71736
773 71736
774 71736
775 71736
776 71736
777 71736
778 71736
779 72192
780 72192
781 72192
782 72192
783 72192
784 72192
785 72192
786 72192
787 72192
788 72648
789 72648
790 72648
791 72648
792 72648
793 72648
794 72648
795 72648
796 72648
797 73104
798 73104
799 73104
800 73104
801 73104
802 73104
803 73104
804 73104
805 73560
806 73560
807 73560
808 73560
809 73560
810 73560
811 73560
812 73560
813 74010
814 74010
815 74010
816 74010
817 74010
818 74010
819 74010
820 74010
821 74010
822 74466
823 74466
824 74466
825 74466
826 74466
827 74466
828 74466
829 74466
830 74466
831 74466
832 74920
833 74920
834 74920
835 74920
836 74920
837 74920
838 74920
839 74920
840 75376
841 75376
842 75376
843 75376
844 75376
845 75376
846 75376
847 75376
848 75376
849 75820
850 75820
851 75820
852 75820
853 75820
854 75820
855 75820
856 75820
857 76277
858 76277
859 76277
860 76277
861 76277
862 76277
863 76277
864 76277
865 76277
866 76733
867 76733
868 76733
869 76733
870 76733
871 76733
872 76733
873 76733
874 76733
875 76733
876 77176
877 77176
878 77176
879 77176
880 77176
881 77176
882 77176
883 77176
884 77176
885 77632
886 77632
887 77632
888 77632
889 77632
890 77632
891 77632
892 77632
893 77632
894 78072
895 78072
896 78072
897 78072
898 78072
899 78072
900 78072
901 78072
902 78528
903 78528
904 78528
905 78528
906 78528
907 78528
908 78528
909 78528
910 78528
911 78975
912 78975
913 78975
914 78975
915 78975
916 78975
917 78975
918 78975
919 78975
920 79431
921 79431
922 79431
923 79431
924 79431
925 79431
926 79431
927 79431
928 79431
929 79887
930 79887
931 79887
932 79887
933 79887
934 79887
935 79887
936 79887
937 79887
938 80343
939 80343
940 80343
941 80343
942 80343
943 80343
944 80343
945 80343
946 80343
947 80343
948 80798
949 80798
950 80798
951 80798
952 80798
953 80798
954 80798
955 80798
956 80798
957 81254
958 81254
959 81254
960 81254
961 81254
962 81254
963 81254
964 81254
965 81254
966 81254
967 81710
968 81710
969 81710
970 81710
971 81710
972 81710
973 81710
974 81710
975 81710
976 81710
977 82166
978 82166
979 82166
980 82166
981 82166
982 82166
983 82166
984 82166
985 82166
986 82622
987 82622
988 82622
989 82622
990 82622
991 82622
992 82622
993 82622
994 82622
995 82622
996 83070
997 83070
998 83070
999 83070
1000 83070
1001 83070
1002 83070
1003 83070
1004 83070
1005 83523
1006 83523
1007 83523
1008 83523
1009 83523
1010 83523
1011 83523
1012 83523
1013 83523
1014 83523
1015 83974
1016 83974
1017 83974
1018 83974
1019 83974
1020 83974
1021 83974
1022 83974
1023 83974
1024 83974
1025 84422
1026 84422
1027 84422
1028 84422
1029 84422
1030 84422
1031 84422
1032 84422
1033 84422
1034 84878
1035 84878
1036 84878
1037 84878
1038 84878
1039 84878
1040 84878
1041 84878
1042 84878
1043 84878
1044 85334
1045 85334
1046 85334
1047 85334
1048 85334
1049 85334
1050 85334
1051 85334
1052 85334
1053 85334
1054 85790
1055 85790
1056 85790
1057 85790
1058 85790
1059 85790
1060 85790
1061 85790
1062 85790
1063 85790
1064 86245
1065 86245
1066 86245
1067 86245
1068 86245
1069 86245
1070 86245
1071 86245
1072 86245
1073 86245
1074 86599
1075 86599
1076 86599
1077 86599
1078 86599
1079 86599
1080 86599
1081 86599
1082 87055
1083 87055
1084 87055
1085 87055
1086 87055
1087 87055
1088 87055
1089 87055
1090 87055
1091 87055
1092 87511
1093 87511
1094 87511
1095 87511
1096 87511
1097 87511
1098 87511
1099 87511
1100 87511
1101 87511
1102 87956
1103 87956
1104 87956
1105 87956
1106 87956
1107 87956
1108 87956
1109 87956
1110 87956
1111 87956
1112 88412
1113 88412
1114 88412
1115 88412
1116 88412
1117 88412
1118 88412
1119 88412
1120 88412
1121 88412
1122 88412
1123 88412
1124 88868
1125 88868
1126 88868
1127 88868
1128 88868
1129 88868
1130 88868
1131 88868
1132 88868
1133 88868
1134 88947
1135 88947
1136 88947
1137 89403
1138 89403
1139 89403
1140 89403
1141 89403
1142 89403
1143 89403
1144 89403
1145 89403
1146 89403
1147 89403
1148 89842
1149 89842
1150 89842
1151 89842
1152 89842
1153 89842
1154 89842
1155 89842
1156 89842
1157 90297
1158 90297
1159 90297
1160 90297
1161 90297
1162 90297
1163 90297
1164 90297
1165 90297
1166 90297
1167 90297
1168 90753
1169 90753
1170 90753
1171 90753
1172 90753
1173 90753
1174 90753
1175 90753
1176 90753
1177 90753
1178 91193
1179 91193
1180 91193
1181 91193
1182 91193
1183 91193
1184 91193
1185 91193
1186 91193
1187 91193
1188 91647
1189 91647
1190 91647
1191 91647
1192 91647
1193 91647
1194 91647
1195 91647
1196 91647
1197 91647
1198 91726
1199 91726
1200 91726
1201 91726
1202 92182
1203 92182
1204 92182
1205 92182
1206 92182
1207 92182
1208 92182
1209 92182
1210 92182
1211 92182
1212 92182
1213 92638
1214 92638
1215 92638
1216 92638
1217 92638
1218 92638
1219 92638
1220 92638
1221 92638
1222 92638
1223 93102
1224 93102
1225 93102
1226 93102
1227 93102
1228 93102
1229 93102
1230 93102
1231 93102
1232 93102
1233 93102
1234 93558
1235 93558
1236 93558
1237 93558
1238 93558
1239 93558
1240 93558
1241 93558
1242 93558
1243 93558
1244 93558
1245 94014
1246 94014
1247 94014
1248 94014
1249 94014
1250 94014
1251 94014
1252 94014
1253 94014
1254 94014
1255 94014
1256 94470
1257 94470
1258 94470
1259 94470
1260 94470
1261 94470
1262 94470
1263 94470
1264 94470
1265 94470
1266 94470
1267 94926
1268 94926
1269 94926
1270 94926
1271 94926
1272 94926
1273 94926
1274 94926
1275 94926
1276 94926
1277 94926
1278 95382
1279 95382
1280 95382
1281 95382
1282 95382
1283 95382
1284 95382
1285 95382
1286 95382
1287 95382
1288 95382
1289 95838
1290 95838
1291 95838
1292 95838
1293 95838
1294 95838
1295 95838
1296 95838
1297 95838
1298 95838
1299 95838
1300 96191
1301 96191
1302 96191
1303 96191
1304 96191
1305 96191
1306 96191
1307 96191
1308 96191
1309 96647
1310 96647
1311 96647
1312 96647
1313 96647
1314 96647
1315 96647
1316 96647
1317 96647
1318 96647
1319 96647
1320 97103
1321 97103
1322 97103
1323 97103
1324 97103
1325 97103
1326 97103
1327 97103
1328 97103
1329 97103
1330 97103
1331 97559
1332 97559
1333 97559
1334 97559
1335 97559
1336 97559
1337 97559
1338 97559
1339 97559
1340 97559
1341 97559
1342 97638
1343 97638
1344 97638
1345 97638
1346 98094
1347 98094
1348 98094
1349 98094
1350 98094
1351 98094
1352 98094
1353 98094
1354 98094
1355 98094
1356 98094
1357 98550
1358 98550
1359 98550
1360 98550
1361 98550
1362 98550
1363 98550
1364 98550
1365 98550
1366 98550
1367 98550
1368 98993
1369 98993
1370 98993
1371 98993
1372 98993
1373 98993
1374 98993
1375 98993
1376 98993
1377 98993
1378 98993
1379 99432
1380 99432
1381 99432
1382 99432
1383 99432
1384 99432
1385 99432
1386 99432
1387 99432
1388 99432
1389 99432
1390 99888
1391 99888
1392 99888
1393 99888
1394 99888
1395 99888
1396 99888
1397 99888
1398 99888
1399 99888
1400 99888
1401 99967
1402 99967
1403 99967
1404 99967
1405 100423
1406 100423
1407 100423
1408 100423
1409 100423
1410 100423
1411 100423
1412 100423
1413 100423
1414 100423
1415 100423
1416 100423
1417 100879
1418 100879
1419 100879
1420 100879
1421 100879
1422 100879
1423 100879
1424 100879
1425 100879
1426 100879
1427 100879
1428 100879
1429 101335
1430 101335
1431 101335
1432 101335
1433 101335
1434 101335
1435 101335
1436 101335
1437 101335
1438 101335
1439 101335
1440 101335
1441 101749
1442 101749
1443 101749
1444 101749
1445 101749
1446 101749
1447 101749
1448 101749
1449 101749
1450 101749
1451 102205
1452 102205
1453 102205
1454 102205
1455 102205
1456 102205
1457 102205
1458 102205
1459 102205
1460 102205
1461 102205
1462 102205
1463 102661
1464 102661
1465 102661
1466 102661
1467 102661
1468 102661
1469 102661
1470 102661
1471 102661
1472 102661
1473 102661
1474 102661
1475 103105
1476 103105
1477 103105
1478 103105
1479 103105
1480 103105
1481 103105
1482 103105
1483 103105
1484 103105
1485 103105
1486 103561
1487 103561
1488 103561
1489 103561
1490 103561
1491 103561
1492 103561
1493 103561
1494 103561
1495 103561
1496 103561
1497 103561
1498 104017
1499 104017
1500 104017
1501 104017
1502 104017
1503 104017
1504 104017
1505 104017
1506 104017
1507 104017
1508 104017
1509 104017
1510 104471
1511 104471
1512 104471
1513 104471
1514 104471
1515 104471
1516 104471
1517 104471
1518 104471
1519 104471
1520 104471
1521 104471
1522 104829
1523 104829
1524 104829
1525 104829
1526 104829
1527 104829
1528 104829
1529 104829
1530 104829
1531 104829
1532 105204
1533 105204
1534 105204
1535 105204
1536 105204
1537 105204
1538 105204
1539 105204
1540 105204
1541 105204
1542 105666
1543 105666
1544 105666
1545 105666
1546 105666
1547 105666
1548 105666
1549 105666
1550 105666
1551 105666
1552 105666
1553 105666
1554 106126
1555 106126
1556 106126
1557 106126
1558 106126
1559 106126
1560 106126
1561 106126
1562 106126
1563 106126
1564 106126
1565 106126
1566 106571
1567 106571
1568 106571
1569 106571
1570 106571
1571 106571
1572 106571
1573 106571
1574 106571
1575 106571
1576 106571
1577 106650
1578 106650
1579 106650
1580 106650
1581 107106
1582 107106
1583 107106
1584 107106
1585 107106
1586 107106
1587 107106
1588 107106
1589 107106
1590 107106
1591 107106
1592 107106
1593 107561
1594 107561
1595 107561
1596 107561
1597 107561
1598 107561
1599 107561
1600 107561
1601 107561
1602 107561
1603 107561
1604 107561
1605 108015
1606 108015
1607 108015
1608 108015
1609 108015
1610 108015
1611 108015
1612 108015
1613 108015
1614 108015
1615 108015
1616 108015
1617 108463
1618 108463
1619 108463
1620 108463
1621 108463
1622 108463
1623 108463
1624 108463
1625 108463
1626 108463
1627 108463
1628 108463
1629 108919
1630 108919
1631 108919
1632 108919
1633 108919
1634 108919
1635 108919
1636 108919
1637 108919
1638 108919
1639 108919
1640 108919
1641 108919
1642 109375
1643 109375
1644 109375
1645 109375
1646 109375
1647 109375
1648 109375
1649 109375
1650 109375
1651 109375
1652 109375
1653 109375
1654 109830
1655 109830
1656 109830
1657 109830
1658 109830
1659 109830
1660 109830
1661 109830
1662 109830
1663 109830
1664 109830
1665 109830
1666 109830
1667 110286
1668 110286
1669 110286
1670 110286
1671 110286
1672 110286
1673 110286
1674 110286
1675 110286
1676 110286
1677 110286
1678 110286
1679 110728
1680 110728
1681 110728
1682 110728
1683 110728
1684 110728
1685 110728
1686 110728
1687 110728
1688 110728
1689 110728
1690 110728
1691 111184
1692 111184
1693 111184
1694 111184
1695 111184
1696 111184
1697 111184
1698 111184
1699 111184
1700 111184
1701 111184
1702 111184
1703 111184
1704 111640
1705 111640
1706 111640
1707 111640
1708 111640
1709 111640
1710 111640
1711 111640
1712 111640
1713 111640
1714 111640
1715 111640
1716 112096
1717 112096
1718 112096
1719 112096
1720 112096
1721 112096
1722 112096
1723 112096
1724 112096
1725 112096
1726 112096
1727 112096
1728 112096
1729 112175
1730 112175
1731 112175
1732 112620
1733 112620
1734 112620
1735 112620
1736 112620
1737 112620
1738 112620
1739 112620
1740 112620
1741 112620
1742 112620
1743 112620
1744 112620
1745 113071
1746 113071
1747 113071
1748 113071
1749 113071
1750 113071
1751 113071
1752 113071
1753 113071
1754 113071
1755 113071
1756 113071
1757 113527
1758 113527
1759 113527
1760 113527
1761 113527
1762 113527
1763 113527
1764 113527
1765 113527
1766 113527
1767 113527
1768 113527
1769 113527
1770 113959
1771 113959
1772 113959
1773 113959
1774 113959
1775 113959
1776 113959
1777 113959
1778 113959
1779 113959
1780 113959
1781 113959
1782 114415
1783 114415
1784 114415
1785 114415
1786 114415
1787 114415
1788 114415
1789 114415
1790 114415
1791 114415
1792 114415
1793 114415
1794 114415
1795 114868
1796 114868
1797 114868
1798 114868
1799 114868
1800 114868
1801 114868
1802 114868
1803 114868
1804 114868
1805 114868
1806 114868
1807 114868
1808 115310
1809 115310
1810 115310
1811 115310
1812 115310
1813 115310
1814 115310
1815 115310
1816 115310
1817 115310
1818 115310
1819 115310
1820 115766
1821 115766
1822 115766
1823 115766
1824 115766
1825 115766
1826 115766
1827 115766
1828 115766
1829 115766
1830 115766
1831 115766
1832 115766
1833 116178
1834 116178
1835 116178
1836 116178
1837 116178
1838 116178
1839 116178
1840 116178
1841 116178
1842 116178
1843 116178
1844 116178
1845 116634
1846 116634
1847 116634
1848 116634
1849 116634
1850 116634
1851 116634
1852 116634
1853 116634
1854 116634
1855 116634
1856 116634
1857 116634
1858 117090
1859 117090
1860 117090
1861 117090
1862 117090
1863 117090
1864 117090
1865 117090
1866 117090
1867 117090
1868 117090
1869 117090
1870 117090
1871 117536
1872 117536
1873 117536
1874 117536
1875 117536
1876 117536
1877 117536
1878 117536
1879 117536
1880 117536
1881 117536
1882 117536
1883 117536
1884 117992
1885 117992
1886 117992
1887 117992
1888 117992
1889 117992
1890 117992
1891 117992
1892 117992
1893 117992
1894 117992
1895 117992
1896 117992
1897 118435
1898 118435
1899 118435
1900 118435
1901 118435
1902 118435
1903 118435
1904 118435
1905 118435
1906 118435
1907 118435
1908 118435
1909 118435
1910 118891
1911 118891
1912 118891
1913 118891
1914 118891
1915 118891
1916 118891
1917 118891
1918 118891
1919 118891
1920 118891
1921 118891
1922 118891
1923 118891
1924 119347
1925 119347
1926 119347
1927 119347
1928 119347
1929 119347
1930 119347
1931 119347
1932 119347
1933 119347
1934 119347
1935 119347
1936 119347
1937 119803
1938 119803
1939 119803
1940 119803
1941 119803
1942 119803
1943 119803
1944 119803
1945 119803
1946 119803
1947 119803
1948 119803
1949 119803
1950 120259
1951 120259
1952 120259
1953 120259
1954 120259
1955 120259
1956 120259
1957 120259
1958 120259
1959 120259
1960 120259
1961 120259
1962 120259
1963 120259
1964 120715
1965 120715
1966 120715
1967 120715
1968 120715
1969 120715
1970 120715
1971 120715
1972 120715
1973 120715
1974 120715
1975 120715
1976 120715
1977 120715
1978 121171
1979 121171
1980 121171
1981 121171
1982 121171
1983 121171
1984 121171
1985 121171
1986 121171
1987 121171
1988 121171
1989 121171
1990 121171
1991 121171
1992 121171
1993 121171
1994 121171
1995 121171
1996 121609
1997 121609
1998 121609
1999 121609
2000 121609
2001 121609
2002 121609
2003 121609
2004 121609
2005 121609
2006 121609
2007 121609
2008 121609
2009 121609
2010 121609
2011 122065
2012 122065
2013 122065
2014 122065
2015 122065
2016 122065
2017 122065
2018 122065
2019 122065
2020 122065
2021 122065
2022 122065
2023 122065
2024 122065
2025 122529
2026 122529
2027 122529
2028 122529
2029 122529
2030 122529
2031 122529
2032 122529
2033 122529
2034 122529
2035 122529
2036 122529
2037 122529
2038 122529
2039 122984
2040 122984
2041 122984
2042 122984
2043 122984
2044 122984
2045 122984
2046 122984
2047 122984
2048 122984
2049 122984
2050 122984
2051 122984
2052 123440
2053 123440
2054 123440
2055 123440
2056 123440
2057 123440
2058 123440
2059 123440
2060 123440
2061 123440
2062 123440
2063 123440
2064 123440
2065 123440
2066 123896
2067 123896
2068 123896
2069 123896
2070 123896
2071 123896
2072 123896
2073 123896
2074 123896
2075 123896
2076 123896
2077 123896
2078 123896
2079 123896
2080 123896
2081 123896
2082 124352
2083 124352
2084 124352
2085 124352
2086 124352
2087 124352
2088 124352
2089 124352
2090 124352
2091 124352
2092 124352
2093 124352
2094 124352
2095 124352
2096 124808
2097 124808
2098 124808
2099 124808
2100 124808
2101 124808
2102 124808
2103 124808
2104 124808
2105 124808
2106 124808
2107 124808
2108 124808
2109 124808
2110 125272
2111 125272
2112 125272
2113 125272
2114 125272
2115 125272
2116 125272
2117 125272
2118 125272
2119 125272
2120 125272
2121 125272
2122 125272
2123 125272
2124 125728
2125 125728
2126 125728
2127 125728
2128 125728
2129 125728
2130 125728
2131 125728
2132 125728
2133 125728
2134 125728
2135 125728
2136 125728
2137 125728
2138 126184
2139 126184
2140 126184
2141 126184
2142 126184
2143 126184
2144 126184
2145 126184
2146 126184
2147 126184
2148 126184
2149 126184
2150 126184
2151 126184
2152 126640
2153 126640
2154 126640
2155 126640
2156 126640
2157 126640
2158 126640
2159 126640
2160 126640
2161 126640
2162 126640
2163 126640
2164 126640
2165 126640
2166 126719
2167 126719
2168 126719
2169 126719
2170 126719
2171 126719
2172 127175
2173 127175
2174 127175
2175 127175
2176 127175
2177 127175
2178 127175
2179 127175
2180 127175
2181 127175
2182 127175
2183 127175
2184 127175
2185 127175
2186 127631
2187 127631
2188 127631
2189 127631
2190 127631
2191 127631
2192 127631
2193 127631
2194 127631
2195 127631
2196 127631
2197 127631
2198 127631
2199 127631
2200 127631
2201 128073
2202 128073
2203 128073
2204 128073
2205 128073
2206 128073
2207 128073
2208 128073
2209 128073
2210 128073
2211 128073
2212 128073
2213 128073
2214 128073
2215 128529
2216 128529
2217 128529
2218 128529
2219 128529
2220 128529
2221 128529
2222 128529
2223 128529
2224 128529
2225 128529
2226 128529
2227 128529
2228 128529
2229 128529
2230 128529
2231 128529
2232 128608
2233 128608
2234 128608
2235 128608
2236 129064
2237 129064
2238 129064
2239 129064
2240 129064
2241 129064
2242 129064
2243 129064
2244 129064
2245 129064
2246 129064
2247 129064
2248 129064
2249 129064
2250 129064
2251 129064
2252 129064
2253 129064
2254 129520
2255 129520
2256 129520
2257 129520
2258 129520
2259 129520
2260 129520
2261 129520
2262 129520
2263 129520
2264 129520
2265 129520
2266 129520
2267 129520
2268 129520
2269 129976
2270 129976
2271 129976
2272 129976
2273 129976
2274 129976
2275 129976
2276 129976
2277 129976
2278 129976
2279 129976
2280 129976
2281 129976
2282 129976
2283 130432
2284 130432
2285 130432
2286 130432
2287 130432
2288 130432
2289 130432
2290 130432
2291 130432
2292 130432
2293 130432
2294 130432
2295 130432
2296 130432
2297 130888
2298 130888
2299 130888
2300 130888
2301 130888
2302 130888
2303 130888
2304 130888
2305 130888
2306 130888
2307 130888
2308 130888
2309 130888
2310 130888
2311 130888
2312 131344
2313 131344
2314 131344
2315 131344
2316 131344
2317 131344
2318 131344
2319 131344
2320 131344
2321 131344
2322 131344
2323 131344
2324 131344
2325 131344
2326 131344
2327 131790
2328 131790
2329 131790
2330 131790
2331 131790
2332 131790
2333 131790
2334 131790
2335 131790
2336 131790
2337 131790
2338 131790
2339 131790
2340 131790
2341 132245
2342 132245
2343 132245
2344 132245
2345 132245
2346 132245
2347 132245
2348 132245
2349 132245
2350 132245
2351 132245
2352 132245
2353 132245
2354 132245
2355 132701
2356 132701
2357 132701
2358 132701
2359 132701
2360 132701
2361 132701
2362 132701
2363 132701
2364 132701
2365 132701
2366 132701
2367 132701
2368 132701
2369 132701
2370 133157
2371 133157
2372 133157
2373 133157
2374 133157
2375 133157
2376 133157
2377 133157
2378 133157
2379 133157
2380 133157
2381 133157
2382 133157
2383 133157
2384 133157
2385 133236
2386 133236
2387 133236
2388 133692
2389 133692
2390 133692
2391 133692
2392 133692
2393 133692
2394 133692
2395 133692
2396 133692
2397 133692
2398 133692
2399 133692
2400 133692
2401 133692
2402 133692
2403 134146
2404 134146
2405 134146
2406 134146
2407 134146
2408 134146
2409 134146
2410 134146
2411 134146
2412 134146
2413 134146
2414 134146
2415 134146
2416 134146
2417 134146
2418 134602
2419 134602
2420 134602
2421 134602
2422 134602
2423 134602
2424 134602
2425 134602
2426 134602
2427 134602
2428 134602
2429 134602
2430 134602
2431 134602
2432 134602
2433 135056
2434 135056
2435 135056
2436 135056
2437 135056
2438 135056
2439 135056
2440 135056
2441 135056
2442 135056
2443 135056
2444 135056
2445 135056
2446 135056
2447 135056
2448 135135
2449 135135
2450 135135
2451 135135
2452 135586
2453 135586
2454 135586
2455 135586
2456 135586
2457 135586
2458 135586
2459 135586
2460 135586
2461 135586
2462 135586
2463 135586
2464 135586
2465 135586
2466 135586
2467 135586
2468 136042
2469 136042
2470 136042
2471 136042
2472 136042
2473 136042
2474 136042
2475 136042
2476 136042
2477 136042
2478 136042
2479 136042
2480 136042
2481 136042
2482 136042
2483 136042
2484 136121
2485 136121
2486 136121
2487 136577
2488 136577
2489 136577
2490 136577
2491 136577
2492 136577
2493 136577
2494 136577
2495 136577
2496 136577
2497 136577
2498 136577
2499 136577
2500 136577
2501 136577
2502 137033
2503 137033
2504 137033
2505 137033
2506 137033
2507 137033
2508 137033
2509 137033
2510 137033
2511 137033
2512 137033
2513 137033
2514 137033
2515 137033
2516 137033
2517 137033
2518 137489
2519 137489
2520 137489
2521 137489
2522 137489
2523 137489
2524 137489
2525 137489
2526 137489
2527 137489
2528 137489
2529 137489
2530 137489
2531 137489
2532 137489
2533 137945
2534 137945
2535 137945
2536 137945
2537 137945
2538 137945
2539 137945
2540 137945
2541 137945
2542 137945
2543 137945
2544 137945
2545 137945
2546 137945
2547 137945
2548 138412
2549 138412
2550 138412
2551 138412
2552 138412
2553 138412
2554 138412
2555 138412
2556 138412
2557 138412
2558 138412
2559 138412
2560 138412
2561 138412
2562 138412
2563 138861
2564 138861
2565 138861
2566 138861
2567 138861
2568 138861
2569 138861
2570 138861
2571 138861
2572 138861
2573 138861
2574 138861
2575 138861
2576 138861
2577 138861
2578 139317
2579 139317
2580 139317
2581 139317
2582 139317
2583 139317
2584 139317
2585 139317
2586 139317
2587 139317
2588 139317
2589 139317
2590 139317
2591 139317
2592 139317
2593 139317
2594 139773
2595 139773
2596 139773
2597 139773
2598 139773
2599 139773
2600 139773
2601 139773
2602 139773
2603 139773
2604 139773
2605 139773
2606 139773
2607 139773
2608 139773
2609 140229
2610 140229
2611 140229
2612 140229
2613 140229
2614 140229
2615 140229
2616 140229
2617 140229
2618 140229
2619 140229
2620 140229
2621 140229
2622 140229
2623 140229
2624 140229
2625 140685
2626 140685
2627 140685
2628 140685
2629 140685
2630 140685
2631 140685
2632 140685
2633 140685
2634 140685
2635 140685
2636 140685
2637 140685
2638 140685
2639 140685
2640 141141
2641 141141
2642 141141
2643 141141
2644 141141
2645 141141
2646 141141
2647 141141
2648 141141
2649 141141
2650 141141
2651 141141
2652 141141
2653 141141
2654 141141
2655 141141
2656 141597
2657 141597
2658 141597
2659 141597
2660 141597
2661 141597
2662 141597
2663 141597
2664 141597
2665 141597
2666 141597
2667 141597
2668 141597
2669 141597
2670 141597
2671 141597
2672 141597
2673 141597
2674 142034
2675 142034
2676 142034
2677 142034
2678 142034
2679 142034
2680 142034
2681 142034
2682 142034
2683 142034
2684 142034
2685 142034
2686 142034
2687 142034
2688 142034
2689 142423
2690 142423
2691 142423
2692 142423
2693 142423
2694 142423
2695 142423
2696 142423
2697 142423
2698 142423
2699 142423
2700 142423
2701 142423
2702 142879
2703 142879
2704 142879
2705 142879
2706 142879
2707 142879
2708 142879
2709 142879
2710 142879
2711 142879
2712 142879
2713 142879
2714 142879
2715 142879
2716 142879
2717 142879
2718 143320
2719 143320
2720 143320
2721 143320
2722 143320
2723 143320
2724 143320
2725 143320
2726 143320
2727 143320
2728 143320
2729 143320
2730 143320
2731 143320
2732 143320
2733 143776
2734 143776
2735 143776
2736 143776
2737 143776
2738 143776
2739 143776
2740 143776
2741 143776
2742 143776
2743 143776
2744 143776
2745 143776
2746 143776
2747 143776
2748 143776
2749 144232
2750 144232
2751 144232
2752 144232
2753 144232
2754 144232
2755 144232
2756 144232
2757 144232
2758 144232
2759 144232
2760 144232
2761 144232
2762 144232
2763 144232
2764 144232
2765 144692
2766 144692
2767 144692
2768 144692
2769 144692
2770 144692
2771 144692
2772 144692
2773 144692
2774 144692
2775 144692
2776 144692
2777 144692
2778 144692
2779 144692
2780 144771
2781 144771
2782 144771
2783 144771
2784 145125
2785 145125
2786 145125
2787 145125
2788 145125
2789 145125
2790 145125
2791 145125
2792 145125
2793 145125
2794 145125
2795 145125
2796 145125
2797 145584
2798 145584
2799 145584
2800 145584
2801 145584
2802 145584
2803 145584
2804 145584
2805 145584
2806 145584
2807 145584
2808 145584
2809 145584
2810 145584
2811 145584
2812 145584
2813 146044
2814 146044
2815 146044
2816 146044
2817 146044
2818 146044
2819 146044
2820 146044
2821 146044
2822 146044
2823 146044
2824 146044
2825 146044
2826 146044
2827 146044
2828 146044
2829 146485
2830 146485
2831 146485
2832 146485
2833 146485
2834 146485
2835 146485
2836 146485
2837 146485
2838 146485
2839 146485
2840 146485
2841 146485
2842 146485
2843 146485
2844 146485
2845 146485
2846 146941
2847 146941
2848 146941
2849 146941
2850 146941
2851 146941
2852 146941
2853 146941
2854 146941
2855 146941
2856 146941
2857 146941
2858 146941
2859 146941
2860 146941
2861 146941
2862 147400
2863 147400
2864 147400
2865 147400
2866 147400
2867 147400
2868 147400
2869 147400
2870 147400
2871 147400
2872 147400
2873 147400
2874 147400
2875 147400
2876 147400
2877 147856
2878 147856
2879 147856
2880 147856
2881 147856
2882 147856
2883 147856
2884 147856
2885 147856
2886 147856
2887 147856
2888 147856
2889 147856
2890 147856
2891 147856
2892 147856
2893 147856
2894 147856
2895 147856
2896 147856
2897 148312
2898 148312
2899 148312
2900 148312
2901 148312
2902 148312
2903 148312
2904 148312
2905 148312
2906 148312
2907 148312
2908 148312
2909 148312
2910 148312
2911 148312
2912 148312
2913 148768
2914 148768
2915 148768
2916 148768
2917 148768
2918 148768
2919 148768
2920 148768
2921 148768
2922 148768
2923 148768
2924 148768
2925 148768
2926 148768
2927 148768
2928 148768
2929 148768
2930 149224
2931 149224
2932 149224
2933 149224
2934 149224
2935 149224
2936 149224
2937 149224
2938 149224
2939 149224
2940 149224
2941 149224
2942 149224
2943 149224
2944 149224
2945 149224
2946 149680
2947 149680
2948 149680
2949 149680
2950 149680
2951 149680
2952 149680
2953 149680
2954 149680
2955 149680
2956 149680
2957 149680
2958 149680
2959 149680
2960 149680
2961 149680
2962 149680
2963 150136
2964 150136
2965 150136
2966 150136
2967 150136
2968 150136
2969 150136
2970 150136
2971 150136
2972 150136
2973 150136
2974 150136
2975 150136
2976 150136
2977 150136
2978 150136
2979 150136
2980 150596
2981 150596
2982 150596
2983 150596
2984 150596
2985 150596
2986 150596
2987 150596
2988 150596
2989 150596
2990 150596
2991 150596
2992 150596
2993 150596
2994 150596
2995 150596
2996 150675
2997 150675
2998 150675
2999 150675
3000 151131
3001 151131
3002 151131
3003 151131
3004 151131
3005 151131
3006 151131
3007 151131
3008 151131
3009 151131
3010 151131
3011 151131
3012 151131
3013 151131
3014 151131
3015 151131
3016 151131
3017 151587
3018 151587
3019 151587
3020 151587
3021 151587
3022 151587
3023 151587
3024 151587
3025 151587
3026 151587
3027 151587
3028 151587
3029 151587
3030 151587
3031 151587
3032 151587
3033 152043
3034 152043
3035 152043
3036 152043
3037 152043
3038 152043
3039 152043
3040 152043
3041 152043
3042 152043
3043 152043
3044 152043
3045 152043
3046 152043
3047 152043
3048 152043
3049 152043
3050 152499
3051 152499
3052 152499
3053 152499
3054 152499
3055 152499
3056 152499
3057 152499
3058 152499
3059 152499
3060 152499
3061 152499
3062 152499
3063 152499
3064 152499
3065 152499
3066 152955
3067 152955
3068 152955
3069 152955
3070 152955
3071 152955
3072 152955
3073 152955
3074 152955
3075 152955
3076 152955
3077 152955
3078 152955
3079 152955
3080 152955
3081 152955
3082 152955
3083 153398
3084 153398
3085 153398
3086 153398
3087 153398
3088 153398
3089 153398
3090 153398
3091 153398
3092 153398
3093 153398
3094 153398
3095 153398
3096 153398
3097 153398
3098 153398
3099 153398
3100 153854
3101 153854
3102 153854
3103 153854
3104 153854
3105 153854
3106 153854
3107 153854
3108 153854
3109 153854
3110 153854
3111 153854
3112 153854
3113 153854
3114 153854
3115 153854
3116 153854
3117 154310
3118 154310
3119 154310
3120 154310
3121 154310
3122 154310
3123 154310
3124 154310
3125 154310
3126 154310
3127 154310
3128 154310
3129 154310
3130 154310
3131 154310
3132 154310
3133 154766
3134 154766
3135 154766
3136 154766
3137 154766
3138 154766
3139 154766
3140 154766
3141 154766
3142 154766
3143 154766
3144 154766
3145 154766
3146 154766
3147 154766
3148 154766
3149 154766
3150 155222
3151 155222
3152 155222
3153 155222
3154 155222
3155 155222
3156 155222
3157 155222
3158 155222
3159 155222
3160 155222
3161 155222
3162 155222
3163 155222
3164 155222
3165 155222
3166 155222
3167 155678
3168 155678
3169 155678
3170 155678
3171 155678
3172 155678
3173 155678
3174 155678
3175 155678
3176 155678
3177 155678
3178 155678
3179 155678
3180 155678
3181 155678
3182 155678
3183 155678
3184 156134
3185 156134
3186 156134
3187 156134
3188 156134
3189 156134
3190 156134
3191 156134
3192 156134
3193 156134
3194 156134
3195 156134
3196 156134
3197 156134
3198 156134
3199 156134
3200 156134
3201 156540
3202 156540
3203 156540
3204 156540
3205 156540
3206 156540
3207 156540
3208 156540
3209 156540
3210 156540
3211 156540
3212 156540
3213 156540
3214 156540
3215 156540
3216 156540
3217 156975
3218 156975
3219 156975
3220 156975
3221 156975
3222 156975
3223 156975
3224 156975
3225 156975
3226 156975
3227 156975
3228 156975
3229 156975
3230 156975
3231 156975
3232 156975
3233 157054
3234 157054
3235 157054
3236 157054
3237 157510
3238 157510
3239 157510
3240 157510
3241 157510
3242 157510
3243 157510
3244 157510
3245 157510
3246 157510
3247 157510
3248 157510
3249 157510
3250 157510
3251 157510
3252 157510
3253 157510
3254 157966
3255 157966
3256 157966
3257 157966
3258 157966
3259 157966
3260 157966
3261 157966
3262 157966
3263 157966
3264 157966
3265 157966
3266 157966
3267 157966
3268 157966
3269 157966
3270 157966
3271 158404
3272 158404
3273 158404
3274 158404
3275 158404
3276 158404
3277 158404
3278 158404
3279 158404
3280 158404
3281 158404
3282 158404
3283 158404
3284 158404
3285 158404
3286 158404
3287 158860
3288 158860
3289 158860
3290 158860
3291 158860
3292 158860
3293 158860
3294 158860
3295 158860
3296 158860
3297 158860
3298 158860
3299 158860
3300 158860
3301 158860
3302 158860
3303 158860
3304 159312
3305 159312
3306 159312
3307 159312
3308 159312
3309 159312
3310 159312
3311 159312
3312 159312
3313 159312
3314 159312
3315 159312
3316 159312
3317 159312
3318 159312
3319 159312
3320 159312
3321 159768
3322 159768
3323 159768
3324 159768
3325 159768
3326 159768
3327 159768
3328 159768
3329 159768
3330 159768
3331 159768
3332 159768
3333 159768
3334 159768
3335 159768
3336 159768
3337 159768
3338 160224
3339 160224
3340 160224
3341 160224
3342 160224
3343 160224
3344 160224
3345 160224
3346 160224
3347 160224
3348 160224
3349 160224
3350 160224
3351 160224
3352 160224
3353 160224
3354 160224
3355 160224
3356 160678
3357 160678
3358 160678
3359 160678
3360 160678
3361 160678
3362 160678
3363 160678
3364 160678
3365 160678
3366 160678
3367 160678
3368 160678
3369 160678
3370 160678
3371 160678
3372 160678
3373 161134
3374 161134
3375 161134
3376 161134
3377 161134
3378 161134
3379 161134
3380 161134
3381 161134
3382 161134
3383 161134
3384 161134
3385 161134
3386 161134
3387 161134
3388 161134
3389 161134
3390 161594
3391 161594
3392 161594
3393 161594
3394 161594
3395 161594
3396 161594
3397 161594
3398 161594
3399 161594
3400 161594
3401 161594
3402 161594
3403 161594
3404 161594
3405 161594
3406 161594
3407 161594
3408 162050
3409 162050
3410 162050
3411 162050
3412 162050
3413 162050
3414 162050
3415 162050
3416 162050
3417 162050
3418 162050
3419 162050
3420 162050
3421 162050
3422 162050
3423 162050
3424 162050
3425 162506
3426 162506
3427 162506
3428 162506
3429 162506
3430 162506
3431 162506
3432 162506
3433 162506
3434 162506
3435 162506
3436 162506
3437 162506
3438 162506
3439 162506
3440 162506
3441 162506
3442 162506
3443 162962
3444 162962
3445 162962
3446 162962
3447 162962
3448 162962
3449 162962
3450 162962
3451 162962
3452 162962
3453 162962
3454 162962
3455 162962
3456 162962
3457 162962
3458 162962
3459 162962
3460 163418
3461 163418
3462 163418
3463 163418
3464 163418
3465 163418
3466 163418
3467 163418
3468 163418
3469 163418
3470 163418
3471 163418
3472 163418
3473 163418
3474 163418
3475 163418
3476 163418
3477 163418
3478 163874
3479 163874
3480 163874
3481 163874
3482 163874
3483 163874
3484 163874
3485 163874
3486 163874
3487 163874
3488 163874
3489 163874
3490 163874
3491 163874
3492 163874
3493 163874
3494 163874
3495 163874
3496 164337
3497 164337
3498 164337
3499 164337
3500 164337
3501 164337
3502 164337
3503 164337
3504 164337
3505 164337
3506 164337
3507 164337
3508 164337
3509 164337
3510 164337
3511 164337
3512 164337
3513 164337
3514 164793
3515 164793
3516 164793
3517 164793
3518 164793
3519 164793
3520 164793
3521 164793
3522 164793
3523 164793
3524 164793
3525 164793
3526 164793
3527 164793
3528 164793
3529 164793
3530 164793
3531 164793
3532 164793
3533 165191
3534 165191
3535 165191
3536 165191
3537 165191
3538 165191
3539 165191
3540 165191
3541 165191
3542 165191
3543 165191
3544 165191
3545 165191
3546 165191
3547 165191
3548 165191
3549 165191
3550 165191
3551 165657
3552 165657
3553 165657
3554 165657
3555 165657
3556 165657
3557 165657
3558 165657
3559 165657
3560 165657
3561 165657
3562 165657
3563 165657
3564 165657
3565 165657
3566 165657
3567 165657
3568 166117
3569 166117
3570 166117
3571 166117
3572 166117
3573 166117
3574 166117
3575 166117
3576 166117
3577 166117
3578 166117
3579 166117
3580 166117
3581 166117
3582 166117
3583 166117
3584 166117
3585 166117
3586 166573
3587 166573
3588 166573
3589 166573
3590 166573
3591 166573
3592 166573
3593 166573
3594 166573
3595 166573
3596 166573
3597 166573
3598 166573
3599 166573
3600 166573
