1 147
2 306
3 306
4 486
5 486
6 633
7 633
8 712
9 816
10 816
11 816
12 863
13 863
14 904
15 904
16 984
17 984
18 985
19 1091
20 1091
21 1132
22 1132
23 1235
24 1237
25 1237
26 1484
27 1484
28 1586
29 1586
30 1610
31 1673
32 1673
33 1699
34 1742
35 1742
36 1827
37 1827
38 1931
39 1947
40 1947
41 1972
42 1972
43 2132
44 2132
45 2284
46 2284
47 2387
48 2490
49 2490
50 2593
51 2706
52 2706
53 2876
54 2876
55 2899
56 2999
57 2999
58 3142
59 3142
60 3168
61 3168
62 3192
63 3194
64 3194
65 3220
66 3220
67 3325
68 3325
69 3494
70 3701
71 3701
72 3900
73 3900
74 3900
75 3900
76 4120
77 4120
78 4223
79 4291
80 4291
81 4396
82 4396
83 4549
84 4559
85 4559
86 4579
87 4579
88 4735
89 4735
90 4907
91 4907
92 5147
93 5147
94 5216
95 5216
96 5299
97 5299
98 5402
99 5655
100 5655
101 5655
102 5758
103 5862
104 5862
105 6032
106 6032
107 6241
108 6241
109 6346
110 6443
111 6443
112 6546
113 6546
114 6568
115 6688
116 6688
117 6791
118 6791
119 6894
120 6894
121 7096
122 7096
123 7133
124 7133
125 7189
126 7292
127 7292
128 7427
129 7427
130 7524
131 7524
132 7672
133 7672
134 8020
135 8020
136 8020
137 8020
138 8020
139 8020
140 8020
141 8020
142 8020
143 8020
144 8020
145 8020
146 8020
147 8020
148 8190
149 8190
150 8370
151 8370
152 8370
153 8452
154 8474
155 8474
156 8609
157 8609
158 8712
159 8712
160 8814
161 8814
162 9022
163 9022
164 9125
165 9229
166 9229
167 9255
168 9255
169 9287
170 9365
171 9365
172 9414
173 9414
174 9448
175 9448
176 9648
177 9648
178 9650
179 9650
180 9650
181 9653
182 9653
183 9671
184 9671
185 9774
186 9911
187 9911
188 9936
189 9936
190 9958
191 9958
192 9958
193 9959
194 9959
195 10156
196 10156
197 10390
198 10390
199 10512
200 10512
201 10615
202 10615
203 10718
204 10718
205 10835
206 10835
207 10859
208 10859
209 10962
210 10962
211 11029
212 11029
213 11052
214 11082
215 11082
216 11187
217 11187
218 11302
219 11302
220 11519
221 11519
222 11797
223 11797
224 11797
225 11996
226 11996
227 12098
228 12098
229 12149
230 12149
231 12323
232 12323
233 12332
234 12332
235 12436
236 12564
237 12564
238 12564
239 12723
240 12723
241 12812
242 12994
243 12994
244 12994
245 13089
246 13089
247 13173
248 13343
249 13343
250 13343
251 13561
252 13561
253 13678
254 13678
255 13750
256 13750
257 13947
258 13947
259 14027
260 14027
261 14027
262 14031
263 14031
264 14146
265 14146
266 14146
267 14400
268 14400
269 14426
270 14426
271 14614
272 14614
273 14614
274 14716
275 14840
276 14840
277 14975
278 14975
279 14975
280 15086
281 15086
282 15089
283 15089
284 15114
285 15318
286 15318
287 15490
288 15490
289 15551
290 15551
291 15605
292 15605
293 15708
294 15708
295 15755
296 15755
297 15959
298 15959
299 16049
300 16049
301 16151
302 16151
303 16253
304 16253
305 16415
306 16415
307 16526
308 16526
309 16629
310 16629
311 16695
312 16695
313 16793
314 16793
315 16938
316 16938
317 17084
318 17084
319 17208
320 17208
321 17208
322 17436
323 17436
324 17460
325 17460
326 17541
327 17541
328 17578
329 17578
330 17725
331 17725
332 17725
333 17905
334 17905
335 18007
336 18007
337 18048
338 18048
339 18183
340 18183
341 18183
342 18194
343 18194
344 18365
345 18365
346 18579
347 18579
348 18682
349 18682
350 18758
351 18758
352 18758
353 18758
354 18869
355 18869
356 18924
357 18924
358 19027
359 19027
360 19131
361 19335
362 19335
363 19335
364 19335
365 19438
366 19438
367 19572
368 19572
369 19572
370 19675
371 19675
372 19860
373 19860
374 19963
375 19963
376 20028
377 20028
378 20272
379 20272
380 20272
381 20307
382 20307
383 20392
384 20392
385 20395
386 20395
387 20423
388 20423
389 20636
390 20636
391 20636
392 20785
393 20785
394 20785
395 20800
396 20886
397 20886
398 20984
399 20984
400 20984
401 21113
402 21113
403 21158
404 21158
405 21304
406 21304
407 21336
408 21336
409 21395
410 21395
411 21426
412 21426
413 21567
414 21567
415 21567
416 21723
417 21723
418 21826
419 21826
420 21958
421 21958
422 21958
423 21958
424 22108
425 22108
426 22134
427 22134
428 22297
429 22297
430 22400
431 22400
432 22507
433 22507
434 22669
435 22669
436 22669
437 22772
438 22772
439 22874
440 22874
441 22899
442 23148
443 23148
444 23148
445 23168
446 23168
447 23168
448 23272
449 23272
450 23402
451 23402
452 23666
453 23666
454 23666
455 23797
456 23797
457 23816
458 23816
459 23949
460 23949
461 23999
462 23999
463 24002
464 24002
465 24159
466 24159
467 24159
468 24193
469 24193
470 24348
471 24348
472 24371
473 24371
474 24631
475 24631
476 24631
477 24779
478 24779
479 24779
480 24882
481 24882
482 24982
483 24982
484 25244
485 25244
486 25244
487 25269
488 25269
489 25365
490 25365
491 25441
492 25441
493 25441
494 25495
495 25495
496 25497
497 25497
498 25577
499 25577
500 25638
501 25638
502 25741
503 25741
504 25814
505 25814
506 25814
507 25846
508 25846
509 25900
510 25900
511 25903
512 25903
513 25963
514 25963
515 26066
516 26066
517 26169
518 26169
519 26272
520 26272
521 26296
522 26296
523 26374
524 26374
525 26456
526 26456
527 26458
528 26458
529 26467
530 26467
531 26610
532 26610
533 26610
534 26623
535 26623
536 26652
537 26652
538 26804
539 26804
540 26907
541 26907
542 26907
543 27060
544 27060
545 27164
546 27164
547 27164
548 27351
549 27351
550 27373
551 27373
552 27476
553 27476
554 27485
555 27485
556 27705
557 27705
558 27705
559 27810
560 27810
561 27841
562 27841
563 27841
564 27945
565 27945
566 28048
567 28048
568 28180
569 28180
570 28180
571 28207
572 28207
573 28248
574 28248
575 28414
576 28414
577 28518
578 28518
579 28518
580 28801
581 28801
582 28801
583 28904
584 28904
585 28904
586 28922
587 28922
588 29091
589 29091
590 29091
591 29303
592 29303
593 29303
594 29449
595 29449
596 29449
597 29604
598 29604
599 29604
600 29724
601 29724
602 29724
603 29764
604 29764
605 29764
606 29881
607 29881
608 29985
609 29985
610 29985
611 29994
612 30065
613 30065
614 30065
615 30268
616 30268
617 30268
618 30268
619 30268
620 30454
621 30454
622 30454
623 30462
624 30462
625 30565
626 30565
627 30682
628 30682
629 30682
630 30871
631 30871
632 30871
633 30955
634 30955
635 30955
636 30979
637 30979
638 30979
639 31240
640 31240
641 31240
642 31365
643 31365
644 31365
645 31468
646 31468
647 31468
648 31470
649 31470
650 31470
651 31470
652 31497
653 31497
654 31540
655 31540
656 31759
657 31759
658 31759
659 31759
660 31929
661 31929
662 32020
663 32020
664 32020
665 32087
666 32087
667 32087
668 32253
669 32253
670 32253
671 32356
672 32356
673 32551
674 32551
675 32551
676 32678
677 32678
678 32678
679 32876
680 32876
681 32876
682 32899
683 32899
684 33082
685 33082
686 33082
687 33194
688 33194
689 33194
690 33267
691 33267
692 33302
693 33302
694 33325
695 33325
696 33357
697 33357
698 33357
699 33357
700 33374
701 33374
702 33397
703 33397
704 33455
705 33455
706 33535
707 33535
708 33535
709 33658
710 33658
711 33658
712 33855
713 33855
714 33855
715 33958
716 33958
717 34063
718 34063
719 34063
720 34167
721 34167
722 34217
723 34217
724 34217
725 34340
726 34340
727 34340
728 34401
729 34401
730 34402
731 34402
732 34505
733 34505
734 34505
735 34505
736 34505
737 34505
738 34607
739 34607
740 34620
741 34620
742 34660
743 34660
744 34762
745 34762
746 34762
747 34785
748 34785
749 34853
750 34853
751 34955
752 34955
753 34982
754 34982
755 34984
756 34984
757 35087
758 35087
759 35087
760 35191
761 35191
762 35294
763 35294
764 35294
765 35294
766 35478
767 35478
768 35478
769 35582
770 35582
771 35582
772 35630
773 35630
774 35809
775 35809
776 35809
777 35930
778 35930
779 35930
780 36119
781 36119
782 36119
783 36281
784 36281
785 36281
786 36281
787 36411
788 36411
789 36411
790 36514
791 36514
792 36537
793 36537
794 36620
795 36620
796 36834
797 36834
798 36834
799 36834
800 36874
801 36874
802 36943
803 36943
804 36943
805 36959
806 36959
807 36999
808 36999
809 37046
810 37046
811 37046
812 37275
813 37275
814 37275
815 37482
816 37482
817 37482
818 37482
819 37716
820 37716
821 37716
822 37897
823 37897
824 37897
825 37997
826 37997
827 37997
828 38018
829 38018
830 38121
831 38121
832 38121
833 38144
834 38144
835 38199
836 38199
837 38315
838 38315
839 38417
840 38417
841 38417
842 38521
843 38521
844 38597
845 38597
846 38597
847 38820
848 38820
849 38820
850 38945
851 38945
852 38945
853 39048
854 39048
855 39139
856 39139
857 39139
858 39242
859 39242
860 39331
861 39331
862 39331
863 39475
864 39475
865 39475
866 39508
867 39508
868 39664
869 39664
870 39664
871 39865
872 39865
873 39865
874 39969
875 39969
876 39969
877 40078
878 40078
879 40078
880 40079
881 40184
882 40184
883 40184
884 40288
885 40288
886 40477
887 40477
888 40477
889 40477
890 40638
891 40638
892 40638
893 40689
894 40689
895 40689
896 40716
897 40716
898 40887
899 40887
900 40887
901 41015
902 41015
903 41015
904 41197
905 41197
906 41197
907 41326
908 41326
909 41326
910 41522
911 41522
912 41522
913 41522
914 41718
915 41718
916 41718
917 41922
918 41922
919 41922
920 41922
921 42069
922 42069
923 42069
924 42325
925 42325
926 42325
927 42325
928 42471
929 42471
930 42471
931 42745
932 42745
933 42745
934 42745
935 42747
936 42747
937 42933
938 42933
939 42933
940 42933
941 42979
942 42979
943 43123
944 43123
945 43123
946 43123
947 43241
948 43241
949 43285
950 43285
951 43419
952 43419
953 43419
954 43419
955 43419
956 43444
957 43444
958 43480
959 43480
960 43577
961 43577
962 43577
963 43750
964 43750
965 43750
966 43750
967 43750
968 43936
969 43936
970 43936
971 43936
972 43936
973 44082
974 44082
975 44082
976 44253
977 44253
978 44253
979 44253
980 44440
981 44440
982 44440
983 44543
984 44543
985 44543
986 44543
987 44702
988 44702
989 44702
990 44702
991 44877
992 44877
993 44877
994 44877
995 44899
996 45003
997 45003
998 45003
999 45106
1000 45106
1001 45106
1002 45272
1003 45272
1004 45272
1005 45272
1006 45316
1007 45316
1008 45411
1009 45411
1010 45411
1011 45619
1012 45619
1013 45619
1014 45619
1015 45723
1016 45723
1017 45723
1018 45803
1019 45803
1020 45908
1021 45908
1022 45908
1023 45934
1024 45934
1025 45934
1026 45934
1027 46165
1028 46165
1029 46165
1030 46165
1031 46413
1032 46413
1033 46413
1034 46413
1035 46413
1036 46413
1037 46413
1038 46468
1039 46468
1040 46468
1041 46675
1042 46675
1043 46675
1044 46675
1045 46817
1046 46817
1047 46817
1048 47080
1049 47080
1050 47080
1051 47080
1052 47080
1053 47246
1054 47246
1055 47246
1056 47473
1057 47473
1058 47473
1059 47473
1060 47576
1061 47576
1062 47576
1063 47635
1064 47635
1065 47822
1066 47822
1067 47822
1068 47822
1069 47870
1070 47870
1071 47870
1072 47976
1073 47976
1074 48055
1075 48055
1076 48055
1077 48160
1078 48160
1079 48160
1080 48164
1081 48390
1082 48390
1083 48390
1084 48390
1085 48417
1086 48417
1087 48417
1088 48427
1089 48634
1090 48634
1091 48634
1092 48634
1093 48791
1094 48791
1095 48791
1096 48791
1097 48807
1098 48807
1099 48910
1100 48910
1101 48910
1102 48910
1103 49013
1104 49013
1105 49208
1106 49208
1107 49208
1108 49208
1109 49399
1110 49399
1111 49399
1112 49399
1113 49457
1114 49457
1115 49457
1116 49486
1117 49486
1118 49590
1119 49590
1120 49590
1121 49693
1122 49693
1123 49693
1124 49693
1125 49804
1126 49804
1127 49804
1128 49823
1129 49823
1130 49966
1131 49966
1132 49966
1133 49966
1134 50154
1135 50154
1136 50154
1137 50190
1138 50190
1139 50190
1140 50216
1141 50289
1142 50289
1143 50289
1144 50501
1145 50501
1146 50501
1147 50501
1148 50606
1149 50606
1150 50728
1151 50728
1152 50728
1153 50728
1154 50740
1155 50853
1156 50853
1157 50853
1158 50853
1159 50853
1160 50857
1161 50857
