1 0
2 1
3 1
4 2
5 2
6 3
7 3
8 4
9 40
10 40
11 40
12 41
13 41
14 42
15 42
16 42
17 42
18 42
19 42
20 42
21 42
22 42
23 46
24 47
25 47
26 48
27 48
28 84
29 85
30 85
31 85
32 85
33 85
34 86
35 86
36 87
37 87
38 90
39 91
40 91
41 92
42 92
43 93
44 94
45 94
46 135
47 135
48 136
49 176
50 176
51 176
52 176
53 177
54 177
55 177
56 178
57 178
58 179
59 179
60 179
61 180
62 180
63 181
64 182
65 182
66 183
67 183
68 184
69 184
70 185
71 185
72 186
73 186
74 186
75 187
76 187
77 221
78 221
79 222
80 222
81 222
82 225
83 226
84 226
85 227
86 227
87 228
88 228
89 229
90 229
91 230
92 230
93 231
94 232
95 232
96 272
97 272
98 273
99 273
100 316
101 321
102 321
103 322
104 323
105 323
106 325
107 325
108 326
109 326
110 363
111 366
112 366
113 367
114 367
115 368
116 369
117 369
118 370
119 370
120 371
121 372
122 372
123 407
124 407
125 407
126 408
127 408
128 409
129 409
130 411
131 411
132 411
133 411
134 411
135 411
136 411
137 411
138 411
139 411
140 411
141 411
142 411
143 411
144 412
145 412
146 413
147 413
148 414
149 415
150 415
151 415
152 415
153 453
154 453
155 458
156 459
157 459
158 460
159 461
160 461
161 462
162 463
163 463
164 464
165 464
166 465
167 466
168 466
169 466
170 466
171 467
172 467
173 467
174 467
175 467
176 468
177 468
178 506
179 507
180 507
181 507
182 507
183 508
184 508
185 508
186 509
187 510
188 510
189 511
190 511
191 512
192 512
193 552
194 552
195 553
196 554
197 554
198 555
199 555
200 557
201 557
202 558
203 558
204 558
205 559
206 559
207 560
208 560
209 560
210 561
211 561
212 562
213 562
214 563
215 563
216 567
217 567
218 568
219 569
220 569
221 570
222 570
223 571
224 571
225 572
226 572
227 573
228 574
229 574
230 574
231 574
232 575
233 575
234 575
235 576
236 576
237 576
238 576
239 577
240 577
241 578
242 578
243 578
244 579
245 579
246 579
247 580
248 580
249 581
250 581
251 583
252 583
253 583
254 583
255 584
256 584
257 588
258 588
259 589
260 590
261 590
262 590
263 591
264 591
265 591
266 592
267 592
268 593
269 594
270 594
271 595
272 595
273 596
274 596
275 635
276 636
277 636
278 637
279 637
280 638
281 642
282 642
283 647
284 647
285 648
286 649
287 649
288 689
289 689
290 689
291 689
292 690
293 691
294 691
295 692
296 692
297 693
298 693
299 693
300 694
301 694
302 695
303 695
304 696
305 696
306 696
307 696
308 697
309 697
310 728
311 728
312 729
313 730
314 730
315 730
316 731
317 731
318 732
319 733
320 733
321 737
322 737
323 738
324 738
325 738
326 739
327 739
328 740
329 781
330 781
331 783
332 784
333 784
334 784
335 784
336 788
337 789
338 789
339 827
340 828
341 828
342 832
343 832
344 833
345 833
346 834
347 835
348 835
349 836
350 836
351 837
352 837
353 838
354 838
355 839
356 839
357 840
358 840
359 840
360 840
361 840
362 841
363 841
364 842
365 842
366 843
367 843
368 847
369 847
370 848
371 849
372 849
373 850
374 850
375 851
376 851
377 852
378 852
379 896
380 897
381 897
382 897
383 898
384 898
385 898
386 898
387 899
388 899
389 933
390 934
391 934
392 935
393 935
394 971
395 972
396 972
397 972
398 973
399 973
400 973
401 974
402 974
403 976
404 979
405 979
406 980
407 980
408 980
409 980
410 980
411 981
412 981
413 982
414 982
415 983
416 983
417 984
418 984
419 985
420 985
421 986
422 986
423 986
424 987
425 987
426 988
427 988
428 1022
429 1022
430 1060
431 1062
432 1062
433 1063
434 1063
435 1064
436 1064
437 1065
438 1065
439 1066
440 1066
441 1066
442 1066
443 1067
444 1067
445 1068
446 1106
447 1106
448 1107
449 1107
450 1108
451 1108
452 1108
453 1109
454 1109
455 1110
456 1110
457 1114
458 1114
459 1115
460 1157
461 1157
462 1159
463 1160
464 1160
465 1160
466 1160
467 1161
468 1161
469 1162
470 1162
471 1163
472 1163
473 1163
474 1163
475 1163
476 1164
477 1164
478 1204
479 1204
480 1204
481 1204
482 1204
483 1205
484 1205
485 1206
486 1206
487 1245
488 1246
489 1246
490 1247
491 1247
492 1247
493 1247
494 1247
495 1247
496 1250
497 1251
498 1251
499 1252
500 1252
501 1252
502 1253
503 1253
504 1254
505 1254
506 1256
507 1257
508 1257
509 1299
510 1299
511 1300
512 1300
513 1301
514 1301
515 1301
516 1301
517 1302
518 1302
519 1303
520 1303
521 1304
522 1304
523 1305
524 1305
525 1306
526 1306
527 1309
528 1309
529 1310
530 1311
531 1311
532 1312
533 1312
534 1312
535 1312
536 1313
537 1313
538 1314
539 1314
540 1319
541 1319
542 1320
543 1320
544 1320
545 1321
546 1321
547 1322
548 1322
549 1322
550 1323
551 1323
552 1324
553 1324
554 1359
555 1359
556 1361
557 1361
558 1361
559 1361
560 1361
561 1361
562 1362
563 1362
564 1363
565 1363
566 1363
567 1364
568 1364
569 1365
570 1365
571 1367
572 1367
573 1405
574 1405
575 1405
576 1405
577 1405
578 1406
579 1406
580 1406
581 1406
582 1406
583 1406
584 1407
585 1407
586 1408
587 1408
588 1409
589 1409
590 1409
591 1410
592 1410
593 1410
594 1410
595 1411
596 1411
597 1411
598 1411
599 1412
600 1413
601 1413
602 1414
603 1414
604 1415
605 1415
606 1417
607 1417
608 1419
609 1420
610 1420
611 1421
612 1421
613 1421
614 1421
615 1422
616 1422
617 1423
618 1423
619 1424
620 1424
621 1424
622 1424
623 1424
624 1461
625 1462
626 1462
627 1463
628 1463
629 1496
630 1496
631 1497
632 1497
633 1497
634 1501
635 1501
636 1501
637 1502
638 1502
639 1505
640 1505
641 1509
642 1546
643 1546
644 1546
645 1546
646 1547
647 1550
648 1550
649 1551
650 1551
651 1552
652 1552
653 1553
654 1553
655 1554
656 1555
657 1555
658 1555
659 1556
660 1561
661 1561
662 1561
663 1562
664 1562
665 1563
666 1563
667 1564
668 1564
669 1565
670 1565
671 1566
672 1566
673 1567
674 1567
675 1568
676 1568
677 1569
678 1569
679 1570
680 1570
681 1571
682 1571
683 1572
684 1572
685 1573
686 1573
687 1573
688 1607
689 1607
690 1608
691 1608
692 1609
693 1610
694 1610
695 1639
696 1639
697 1641
698 1642
699 1642
700 1643
701 1643
702 1643
703 1643
704 1645
705 1645
706 1646
707 1646
708 1647
709 1648
710 1648
711 1649
712 1649
713 1650
714 1650
715 1651
716 1651
717 1652
718 1652
719 1655
720 1655
721 1656
722 1657
723 1657
724 1658
725 1658
726 1660
727 1661
728 1661
729 1662
730 1662
731 1663
732 1663
733 1663
734 1663
735 1664
736 1664
737 1665
738 1665
739 1666
740 1666
741 1667
742 1667
743 1668
744 1668
745 1669
746 1669
747 1670
748 1670
749 1671
750 1671
751 1672
752 1672
753 1672
754 1673
755 1673
756 1674
757 1674
758 1674
759 1674
760 1675
761 1675
762 1675
763 1676
764 1676
765 1677
766 1677
767 1677
768 1678
769 1678
770 1678
771 1678
772 1678
773 1678
774 1678
775 1679
776 1679
777 1679
778 1679
779 1679
780 1679
781 1680
782 1680
783 1680
784 1680
785 1680
786 1680
787 1680
788 1680
789 1681
790 1681
791 1714
792 1714
793 1714
794 1715
795 1715
796 1716
797 1716
798 1716
799 1716
800 1718
801 1759
802 1759
803 1760
804 1760
805 1761
806 1761
807 1761
808 1761
809 1762
810 1762
811 1766
812 1766
813 1767
814 1767
815 1768
816 1769
817 1769
818 1769
819 1769
820 1770
821 1770
822 1771
823 1771
824 1771
825 1771
826 1772
827 1772
828 1773
829 1773
830 1774
831 1774
832 1775
833 1775
834 1776
835 1776
836 1777
837 1782
838 1782
839 1782
840 1782
841 1783
842 1783
843 1784
844 1784
845 1784
846 1784
847 1785
848 1786
849 1786
850 1786
851 1786
852 1787
853 1787
854 1788
855 1788
856 1788
857 1789
858 1789
859 1790
860 1790
861 1791
862 1791
863 1827
864 1827
865 1827
866 1866
867 1866
868 1867
869 1868
870 1868
871 1869
872 1869
873 1870
874 1870
875 1872
876 1872
877 1876
878 1876
879 1876
880 1877
881 1877
882 1878
883 1878
884 1879
885 1879
886 1880
887 1880
888 1881
889 1881
890 1881
891 1881
892 1882
893 1882
894 1883
895 1885
896 1885
897 1886
898 1886
899 1887
900 1887
901 1887
902 1887
903 1887
904 1888
905 1888
