1 229
2 444
3 816
4 1270
5 1270
6 1722
7 1722
8 2066
9 2066
10 2348
11 2348
12 2348
13 2697
14 2697
15 3147
16 3147
17 3483
18 3483
19 3755
20 3755
21 3981
22 4362
23 4362
24 4362
25 4628
26 4918
27 4918
28 5371
29 5371
30 5371
31 5632
32 5711
33 5711
34 6150
35 6150
36 6229
37 6681
38 6681
39 6681
40 7030
41 7030
42 7313
43 7313
44 7739
45 7739
46 8084
47 8084
48 8435
49 8435
50 8879
51 8879
52 8879
53 9156
54 9156
55 9436
56 9436
57 9722
58 10079
59 10079
60 10079
61 10528
62 10528
63 10607
64 10607
65 11061
66 11061
67 11512
68 11512
69 11512
70 11944
71 11944
72 12023
73 12023
74 12118
75 12118
76 12474
77 12474
78 12914
79 12914
80 12914
81 13298
82 13298
83 13298
84 13752
85 13752
86 14189
87 14189
88 14189
89 14189
90 14189
91 14609
92 14609
93 14892
94 14892
95 14892
96 15213
97 15213
98 15490
99 15490
100 15851
101 15851
102 15851
103 16184
104 16184
105 16184
106 16530
107 16530
108 16976
109 16976
110 16976
111 17362
112 17362
113 17362
114 17816
115 17816
116 17816
117 18154
118 18154
119 18154
120 18592
121 18592
122 18592
123 18851
124 18851
125 19296
126 19296
127 19296
128 19296
129 19600
130 19600
131 19896
132 19896
133 20349
134 20349
135 20349
136 20349
137 20702
138 20702
139 20702
140 20965
141 20965
142 21328
143 21328
144 21328
145 21618
146 21618
147 21618
148 21697
149 22042
150 22042
151 22042
152 22283
153 22283
154 22283
155 22525
156 22525
157 22980
158 22980
159 22980
160 22980
161 23338
162 23338
163 23338
164 23729
165 23729
166 23729
167 24016
168 24016
169 24016
170 24365
171 24365
172 24365
173 24798
174 24798
175 24798
176 25251
177 25251
178 25251
179 25251
180 25707
181 25707
182 25707
183 25707
184 25707
185 25707
186 25707
187 25707
188 25707
189 25707
190 25707
191 25707
192 25707
193 25707
194 25707
195 25707
196 26162
197 26162
198 26162
199 26587
200 26587
201 26587
202 26587
203 26953
204 26953
205 26953
206 26953
207 27288
208 27288
209 27288
210 27740
211 27740
212 27740
213 27740
214 28028
215 28028
216 28262
217 28262
218 28262
219 28706
220 28706
221 28706
222 28706
223 28983
224 28983
225 28983
226 29233
227 29233
228 29233
229 29312
230 29642
231 29642
232 29642
233 29642
234 30009
235 30009
236 30009
237 30446
238 30446
239 30446
240 30446
241 30786
242 30786
243 30786
244 30786
245 31234
246 31234
247 31234
248 31234
249 31562
250 31562
251 31562
252 31562
253 31562
254 31834
255 31834
256 31834
257 32175
258 32175
259 32175
260 32175
261 32468
262 32468
263 32468
264 32823
265 32823
266 32823
267 32902
268 32902
269 32981
270 32981
271 32981
272 32981
273 33152
274 33152
275 33152
276 33601
277 33601
278 33601
279 33601
280 34056
281 34056
282 34056
283 34056
284 34476
285 34476
286 34476
287 34476
288 34476
289 34774
290 34774
291 34774
292 35009
293 35009
294 35009
295 35425
296 35425
297 35425
298 35425
299 35766
300 35766
301 35766
302 35766
303 35766
304 36049
305 36049
306 36049
307 36379
308 36379
309 36379
310 36379
311 36458
312 36458
313 36800
314 36800
315 36800
316 36800
317 37063
318 37063
319 37063
320 37410
321 37410
322 37410
323 37410
324 37866
325 37866
326 37866
327 37866
328 37866
329 38320
330 38320
331 38320
332 38320
333 38320
334 38751
335 38751
336 38751
337 38751
338 38751
339 39000
340 39000
341 39000
342 39354
343 39354
344 39354
345 39354
346 39354
347 39710
348 39710
349 39710
350 39710
351 40047
352 40047
353 40047
354 40047
355 40322
356 40322
357 40322
358 40322
359 40719
360 40719
361 40719
362 40719
363 41071
364 41071
365 41071
366 41071
367 41071
368 41503
369 41503
370 41503
371 41503
372 41954
373 41954
374 41954
375 41954
376 41954
377 41954
378 42355
379 42355
380 42355
381 42355
382 42355
383 42800
384 42800
385 42800
386 42800
387 42800
388 43212
389 43212
390 43212
391 43212
392 43212
393 43667
394 43667
395 43667
396 43667
397 43667
398 44009
399 44009
400 44009
401 44009
402 44439
403 44439
404 44439
405 44439
406 44439
407 44439
408 44857
409 44857
410 44857
411 44857
412 44857
413 45204
414 45204
415 45204
416 45204
417 45204
418 45204
419 45531
420 45531
421 45531
422 45531
423 45531
424 45985
425 45985
426 45985
427 45985
428 45985
429 45985
430 46440
431 46440
432 46440
433 46440
434 46440
435 46440
436 46519
437 46519
438 46975
439 46975
440 46975
441 46975
442 46975
443 46975
444 47203
445 47203
446 47203
447 47203
448 47627
449 47627
450 47627
451 47627
452 47627
453 48020
454 48020
455 48020
456 48020
457 48020
458 48020
459 48369
460 48369
461 48369
462 48369
463 48369
464 48652
465 48652
466 48652
467 48652
468 48731
469 48731
470 49102
471 49102
472 49102
473 49102
474 49102
475 49451
476 49451
477 49451
478 49451
479 49451
480 49793
481 49793
482 49793
483 49793
484 49793
485 50188
486 50188
487 50188
488 50188
489 50188
490 50476
491 50476
492 50476
493 50476
494 50476
495 50814
496 50814
497 50814
498 50814
499 50814
500 51234
501 51234
502 51234
503 51234
504 51234
505 51583
506 51583
507 51583
508 51583
509 51583
510 51583
511 51863
512 51863
513 51863
514 51863
515 52143
516 52143
517 52143
518 52143
519 52596
520 52596
521 52596
522 52596
523 52596
524 52596
525 52974
526 52974
527 52974
528 52974
529 52974
530 52974
531 53262
532 53262
533 53262
534 53262
535 53262
536 53593
537 53593
538 53593
539 53593
540 53593
541 54046
542 54046
543 54046
544 54046
545 54046
546 54046
547 54493
548 54493
549 54493
550 54493
551 54493
552 54493
553 54845
554 54845
555 54845
556 54845
557 54845
558 54845
559 55195
560 55195
561 55195
562 55195
563 55195
564 55644
565 55644
566 55644
567 55644
568 55644
569 55644
570 55991
571 55991
572 55991
573 55991
574 55991
575 55991
576 56425
577 56425
578 56425
579 56425
580 56425
581 56425
582 56768
583 56768
584 56768
585 56768
586 56768
587 56768
588 57117
589 57117
590 57117
591 57117
592 57117
593 57117
594 57571
595 57571
596 57571
597 57571
598 57571
599 57571
600 57571
601 57838
602 57838
603 57838
604 57838
605 57838
606 58187
607 58187
608 58187
609 58187
610 58187
611 58187
612 58641
613 58641
614 58641
615 58641
616 58641
617 58641
618 58641
619 58985
620 58985
621 58985
622 58985
623 58985
624 58985
625 59439
626 59439
627 59439
628 59439
629 59439
630 59439
631 59439
632 59892
633 59892
634 59892
635 59892
636 59892
637 59892
638 59892
639 60138
640 60138
641 60138
642 60138
643 60590
644 60590
645 60590
646 60590
647 60590
648 60590
649 60590
650 60590
651 60590
652 60940
653 60940
654 60940
655 60940
656 60940
657 60940
658 61258
659 61258
660 61258
661 61258
662 61258
663 61537
664 61537
665 61537
666 61537
667 61537
668 61812
669 61812
670 61812
671 61812
672 61812
673 62165
674 62165
675 62165
676 62165
677 62165
678 62165
679 62165
680 62165
681 62420
682 62420
683 62420
684 62420
685 62420
686 62811
687 62811
688 62811
689 62811
690 62811
691 62811
692 62811
693 63090
694 63090
695 63090
696 63090
697 63090
698 63541
699 63541
700 63541
701 63541
702 63541
703 63541
704 63541
705 63541
706 63782
707 63782
708 63782
709 63782
710 63782
711 64225
712 64225
713 64225
714 64225
715 64225
716 64225
717 64225
718 64225
719 64679
720 64679
721 64679
722 64679
723 64679
724 64679
725 64679
726 64679
727 65023
728 65023
729 65023
730 65023
731 65023
732 65023
733 65375
734 65375
735 65375
736 65375
737 65375
738 65375
739 65785
740 65785
741 65785
742 65785
743 65785
744 65785
745 65785
746 65785
747 66119
748 66119
749 66119
750 66119
751 66119
752 66119
753 66119
754 66473
755 66473
756 66473
757 66473
758 66473
759 66473
760 66473
761 66824
762 66824
763 66824
764 66824
765 66824
766 66824
767 66824
768 67159
769 67159
770 67159
771 67159
772 67159
773 67159
774 67159
775 67506
776 67506
777 67506
778 67506
779 67506
780 67506
781 67858
782 67858
783 67858
784 67858
785 67858
786 67858
787 67858
788 68204
789 68204
790 68204
791 68204
792 68204
793 68204
794 68554
795 68554
796 68554
797 68554
798 68554
799 68554
800 68554
801 68554
802 68916
803 68916
804 68916
805 68916
806 68916
807 68916
808 69351
809 69351
810 69351
811 69351
812 69351
813 69351
814 69351
815 69351
816 69669
817 69669
818 69669
819 69669
820 69669
821 69669
822 69669
823 69996
824 69996
825 69996
826 69996
827 69996
828 69996
829 70349
830 70349
831 70349
832 70349
833 70349
834 70349
835 70349
836 70739
837 70739
838 70739
839 70739
840 70739
841 70739
842 70739
843 70739
844 71034
845 71034
846 71034
847 71034
848 71034
849 71034
850 71480
851 71480
852 71480
853 71480
854 71480
855 71480
856 71480
857 71480
858 71480
859 71933
860 71933
861 71933
862 71933
863 71933
864 71933
865 71933
866 71933
867 71933
868 72012
869 72012
870 72012
871 72465
872 72465
873 72465
874 72465
875 72465
876 72465
877 72465
878 72465
879 72741
880 72741
881 72741
882 72741
883 72741
884 72741
885 73091
886 73091
887 73091
888 73091
889 73091
890 73091
891 73091
892 73454
893 73454
894 73454
895 73454
896 73454
897 73454
898 73454
899 73454
900 73728
901 73728
902 73728
903 73728
904 73728
905 73985
906 73985
907 73985
908 73985
909 73985
910 73985
911 74064
912 74064
913 74064
914 74520
915 74520
916 74520
917 74520
918 74520
919 74520
920 74520
921 74520
922 74520
923 74883
924 74883
925 74883
926 74883
927 74883
928 74883
929 74883
930 74883
931 75174
932 75174
933 75174
934 75174
935 75174
936 75174
937 75562
938 75562
939 75562
940 75562
941 75562
942 75562
943 75562
944 75562
945 76017
946 76017
947 76017
948 76017
949 76017
950 76017
951 76017
952 76017
953 76017
954 76468
955 76468
956 76468
957 76468
958 76468
959 76468
960 76468
961 76468
962 76468
963 76468
964 76822
965 76822
966 76822
967 76822
968 76822
969 76822
970 76822
971 77274
972 77274
973 77274
974 77274
975 77274
976 77274
977 77274
978 77274
979 77274
980 77704
981 77704
982 77704
983 77704
984 77704
985 77704
986 77704
987 77704
988 77704
989 77979
990 77979
991 77979
992 77979
993 77979
994 77979
995 77979
996 78432
997 78432
998 78432
999 78432
1000 78432
1001 78432
1002 78432
1003 78432
1004 78432
1005 78859
1006 78859
1007 78859
1008 78859
1009 78859
1010 78859
1011 78859
1012 78859
1013 78859
1014 79213
1015 79213
1016 79213
1017 79213
1018 79213
1019 79213
1020 79213
1021 79213
1022 79292
1023 79292
1024 79292
1025 79747
1026 79747
1027 79747
1028 79747
1029 79747
1030 79747
1031 79747
1032 79747
1033 79747
1034 80169
1035 80169
1036 80169
1037 80169
1038 80169
1039 80169
1040 80169
1041 80169
1042 80169
1043 80169
1044 80452
1045 80452
1046 80452
1047 80452
1048 80452
1049 80452
1050 80722
1051 80722
1052 80722
1053 80722
1054 80722
1055 80722
1056 81174
1057 81174
1058 81174
1059 81174
1060 81174
1061 81174
1062 81174
1063 81174
1064 81174
1065 81174
1066 81253
1067 81253
1068 81253
1069 81610
1070 81610
1071 81610
1072 81610
1073 81610
1074 81610
1075 81610
1076 81610
1077 82030
1078 82030
1079 82030
1080 82030
1081 82030
1082 82030
1083 82030
1084 82030
1085 82030
1086 82030
1087 82375
1088 82375
1089 82375
1090 82375
1091 82375
1092 82375
1093 82375
1094 82375
1095 82628
1096 82628
1097 82628
1098 82628
1099 82628
1100 82628
1101 83079
1102 83079
1103 83079
1104 83079
1105 83079
1106 83079
1107 83079
1108 83079
1109 83079
1110 83079
1111 83409
1112 83409
1113 83409
1114 83409
1115 83409
1116 83409
1117 83409
1118 83694
1119 83694
1120 83694
1121 83694
1122 83694
1123 83694
1124 83694
1125 84043
1126 84043
1127 84043
1128 84043
1129 84043
1130 84043
1131 84043
1132 84043
1133 84377
1134 84377
1135 84377
1136 84377
1137 84377
1138 84377
1139 84377
1140 84377
1141 84692
1142 84692
1143 84692
1144 84692
1145 84692
1146 84692
1147 84692
1148 84692
1149 84957
1150 84957
1151 84957
1152 84957
1153 84957
1154 84957
1155 84957
1156 85307
1157 85307
1158 85307
1159 85307
1160 85307
1161 85307
1162 85307
1163 85307
1164 85307
1165 85307
1166 85572
1167 85572
1168 85572
1169 85572
1170 85572
1171 85572
1172 85572
1173 85857
1174 85857
1175 85857
1176 85857
1177 85857
1178 85857
1179 85857
1180 86153
1181 86153
1182 86153
1183 86153
1184 86153
1185 86153
1186 86153
1187 86232
1188 86232
1189 86232
1190 86232
1191 86580
1192 86580
1193 86580
1194 86580
1195 86580
1196 86580
1197 86580
1198 86580
1199 86929
1200 86929
1201 86929
1202 86929
1203 86929
1204 86929
1205 86929
1206 86929
1207 87152
1208 87152
1209 87152
1210 87152
1211 87152
1212 87152
1213 87480
1214 87480
1215 87480
1216 87480
1217 87480
1218 87480
1219 87480
1220 87480
1221 87480
1222 87934
1223 87934
1224 87934
1225 87934
1226 87934
1227 87934
1228 87934
1229 87934
1230 87934
1231 87934
1232 87934
1233 88307
1234 88307
1235 88307
1236 88307
1237 88307
1238 88307
1239 88307
1240 88307
1241 88307
1242 88307
1243 88661
1244 88661
1245 88661
1246 88661
1247 88661
1248 88661
1249 88661
1250 88661
1251 88661
1252 89012
1253 89012
1254 89012
1255 89012
1256 89012
1257 89012
1258 89012
1259 89012
1260 89012
1261 89288
1262 89288
1263 89288
1264 89288
1265 89288
1266 89288
1267 89288
1268 89723
1269 89723
1270 89723
1271 89723
1272 89723
1273 89723
1274 89723
1275 89723
1276 89723
1277 89723
1278 89723
1279 90079
1280 90079
1281 90079
1282 90079
1283 90079
1284 90079
1285 90079
1286 90079
1287 90521
1288 90521
1289 90521
1290 90521
1291 90521
1292 90521
1293 90521
1294 90521
1295 90521
1296 90521
1297 90521
1298 90600
1299 90600
1300 90600
1301 90886
1302 90886
1303 90886
1304 90886
1305 90886
1306 90886
1307 90886
1308 91194
1309 91194
1310 91194
1311 91194
1312 91194
1313 91194
1314 91194
1315 91194
1316 91609
1317 91609
1318 91609
1319 91609
1320 91609
1321 91609
1322 91609
1323 91609
1324 91609
1325 91609
1326 91954
1327 91954
1328 91954
1329 91954
1330 91954
1331 91954
1332 91954
1333 91954
1334 91954
1335 92307
1336 92307
1337 92307
1338 92307
1339 92307
1340 92307
1341 92307
1342 92307
1343 92307
1344 92568
1345 92568
1346 92568
1347 92568
1348 92568
1349 92568
1350 92568
1351 92568
1352 92810
1353 92810
1354 92810
1355 92810
1356 92810
1357 92810
1358 93259
1359 93259
1360 93259
1361 93259
1362 93259
1363 93259
1364 93259
1365 93259
1366 93259
1367 93259
1368 93259
1369 93259
1370 93580
1371 93580
1372 93580
1373 93580
1374 93580
1375 93580
1376 93580
1377 93580
1378 93580
1379 93924
1380 93924
1381 93924
1382 93924
1383 93924
1384 93924
1385 93924
1386 93924
1387 93924
1388 94370
1389 94370
1390 94370
1391 94370
1392 94370
1393 94370
1394 94370
1395 94370
1396 94370
1397 94370
1398 94370
1399 94370
1400 94606
1401 94606
1402 94606
1403 94606
1404 94606
1405 94606
1406 95061
1407 95061
1408 95061
1409 95061
1410 95061
1411 95061
1412 95061
1413 95061
1414 95061
1415 95061
1416 95061
1417 95061
1418 95353
1419 95353
1420 95353
1421 95353
1422 95353
1423 95353
1424 95353
1425 95700
1426 95700
1427 95700
1428 95700
1429 95700
1430 95700
1431 95700
1432 95700
1433 95700
1434 95700
1435 96086
1436 96086
1437 96086
1438 96086
1439 96086
1440 96086
1441 96086
1442 96086
1443 96086
1444 96086
1445 96541
1446 96541
1447 96541
1448 96541
1449 96541
1450 96541
1451 96541
1452 96541
1453 96541
1454 96541
1455 96541
1456 96993
1457 96993
1458 96993
1459 96993
1460 96993
1461 96993
1462 96993
1463 96993
1464 96993
1465 96993
1466 96993
1467 96993
1468 97347
1469 97347
1470 97347
1471 97347
1472 97347
1473 97347
1474 97347
1475 97347
1476 97347
1477 97347
1478 97781
1479 97781
1480 97781
1481 97781
1482 97781
1483 97781
1484 97781
1485 97781
1486 97781
1487 97781
1488 97781
1489 98111
1490 98111
1491 98111
1492 98111
1493 98111
1494 98111
1495 98111
1496 98111
1497 98111
1498 98485
1499 98485
1500 98485
1501 98485
1502 98485
1503 98485
1504 98485
1505 98485
1506 98485
1507 98485
1508 98771
1509 98771
1510 98771
1511 98771
1512 98771
1513 98771
1514 98771
1515 98771
1516 99176
1517 99176
1518 99176
1519 99176
1520 99176
1521 99176
1522 99176
1523 99176
1524 99176
1525 99176
1526 99176
1527 99630
1528 99630
1529 99630
1530 99630
1531 99630
1532 99630
1533 99630
1534 99630
1535 99630
1536 99630
1537 99630
1538 99630
1539 100078
1540 100078
1541 100078
1542 100078
1543 100078
1544 100078
1545 100078
1546 100078
1547 100078
1548 100078
1549 100078
1550 100078
1551 100078
1552 100078
1553 100078
1554 100447
1555 100447
1556 100447
1557 100447
1558 100447
1559 100447
1560 100447
1561 100447
1562 100447
1563 100447
1564 100772
1565 100772
1566 100772
1567 100772
1568 100772
1569 100772
1570 100772
1571 100772
1572 100772
1573 100772
1574 100772
1575 101058
1576 101058
1577 101058
1578 101058
1579 101058
1580 101058
1581 101058
1582 101058
1583 101498
1584 101498
1585 101498
1586 101498
1587 101498
1588 101498
1589 101498
1590 101498
1591 101498
1592 101498
1593 101498
1594 101948
1595 101948
1596 101948
1597 101948
1598 101948
1599 101948
1600 101948
1601 101948
1602 101948
1603 101948
1604 101948
1605 101948
1606 102396
1607 102396
1608 102396
1609 102396
1610 102396
1611 102396
1612 102396
1613 102396
1614 102396
1615 102396
1616 102396
1617 102396
1618 102475
1619 102475
1620 102475
1621 102475
1622 102475
1623 102926
1624 102926
1625 102926
1626 102926
1627 102926
1628 102926
1629 102926
1630 102926
1631 102926
1632 102926
1633 102926
1634 102926
1635 103369
1636 103369
1637 103369
1638 103369
1639 103369
1640 103369
1641 103369
1642 103369
1643 103369
1644 103369
1645 103369
1646 103369
1647 103653
1648 103653
1649 103653
1650 103653
1651 103653
1652 103653
1653 103653
1654 103653
1655 104058
1656 104058
1657 104058
1658 104058
1659 104058
1660 104058
1661 104058
1662 104058
1663 104058
1664 104058
1665 104058
1666 104058
1667 104058
1668 104058
1669 104137
1670 104137
1671 104137
1672 104137
1673 104477
1674 104477
1675 104477
1676 104477
1677 104477
1678 104477
1679 104477
1680 104477
1681 104477
1682 104930
1683 104930
1684 104930
1685 104930
1686 104930
1687 104930
1688 104930
1689 104930
1690 104930
1691 104930
1692 104930
1693 104930
1694 105382
1695 105382
1696 105382
1697 105382
1698 105382
1699 105382
1700 105382
1701 105382
1702 105382
1703 105382
1704 105382
1705 105382
1706 105382
1707 105827
1708 105827
1709 105827
1710 105827
1711 105827
1712 105827
1713 105827
1714 105827
1715 105827
1716 105827
1717 105827
1718 105827
1719 106265
1720 106265
1721 106265
1722 106265
1723 106265
1724 106265
1725 106265
1726 106265
1727 106265
1728 106265
1729 106265
1730 106265
1731 106611
1732 106611
1733 106611
1734 106611
1735 106611
1736 106611
1737 106611
1738 106611
1739 106611
1740 106611
1741 106896
1742 106896
1743 106896
1744 106896
1745 106896
1746 106896
1747 106896
1748 106896
1749 106896
1750 107249
1751 107249
1752 107249
1753 107249
1754 107249
1755 107249
1756 107249
1757 107249
1758 107249
1759 107249
1760 107249
1761 107666
1762 107666
1763 107666
1764 107666
1765 107666
1766 107666
1767 107666
1768 107666
1769 107666
1770 107666
1771 107666
1772 107666
1773 107666
1774 108121
1775 108121
1776 108121
1777 108121
1778 108121
1779 108121
1780 108121
1781 108121
1782 108121
1783 108121
1784 108121
1785 108121
1786 108121
1787 108121
1788 108200
1789 108200
1790 108200
1791 108597
1792 108597
1793 108597
1794 108597
1795 108597
1796 108597
1797 108597
1798 108597
1799 108597
1800 108597
1801 108597
1802 108940
1803 108940
1804 108940
1805 108940
1806 108940
1807 108940
1808 108940
1809 108940
1810 108940
1811 108940
1812 109379
1813 109379
1814 109379
1815 109379
1816 109379
1817 109379
1818 109379
1819 109379
1820 109379
1821 109379
1822 109379
1823 109379
1824 109379
1825 109696
1826 109696
1827 109696
1828 109696
1829 109696
1830 109696
1831 109696
1832 109696
1833 109696
1834 109696
1835 109775
1836 109775
1837 109775
1838 110083
1839 110083
1840 110083
1841 110083
1842 110083
1843 110083
1844 110083
1845 110083
1846 110083
1847 110083
1848 110083
1849 110427
1850 110427
1851 110427
1852 110427
1853 110427
1854 110427
1855 110427
1856 110427
1857 110427
1858 110427
1859 110427
1860 110427
1861 110506
1862 110506
1863 110506
1864 110506
1865 110856
1866 110856
1867 110856
1868 110856
1869 110856
1870 110856
1871 110856
1872 110856
1873 110856
1874 110856
1875 110856
1876 110856
1877 111302
1878 111302
1879 111302
1880 111302
1881 111302
1882 111302
1883 111302
1884 111302
1885 111302
1886 111302
1887 111302
1888 111302
1889 111302
1890 111302
1891 111669
1892 111669
1893 111669
1894 111669
1895 111669
1896 111669
1897 111669
1898 111669
1899 111669
1900 111669
1901 111669
1902 111669
1903 111669
1904 111669
1905 112121
1906 112121
1907 112121
1908 112121
1909 112121
1910 112121
1911 112121
1912 112121
1913 112121
1914 112121
1915 112121
1916 112121
1917 112121
1918 112121
1919 112407
1920 112407
1921 112407
1922 112407
1923 112407
1924 112407
1925 112407
1926 112407
1927 112407
1928 112654
1929 112654
1930 112654
1931 112654
1932 112654
1933 112654
1934 112654
1935 112654
1936 113092
1937 113092
1938 113092
1939 113092
1940 113092
1941 113092
1942 113092
1943 113092
1944 113092
1945 113092
1946 113092
1947 113092
1948 113092
1949 113440
1950 113440
1951 113440
1952 113440
1953 113440
1954 113440
1955 113440
1956 113440
1957 113440
1958 113440
1959 113440
1960 113880
1961 113880
1962 113880
1963 113880
1964 113880
1965 113880
1966 113880
1967 113880
1968 113880
1969 113880
1970 113880
1971 113880
1972 113880
1973 114317
1974 114317
1975 114317
1976 114317
1977 114317
1978 114317
1979 114317
1980 114317
1981 114317
1982 114317
1983 114317
1984 114317
1985 114656
1986 114656
1987 114656
1988 114656
1989 114656
1990 114656
1991 114656
1992 114656
1993 114656
1994 114656
1995 114656
1996 115007
1997 115007
1998 115007
1999 115007
2000 115007
2001 115007
2002 115007
2003 115007
2004 115007
2005 115007
2006 115007
2007 115007
2008 115007
2009 115007
2010 115272
2011 115272
2012 115272
2013 115272
2014 115272
2015 115272
2016 115272
2017 115272
2018 115604
2019 115604
2020 115604
2021 115604
2022 115604
2023 115604
2024 115604
2025 115604
2026 115604
2027 115604
2028 115949
2029 115949
2030 115949
2031 115949
2032 115949
2033 115949
2034 115949
2035 115949
2036 115949
2037 115949
2038 115949
2039 116204
2040 116204
2041 116204
2042 116204
2043 116204
2044 116204
2045 116204
2046 116204
2047 116541
2048 116541
2049 116541
2050 116541
2051 116541
2052 116541
2053 116541
2054 116541
2055 116541
2056 116541
2057 116541
2058 116934
2059 116934
2060 116934
2061 116934
2062 116934
2063 116934
2064 116934
2065 116934
2066 116934
2067 116934
2068 116934
2069 116934
2070 116934
2071 117202
2072 117202
2073 117202
2074 117202
2075 117202
2076 117202
2077 117202
2078 117202
2079 117202
2080 117202
2081 117281
2082 117281
2083 117281
2084 117485
2085 117485
2086 117485
2087 117485
2088 117485
2089 117485
2090 117485
2091 117485
2092 117485
2093 117766
2094 117766
2095 117766
2096 117766
2097 117766
2098 117766
2099 117766
2100 117766
2101 117766
2102 117766
2103 118048
2104 118048
2105 118048
2106 118048
2107 118048
2108 118048
2109 118048
2110 118048
2111 118048
2112 118048
2113 118323
2114 118323
2115 118323
2116 118323
2117 118323
2118 118323
2119 118323
2120 118323
2121 118323
2122 118323
2123 118775
2124 118775
2125 118775
2126 118775
2127 118775
2128 118775
2129 118775
2130 118775
2131 118775
2132 118775
2133 118775
2134 118775
2135 118775
2136 118775
2137 119046
2138 119046
2139 119046
2140 119046
2141 119046
2142 119046
2143 119046
2144 119046
2145 119481
2146 119481
2147 119481
2148 119481
2149 119481
2150 119481
2151 119481
2152 119481
2153 119481
2154 119481
2155 119481
2156 119481
2157 119481
2158 119481
2159 119935
2160 119935
2161 119935
2162 119935
2163 119935
2164 119935
2165 119935
2166 119935
2167 119935
2168 119935
2169 119935
2170 119935
2171 119935
2172 119935
2173 120283
2174 120283
2175 120283
2176 120283
2177 120283
2178 120283
2179 120283
2180 120283
2181 120283
2182 120283
2183 120283
2184 120737
2185 120737
2186 120737
2187 120737
2188 120737
2189 120737
2190 120737
2191 120737
2192 120737
2193 120737
2194 120737
2195 120737
2196 120737
2197 120737
2198 121145
2199 121145
2200 121145
2201 121145
2202 121145
2203 121145
2204 121145
2205 121145
2206 121145
2207 121145
2208 121145
2209 121145
2210 121145
2211 121598
2212 121598
2213 121598
2214 121598
2215 121598
2216 121598
2217 121598
2218 121598
2219 121598
2220 121598
2221 121598
2222 121598
2223 121598
2224 121871
2225 121871
2226 121871
2227 121871
2228 121871
2229 121871
2230 121871
2231 121871
2232 121871
2233 121950
2234 121950
2235 121950
2236 121950
2237 122378
2238 122378
2239 122378
2240 122378
2241 122378
2242 122378
2243 122378
2244 122378
2245 122378
2246 122378
2247 122378
2248 122378
2249 122378
2250 122829
2251 122829
2252 122829
2253 122829
2254 122829
2255 122829
2256 122829
2257 122829
2258 122829
2259 122829
2260 122829
2261 122829
2262 122829
2263 122829
2264 123179
2265 123179
2266 123179
2267 123179
2268 123179
2269 123179
2270 123179
2271 123179
2272 123179
2273 123179
2274 123179
2275 123179
2276 123604
2277 123604
2278 123604
2279 123604
2280 123604
2281 123604
2282 123604
2283 123604
2284 123604
2285 123604
2286 123604
2287 123604
2288 123604
2289 123604
2290 123952
2291 123952
2292 123952
2293 123952
2294 123952
2295 123952
2296 123952
2297 123952
2298 123952
2299 123952
2300 123952
2301 124300
2302 124300
2303 124300
2304 124300
2305 124300
2306 124300
2307 124300
2308 124300
2309 124300
2310 124300
2311 124300
2312 124300
2313 124676
2314 124676
2315 124676
2316 124676
2317 124676
2318 124676
2319 124676
2320 124676
2321 124676
2322 124676
2323 124676
2324 124676
2325 125106
2326 125106
2327 125106
2328 125106
2329 125106
2330 125106
2331 125106
2332 125106
2333 125106
2334 125106
2335 125106
2336 125106
2337 125106
2338 125106
2339 125558
2340 125558
2341 125558
2342 125558
2343 125558
2344 125558
2345 125558
2346 125558
2347 125558
2348 125558
2349 125558
2350 125558
2351 125558
2352 125558
2353 125558
2354 126001
2355 126001
2356 126001
2357 126001
2358 126001
2359 126001
2360 126001
2361 126001
2362 126001
2363 126001
2364 126001
2365 126001
2366 126001
2367 126001
2368 126448
2369 126448
2370 126448
2371 126448
2372 126448
2373 126448
2374 126448
2375 126448
2376 126448
2377 126448
2378 126448
2379 126448
2380 126448
2381 126448
2382 126448
2383 126861
2384 126861
2385 126861
2386 126861
2387 126861
2388 126861
2389 126861
2390 126861
2391 126861
2392 126861
2393 126861
2394 126861
2395 126861
2396 127208
2397 127208
2398 127208
2399 127208
2400 127208
2401 127208
2402 127208
2403 127208
2404 127208
2405 127208
2406 127208
2407 127208
2408 127465
2409 127465
2410 127465
2411 127465
2412 127465
2413 127465
2414 127465
2415 127465
2416 127544
2417 127544
2418 127544
2419 127544
2420 127892
2421 127892
2422 127892
2423 127892
2424 127892
2425 127892
2426 127892
2427 127892
2428 127892
2429 127892
2430 127892
2431 127892
2432 128232
2433 128232
2434 128232
2435 128232
2436 128232
2437 128232
2438 128232
2439 128232
2440 128232
2441 128232
2442 128232
2443 128494
2444 128494
2445 128494
2446 128494
2447 128494
2448 128494
2449 128494
2450 128494
2451 128494
2452 128766
2453 128766
2454 128766
2455 128766
2456 128766
2457 128766
2458 128766
2459 128766
2460 128766
2461 129110
2462 129110
2463 129110
2464 129110
2465 129110
2466 129110
2467 129110
2468 129110
2469 129110
2470 129110
2471 129110
2472 129110
2473 129543
2474 129543
2475 129543
2476 129543
2477 129543
2478 129543
2479 129543
2480 129543
2481 129543
2482 129543
2483 129543
2484 129543
2485 129543
2486 129543
2487 129943
2488 129943
2489 129943
2490 129943
2491 129943
2492 129943
2493 129943
2494 129943
2495 129943
2496 129943
2497 129943
2498 129943
2499 129943
2500 129943
2501 130198
2502 130198
2503 130198
2504 130198
2505 130198
2506 130198
2507 130198
2508 130198
2509 130198
2510 130615
2511 130615
2512 130615
2513 130615
2514 130615
2515 130615
2516 130615
2517 130615
2518 130615
2519 130615
2520 130615
2521 130615
2522 130615
2523 130615
2524 130891
2525 130891
2526 130891
2527 130891
2528 130891
2529 130891
2530 130891
2531 130891
2532 130891
2533 130891
2534 131341
2535 131341
2536 131341
2537 131341
2538 131341
2539 131341
2540 131341
2541 131341
2542 131341
2543 131341
2544 131341
2545 131341
2546 131341
2547 131341
2548 131341
2549 131775
2550 131775
2551 131775
2552 131775
2553 131775
2554 131775
2555 131775
2556 131775
2557 131775
2558 131775
2559 131775
2560 131775
2561 131775
2562 131775
2563 132129
2564 132129
2565 132129
2566 132129
2567 132129
2568 132129
2569 132129
2570 132129
2571 132129
2572 132129
2573 132129
2574 132129
2575 132129
2576 132512
2577 132512
2578 132512
2579 132512
2580 132512
2581 132512
2582 132512
2583 132512
2584 132512
2585 132512
2586 132512
2587 132512
2588 132512
2589 132964
2590 132964
2591 132964
2592 132964
2593 132964
2594 132964
2595 132964
2596 132964
2597 132964
2598 132964
2599 132964
2600 132964
2601 132964
2602 132964
2603 132964
2604 133240
2605 133240
2606 133240
2607 133240
2608 133240
2609 133240
2610 133240
2611 133240
2612 133240
2613 133691
2614 133691
2615 133691
2616 133691
2617 133691
2618 133691
2619 133691
2620 133691
2621 133691
2622 133691
2623 133691
2624 133691
2625 133691
2626 133691
2627 133691
2628 133788
2629 133788
2630 133788
2631 133788
2632 133788
2633 134074
2634 134074
2635 134074
2636 134074
2637 134074
2638 134074
2639 134074
2640 134074
2641 134074
2642 134074
2643 134349
2644 134349
2645 134349
2646 134349
2647 134349
2648 134349
2649 134349
2650 134349
2651 134349
2652 134349
2653 134796
2654 134796
2655 134796
2656 134796
2657 134796
2658 134796
2659 134796
2660 134796
2661 134796
2662 134796
2663 134796
2664 134796
2665 134796
2666 134796
2667 134796
2668 135148
2669 135148
2670 135148
2671 135148
2672 135148
2673 135148
2674 135148
2675 135148
2676 135148
2677 135148
2678 135148
2679 135148
2680 135496
2681 135496
2682 135496
2683 135496
2684 135496
2685 135496
2686 135496
2687 135496
2688 135496
2689 135496
2690 135496
2691 135496
2692 135496
2693 135575
2694 135575
2695 135575
2696 135575
2697 135929
2698 135929
2699 135929
2700 135929
2701 135929
2702 135929
2703 135929
2704 135929
2705 135929
2706 135929
2707 135929
2708 135929
2709 135929
2710 136321
2711 136321
2712 136321
2713 136321
2714 136321
2715 136321
2716 136321
2717 136321
2718 136321
2719 136321
2720 136321
2721 136321
2722 136321
2723 136321
2724 136671
2725 136671
2726 136671
2727 136671
2728 136671
2729 136671
2730 136671
2731 136671
2732 136671
2733 136671
2734 136671
2735 136671
2736 137098
2737 137098
2738 137098
2739 137098
2740 137098
2741 137098
2742 137098
2743 137098
2744 137098
2745 137098
2746 137098
2747 137098
2748 137098
2749 137098
2750 137098
2751 137502
2752 137502
2753 137502
2754 137502
2755 137502
2756 137502
2757 137502
2758 137502
2759 137502
2760 137502
2761 137502
2762 137502
2763 137502
2764 137502
2765 137502
2766 137502
2767 137954
2768 137954
2769 137954
2770 137954
2771 137954
2772 137954
2773 137954
2774 137954
2775 137954
2776 137954
2777 137954
2778 137954
2779 137954
2780 137954
2781 137954
2782 137954
2783 137954
2784 138361
2785 138361
2786 138361
2787 138361
2788 138361
2789 138361
2790 138361
2791 138361
2792 138361
2793 138361
2794 138361
2795 138361
2796 138361
2797 138361
2798 138361
2799 138361
2800 138814
2801 138814
2802 138814
2803 138814
2804 138814
2805 138814
2806 138814
2807 138814
2808 138814
2809 138814
2810 138814
2811 138814
2812 138814
2813 138814
2814 138814
2815 139168
2816 139168
2817 139168
2818 139168
2819 139168
2820 139168
2821 139168
2822 139168
2823 139168
2824 139168
2825 139168
2826 139168
2827 139168
2828 139168
2829 139514
2830 139514
2831 139514
2832 139514
2833 139514
2834 139514
2835 139514
2836 139514
2837 139514
2838 139514
2839 139514
2840 139514
2841 139514
2842 139969
2843 139969
2844 139969
2845 139969
2846 139969
2847 139969
2848 139969
2849 139969
2850 139969
2851 139969
2852 139969
2853 139969
2854 139969
2855 139969
2856 139969
2857 139969
2858 140246
2859 140246
2860 140246
2861 140246
2862 140246
2863 140246
2864 140246
2865 140246
2866 140246
2867 140246
2868 140246
2869 140695
2870 140695
2871 140695
2872 140695
2873 140695
2874 140695
2875 140695
2876 140695
2877 140695
2878 140695
2879 140695
2880 140695
2881 140695
2882 140695
2883 140695
2884 140695
2885 140695
2886 141047
2887 141047
2888 141047
2889 141047
2890 141047
2891 141047
2892 141047
2893 141047
2894 141047
2895 141047
2896 141047
2897 141047
2898 141047
2899 141476
2900 141476
2901 141476
2902 141476
2903 141476
2904 141476
2905 141476
2906 141476
2907 141476
2908 141476
2909 141476
2910 141476
2911 141476
2912 141476
2913 141476
2914 141880
2915 141880
2916 141880
2917 141880
2918 141880
2919 141880
2920 141880
2921 141880
2922 141880
2923 141880
2924 141880
2925 141880
2926 141880
2927 141880
2928 141880
2929 142317
2930 142317
2931 142317
2932 142317
2933 142317
2934 142317
2935 142317
2936 142317
2937 142317
2938 142317
2939 142317
2940 142317
2941 142317
2942 142317
2943 142317
2944 142759
2945 142759
2946 142759
2947 142759
2948 142759
2949 142759
2950 142759
2951 142759
2952 142759
2953 142759
2954 142759
2955 142759
2956 142759
2957 142759
2958 142759
2959 142759
2960 142759
2961 142838
2962 142838
2963 142838
2964 142838
2965 143261
2966 143261
2967 143261
2968 143261
2969 143261
2970 143261
2971 143261
2972 143261
2973 143261
2974 143261
2975 143261
2976 143261
2977 143261
2978 143261
2979 143261
2980 143606
2981 143606
2982 143606
2983 143606
2984 143606
2985 143606
2986 143606
2987 143606
2988 143606
2989 143606
2990 143606
2991 143606
2992 143606
2993 143959
2994 143959
2995 143959
2996 143959
2997 143959
2998 143959
2999 143959
3000 143959
3001 143959
3002 143959
3003 143959
3004 143959
3005 143959
3006 143959
3007 143959
3008 144413
3009 144413
3010 144413
3011 144413
3012 144413
3013 144413
3014 144413
3015 144413
3016 144413
3017 144413
3018 144413
3019 144413
3020 144413
3021 144413
3022 144413
3023 144413
3024 144413
3025 144413
3026 144865
3027 144865
3028 144865
3029 144865
3030 144865
3031 144865
3032 144865
3033 144865
3034 144865
3035 144865
3036 144865
3037 144865
3038 144865
3039 144865
3040 144865
3041 144865
3042 145318
3043 145318
3044 145318
3045 145318
3046 145318
3047 145318
3048 145318
3049 145318
3050 145318
3051 145318
3052 145318
3053 145318
3054 145318
3055 145318
3056 145318
3057 145318
3058 145318
3059 145673
3060 145673
3061 145673
3062 145673
3063 145673
3064 145673
3065 145673
3066 145673
3067 145673
3068 145673
3069 145673
3070 145673
3071 145673
3072 145939
3073 145939
3074 145939
3075 145939
3076 145939
3077 145939
3078 145939
3079 145939
3080 145939
3081 145939
3082 145939
3083 145939
3084 146393
3085 146393
3086 146393
3087 146393
3088 146393
3089 146393
3090 146393
3091 146393
3092 146393
3093 146393
3094 146393
3095 146393
3096 146393
3097 146393
3098 146393
3099 146393
3100 146766
3101 146766
3102 146766
3103 146766
3104 146766
3105 146766
3106 146766
3107 146766
3108 146766
3109 146766
3110 146766
3111 146766
3112 146766
3113 146766
3114 146766
3115 146845
3116 146845
3117 146845
3118 146845
3119 147112
3120 147112
3121 147112
3122 147112
3123 147112
3124 147112
3125 147112
3126 147112
3127 147112
3128 147112
3129 147400
3130 147400
3131 147400
3132 147400
3133 147400
3134 147400
3135 147400
3136 147400
3137 147400
3138 147400
3139 147400
3140 147756
3141 147756
3142 147756
3143 147756
3144 147756
3145 147756
3146 147756
3147 147756
3148 147756
3149 147756
3150 147756
3151 147756
3152 147756
3153 147756
3154 148103
3155 148103
3156 148103
3157 148103
3158 148103
3159 148103
3160 148103
3161 148103
3162 148103
3163 148103
3164 148103
3165 148103
3166 148103
3167 148552
3168 148552
3169 148552
3170 148552
3171 148552
3172 148552
3173 148552
3174 148552
3175 148552
3176 148552
3177 148552
3178 148552
3179 148552
3180 148552
3181 148552
3182 148552
3183 148552
3184 148907
3185 148907
3186 148907
3187 148907
3188 148907
3189 148907
3190 148907
3191 148907
3192 148907
3193 148907
3194 148907
3195 148907
3196 148907
3197 149177
3198 149177
3199 149177
3200 149177
3201 149177
3202 149177
3203 149177
3204 149177
3205 149177
3206 149177
3207 149629
3208 149629
3209 149629
3210 149629
3211 149629
3212 149629
3213 149629
3214 149629
3215 149629
3216 149629
3217 149629
3218 149629
3219 149629
3220 149629
3221 149629
3222 149629
3223 149629
3224 149894
3225 149894
3226 149894
3227 149894
3228 149894
3229 149894
3230 149894
3231 149894
3232 149894
3233 149894
3234 149894
3235 150226
3236 150226
3237 150226
3238 150226
3239 150226
3240 150226
3241 150226
3242 150226
3243 150226
3244 150226
3245 150226
3246 150226
3247 150226
3248 150226
3249 150226
3250 150636
3251 150636
3252 150636
3253 150636
3254 150636
3255 150636
3256 150636
3257 150636
3258 150636
3259 150636
3260 150636
3261 150636
3262 150636
3263 150636
3264 150636
3265 150636
3266 150636
3267 151081
3268 151081
3269 151081
3270 151081
3271 151081
3272 151081
3273 151081
3274 151081
3275 151081
3276 151081
3277 151081
3278 151081
3279 151081
3280 151081
3281 151081
3282 151081
3283 151081
3284 151081
3285 151081
3286 151081
3287 151081
3288 151436
3289 151436
3290 151436
3291 151436
3292 151436
3293 151436
3294 151436
3295 151436
3296 151436
3297 151436
3298 151436
3299 151436
3300 151436
3301 151436
3302 151436
3303 151436
3304 151890
3305 151890
3306 151890
3307 151890
3308 151890
3309 151890
3310 151890
3311 151890
3312 151890
3313 151890
3314 151890
3315 151890
3316 151890
3317 151890
3318 151890
3319 151890
3320 151890
3321 152241
3322 152241
3323 152241
3324 152241
3325 152241
3326 152241
3327 152241
3328 152241
3329 152241
3330 152241
3331 152241
3332 152241
3333 152241
3334 152241
3335 152696
3336 152696
3337 152696
3338 152696
3339 152696
3340 152696
3341 152696
3342 152696
3343 152696
3344 152696
3345 152696
3346 152696
3347 152696
3348 152696
3349 152696
3350 152696
3351 152696
3352 153151
3353 153151
3354 153151
3355 153151
3356 153151
3357 153151
3358 153151
3359 153151
3360 153151
3361 153151
3362 153151
3363 153151
3364 153151
3365 153151
3366 153151
3367 153151
3368 153151
3369 153606
3370 153606
3371 153606
3372 153606
3373 153606
3374 153606
3375 153606
3376 153606
3377 153606
3378 153606
3379 153606
3380 153606
3381 153606
3382 153606
3383 153606
3384 153606
3385 153606
3386 153606
3387 153606
3388 153897
3389 153897
3390 153897
3391 153897
3392 153897
3393 153897
3394 153897
3395 153897
3396 153897
3397 153897
3398 153897
3399 153897
3400 153897
3401 154221
3402 154221
3403 154221
3404 154221
3405 154221
3406 154221
3407 154221
3408 154221
3409 154221
3410 154221
3411 154221
3412 154221
3413 154675
3414 154675
3415 154675
3416 154675
3417 154675
3418 154675
3419 154675
3420 154675
3421 154675
3422 154675
3423 154675
3424 154675
3425 154675
3426 154675
3427 154675
3428 154675
3429 154675
3430 154675
3431 155017
3432 155017
3433 155017
3434 155017
3435 155017
3436 155017
3437 155017
3438 155017
3439 155017
3440 155017
3441 155017
3442 155017
3443 155017
3444 155310
3445 155310
3446 155310
3447 155310
3448 155310
3449 155310
3450 155310
3451 155310
3452 155310
3453 155310
3454 155310
3455 155310
3456 155656
3457 155656
3458 155656
3459 155656
3460 155656
3461 155656
3462 155656
3463 155656
3464 155656
3465 155656
3466 155656
3467 155656
3468 155656
3469 155656
3470 155932
3471 155932
3472 155932
3473 155932
3474 155932
3475 155932
3476 155932
3477 155932
3478 155932
3479 155932
3480 155932
3481 156299
3482 156299
3483 156299
3484 156299
3485 156299
3486 156299
3487 156299
3488 156299
3489 156299
3490 156299
3491 156299
3492 156299
3493 156299
3494 156299
3495 156725
3496 156725
3497 156725
3498 156725
3499 156725
3500 156725
3501 156725
3502 156725
3503 156725
3504 156725
3505 156725
3506 156725
3507 156725
3508 156725
3509 156725
3510 156725
3511 157070
3512 157070
3513 157070
3514 157070
3515 157070
3516 157070
3517 157070
3518 157070
3519 157070
3520 157070
3521 157070
3522 157070
3523 157070
3524 157070
3525 157375
3526 157375
3527 157375
3528 157375
3529 157375
3530 157375
3531 157375
3532 157375
3533 157375
3534 157375
3535 157375
3536 157375
3537 157375
3538 157826
3539 157826
3540 157826
3541 157826
3542 157826
3543 157826
3544 157826
3545 157826
3546 157826
3547 157826
3548 157826
3549 157826
3550 157826
3551 157826
3552 157826
3553 157826
3554 157826
3555 158273
3556 158273
3557 158273
3558 158273
3559 158273
3560 158273
3561 158273
3562 158273
3563 158273
3564 158273
3565 158273
3566 158273
3567 158273
3568 158273
3569 158273
3570 158273
3571 158273
3572 158273
3573 158273
3574 158690
3575 158690
3576 158690
3577 158690
3578 158690
3579 158690
3580 158690
3581 158690
3582 158690
3583 158690
3584 158690
3585 158690
3586 158690
3587 158690
3588 158690
3589 158690
3590 158971
3591 158971
3592 158971
3593 158971
3594 158971
3595 158971
3596 158971
3597 158971
3598 158971
3599 158971
3600 158971
