1 1
2 1
3 2
4 13
5 13
6 13
7 13
8 13
9 15
10 16
11 29
12 29
13 30
14 31
15 31
16 31
17 31
18 47
19 59
20 60
21 60
22 60
23 60
24 60
25 61
26 61
27 61
28 62
29 63
30 75
31 75
32 76
33 76
34 76
35 76
36 76
37 89
38 103
39 104
40 104
41 106
42 119
43 120
44 120
45 121
46 121
47 121
48 134
49 134
50 135
51 136
52 136
53 136
54 136
55 136
56 136
57 136
58 136
59 149
60 150
61 150
62 151
63 152
64 152
65 152
66 153
67 153
68 153
69 166
70 166
71 166
72 166
73 167
74 167
75 181
76 182
77 183
78 184
79 184
80 185
81 185
82 186
83 187
84 187
85 189
86 190
87 191
88 191
89 191
90 191
91 191
92 191
93 191
94 191
95 191
96 191
97 192
98 192
99 193
100 193
101 193
102 193
103 193
104 193
105 194
106 207
107 207
108 208
109 208
110 210
111 210
112 224
113 225
114 225
115 225
116 225
117 225
118 225
119 225
120 235
121 235
122 237
123 237
124 238
125 238
126 238
127 239
128 254
129 255
130 258
131 258
132 273
133 273
134 273
135 273
136 273
137 273
138 274
139 274
140 274
141 274
142 274
143 275
144 275
145 277
146 278
147 292
148 293
149 293
150 293
151 294
152 303
153 304
154 316
155 317
156 317
157 317
158 318
159 319
160 319
161 319
162 319
163 319
164 319
165 319
166 319
167 319
168 343
169 343
170 344
171 344
172 345
173 345
174 345
175 357
176 357
177 357
178 357
179 358
180 361
181 375
182 375
183 375
184 376
185 377
186 377
187 377
188 390
189 390
190 390
191 390
192 403
193 403
194 403
195 403
196 404
197 404
198 404
199 404
200 418
201 418
202 418
203 418
204 418
205 418
206 419
207 419
208 421
209 421
210 421
211 422
212 422
213 423
214 423
215 425
216 425
217 426
218 435
219 436
220 436
221 436
222 437
223 437
224 437
225 437
226 450
227 450
228 450
229 450
230 450
231 450
232 450
233 450
234 450
235 450
236 450
237 450
238 450
239 451
240 451
241 451
242 451
243 452
244 453
245 453
246 462
247 463
248 475
249 475
250 475
251 476
252 476
253 478
254 491
255 491
256 492
257 492
258 492
259 492
260 493
261 494
262 495
263 495
264 497
265 498
266 499
267 500
268 500
269 501
270 501
271 501
272 501
273 512
274 512
275 512
276 519
277 519
278 519
279 519
280 520
281 520
282 520
283 520
284 520
285 522
286 523
287 523
288 524
289 525
290 526
291 526
292 526
293 527
294 527
295 527
296 527
297 527
298 527
299 528
300 528
301 528
302 529
303 529
304 529
305 529
306 529
307 529
308 529
309 529
310 529
311 529
312 529
313 529
314 529
315 540
316 540
317 540
318 540
319 541
320 555
321 556
322 557
323 558
324 558
325 559
326 559
327 560
328 560
329 560
330 560
331 560
332 561
333 561
334 561
335 564
336 565
337 565
338 565
339 565
340 565
341 566
342 567
343 568
344 569
345 581
346 581
347 594
348 594
349 595
350 595
351 595
352 598
353 599
354 600
355 600
356 602
357 602
358 603
359 604
360 604
361 605
362 605
363 605
