1 0
2 0
3 0
4 0
5 0
6 0
7 0
8 0
9 1
10 2
11 2
12 2
13 2
14 2
15 2
16 2
17 2
18 3
19 3
20 3
21 3
22 3
23 3
24 3
25 3
26 3
27 3
28 3
29 4
30 5
31 5
32 5
33 5
34 5
35 5
36 5
37 5
38 5
39 6
40 6
41 6
42 6
43 7
44 8
45 8
46 8
47 8
48 8
49 9
50 9
51 9
52 9
53 9
54 9
55 9
56 9
57 9
58 9
59 9
60 9
61 10
62 10
63 10
64 10
65 10
66 10
67 10
68 10
69 10
70 10
71 10
72 10
73 10
74 10
75 10
76 11
77 11
78 11
79 11
80 11
81 11
82 11
83 11
84 11
85 11
86 11
87 11
88 11
89 11
90 11
91 11
92 11
93 11
94 11
95 11
96 11
97 11
98 11
99 11
100 11
101 11
102 11
103 11
104 11
105 12
106 13
107 13
108 14
109 14
110 14
111 14
112 14
113 14
114 14
115 14
116 14
117 14
118 15
119 15
120 15
121 15
122 15
123 15
124 15
125 15
126 15
127 15
128 15
129 15
130 15
131 15
132 15
133 15
134 15
135 15
136 15
137 15
138 15
139 15
140 15
141 15
142 15
143 15
144 15
145 15
146 15
147 15
148 15
149 15
150 15
151 16
152 16
153 16
154 16
155 16
156 16
157 16
158 16
159 16
160 16
161 16
162 16
163 16
164 16
165 17
166 17
167 18
168 18
169 18
170 18
171 18
172 18
173 18
174 18
175 18
176 18
177 18
178 19
179 19
180 19
181 19
182 19
183 19
184 19
185 19
186 19
187 19
188 19
189 19
190 19
191 19
192 19
193 19
194 19
195 19
196 19
197 19
198 19
199 19
200 19
201 19
202 19
203 19
204 19
205 19
206 19
207 19
208 19
209 19
210 19
211 20
212 20
213 20
214 21
215 21
216 21
217 21
218 21
219 21
220 21
221 21
222 21
223 21
224 21
225 21
226 21
227 21
228 21
229 21
230 21
231 21
232 21
233 22
234 22
235 22
236 22
237 22
238 22
239 22
240 22
241 22
242 22
243 22
244 22
245 22
246 23
247 23
248 23
249 23
250 23
251 23
252 23
253 23
254 23
255 24
256 24
257 24
258 24
259 24
260 24
261 24
262 24
263 24
264 24
265 24
266 24
267 24
268 24
269 24
270 24
271 24
272 24
273 24
274 24
275 24
276 24
277 24
278 24
279 24
280 24
281 24
282 24
283 24
284 24
285 24
286 24
287 24
288 24
289 24
290 24
291 25
292 25
293 25
294 25
295 25
296 25
297 25
298 25
299 25
300 25
301 25
302 25
303 25
304 25
305 25
306 25
307 25
308 25
309 25
310 26
311 26
312 26
313 26
314 26
315 26
316 26
317 26
318 26
319 26
320 26
321 26
322 26
323 26
324 26
325 26
326 27
327 27
328 27
329 27
330 27
331 27
332 27
333 27
334 27
335 27
336 27
337 27
338 27
339 27
340 27
341 27
342 27
343 27
344 27
345 27
346 27
347 27
348 27
349 27
350 27
351 27
352 27
353 27
