1 40
2 55
3 62
4 83
5 83
6 83
7 91
8 112
9 137
10 137
11 165
12 194
13 197
14 206
15 207
16 232
17 233
18 240
19 274
20 299
21 328
22 333
23 341
24 350
25 355
26 365
27 365
28 366
29 375
30 389
31 405
32 405
33 435
34 456
35 459
36 486
37 509
38 509
39 509
40 512
41 550
42 550
43 552
44 578
45 578
46 613
47 640
48 640
49 665
50 679
51 690
52 716
53 716
54 745
55 745
56 754
57 758
58 780
59 801
60 814
61 814
62 815
63 839
64 839
65 848
66 851
67 862
68 863
69 863
70 863
71 863
72 863
73 872
74 881
75 881
76 888
77 913
78 913
79 936
80 955
81 955
82 980
83 980
84 1001
85 1011
86 1011
87 1016
88 1017
89 1031
90 1031
91 1032
92 1032
93 1060
94 1060
95 1064
96 1073
97 1080
98 1080
99 1095
100 1095
101 1121
102 1121
103 1122
104 1142
105 1168
106 1168
107 1172
108 1172
109 1200
110 1200
111 1202
112 1208
113 1211
114 1236
115 1236
116 1252
117 1252
118 1286
119 1286
120 1286
121 1305
122 1330
123 1330
124 1330
125 1341
126 1341
127 1366
128 1366
129 1366
130 1377
131 1389
132 1392
133 1407
134 1407
135 1407
136 1413
137 1427
138 1447
139 1447
140 1457
141 1457
142 1474
143 1474
144 1474
145 1474
146 1484
147 1484
148 1518
149 1518
150 1518
151 1526
152 1535
153 1554
154 1554
155 1561
156 1561
157 1565
158 1568
159 1568
160 1575
161 1584
162 1604
163 1604
164 1608
165 1608
166 1631
167 1631
168 1635
169 1643
170 1645
171 1673
172 1673
173 1673
174 1699
175 1699
176 1699
177 1708
178 1711
179 1737
180 1737
181 1737
182 1741
183 1744
184 1757
185 1758
186 1759
187 1782
188 1782
189 1782
190 1787
191 1787
192 1795
193 1802
194 1802
195 1811
196 1829
197 1829
198 1829
199 1835
200 1836
201 1848
202 1848
203 1868
204 1868
205 1893
206 1893
207 1893
208 1894
209 1894
210 1906
211 1908
212 1930
213 1930
214 1930
215 1952
216 1952
217 1963
218 1963
219 1963
220 1992
221 1992
222 1992
223 1996
224 2020
225 2020
226 2020
227 2032
228 2054
229 2054
230 2054
231 2054
232 2077
233 2077
234 2077
235 2078
236 2078
237 2078
238 2100
239 2100
240 2100
241 2109
242 2109
243 2112
244 2112
245 2122
246 2122
247 2122
248 2147
249 2147
250 2147
251 2147
252 2151
253 2152
254 2156
255 2164
256 2164
257 2190
258 2190
259 2190
260 2192
261 2192
262 2206
263 2206
264 2213
265 2225
266 2225
267 2246
268 2246
269 2246
270 2252
271 2263
272 2263
273 2285
274 2285
275 2285
276 2308
277 2308
278 2308
279 2317
280 2317
281 2354
282 2354
283 2354
284 2354
285 2355
286 2387
287 2387
288 2387
289 2387
290 2402
291 2402
292 2402
293 2440
294 2440
295 2440
296 2440
297 2440
298 2448
299 2448
300 2452
301 2452
302 2452
303 2462
304 2462
305 2462
306 2466
307 2473
308 2473
309 2500
310 2500
311 2500
312 2504
313 2504
314 2534
315 2534
316 2534
317 2534
318 2554
319 2554
320 2554
321 2588
322 2588
323 2588
324 2588
325 2595
326 2595
327 2595
328 2596
329 2597
330 2597
331 2598
332 2599
333 2623
334 2623
335 2623
336 2624
337 2624
338 2625
339 2628
340 2630
341 2630
342 2654
343 2654
344 2654
345 2682
346 2682
347 2682
348 2682
349 2708
350 2708
351 2708
352 2708
353 2715
354 2716
355 2717
356 2718
357 2719
358 2723
359 2723
360 2724
361 2724
362 2729
363 2753
364 2753
365 2753
366 2753
367 2756
368 2756
369 2769
370 2769
371 2776
372 2776
373 2796
374 2796
375 2796
376 2798
377 2806
378 2806
379 2810
380 2811
381 2837
382 2837
383 2837
384 2837
385 2855
386 2855
387 2855
388 2858
389 2858
390 2860
391 2872
392 2872
393 2872
394 2900
395 2900
396 2900
397 2900
398 2953
399 2953
400 2953
401 2953
402 2953
403 2953
404 2953
405 2953
406 2979
407 2979
408 2979
409 2979
410 2981
411 2983
412 3002
413 3002
414 3002
415 3002
416 3009
417 3009
418 3015
419 3018
420 3018
421 3022
422 3022
423 3046
424 3046
425 3046
426 3046
427 3047
428 3047
429 3058
430 3058
431 3058
432 3068
433 3068
434 3068
435 3069
436 3091
437 3091
438 3091
439 3091
440 3095
441 3106
442 3106
443 3107
444 3116
445 3116
446 3116
447 3156
448 3156
449 3156
450 3156
451 3156
452 3156
453 3156
454 3156
455 3180
456 3180
457 3180
458 3180
459 3181
460 3181
461 3190
462 3190
463 3193
464 3210
465 3210
466 3210
467 3210
468 3215
469 3219
470 3219
471 3220
472 3240
473 3240
474 3240
475 3240
476 3265
477 3265
478 3265
479 3265
480 3278
481 3278
482 3278
483 3279
484 3299
485 3299
486 3299
487 3299
488 3305
489 3314
490 3314
491 3314
492 3320
493 3320
494 3321
495 3323
496 3332
497 3332
498 3335
499 3335
500 3335
501 3335
502 3344
503 3344
504 3345
505 3349
506 3349
507 3350
508 3364
509 3364
510 3364
511 3391
512 3391
513 3391
514 3391
515 3391
516 3418
517 3418
518 3418
519 3418
520 3420
521 3420
522 3420
523 3430
524 3430
525 3431
526 3432
527 3432
528 3433
529 3433
530 3455
531 3455
532 3455
533 3455
534 3455
535 3457
536 3458
537 3483
538 3483
539 3483
540 3483
541 3483
542 3483
543 3485
544 3511
545 3511
546 3511
547 3511
548 3511
549 3522
550 3522
551 3522
552 3546
553 3546
554 3546
555 3546
556 3546
557 3575
558 3575
559 3575
560 3575
561 3575
562 3598
563 3598
564 3598
565 3598
566 3598
567 3612
568 3612
569 3612
570 3612
571 3636
572 3636
573 3636
574 3636
575 3636
576 3649
577 3649
578 3649
579 3657
580 3657
581 3668
582 3668
583 3668
584 3678
585 3678
586 3678
587 3683
588 3683
589 3707
590 3707
591 3707
592 3707
593 3713
594 3713
595 3715
596 3715
597 3739
598 3739
599 3739
600 3739
601 3739
602 3740
603 3743
604 3743
605 3744
606 3745
607 3745
608 3768
609 3768
610 3768
611 3768
612 3768
613 3783
614 3783
615 3783
616 3783
617 3801
618 3801
619 3801
620 3801
621 3808
622 3808
623 3809
624 3810
625 3834
626 3834
627 3834
628 3834
629 3834
630 3842
631 3842
632 3842
633 3851
634 3851
635 3851
636 3872
637 3872
638 3872
639 3872
640 3898
641 3898
642 3898
643 3898
644 3898
645 3898
646 3900
647 3918
648 3918
649 3918
650 3918
651 3918
652 3939
653 3939
654 3939
655 3939
656 3939
657 3944
658 3944
659 3968
660 3968
661 3968
662 3968
663 3968
664 3969
665 3977
666 3977
667 3977
668 3977
669 3983
670 3983
671 3999
672 3999
673 3999
674 3999
675 4021
676 4021
677 4021
678 4021
679 4021
680 4022
681 4023
682 4052
683 4052
684 4052
685 4052
686 4052
687 4052
688 4078
689 4078
690 4078
691 4078
692 4078
693 4078
694 4090
695 4090
696 4090
697 4100
698 4100
699 4100
700 4100
701 4111
702 4111
703 4111
704 4124
705 4124
706 4124
707 4124
708 4128
709 4128
710 4143
711 4143
712 4143
713 4143
714 4149
715 4149
716 4156
717 4156
718 4168
719 4168
720 4168
721 4182
722 4182
723 4182
724 4182
725 4188
726 4188
727 4215
728 4215
729 4215
730 4215
731 4215
732 4215
733 4224
734 4224
735 4224
736 4267
737 4267
738 4267
739 4267
740 4267
741 4267
742 4267
743 4267
744 4267
745 4268
746 4292
747 4292
748 4292
749 4292
750 4292
751 4292
752 4293
753 4293
754 4297
755 4301
756 4301
757 4302
758 4302
759 4305
760 4305
761 4312
762 4312
763 4312
764 4312
765 4318
766 4318
767 4324
768 4324
769 4324
770 4344
771 4344
772 4344
773 4344
774 4344
775 4344
776 4358
777 4358
778 4358
779 4358
780 4374
781 4374
782 4374
783 4374
784 4374
785 4378
786 4401
787 4401
788 4401
789 4401
790 4401
791 4401
792 4401
793 4408
794 4408
795 4416
796 4416
797 4416
798 4422
799 4422
800 4446
801 4446
802 4446
803 4446
804 4446
805 4446
806 4471
807 4471
808 4471
809 4471
810 4471
811 4471
812 4480
813 4480
814 4480
815 4482
816 4482
817 4485
818 4509
819 4509
820 4509
821 4509
822 4509
823 4509
824 4535
825 4535
826 4535
827 4535
828 4535
829 4535
830 4537
831 4537
832 4562
833 4562
834 4562
835 4562
836 4562
837 4562
838 4562
839 4562
840 4584
841 4584
842 4584
843 4584
844 4584
845 4584
846 4605
847 4605
848 4605
849 4605
850 4605
851 4605
852 4605
853 4605
854 4619
855 4619
856 4619
857 4619
858 4628
859 4628
860 4628
861 4671
862 4671
863 4671
864 4671
865 4671
866 4671
867 4671
868 4671
869 4671
870 4671
871 4680
872 4680
873 4680
874 4695
875 4695
876 4695
877 4695
878 4721
879 4721
880 4721
881 4721
882 4721
883 4721
884 4721
885 4724
886 4740
887 4740
888 4740
889 4740
890 4740
891 4740
892 4769
893 4769
894 4769
895 4769
896 4769
897 4769
898 4769
899 4770
900 4770
901 4793
902 4793
903 4793
904 4793
905 4793
906 4793
907 4793
908 4817
909 4817
910 4817
911 4817
912 4817
913 4817
914 4819
915 4819
916 4820
917 4847
918 4847
919 4847
920 4847
921 4847
922 4847
923 4847
924 4856
925 4856
926 4856
927 4856
928 4876
929 4876
930 4876
931 4876
932 4876
933 4876
934 4876
935 4895
936 4895
937 4895
938 4895
939 4895
940 4910
941 4910
942 4910
943 4910
944 4930
945 4930
946 4930
947 4930
948 4930
949 4930
950 4933
951 4933
952 4934
953 4934
954 4963
955 4963
956 4963
957 4963
958 4963
959 4963
960 4963
961 4987
962 4987
963 4987
964 4987
965 4987
966 4987
967 4987
968 4992
969 4992
970 4992
971 4993
972 5006
973 5006
974 5006
975 5006
976 5006
977 5019
978 5019
979 5019
980 5019
981 5020
982 5029
983 5029
984 5029
985 5031
986 5031
987 5053
988 5053
989 5053
990 5053
991 5053
992 5053
993 5085
994 5085
995 5085
996 5085
997 5085
998 5085
999 5085
1000 5085
1001 5093
1002 5093
1003 5093
1004 5096
1005 5096
1006 5097
1007 5097
1008 5097
1009 5097
