1 168
2 290
3 290
4 290
5 386
6 386
7 466
8 466
9 506
10 506
11 586
12 586
13 586
14 653
15 653
16 653
17 713
18 713
19 723
20 764
21 764
22 859
23 859
24 859
25 859
26 900
27 900
28 924
29 924
30 1026
31 1026
32 1026
33 1026
34 1026
35 1069
36 1069
37 1069
38 1098
39 1098
40 1197
41 1197
42 1197
43 1197
44 1197
45 1197
46 1221
47 1313
48 1313
49 1313
50 1313
51 1313
52 1313
53 1400
54 1400
55 1400
56 1400
57 1400
58 1400
59 1444
60 1444
61 1444
62 1444
63 1492
64 1492
65 1492
66 1568
67 1568
68 1568
69 1568
70 1568
71 1568
72 1666
73 1666
74 1666
75 1666
76 1666
77 1666
78 1666
79 1666
80 1758
81 1758
82 1758
83 1758
84 1758
85 1758
86 1758
87 1758
88 1802
89 1802
90 1802
91 1802
92 1846
93 1846
94 1846
95 1846
96 1890
97 1890
98 1890
99 1890
100 2000
101 2000
102 2000
103 2000
104 2000
105 2000
106 2000
107 2000
108 2000
109 2000
110 2099
111 2099
112 2099
113 2099
114 2099
115 2099
116 2099
117 2099
118 2099
119 2099
120 2125
121 2125
122 2125
123 2216
124 2216
125 2216
126 2216
127 2216
128 2216
129 2216
130 2216
131 2216
132 2310
133 2310
134 2310
135 2310
136 2310
137 2310
138 2310
139 2310
140 2310
141 2310
142 2375
143 2375
144 2375
145 2375
146 2375
147 2375
148 2375
149 2401
150 2401
151 2401
152 2404
153 2404
154 2468
155 2468
156 2468
157 2468
158 2468
159 2468
160 2468
161 2563
162 2563
163 2563
164 2563
165 2563
166 2563
167 2563
168 2563
169 2563
170 2563
171 2563
172 2688
173 2688
174 2688
175 2688
176 2688
177 2688
178 2688
179 2688
180 2688
181 2688
182 2688
183 2688
184 2688
185 2688
186 2688
187 2807
188 2807
189 2807
190 2807
191 2807
192 2807
193 2807
194 2807
195 2807
196 2807
197 2807
198 2807
199 2807
200 2807
201 2807
202 2915
203 2915
204 2915
205 2915
206 2915
207 2915
208 2915
209 2915
210 2915
211 2915
212 2915
213 2915
214 2915
215 2915
216 2915
217 3041
218 3041
219 3041
220 3041
221 3041
222 3041
223 3041
224 3041
225 3041
226 3041
227 3041
228 3041
229 3041
230 3041
231 3041
232 3041
233 3041
234 3082
235 3082
236 3082
237 3082
238 3082
239 3082
240 3155
241 3155
242 3155
243 3155
244 3155
245 3155
246 3155
247 3155
248 3155
249 3155
250 3155
251 3202
252 3202
253 3202
254 3202
255 3202
256 3202
257 3202
258 3308
259 3308
260 3308
261 3308
262 3308
263 3308
264 3308
265 3308
266 3308
267 3308
268 3308
269 3308
270 3308
271 3308
272 3308
273 3308
274 3353
275 3353
276 3353
277 3353
278 3353
279 3353
280 3353
281 3418
282 3418
283 3418
284 3418
285 3418
286 3418
287 3418
288 3418
289 3418
290 3418
291 3511
292 3511
293 3511
294 3511
295 3511
296 3511
297 3511
298 3511
299 3511
300 3511
301 3511
302 3511
303 3511
304 3511
305 3511
306 3612
307 3612
308 3612
309 3612
310 3612
311 3612
312 3612
313 3612
314 3612
315 3612
316 3612
317 3612
318 3612
319 3612
320 3612
321 3612
322 3750
323 3750
324 3750
325 3750
326 3750
327 3750
328 3750
329 3750
330 3750
331 3750
332 3750
333 3750
334 3750
335 3750
336 3750
337 3750
338 3750
339 3750
340 3750
341 3750
342 3750
343 3750
344 3750
345 3843
346 3843
347 3843
348 3843
349 3843
350 3843
351 3843
352 3843
353 3843
354 3843
355 3843
356 3843
357 3843
358 3843
359 3843
360 3843
361 3926
362 3926
363 3926
364 3926
365 3926
366 3926
367 3926
368 3926
369 3926
370 3926
371 3926
372 3926
373 3926
374 3926
375 3926
376 3967
377 3967
378 3967
379 3967
380 3967
381 3967
382 3967
383 3967
384 4067
385 4067
386 4067
387 4067
388 4067
389 4067
390 4067
391 4067
392 4067
393 4067
394 4067
395 4067
396 4067
397 4067
398 4067
399 4067
400 4067
401 4067
402 4110
403 4110
404 4110
405 4110
406 4110
407 4110
408 4110
409 4110
410 4159
411 4159
412 4159
413 4159
414 4159
415 4159
416 4159
417 4159
418 4159
419 4159
420 4251
421 4251
422 4251
423 4251
424 4251
425 4251
426 4251
427 4251
428 4251
429 4251
430 4251
431 4251
432 4251
433 4251
434 4251
435 4251
436 4251
437 4357
438 4357
439 4357
440 4357
441 4357
442 4357
443 4357
444 4357
445 4357
446 4357
447 4357
448 4357
449 4357
450 4357
451 4357
452 4357
453 4357
454 4357
455 4357
456 4357
457 4357
458 4404
459 4404
460 4404
461 4404
462 4404
463 4404
464 4404
465 4404
466 4404
467 4498
468 4498
469 4498
470 4498
471 4498
472 4498
473 4498
474 4498
475 4498
476 4498
477 4498
478 4498
479 4498
480 4498
481 4498
482 4498
483 4498
484 4498
485 4498
486 4544
487 4544
488 4544
489 4544
490 4544
491 4544
492 4544
493 4544
494 4544
495 4544
496 4570
497 4570
498 4570
499 4570
500 4570
501 4570
502 4682
503 4682
504 4682
505 4682
506 4682
507 4682
508 4682
509 4682
510 4682
511 4682
512 4682
513 4682
514 4682
515 4682
516 4682
517 4682
518 4682
519 4682
520 4682
521 4682
522 4682
523 4682
524 4682
525 4723
526 4723
527 4723
528 4723
529 4723
530 4723
531 4723
532 4723
533 4723
534 4723
535 4766
536 4766
537 4766
538 4766
539 4766
540 4766
541 4766
542 4766
543 4766
544 4874
545 4874
546 4874
547 4874
548 4874
549 4874
550 4874
551 4874
552 4874
553 4874
554 4874
555 4874
556 4874
557 4874
558 4874
559 4874
560 4874
561 4874
562 4874
563 4874
564 4874
565 4874
566 4874
567 4964
568 4964
569 4964
570 4964
571 4964
572 4964
573 4964
574 4964
575 4964
576 4964
577 4964
578 4964
579 4964
580 4964
581 4964
582 4964
583 4964
584 4964
585 4964
586 4964
587 4964
588 5035
589 5035
590 5035
591 5035
592 5035
593 5035
594 5035
595 5035
596 5035
597 5035
598 5035
599 5035
600 5035
601 5035
602 5035
603 5035
604 5077
605 5077
606 5077
607 5077
608 5077
609 5077
610 5077
611 5077
612 5077
613 5077
614 5195
615 5195
616 5195
617 5195
618 5195
619 5195
620 5195
621 5195
622 5195
623 5195
624 5195
625 5195
626 5195
627 5195
628 5195
629 5195
630 5195
631 5195
632 5195
633 5195
634 5195
635 5195
636 5195
637 5195
638 5195
639 5195
640 5195
641 5280
642 5280
643 5280
644 5280
645 5280
646 5280
647 5280
648 5280
649 5280
650 5280
651 5280
652 5280
653 5280
654 5280
655 5280
656 5280
657 5280
658 5280
659 5280
660 5280
661 5374
662 5374
663 5374
664 5374
665 5374
666 5374
667 5374
668 5374
669 5374
670 5374
671 5374
672 5374
673 5374
674 5374
675 5374
676 5374
677 5374
678 5374
679 5374
680 5374
681 5374
682 5374
683 5488
684 5488
685 5488
686 5488
687 5488
688 5488
689 5488
690 5488
691 5488
692 5488
693 5488
694 5488
695 5488
696 5488
697 5488
698 5488
699 5488
700 5488
701 5488
702 5488
703 5488
704 5488
705 5488
706 5488
707 5488
708 5488
709 5488
710 5488
711 5488
712 5488
713 5488
714 5488
715 5616
716 5616
717 5616
718 5616
719 5616
720 5616
721 5616
722 5616
723 5616
724 5616
725 5616
726 5616
727 5616
728 5616
729 5616
730 5616
731 5616
732 5616
733 5616
734 5616
735 5616
736 5616
737 5616
738 5616
739 5616
740 5616
741 5616
742 5616
743 5616
744 5616
745 5616
746 5616
747 5740
748 5740
749 5740
750 5740
751 5740
752 5740
753 5740
754 5740
755 5740
756 5740
757 5740
758 5740
759 5740
760 5740
761 5740
762 5740
763 5740
764 5740
765 5740
766 5740
767 5740
768 5740
769 5740
770 5740
771 5740
772 5740
773 5740
774 5740
775 5740
776 5740
777 5740
778 5815
779 5815
780 5815
781 5815
782 5815
783 5815
784 5815
785 5815
786 5815
787 5815
788 5815
789 5815
790 5815
791 5815
792 5815
793 5815
794 5815
795 5815
796 5815
797 5815
798 5889
799 5889
800 5889
801 5889
802 5889
803 5889
804 5889
805 5889
806 5889
807 5889
808 5889
809 5889
810 5889
811 5889
812 5889
813 5889
814 5889
815 5889
816 5889
817 5889
818 6001
819 6001
820 6001
821 6001
822 6001
823 6001
824 6001
825 6001
826 6001
827 6001
828 6001
829 6001
830 6001
831 6001
832 6001
833 6001
834 6001
835 6001
836 6001
837 6001
838 6001
839 6001
840 6001
841 6001
842 6001
843 6001
844 6001
845 6001
846 6001
847 6001
848 6047
849 6047
850 6047
851 6047
852 6047
853 6047
854 6047
855 6047
856 6047
857 6047
858 6047
859 6047
860 6089
861 6089
862 6089
863 6089
864 6089
865 6089
866 6089
867 6089
868 6089
869 6089
870 6089
871 6089
872 6214
873 6214
874 6214
875 6214
876 6214
877 6214
878 6214
879 6214
880 6214
881 6214
882 6214
883 6214
884 6214
885 6214
886 6214
887 6214
888 6214
889 6214
890 6214
891 6214
892 6214
893 6214
894 6214
895 6214
896 6214
897 6214
898 6214
899 6214
900 6214
901 6214
902 6214
903 6214
904 6214
905 6214
906 6214
907 6257
908 6257
909 6257
910 6257
911 6257
912 6257
913 6257
914 6257
915 6257
916 6257
917 6257
918 6257
919 6298
920 6298
921 6298
922 6298
923 6298
924 6298
925 6298
926 6298
927 6298
928 6298
929 6298
930 6298
931 6327
932 6327
933 6327
934 6327
935 6327
936 6327
937 6327
938 6327
939 6327
940 6384
941 6384
942 6384
943 6384
944 6384
945 6384
946 6384
947 6384
948 6384
949 6384
950 6384
951 6384
952 6384
953 6384
954 6384
955 6384
956 6384
957 6459
958 6459
959 6459
960 6459
961 6459
962 6459
963 6459
964 6459
965 6459
966 6459
967 6459
968 6459
969 6459
970 6459
971 6459
972 6459
973 6459
974 6459
975 6459
976 6459
977 6459
978 6459
979 6552
980 6552
981 6552
982 6552
983 6552
984 6552
985 6552
986 6552
987 6552
988 6552
989 6552
990 6552
991 6552
992 6552
993 6552
994 6552
995 6552
996 6552
997 6552
998 6552
999 6552
1000 6552
1001 6552
1002 6552
1003 6552
1004 6552
1005 6552
1006 6628
1007 6628
1008 6628
1009 6628
1010 6628
1011 6628
1012 6628
1013 6628
1014 6628
1015 6628
1016 6628
1017 6628
1018 6628
1019 6628
1020 6628
1021 6628
1022 6628
1023 6628
1024 6628
1025 6628
1026 6628
1027 6628
1028 6628
1029 6738
1030 6738
1031 6738
1032 6738
1033 6738
1034 6738
1035 6738
1036 6738
1037 6738
1038 6738
1039 6738
1040 6738
1041 6738
1042 6738
1043 6738
1044 6738
1045 6738
1046 6738
1047 6738
1048 6738
1049 6738
1050 6738
1051 6738
1052 6738
1053 6738
1054 6738
1055 6738
1056 6738
1057 6738
1058 6738
1059 6738
1060 6738
1061 6759
1062 6759
1063 6759
1064 6759
1065 6759
1066 6759
1067 6759
1068 6759
1069 6759
1070 6759
1071 6769
1072 6769
1073 6769
1074 6769
1075 6823
1076 6823
1077 6823
1078 6823
1079 6823
1080 6823
1081 6823
1082 6823
1083 6823
1084 6823
1085 6823
1086 6823
1087 6823
1088 6823
1089 6823
1090 6823
1091 6823
1092 6868
1093 6868
1094 6868
1095 6868
1096 6868
1097 6868
1098 6868
1099 6868
1100 6868
1101 6868
1102 6868
1103 6868
1104 6868
1105 6868
1106 6981
1107 6981
1108 6981
1109 6981
1110 6981
1111 6981
1112 6981
1113 6981
1114 6981
1115 6981
1116 6981
1117 6981
1118 6981
1119 6981
1120 6981
1121 6981
1122 6981
1123 6981
1124 6981
1125 6981
1126 6981
1127 6981
1128 6981
1129 6981
1130 6981
1131 6981
1132 6981
1133 6981
1134 6981
1135 6981
1136 6981
1137 6981
1138 6981
1139 6981
1140 6981
1141 6981
1142 7010
1143 7010
1144 7010
1145 7010
1146 7010
1147 7010
1148 7010
1149 7010
1150 7010
1151 7010
1152 7039
1153 7039
1154 7039
1155 7039
1156 7039
1157 7039
1158 7039
1159 7039
1160 7039
1161 7039
1162 7039
1163 7039
1164 7039
1165 7146
1166 7146
1167 7146
1168 7146
1169 7146
1170 7146
1171 7146
1172 7146
1173 7146
1174 7146
1175 7146
1176 7146
1177 7146
1178 7146
1179 7146
1180 7146
1181 7146
1182 7146
1183 7146
1184 7146
1185 7146
1186 7146
1187 7146
1188 7146
1189 7146
1190 7146
1191 7146
1192 7146
1193 7146
1194 7146
1195 7146
1196 7146
1197 7146
1198 7146
1199 7146
1200 7273
1201 7273
1202 7273
1203 7273
1204 7273
1205 7273
1206 7273
1207 7273
1208 7273
1209 7273
1210 7273
1211 7273
1212 7273
1213 7273
1214 7273
1215 7273
1216 7273
1217 7273
1218 7273
1219 7273
1220 7273
1221 7273
1222 7273
1223 7273
1224 7273
1225 7273
1226 7273
1227 7273
1228 7273
1229 7273
1230 7273
1231 7273
1232 7273
1233 7273
1234 7273
1235 7273
1236 7273
1237 7273
1238 7273
1239 7273
1240 7371
1241 7371
1242 7371
1243 7371
1244 7371
1245 7371
1246 7371
1247 7371
1248 7371
1249 7371
1250 7371
1251 7371
1252 7371
1253 7371
1254 7371
1255 7371
1256 7371
1257 7371
1258 7371
1259 7371
1260 7371
1261 7371
1262 7371
1263 7371
1264 7371
1265 7371
1266 7371
1267 7371
1268 7371
1269 7371
1270 7371
1271 7371
1272 7371
1273 7414
1274 7414
1275 7414
1276 7414
1277 7414
1278 7414
1279 7414
1280 7414
1281 7414
1282 7414
1283 7414
1284 7414
1285 7414
1286 7414
1287 7414
1288 7455
1289 7455
1290 7455
1291 7455
1292 7455
1293 7455
1294 7455
1295 7455
1296 7455
1297 7455
1298 7455
1299 7455
1300 7455
1301 7455
1302 7540
1303 7540
1304 7540
1305 7540
1306 7540
1307 7540
1308 7540
1309 7540
1310 7540
1311 7540
1312 7540
1313 7540
1314 7540
1315 7540
1316 7540
1317 7540
1318 7540
1319 7540
1320 7540
1321 7540
1322 7540
1323 7540
1324 7540
1325 7540
1326 7540
1327 7540
1328 7540
1329 7540
1330 7540
1331 7599
1332 7599
1333 7599
1334 7599
1335 7599
1336 7599
1337 7599
1338 7599
1339 7599
1340 7599
1341 7599
1342 7599
1343 7599
1344 7599
1345 7599
1346 7599
1347 7599
1348 7599
1349 7599
1350 7599
1351 7599
1352 7647
1353 7647
1354 7647
1355 7647
1356 7647
1357 7647
1358 7647
1359 7647
1360 7647
1361 7647
1362 7647
1363 7647
1364 7647
1365 7647
1366 7647
1367 7647
1368 7647
1369 7707
1370 7707
1371 7707
1372 7707
1373 7707
1374 7707
1375 7707
1376 7707
1377 7707
1378 7707
1379 7707
1380 7707
1381 7707
1382 7707
1383 7707
1384 7707
1385 7707
1386 7707
1387 7707
1388 7707
1389 7707
1390 7731
1391 7731
1392 7731
1393 7731
1394 7731
1395 7731
1396 7731
1397 7731
1398 7731
1399 7731
1400 7779
1401 7779
1402 7779
1403 7779
1404 7779
1405 7779
1406 7779
1407 7779
1408 7779
1409 7779
1410 7779
1411 7779
1412 7779
1413 7779
1414 7779
1415 7779
1416 7779
1417 7779
1418 7824
1419 7824
1420 7824
1421 7824
1422 7824
1423 7824
1424 7824
1425 7824
1426 7824
1427 7824
1428 7824
1429 7824
1430 7824
1431 7824
1432 7824
1433 7824
1434 7912
1435 7912
1436 7912
1437 7912
1438 7912
1439 7912
1440 7912
1441 7912
1442 7912
1443 7912
1444 7912
1445 7912
1446 7912
1447 7912
1448 7912
1449 7912
1450 7912
1451 7912
1452 7912
1453 7912
1454 7912
1455 7912
1456 7912
1457 7912
1458 7912
1459 7912
1460 7912
1461 7912
1462 7912
1463 7912
1464 7912
1465 8013
1466 8013
1467 8013
1468 8013
1469 8013
1470 8013
1471 8013
1472 8013
1473 8013
1474 8013
1475 8013
1476 8013
1477 8013
1478 8013
1479 8013
1480 8013
1481 8013
1482 8013
1483 8013
1484 8013
1485 8013
1486 8013
1487 8013
1488 8013
1489 8013
1490 8013
1491 8013
1492 8013
1493 8013
1494 8013
1495 8013
1496 8013
1497 8013
1498 8013
1499 8013
1500 8013
1501 8116
1502 8116
1503 8116
1504 8116
1505 8116
1506 8116
1507 8116
1508 8116
1509 8116
1510 8116
1511 8116
1512 8116
1513 8116
1514 8116
1515 8116
1516 8116
1517 8116
1518 8116
1519 8116
1520 8116
1521 8116
1522 8116
1523 8116
1524 8116
1525 8116
1526 8116
1527 8116
1528 8116
1529 8116
1530 8116
1531 8116
1532 8116
1533 8116
1534 8116
1535 8116
1536 8116
1537 8116
1538 8241
1539 8241
1540 8241
1541 8241
1542 8241
1543 8241
1544 8241
1545 8241
1546 8241
1547 8241
1548 8241
1549 8241
1550 8241
1551 8241
1552 8241
1553 8241
1554 8241
1555 8241
1556 8241
1557 8241
1558 8241
1559 8241
1560 8241
1561 8241
1562 8241
1563 8241
1564 8241
1565 8241
1566 8241
1567 8241
1568 8241
1569 8241
1570 8241
1571 8241
1572 8241
1573 8241
1574 8241
1575 8241
1576 8241
1577 8241
1578 8241
1579 8241
1580 8241
1581 8241
1582 8241
1583 8241
1584 8282
1585 8282
1586 8282
1587 8282
1588 8282
1589 8282
1590 8282
1591 8282
1592 8282
1593 8282
1594 8282
1595 8282
1596 8282
1597 8282
1598 8282
1599 8282
1600 8360
1601 8360
1602 8360
1603 8360
1604 8360
1605 8360
1606 8360
1607 8360
1608 8360
1609 8360
1610 8360
1611 8360
1612 8360
1613 8360
1614 8360
1615 8360
1616 8360
1617 8360
1618 8360
1619 8360
1620 8360
1621 8360
1622 8360
1623 8360
1624 8360
1625 8360
1626 8360
1627 8360
1628 8360
1629 8360
1630 8481
1631 8481
1632 8481
1633 8481
1634 8481
1635 8481
1636 8481
1637 8481
1638 8481
1639 8481
1640 8481
1641 8481
1642 8481
1643 8481
1644 8481
1645 8481
1646 8481
1647 8481
1648 8481
1649 8481
1650 8481
1651 8481
1652 8481
1653 8481
1654 8481
1655 8481
1656 8481
1657 8481
1658 8481
1659 8481
1660 8481
1661 8481
1662 8481
1663 8481
1664 8481
1665 8481
1666 8481
1667 8481
1668 8481
1669 8481
1670 8481
1671 8481
1672 8481
1673 8481
1674 8481
1675 8532
1676 8532
1677 8532
1678 8532
1679 8532
1680 8532
1681 8532
1682 8532
1683 8532
1684 8532
1685 8532
1686 8532
1687 8532
1688 8532
1689 8532
1690 8532
1691 8532
1692 8532
1693 8532
1694 8532
1695 8532
1696 8575
1697 8575
1698 8575
1699 8575
1700 8575
1701 8575
1702 8575
1703 8575
1704 8575
1705 8575
1706 8575
1707 8575
1708 8575
1709 8575
1710 8575
1711 8575
1712 8575
1713 8674
1714 8674
1715 8674
1716 8674
1717 8674
1718 8674
1719 8674
1720 8674
1721 8674
1722 8674
1723 8674
1724 8674
1725 8674
1726 8674
1727 8674
1728 8674
1729 8674
1730 8674
1731 8674
1732 8674
1733 8674
1734 8674
1735 8674
1736 8674
1737 8674
1738 8674
1739 8674
1740 8674
1741 8674
1742 8674
1743 8674
1744 8674
1745 8674
1746 8674
1747 8674
1748 8674
1749 8674
1750 8674
1751 8674
1752 8794
1753 8794
1754 8794
1755 8794
1756 8794
1757 8794
1758 8794
1759 8794
1760 8794
1761 8794
1762 8794
1763 8794
1764 8794
1765 8794
1766 8794
1767 8794
1768 8794
1769 8794
1770 8794
1771 8794
1772 8794
1773 8794
1774 8794
1775 8794
1776 8794
1777 8794
1778 8794
1779 8794
1780 8794
1781 8794
1782 8794
1783 8794
1784 8794
1785 8794
1786 8794
1787 8794
1788 8794
1789 8794
1790 8794
1791 8794
1792 8794
1793 8794
1794 8794
1795 8794
1796 8794
1797 8794
1798 8794
1799 8899
1800 8899
1801 8899
1802 8899
1803 8899
1804 8899
1805 8899
1806 8899
1807 8899
1808 8899
1809 8899
1810 8899
1811 8899
1812 8899
1813 8899
1814 8899
1815 8899
1816 8899
1817 8899
1818 8899
1819 8899
1820 8899
1821 8899
1822 8899
1823 8899
1824 8899
1825 8899
1826 8899
1827 8899
1828 8899
1829 8899
1830 8899
1831 8899
1832 8899
1833 8899
1834 8899
1835 8899
1836 8899
1837 8899
1838 8899
1839 8899
1840 8998
1841 8998
1842 8998
1843 8998
1844 8998
1845 8998
1846 8998
1847 8998
1848 8998
1849 8998
1850 8998
1851 8998
1852 8998
1853 8998
1854 8998
1855 8998
1856 8998
1857 8998
1858 8998
1859 8998
1860 8998
1861 8998
1862 8998
1863 8998
1864 8998
1865 8998
1866 8998
1867 8998
1868 8998
1869 8998
1870 8998
1871 8998
1872 8998
1873 8998
1874 8998
1875 8998
1876 8998
1877 8998
1878 8998
1879 8998
1880 9088
1881 9088
1882 9088
1883 9088
1884 9088
1885 9088
1886 9088
1887 9088
1888 9088
1889 9088
1890 9088
1891 9088
1892 9088
1893 9088
1894 9088
1895 9088
1896 9088
1897 9088
1898 9088
1899 9088
1900 9088
1901 9088
1902 9088
1903 9088
1904 9088
1905 9088
1906 9088
1907 9088
1908 9088
1909 9088
1910 9088
1911 9088
1912 9088
1913 9088
1914 9088
1915 9088
1916 9088
1917 9180
1918 9180
1919 9180
1920 9180
1921 9180
1922 9180
1923 9180
1924 9180
1925 9180
1926 9180
1927 9180
1928 9180
1929 9180
1930 9180
1931 9180
1932 9180
1933 9180
1934 9180
1935 9180
1936 9180
1937 9180
1938 9180
1939 9180
1940 9180
1941 9180
1942 9180
1943 9180
1944 9180
1945 9180
1946 9180
1947 9180
1948 9180
1949 9180
1950 9180
1951 9180
1952 9180
1953 9180
1954 9180
1955 9180
1956 9180
1957 9180
1958 9180
1959 9282
1960 9282
1961 9282
1962 9282
1963 9282
1964 9282
1965 9282
1966 9282
1967 9282
1968 9282
1969 9282
1970 9282
1971 9282
1972 9282
1973 9282
1974 9282
1975 9282
1976 9282
1977 9282
1978 9282
1979 9282
1980 9282
1981 9282
1982 9282
1983 9282
1984 9282
1985 9282
1986 9282
1987 9282
1988 9282
1989 9282
1990 9282
1991 9282
1992 9282
1993 9282
1994 9282
1995 9282
1996 9282
1997 9282
1998 9282
1999 9282
2000 9282
2001 9391
2002 9391
2003 9391
2004 9391
2005 9391
2006 9391
2007 9391
2008 9391
2009 9391
2010 9391
2011 9391
2012 9391
2013 9391
2014 9391
2015 9391
2016 9391
2017 9391
2018 9391
2019 9391
2020 9391
2021 9391
2022 9391
2023 9391
2024 9391
2025 9391
2026 9391
2027 9391
2028 9391
2029 9391
2030 9391
2031 9391
2032 9391
2033 9391
2034 9391
2035 9391
2036 9391
2037 9391
2038 9391
2039 9391
2040 9391
2041 9391
2042 9391
2043 9391
2044 9391
2045 9391
2046 9391
2047 9475
2048 9475
2049 9475
2050 9475
2051 9475
2052 9475
2053 9475
2054 9475
2055 9475
2056 9475
2057 9475
2058 9475
2059 9475
2060 9475
2061 9475
2062 9475
2063 9475
2064 9475
2065 9475
2066 9475
2067 9475
2068 9475
2069 9475
2070 9475
2071 9475
2072 9475
2073 9475
2074 9475
2075 9475
2076 9475
2077 9475
2078 9475
2079 9475
2080 9475
2081 9475
2082 9475
2083 9548
2084 9548
2085 9548
2086 9548
2087 9548
2088 9548
2089 9548
2090 9548
2091 9548
2092 9548
2093 9548
2094 9548
2095 9548
2096 9548
2097 9548
2098 9548
2099 9548
2100 9548
2101 9548
2102 9548
2103 9548
2104 9548
2105 9548
2106 9548
2107 9548
2108 9548
2109 9548
2110 9548
2111 9548
2112 9548
2113 9548
2114 9548
2115 9676
2116 9676
2117 9676
2118 9676
2119 9676
2120 9676
2121 9676
2122 9676
2123 9676
2124 9676
2125 9676
2126 9676
2127 9676
2128 9676
2129 9676
2130 9676
2131 9676
2132 9676
2133 9676
2134 9676
2135 9676
2136 9676
2137 9676
2138 9676
2139 9676
2140 9676
2141 9676
2142 9676
2143 9676
2144 9676
2145 9676
2146 9676
2147 9676
2148 9676
2149 9676
2150 9676
2151 9676
2152 9676
2153 9676
2154 9676
2155 9676
2156 9676
2157 9676
2158 9676
2159 9676
2160 9676
2161 9676
2162 9676
2163 9676
2164 9676
2165 9676
2166 9676
2167 9676
2168 9676
2169 9676
2170 9755
2171 9755
2172 9755
2173 9755
2174 9755
2175 9755
2176 9755
2177 9755
2178 9755
2179 9755
2180 9755
2181 9755
2182 9755
2183 9755
2184 9755
2185 9755
2186 9755
2187 9755
2188 9755
2189 9755
2190 9755
2191 9755
2192 9755
2193 9755
2194 9755
2195 9755
2196 9755
2197 9755
2198 9755
2199 9755
2200 9755
2201 9755
2202 9755
2203 9755
2204 9755
2205 9755
2206 9755
2207 9755
2208 9781
2209 9781
2210 9781
2211 9781
2212 9781
2213 9781
2214 9781
2215 9781
2216 9781
2217 9781
2218 9781
2219 9781
2220 9781
2221 9876
2222 9876
2223 9876
2224 9876
2225 9876
2226 9876
2227 9876
2228 9876
2229 9876
2230 9876
2231 9876
2232 9876
2233 9876
2234 9876
2235 9876
2236 9876
2237 9876
2238 9876
2239 9876
2240 9876
2241 9876
2242 9876
2243 9876
2244 9876
2245 9876
2246 9876
2247 9876
2248 9876
2249 9876
2250 9876
2251 9876
2252 9876
2253 9876
2254 9876
2255 9876
2256 9876
2257 9876
2258 9876
2259 9876
2260 9876
2261 9876
2262 9876
2263 10003
2264 10003
2265 10003
2266 10003
2267 10003
2268 10003
2269 10003
2270 10003
2271 10003
2272 10003
2273 10003
2274 10003
2275 10003
2276 10003
2277 10003
2278 10003
2279 10003
2280 10003
2281 10003
2282 10003
2283 10003
2284 10003
2285 10003
2286 10003
2287 10003
2288 10003
2289 10003
2290 10003
2291 10003
2292 10003
2293 10003
2294 10003
2295 10003
2296 10003
2297 10003
2298 10003
2299 10003
2300 10003
2301 10003
2302 10003
2303 10003
2304 10003
2305 10003
2306 10003
2307 10003
2308 10003
2309 10003
2310 10003
2311 10003
2312 10003
2313 10003
2314 10003
2315 10003
2316 10003
2317 10003
2318 10003
2319 10003
2320 10027
2321 10027
2322 10027
2323 10027
2324 10027
2325 10027
2326 10027
2327 10027
2328 10027
2329 10027
2330 10027
2331 10027
2332 10027
2333 10027
2334 10027
2335 10127
2336 10127
2337 10127
2338 10127
2339 10127
2340 10127
2341 10127
2342 10127
2343 10127
2344 10127
2345 10127
2346 10127
2347 10127
2348 10127
2349 10127
2350 10127
2351 10127
2352 10127
2353 10127
2354 10127
2355 10127
2356 10127
2357 10127
2358 10127
2359 10127
2360 10127
2361 10127
2362 10127
2363 10127
2364 10127
2365 10127
2366 10127
2367 10127
2368 10127
2369 10127
2370 10127
2371 10127
2372 10127
2373 10127
2374 10127
2375 10127
2376 10127
2377 10127
2378 10127
2379 10127
2380 10168
2381 10168
2382 10168
2383 10168
2384 10168
2385 10168
2386 10168
2387 10168
2388 10168
2389 10168
2390 10168
2391 10168
2392 10168
2393 10168
2394 10168
2395 10168
2396 10168
2397 10168
2398 10168
2399 10168
2400 10168
2401 10277
2402 10277
2403 10277
2404 10277
2405 10277
2406 10277
2407 10277
2408 10277
2409 10277
2410 10277
2411 10277
2412 10277
2413 10277
2414 10277
2415 10277
2416 10277
2417 10277
2418 10277
2419 10277
2420 10277
2421 10277
2422 10277
2423 10277
2424 10277
2425 10277
2426 10277
2427 10277
2428 10277
2429 10277
2430 10277
2431 10277
2432 10277
2433 10277
2434 10277
2435 10277
2436 10277
2437 10277
2438 10277
2439 10277
2440 10277
2441 10277
2442 10277
2443 10277
2444 10277
2445 10277
2446 10277
2447 10277
2448 10277
2449 10277
2450 10277
2451 10368
2452 10368
2453 10368
2454 10368
2455 10368
2456 10368
2457 10368
2458 10368
2459 10368
2460 10368
2461 10368
2462 10368
2463 10368
2464 10368
2465 10368
2466 10368
2467 10368
2468 10368
2469 10368
2470 10368
2471 10368
2472 10368
2473 10368
2474 10368
2475 10368
2476 10368
2477 10368
2478 10368
2479 10368
2480 10368
2481 10368
2482 10368
2483 10368
2484 10368
2485 10368
2486 10368
2487 10368
2488 10368
2489 10368
2490 10368
2491 10368
2492 10368
2493 10368
2494 10446
2495 10446
2496 10446
2497 10446
2498 10446
2499 10446
2500 10446
2501 10446
2502 10446
2503 10446
2504 10446
2505 10446
2506 10446
2507 10446
2508 10446
2509 10446
2510 10446
2511 10446
2512 10446
2513 10446
2514 10446
2515 10446
2516 10446
2517 10446
2518 10446
2519 10446
2520 10446
2521 10446
2522 10446
2523 10446
2524 10446
2525 10446
2526 10446
2527 10446
2528 10446
2529 10446
2530 10446
2531 10453
2532 10453
2533 10453
2534 10453
2535 10453
2536 10453
2537 10477
2538 10477
2539 10477
2540 10477
2541 10477
2542 10477
2543 10477
2544 10477
2545 10477
2546 10477
2547 10477
2548 10477
2549 10477
2550 10477
2551 10581
2552 10581
2553 10581
2554 10581
2555 10581
2556 10581
2557 10581
2558 10581
2559 10581
2560 10581
2561 10581
2562 10581
2563 10581
2564 10581
2565 10581
2566 10581
2567 10581
2568 10581
2569 10581
2570 10581
2571 10581
2572 10581
2573 10581
2574 10581
2575 10581
2576 10581
2577 10581
2578 10581
2579 10581
2580 10581
2581 10581
2582 10581
2583 10581
2584 10581
2585 10581
2586 10581
2587 10581
2588 10581
2589 10581
2590 10581
2591 10581
2592 10581
2593 10581
2594 10581
2595 10581
2596 10581
2597 10581
2598 10581
2599 10581
2600 10581
2601 10677
2602 10677
2603 10677
2604 10677
2605 10677
2606 10677
2607 10677
2608 10677
2609 10677
2610 10677
2611 10677
2612 10677
2613 10677
2614 10677
2615 10677
2616 10677
2617 10677
2618 10677
2619 10677
2620 10677
2621 10677
2622 10677
2623 10677
2624 10677
2625 10677
2626 10677
2627 10677
2628 10677
2629 10677
2630 10677
2631 10677
2632 10677
2633 10677
2634 10677
2635 10677
2636 10677
2637 10677
2638 10677
2639 10677
2640 10677
2641 10677
2642 10677
2643 10677
2644 10677
2645 10677
2646 10677
2647 10746
2648 10746
2649 10746
2650 10746
2651 10746
2652 10746
2653 10746
2654 10746
2655 10746
2656 10746
2657 10746
2658 10746
2659 10746
2660 10746
2661 10746
2662 10746
2663 10746
2664 10746
2665 10746
2666 10746
2667 10746
2668 10746
2669 10746
2670 10746
2671 10746
2672 10746
2673 10746
2674 10746
2675 10746
2676 10746
2677 10746
2678 10746
2679 10746
2680 10746
2681 10746
2682 10847
2683 10847
2684 10847
2685 10847
2686 10847
2687 10847
2688 10847
2689 10847
2690 10847
2691 10847
2692 10847
2693 10847
2694 10847
2695 10847
2696 10847
2697 10847
2698 10847
2699 10847
2700 10847
2701 10847
2702 10847
2703 10847
2704 10847
2705 10847
2706 10847
2707 10847
2708 10847
2709 10847
2710 10847
2711 10847
2712 10847
2713 10847
2714 10847
2715 10847
2716 10847
2717 10847
2718 10847
2719 10847
2720 10847
2721 10847
2722 10847
2723 10847
2724 10847
2725 10847
2726 10847
2727 10847
2728 10847
2729 10847
2730 10847
2731 10890
2732 10890
2733 10890
2734 10890
2735 10890
2736 10890
2737 10890
2738 10890
2739 10890
2740 10890
2741 10890
2742 10890
2743 10890
2744 10890
2745 10890
2746 10890
2747 10890
2748 10890
2749 10890
2750 10890
2751 10890
2752 10890
2753 10890
2754 10972
2755 10972
2756 10972
2757 10972
2758 10972
2759 10972
2760 10972
2761 10972
2762 10972
2763 10972
2764 10972
2765 10972
2766 10972
2767 10972
2768 10972
2769 10972
2770 10972
2771 10972
2772 10972
2773 10972
2774 10972
2775 10972
2776 10972
2777 10972
2778 10972
2779 10972
2780 10972
2781 10972
2782 10972
2783 10972
2784 10972
2785 10972
2786 10972
2787 10972
2788 10972
2789 10972
2790 10972
2791 10972
2792 10972
2793 10972
2794 10972
2795 10972
2796 11069
2797 11069
2798 11069
2799 11069
2800 11069
2801 11069
2802 11069
2803 11069
2804 11069
2805 11069
2806 11069
2807 11069
2808 11069
2809 11069
2810 11069
2811 11069
2812 11069
2813 11069
2814 11069
2815 11069
2816 11069
2817 11069
2818 11069
2819 11069
2820 11069
2821 11069
2822 11069
2823 11069
2824 11069
2825 11069
2826 11069
2827 11069
2828 11069
2829 11069
2830 11069
2831 11069
2832 11069
2833 11069
2834 11069
2835 11069
2836 11069
2837 11069
2838 11069
2839 11069
2840 11069
2841 11069
2842 11069
2843 11069
2844 11069
2845 11172
2846 11172
2847 11172
2848 11172
2849 11172
2850 11172
2851 11172
2852 11172
2853 11172
2854 11172
2855 11172
2856 11172
2857 11172
2858 11172
2859 11172
2860 11172
2861 11172
2862 11172
2863 11172
2864 11172
2865 11172
2866 11172
2867 11172
2868 11172
2869 11172
2870 11172
2871 11172
2872 11172
2873 11172
2874 11172
2875 11172
2876 11172
2877 11172
2878 11172
2879 11172
2880 11172
2881 11172
2882 11172
2883 11172
2884 11172
2885 11172
2886 11172
2887 11172
2888 11172
2889 11172
2890 11172
2891 11172
2892 11172
2893 11172
2894 11172
2895 11172
2896 11172
2897 11220
2898 11220
2899 11220
2900 11220
2901 11220
2902 11220
2903 11220
2904 11220
2905 11220
2906 11220
2907 11220
2908 11220
2909 11220
2910 11220
2911 11220
2912 11220
2913 11220
2914 11220
2915 11220
2916 11220
2917 11220
2918 11220
2919 11220
2920 11220
2921 11220
2922 11220
2923 11265
2924 11265
2925 11265
2926 11265
2927 11265
2928 11265
2929 11265
2930 11265
2931 11265
2932 11265
2933 11265
2934 11265
2935 11265
2936 11265
2937 11265
2938 11265
2939 11265
2940 11265
2941 11265
2942 11265
2943 11265
2944 11265
2945 11265
2946 11265
2947 11265
2948 11368
2949 11368
2950 11368
2951 11368
2952 11368
2953 11368
2954 11368
2955 11368
2956 11368
2957 11368
2958 11368
2959 11368
2960 11368
2961 11368
2962 11368
2963 11368
2964 11368
2965 11368
2966 11368
2967 11368
2968 11368
2969 11368
2970 11368
2971 11368
2972 11368
2973 11368
2974 11368
2975 11368
2976 11368
2977 11368
2978 11368
2979 11368
2980 11368
2981 11368
2982 11368
2983 11368
2984 11368
2985 11368
2986 11368
2987 11368
2988 11368
2989 11368
2990 11368
2991 11368
2992 11368
2993 11368
2994 11368
2995 11368
2996 11368
2997 11368
2998 11368
2999 11368
3000 11368
3001 11451
3002 11451
3003 11451
3004 11451
3005 11451
3006 11451
3007 11451
3008 11451
3009 11451
3010 11451
3011 11451
3012 11451
3013 11451
3014 11451
3015 11451
3016 11451
3017 11451
3018 11451
3019 11451
3020 11451
3021 11451
3022 11451
3023 11451
3024 11451
3025 11451
3026 11451
3027 11451
3028 11451
3029 11451
3030 11451
3031 11451
3032 11451
3033 11451
3034 11451
3035 11451
3036 11451
3037 11451
3038 11451
3039 11451
3040 11451
3041 11451
3042 11451
3043 11451
3044 11451
3045 11495
3046 11495
3047 11495
3048 11495
3049 11495
3050 11495
3051 11495
3052 11495
3053 11495
3054 11495
3055 11495
3056 11495
3057 11495
3058 11495
3059 11495
3060 11495
3061 11495
3062 11495
3063 11495
3064 11495
3065 11495
3066 11495
3067 11495
3068 11495
3069 11495
3070 11562
3071 11562
3072 11562
3073 11562
3074 11562
3075 11562
3076 11562
3077 11562
3078 11562
3079 11562
3080 11562
3081 11562
3082 11562
3083 11562
3084 11562
3085 11562
3086 11562
3087 11562
3088 11562
3089 11562
3090 11562
3091 11562
3092 11562
3093 11562
3094 11562
3095 11562
3096 11562
3097 11562
3098 11562
3099 11562
3100 11562
3101 11562
3102 11562
3103 11562
3104 11562
3105 11562
3106 11655
3107 11655
3108 11655
3109 11655
3110 11655
3111 11655
3112 11655
3113 11655
3114 11655
3115 11655
3116 11655
3117 11655
3118 11655
3119 11655
3120 11655
3121 11655
3122 11655
3123 11655
3124 11655
3125 11655
3126 11655
3127 11655
3128 11655
3129 11655
3130 11655
3131 11655
3132 11655
3133 11655
3134 11655
3135 11655
3136 11655
3137 11655
3138 11655
3139 11655
3140 11655
3141 11655
3142 11655
3143 11655
3144 11655
3145 11655
3146 11655
3147 11655
3148 11655
3149 11655
3150 11655
3151 11655
3152 11655
3153 11655
3154 11655
3155 11655
3156 11655
3157 11770
3158 11770
3159 11770
3160 11770
3161 11770
3162 11770
3163 11770
3164 11770
3165 11770
3166 11770
3167 11770
3168 11770
3169 11770
3170 11770
3171 11770
3172 11770
3173 11770
3174 11770
3175 11770
3176 11770
3177 11770
3178 11770
3179 11770
3180 11770
3181 11770
3182 11770
3183 11770
3184 11770
3185 11770
3186 11770
3187 11770
3188 11770
3189 11770
3190 11770
3191 11770
3192 11770
3193 11770
3194 11770
3195 11770
3196 11770
3197 11770
3198 11770
3199 11770
3200 11770
3201 11770
3202 11770
3203 11770
3204 11770
3205 11770
3206 11770
3207 11770
3208 11770
3209 11770
3210 11770
3211 11770
3212 11770
3213 11770
3214 11770
3215 11770
3216 11770
3217 11770
3218 11862
3219 11862
3220 11862
3221 11862
3222 11862
3223 11862
3224 11862
3225 11862
3226 11862
3227 11862
3228 11862
3229 11862
3230 11862
3231 11862
3232 11862
3233 11862
3234 11862
3235 11862
3236 11862
3237 11862
3238 11862
3239 11862
3240 11862
3241 11862
3242 11862
3243 11862
3244 11862
3245 11862
3246 11862
3247 11862
3248 11862
3249 11862
3250 11862
3251 11862
3252 11862
3253 11862
3254 11862
3255 11862
3256 11862
3257 11862
3258 11862
3259 11862
3260 11862
3261 11862
3262 11862
3263 11862
3264 11862
3265 11862
3266 11862
3267 11862
3268 11949
3269 11949
3270 11949
3271 11949
3272 11949
3273 11949
3274 11949
3275 11949
3276 11949
3277 11949
3278 11949
3279 11949
3280 11949
3281 11949
3282 11949
3283 11949
3284 11949
3285 11949
3286 11949
3287 11949
3288 11949
3289 11949
3290 11949
3291 11949
3292 11949
3293 11949
3294 11949
3295 11949
3296 11949
3297 11949
3298 11949
3299 11949
3300 11949
3301 11949
3302 11949
3303 11949
3304 11949
3305 11949
3306 11949
3307 11949
3308 11949
3309 11949
3310 11949
3311 11949
3312 11949
3313 11949
3314 11949
3315 11949
3316 12074
3317 12074
3318 12074
3319 12074
3320 12074
3321 12074
3322 12074
3323 12074
3324 12074
3325 12074
3326 12074
3327 12074
3328 12074
3329 12074
3330 12074
3331 12074
3332 12074
3333 12074
3334 12074
3335 12074
3336 12074
3337 12074
3338 12074
3339 12074
3340 12074
3341 12074
3342 12074
3343 12074
3344 12074
3345 12074
3346 12074
3347 12074
3348 12074
3349 12074
3350 12074
3351 12074
3352 12074
3353 12074
3354 12074
3355 12074
3356 12074
3357 12074
3358 12074
3359 12074
3360 12074
3361 12074
3362 12074
3363 12074
3364 12074
3365 12074
3366 12074
3367 12074
3368 12074
3369 12074
3370 12074
3371 12074
3372 12074
3373 12074
3374 12074
3375 12074
3376 12074
3377 12074
3378 12074
3379 12074
3380 12074
3381 12074
3382 12074
3383 12074
3384 12074
3385 12137
3386 12137
3387 12137
3388 12137
3389 12137
3390 12137
3391 12137
3392 12137
3393 12137
3394 12137
3395 12137
3396 12137
3397 12137
3398 12137
3399 12137
3400 12137
3401 12137
3402 12137
3403 12137
3404 12137
3405 12137
3406 12137
3407 12137
3408 12137
3409 12137
3410 12137
3411 12137
3412 12137
3413 12137
3414 12137
3415 12137
3416 12137
3417 12137
3418 12137
3419 12137
3420 12137
3421 12137
3422 12248
3423 12248
3424 12248
3425 12248
3426 12248
3427 12248
3428 12248
3429 12248
3430 12248
3431 12248
3432 12248
3433 12248
3434 12248
3435 12248
3436 12248
3437 12248
3438 12248
3439 12248
3440 12248
3441 12248
3442 12248
3443 12248
3444 12248
3445 12248
3446 12248
3447 12248
3448 12248
3449 12248
3450 12248
3451 12248
3452 12248
3453 12248
3454 12248
3455 12248
3456 12248
3457 12248
3458 12248
3459 12248
3460 12248
3461 12248
3462 12248
3463 12248
3464 12248
3465 12248
3466 12248
3467 12248
3468 12248
3469 12248
3470 12248
3471 12248
3472 12248
3473 12248
3474 12248
3475 12248
3476 12248
3477 12248
3478 12248
3479 12248
3480 12248
3481 12248
3482 12248
3483 12248
3484 12316
3485 12316
3486 12316
3487 12316
3488 12316
3489 12316
3490 12316
3491 12316
3492 12316
3493 12316
3494 12316
3495 12316
3496 12316
3497 12316
3498 12316
3499 12316
3500 12316
3501 12316
3502 12316
3503 12316
3504 12316
3505 12316
3506 12316
3507 12316
3508 12316
3509 12316
3510 12316
3511 12316
3512 12316
3513 12316
3514 12316
3515 12316
3516 12316
3517 12316
3518 12316
3519 12316
3520 12316
3521 12316
3522 12316
3523 12316
3524 12316
3525 12413
3526 12413
3527 12413
3528 12413
3529 12413
3530 12413
3531 12413
3532 12413
3533 12413
3534 12413
3535 12413
3536 12413
3537 12413
3538 12413
3539 12413
3540 12413
3541 12413
3542 12413
3543 12413
3544 12413
3545 12413
3546 12413
3547 12413
3548 12413
3549 12413
3550 12413
3551 12413
3552 12413
3553 12413
3554 12413
3555 12413
3556 12413
3557 12413
3558 12413
3559 12413
3560 12413
3561 12413
3562 12413
3563 12413
3564 12413
3565 12413
3566 12413
3567 12413
3568 12413
3569 12413
3570 12413
3571 12413
3572 12413
3573 12413
3574 12413
3575 12413
3576 12413
3577 12413
3578 12413
3579 12413
3580 12413
3581 12510
3582 12510
3583 12510
3584 12510
3585 12510
3586 12510
3587 12510
3588 12510
3589 12510
3590 12510
3591 12510
3592 12510
3593 12510
3594 12510
3595 12510
3596 12510
3597 12510
3598 12510
3599 12510
3600 12510
