1 118
2 190
3 231
4 251
5 284
6 284
7 300
8 316
9 339
10 376
11 391
12 425
13 425
14 426
15 498
16 498
17 535
18 542
19 558
20 566
21 584
22 610
23 645
24 645
25 648
26 705
27 705
28 705
29 746
30 746
31 783
32 783
33 817
34 851
35 851
36 895
37 895
38 895
39 951
40 951
41 951
42 960
43 986
44 1025
45 1025
46 1025
47 1035
48 1045
49 1046
50 1056
51 1083
52 1083
53 1153
54 1153
55 1153
56 1153
57 1218
58 1218
59 1218
60 1218
61 1282
62 1282
63 1282
64 1282
65 1282
66 1370
67 1370
68 1370
69 1370
70 1370
71 1370
72 1404
73 1404
74 1404
75 1426
76 1426
77 1464
78 1464
79 1464
80 1520
81 1520
82 1520
83 1520
84 1520
85 1524
86 1528
87 1568
88 1568
89 1568
90 1620
91 1620
92 1620
93 1620
94 1713
95 1713
96 1713
97 1713
98 1713
99 1713
100 1713
101 1713
102 1739
103 1739
104 1739
105 1760
106 1760
107 1797
108 1797
109 1797
110 1797
111 1871
112 1871
113 1871
114 1871
115 1871
116 1871
117 1903
118 1903
119 1903
120 1903
121 1935
122 1935
123 1935
124 1984
125 1984
126 1984
127 1984
128 1984
129 2052
130 2052
131 2052
132 2052
133 2052
134 2052
135 2052
136 2089
137 2089
138 2089
139 2089
140 2118
141 2118
142 2118
143 2155
144 2155
145 2155
146 2155
147 2164
148 2164
149 2209
150 2209
151 2209
152 2209
153 2209
154 2243
155 2243
156 2243
157 2243
158 2275
159 2275
160 2275
161 2335
162 2335
163 2335
164 2335
165 2335
166 2335
167 2335
168 2349
169 2349
170 2349
171 2364
172 2364
173 2398
174 2398
175 2398
176 2398
177 2449
178 2449
179 2449
180 2449
181 2449
182 2449
183 2476
184 2476
185 2476
186 2476
187 2520
188 2520
189 2520
190 2520
191 2520
192 2520
193 2634
194 2634
195 2634
196 2634
197 2634
198 2634
199 2634
200 2634
201 2634
202 2634
203 2634
204 2634
205 2634
206 2634
207 2634
208 2634
209 2634
210 2685
211 2685
212 2685
213 2685
214 2685
215 2685
216 2685
217 2753
218 2753
219 2753
220 2753
221 2753
222 2753
223 2753
224 2753
225 2753
226 2780
227 2780
228 2780
229 2780
230 2788
231 2788
232 2838
233 2838
234 2838
235 2838
236 2838
237 2838
238 2838
239 2875
240 2875
241 2875
242 2875
243 2875
244 2908
245 2908
246 2908
247 2908
248 2908
249 2986
250 2986
251 2986
252 2986
253 2986
254 2986
255 2986
256 2986
257 2986
258 2986
259 2986
260 3020
261 3020
262 3020
263 3020
264 3020
265 3054
266 3054
267 3054
268 3054
269 3054
270 3064
271 3064
272 3073
273 3073
274 3100
275 3100
276 3100
277 3100
278 3100
279 3124
280 3124
281 3124
282 3124
283 3131
284 3131
285 3198
286 3198
287 3198
288 3198
289 3198
290 3198
291 3198
292 3198
293 3198
294 3198
295 3199
296 3199
297 3203
298 3203
299 3240
300 3240
301 3240
302 3240
303 3240
304 3240
305 3292
306 3292
307 3292
308 3292
309 3292
310 3292
311 3292
312 3292
313 3301
314 3301
315 3308
316 3308
317 3308
318 3308
319 3362
320 3362
321 3362
322 3362
323 3362
324 3362
325 3362
326 3362
327 3362
328 3458
329 3458
330 3458
331 3458
332 3458
333 3458
334 3458
335 3458
336 3458
337 3458
338 3458
339 3458
340 3458
341 3458
342 3458
343 3499
344 3499
345 3499
346 3499
347 3499
348 3499
349 3499
350 3533
351 3533
352 3533
353 3533
354 3533
355 3533
356 3566
357 3566
358 3566
359 3566
360 3566
361 3566
362 3602
363 3602
364 3602
365 3602
366 3602
367 3602
368 3607
369 3607
370 3643
371 3643
372 3643
373 3643
374 3643
375 3643
376 3643
377 3669
378 3669
379 3669
380 3669
381 3675
382 3675
383 3685
384 3685
385 3685
386 3722
387 3722
388 3722
389 3722
390 3722
391 3722
392 3722
393 3757
394 3757
395 3757
396 3757
397 3757
398 3757
399 3820
400 3820
401 3820
402 3820
403 3820
404 3820
405 3820
406 3820
407 3820
408 3820
409 3820
410 3902
411 3902
412 3902
413 3902
414 3902
415 3902
416 3902
417 3902
418 3902
419 3902
420 3902
421 3902
422 3902
423 3902
424 3902
425 3975
426 3975
427 3975
428 3975
429 3975
430 3975
431 3975
432 3975
433 3975
434 3975
435 3975
436 3975
437 3975
438 3975
439 4008
440 4008
441 4008
442 4008
443 4008
444 4008
445 4021
446 4021
447 4021
448 4092
449 4092
450 4092
451 4092
452 4092
453 4092
454 4092
455 4092
456 4092
457 4092
458 4092
459 4092
460 4092
461 4092
462 4097
463 4097
464 4131
465 4131
466 4131
467 4131
468 4131
469 4131
470 4131
471 4170
472 4170
473 4170
474 4170
475 4170
476 4170
477 4170
478 4170
479 4227
480 4227
481 4227
482 4227
483 4227
484 4227
485 4227
486 4227
487 4227
488 4227
489 4227
490 4262
491 4262
492 4262
493 4262
494 4262
495 4262
496 4262
497 4262
498 4319
499 4319
500 4319
501 4319
502 4319
503 4319
504 4319
505 4319
506 4319
507 4319
508 4319
509 4349
510 4349
511 4349
512 4349
513 4349
514 4349
515 4349
516 4374
517 4374
518 4374
519 4374
520 4374
521 4425
522 4425
523 4425
524 4425
525 4425
526 4425
527 4425
528 4425
529 4425
530 4425
531 4425
532 4495
533 4495
534 4495
535 4495
536 4495
537 4495
538 4495
539 4495
540 4495
541 4495
542 4495
543 4495
544 4495
545 4495
546 4495
547 4530
548 4530
549 4530
550 4530
551 4530
552 4530
553 4530
554 4530
555 4551
556 4551
557 4551
558 4551
559 4551
560 4625
561 4625
562 4625
563 4625
564 4625
565 4625
566 4625
567 4625
568 4625
569 4625
570 4625
571 4625
572 4625
573 4625
574 4625
575 4625
576 4648
577 4648
578 4648
579 4648
580 4648
581 4648
582 4648
583 4684
584 4684
585 4684
586 4684
587 4684
588 4684
589 4684
590 4684
591 4684
592 4779
593 4779
594 4779
595 4779
596 4779
597 4779
598 4779
599 4779
600 4779
601 4779
602 4779
603 4779
604 4779
605 4779
606 4779
607 4779
608 4779
609 4779
610 4779
611 4779
612 4779
613 4787
614 4787
615 4846
616 4846
617 4846
618 4846
619 4846
620 4846
621 4846
622 4846
623 4846
624 4846
625 4846
626 4846
627 4846
628 4846
629 4880
630 4880
631 4880
632 4880
633 4880
634 4880
635 4880
636 4880
637 4928
638 4928
639 4928
640 4928
641 4928
642 4928
643 4928
644 4928
645 4928
646 4928
647 4928
648 4974
649 4974
650 4974
651 4974
652 4974
653 4974
654 4974
655 4974
656 4974
657 4974
658 4974
659 5005
660 5005
661 5005
662 5005
663 5005
664 5005
665 5005
666 5005
667 5005
668 5012
669 5012
670 5012
671 5074
672 5074
673 5074
674 5074
675 5074
676 5074
677 5074
678 5074
679 5074
680 5074
681 5074
682 5074
683 5074
684 5074
685 5074
686 5132
687 5132
688 5132
689 5132
690 5132
691 5132
692 5132
693 5132
694 5132
695 5132
696 5132
697 5132
698 5132
699 5132
700 5156
701 5156
702 5156
703 5156
704 5156
705 5156
706 5176
707 5176
708 5176
709 5176
710 5176
711 5176
712 5210
713 5210
714 5210
715 5210
716 5210
717 5210
718 5210
719 5210
720 5210
721 5234
722 5234
723 5234
724 5234
725 5234
726 5234
727 5293
728 5293
729 5293
730 5293
731 5293
732 5293
733 5293
734 5293
735 5293
736 5293
737 5293
738 5293
739 5293
740 5293
741 5293
742 5324
743 5324
744 5324
745 5324
746 5324
747 5324
748 5324
749 5324
750 5324
751 5361
752 5361
753 5361
754 5361
755 5361
756 5361
757 5361
758 5361
759 5361
760 5393
761 5393
762 5393
763 5393
764 5393
765 5393
766 5393
767 5393
768 5393
769 5438
770 5438
771 5438
772 5438
773 5438
774 5438
775 5438
776 5438
777 5438
778 5438
779 5438
780 5472
781 5472
782 5472
783 5472
784 5472
785 5472
786 5472
787 5472
788 5472
789 5472
790 5506
791 5506
792 5506
793 5506
794 5506
795 5506
796 5506
797 5506
798 5506
799 5536
800 5536
801 5536
802 5536
803 5536
804 5536
805 5536
806 5536
807 5568
808 5568
809 5568
810 5568
811 5568
812 5568
813 5568
814 5568
815 5568
816 5630
817 5630
818 5630
819 5630
820 5630
821 5630
822 5630
823 5630
824 5630
825 5630
826 5630
827 5630
828 5630
829 5630
830 5630
831 5630
832 5630
833 5674
834 5674
835 5674
836 5674
837 5674
838 5674
839 5674
840 5674
841 5674
842 5674
843 5674
844 5674
845 5709
846 5709
847 5709
848 5709
849 5709
850 5709
851 5709
852 5709
853 5709
854 5709
855 5795
856 5795
857 5795
858 5795
859 5795
860 5795
861 5795
862 5795
863 5795
864 5795
865 5795
866 5795
867 5795
868 5795
869 5795
870 5795
871 5795
872 5795
873 5795
874 5795
875 5795
876 5795
877 5801
878 5801
879 5801
880 5826
881 5826
882 5826
883 5826
884 5826
885 5826
886 5826
887 5826
888 5842
889 5842
890 5842
891 5842
892 5842
893 5890
894 5890
895 5890
896 5890
897 5890
898 5890
899 5890
900 5890
901 5890
902 5890
903 5890
904 5890
905 5890
906 5890
907 5941
908 5941
909 5941
910 5941
911 5941
912 5941
913 5941
914 5941
915 5941
916 5941
917 5941
918 5941
919 5941
920 5941
921 5941
922 5978
923 5978
924 5978
925 5978
926 5978
927 5978
928 5978
929 5978
930 5978
931 5978
932 5978
933 5992
934 5992
935 5992
936 5992
937 5992
938 6037
939 6037
940 6037
941 6037
942 6037
943 6037
944 6037
945 6037
946 6037
947 6037
948 6037
949 6037
950 6037
951 6041
952 6041
953 6041
954 6099
955 6099
956 6099
957 6099
958 6099
959 6099
960 6099
961 6099
962 6099
963 6099
964 6099
965 6099
966 6099
967 6099
968 6099
969 6099
970 6099
971 6158
972 6158
973 6158
974 6158
975 6158
976 6158
977 6158
978 6158
979 6158
980 6158
981 6158
982 6158
983 6158
984 6158
985 6158
986 6158
987 6195
988 6195
989 6195
990 6195
991 6195
992 6195
993 6195
994 6195
995 6195
996 6195
997 6195
998 6223
999 6223
1000 6223
1001 6223
1002 6223
1003 6223
1004 6223
1005 6223
1006 6223
1007 6223
1008 6223
1009 6255
1010 6255
1011 6255
1012 6255
1013 6255
1014 6255
1015 6255
1016 6255
1017 6255
1018 6255
1019 6269
1020 6269
1021 6269
1022 6269
1023 6269
1024 6303
1025 6303
1026 6303
1027 6303
1028 6303
1029 6303
1030 6303
1031 6303
1032 6303
1033 6303
1034 6303
1035 6337
1036 6337
1037 6337
1038 6337
1039 6337
1040 6337
1041 6337
1042 6337
1043 6337
1044 6337
1045 6390
1046 6390
1047 6390
1048 6390
1049 6390
1050 6390
1051 6390
1052 6390
1053 6390
1054 6390
1055 6390
1056 6390
1057 6390
1058 6390
1059 6390
1060 6390
1061 6390
1062 6390
1063 6428
1064 6428
1065 6428
1066 6428
1067 6428
1068 6428
1069 6428
1070 6428
1071 6428
1072 6428
1073 6428
1074 6428
1075 6467
1076 6467
1077 6467
1078 6467
1079 6467
1080 6467
1081 6467
1082 6467
1083 6467
1084 6467
1085 6467
1086 6467
1087 6501
1088 6501
1089 6501
1090 6501
1091 6501
1092 6501
1093 6501
1094 6501
1095 6501
1096 6501
1097 6501
1098 6557
1099 6557
1100 6557
1101 6557
1102 6557
1103 6557
1104 6557
1105 6557
1106 6557
1107 6557
1108 6557
1109 6557
1110 6557
1111 6557
1112 6557
1113 6557
1114 6557
1115 6592
1116 6592
1117 6592
1118 6592
1119 6592
1120 6592
1121 6592
1122 6592
1123 6592
1124 6592
1125 6592
1126 6592
1127 6607
1128 6607
1129 6607
1130 6607
1131 6607
1132 6607
1133 6685
1134 6685
1135 6685
1136 6685
1137 6685
1138 6685
1139 6685
1140 6685
1141 6685
1142 6685
1143 6685
1144 6685
1145 6685
1146 6685
1147 6685
1148 6685
1149 6685
1150 6685
1151 6685
1152 6685
1153 6685
1154 6685
1155 6685
1156 6685
1157 6697
1158 6697
1159 6697
1160 6697
1161 6697
1162 6734
1163 6734
1164 6734
1165 6734
1166 6734
1167 6734
1168 6734
1169 6734
1170 6734
1171 6734
1172 6734
1173 6734
1174 6734
1175 6734
1176 6741
1177 6741
1178 6741
1179 6741
1180 6823
1181 6823
1182 6823
1183 6823
1184 6823
1185 6823
1186 6823
1187 6823
1188 6823
1189 6823
1190 6823
1191 6823
1192 6823
1193 6823
1194 6823
1195 6823
1196 6823
1197 6823
1198 6823
1199 6823
1200 6823
1201 6823
1202 6823
1203 6823
1204 6823
1205 6823
1206 6885
1207 6885
1208 6885
1209 6885
1210 6885
1211 6885
1212 6885
1213 6885
1214 6885
1215 6885
1216 6885
1217 6885
1218 6885
1219 6885
1220 6885
1221 6885
1222 6885
1223 6885
1224 6885
1225 6890
1226 6890
1227 6890
1228 6890
1229 6915
1230 6915
1231 6915
1232 6915
1233 6915
1234 6915
1235 6915
1236 6915
1237 6915
1238 6951
1239 6951
1240 6951
1241 6951
1242 6951
1243 6951
1244 6951
1245 6951
1246 6951
1247 6951
1248 6951
1249 6951
1250 6991
1251 6991
1252 6991
1253 6991
1254 6991
1255 6991
1256 6991
1257 6991
1258 6991
1259 6991
1260 6991
1261 6991
1262 6991
1263 6991
1264 7003
1265 7003
1266 7003
1267 7003
1268 7003
1269 7060
1270 7060
1271 7060
1272 7060
1273 7060
1274 7060
1275 7060
1276 7060
1277 7060
1278 7060
1279 7060
1280 7060
1281 7060
1282 7060
1283 7060
1284 7060
1285 7060
1286 7060
1287 7060
1288 7074
1289 7074
1290 7074
1291 7074
1292 7074
1293 7074
1294 7094
1295 7094
1296 7094
1297 7094
1298 7094
1299 7094
1300 7094
1301 7094
1302 7103
1303 7103
1304 7103
1305 7103
1306 7103
1307 7148
1308 7148
1309 7148
1310 7148
1311 7148
1312 7148
1313 7148
1314 7148
1315 7148
1316 7148
1317 7148
1318 7148
1319 7148
1320 7148
1321 7148
1322 7210
1323 7210
1324 7210
1325 7210
1326 7210
1327 7210
1328 7210
1329 7210
1330 7210
1331 7210
1332 7210
1333 7210
1334 7210
1335 7210
1336 7210
1337 7210
1338 7210
1339 7210
1340 7210
1341 7210
1342 7210
1343 7242
1344 7242
1345 7242
1346 7242
1347 7242
1348 7242
1349 7242
1350 7242
1351 7242
1352 7242
1353 7242
1354 7242
1355 7281
1356 7281
1357 7281
1358 7281
1359 7281
1360 7281
1361 7281
1362 7281
1363 7281
1364 7281
1365 7281
1366 7281
1367 7281
1368 7281
1369 7281
1370 7281
1371 7340
1372 7340
1373 7340
1374 7340
1375 7340
1376 7340
1377 7340
1378 7340
1379 7340
1380 7340
1381 7340
1382 7340
1383 7340
1384 7340
1385 7340
1386 7340
1387 7340
1388 7340
1389 7340
1390 7340
1391 7347
1392 7347
1393 7347
1394 7347
1395 7398
1396 7398
1397 7398
1398 7398
1399 7398
1400 7398
1401 7398
1402 7398
1403 7398
1404 7398
1405 7398
1406 7398
1407 7398
1408 7398
1409 7398
1410 7398
1411 7398
1412 7398
1413 7435
1414 7435
1415 7435
1416 7435
1417 7435
1418 7435
1419 7435
1420 7435
1421 7435
1422 7435
1423 7435
1424 7435
1425 7435
1426 7479
1427 7479
1428 7479
1429 7479
1430 7479
1431 7479
1432 7479
1433 7479
1434 7479
1435 7479
1436 7479
1437 7479
1438 7479
1439 7479
1440 7479
1441 7479
1442 7479
1443 7540
1444 7540
1445 7540
1446 7540
1447 7540
1448 7540
1449 7540
1450 7540
1451 7540
1452 7540
1453 7540
1454 7540
1455 7540
1456 7540
1457 7540
1458 7540
1459 7540
1460 7540
1461 7540
1462 7540
1463 7540
1464 7572
1465 7572
1466 7572
1467 7572
1468 7572
1469 7572
1470 7572
1471 7572
1472 7572
1473 7572
1474 7572
1475 7572
1476 7572
1477 7606
1478 7606
1479 7606
1480 7606
1481 7606
1482 7606
1483 7606
1484 7606
1485 7606
1486 7606
1487 7606
1488 7606
1489 7615
1490 7615
1491 7615
1492 7615
1493 7615
1494 7710
1495 7710
1496 7710
1497 7710
1498 7710
1499 7710
1500 7710
1501 7710
1502 7710
1503 7710
1504 7710
1505 7710
1506 7710
1507 7710
1508 7710
1509 7710
1510 7710
1511 7710
1512 7710
1513 7710
1514 7710
1515 7710
1516 7710
1517 7710
1518 7710
1519 7710
1520 7710
1521 7710
1522 7710
1523 7710
1524 7710
1525 7710
1526 7710
1527 7710
1528 7717
1529 7717
1530 7717
1531 7717
1532 7755
1533 7755
1534 7755
1535 7755
1536 7755
1537 7755
1538 7755
1539 7755
1540 7755
1541 7755
1542 7755
1543 7755
1544 7755
1545 7755
1546 7755
1547 7794
1548 7794
1549 7794
1550 7794
1551 7794
1552 7794
1553 7794
1554 7794
1555 7794
1556 7794
1557 7794
1558 7794
1559 7794
1560 7794
1561 7794
1562 7896
1563 7896
1564 7896
1565 7896
1566 7896
1567 7896
1568 7896
1569 7896
1570 7896
1571 7896
1572 7896
1573 7896
1574 7896
1575 7896
1576 7896
1577 7896
1578 7896
1579 7896
1580 7896
1581 7896
1582 7896
1583 7896
1584 7896
1585 7896
1586 7896
1587 7896
1588 7896
1589 7896
1590 7896
1591 7896
1592 7896
1593 7896
1594 7896
1595 7896
1596 7896
1597 7896
1598 7928
1599 7928
1600 7928
1601 7928
1602 7928
1603 7928
1604 7928
1605 7928
1606 7928
1607 7928
1608 7928
1609 7928
1610 7928
1611 7935
1612 7935
1613 7935
1614 7935
1615 7935
1616 7978
1617 7978
1618 7978
1619 7978
1620 7978
1621 7978
1622 7978
1623 7978
1624 7978
1625 7978
1626 7978
1627 7978
1628 7978
1629 7978
1630 7978
1631 7978
1632 7995
1633 7995
1634 7995
1635 7995
1636 7995
1637 7995
1638 7995
1639 7995
1640 7996
1641 7996
1642 7996
1643 8045
1644 8045
1645 8045
1646 8045
1647 8045
1648 8045
1649 8045
1650 8045
1651 8045
1652 8045
1653 8045
1654 8045
1655 8045
1656 8045
1657 8045
1658 8045
1659 8045
1660 8045
1661 8045
1662 8054
1663 8054
1664 8054
1665 8054
1666 8054
1667 8109
1668 8109
1669 8109
1670 8109
1671 8109
1672 8109
1673 8109
1674 8109
1675 8109
1676 8109
1677 8109
1678 8109
1679 8109
1680 8109
1681 8109
1682 8109
1683 8109
1684 8109
1685 8109
1686 8109
1687 8109
1688 8109
1689 8116
1690 8116
1691 8116
1692 8116
1693 8201
1694 8201
1695 8201
1696 8201
1697 8201
1698 8201
1699 8201
1700 8201
1701 8201
1702 8201
1703 8201
1704 8201
1705 8201
1706 8201
1707 8201
1708 8201
1709 8201
1710 8201
1711 8201
1712 8201
1713 8201
1714 8201
1715 8201
1716 8201
1717 8201
1718 8201
1719 8201
1720 8201
1721 8201
1722 8201
1723 8201
1724 8201
1725 8243
1726 8243
1727 8243
1728 8243
1729 8243
1730 8243
1731 8243
1732 8243
1733 8243
1734 8243
1735 8243
1736 8243
1737 8243
1738 8243
1739 8243
1740 8243
1741 8243
1742 8277
1743 8277
1744 8277
1745 8277
1746 8277
1747 8277
1748 8277
1749 8277
1750 8277
1751 8277
1752 8277
1753 8277
1754 8277
1755 8277
1756 8310
1757 8310
1758 8310
1759 8310
1760 8310
1761 8310
1762 8310
1763 8310
1764 8310
1765 8310
1766 8310
1767 8310
1768 8310
1769 8310
1770 8390
1771 8390
1772 8390
1773 8390
1774 8390
1775 8390
1776 8390
1777 8390
1778 8390
1779 8390
1780 8390
1781 8390
1782 8390
1783 8390
1784 8390
1785 8390
1786 8390
1787 8390
1788 8390
1789 8390
1790 8390
1791 8390
1792 8390
1793 8390
1794 8390
1795 8390
1796 8390
1797 8390
1798 8390
1799 8390
1800 8390
1801 8397
1802 8397
1803 8397
1804 8397
1805 8426
1806 8426
1807 8426
1808 8426
1809 8426
1810 8426
1811 8426
1812 8426
1813 8426
1814 8426
1815 8426
1816 8426
1817 8426
1818 8457
1819 8457
1820 8457
1821 8457
1822 8457
1823 8457
1824 8457
1825 8457
1826 8457
1827 8457
1828 8457
1829 8457
1830 8457
1831 8457
1832 8479
1833 8479
1834 8479
1835 8479
1836 8479
1837 8479
1838 8479
1839 8479
1840 8479
1841 8479
1842 8479
1843 8479
1844 8479
1845 8508
1846 8508
1847 8508
1848 8508
1849 8508
1850 8508
1851 8508
1852 8508
1853 8508
1854 8508
1855 8508
1856 8508
1857 8508
1858 8533
1859 8533
1860 8533
1861 8533
1862 8533
1863 8533
1864 8533
1865 8533
1866 8533
1867 8533
1868 8533
1869 8565
1870 8565
1871 8565
1872 8565
1873 8565
1874 8565
1875 8565
1876 8565
1877 8565
1878 8565
1879 8565
1880 8565
1881 8565
1882 8565
1883 8588
1884 8588
1885 8588
1886 8588
1887 8588
1888 8588
1889 8588
1890 8588
1891 8588
1892 8588
1893 8588
1894 8597
1895 8597
1896 8597
1897 8597
1898 8597
1899 8597
1900 8616
1901 8616
1902 8616
1903 8616
1904 8616
1905 8616
1906 8616
1907 8616
1908 8616
1909 8617
1910 8617
1911 8617
1912 8637
1913 8637
1914 8637
1915 8637
1916 8637
1917 8637
1918 8637
1919 8637
1920 8637
1921 8637
1922 8671
1923 8671
1924 8671
1925 8671
1926 8671
1927 8671
1928 8671
1929 8671
1930 8671
1931 8671
1932 8671
1933 8671
1934 8671
1935 8671
1936 8708
1937 8708
1938 8708
1939 8708
1940 8708
1941 8708
1942 8708
1943 8708
1944 8708
1945 8708
1946 8708
1947 8708
1948 8708
1949 8708
1950 8708
1951 8708
1952 8745
1953 8745
1954 8745
1955 8745
1956 8745
1957 8745
1958 8745
1959 8745
1960 8745
1961 8745
1962 8745
1963 8745
1964 8745
1965 8745
1966 8745
1967 8745
1968 8752
1969 8752
1970 8752
1971 8752
1972 8752
1973 8781
1974 8781
1975 8781
1976 8781
1977 8781
1978 8781
1979 8781
1980 8781
1981 8781
1982 8781
1983 8781
1984 8781
1985 8781
1986 8781
1987 8805
1988 8805
1989 8805
1990 8805
1991 8805
1992 8805
1993 8805
1994 8805
1995 8805
1996 8805
1997 8805
1998 8806
1999 8806
2000 8806
2001 8809
2002 8809
2003 8809
2004 8809
2005 8850
2006 8850
2007 8850
2008 8850
2009 8850
2010 8850
2011 8850
2012 8850
2013 8850
2014 8850
2015 8850
2016 8850
2017 8850
2018 8850
2019 8850
2020 8850
2021 8850
2022 8850
2023 8854
2024 8854
2025 8854
2026 8854
2027 8863
2028 8863
2029 8863
2030 8863
2031 8863
2032 8863
2033 8901
2034 8901
2035 8901
2036 8901
2037 8901
2038 8901
2039 8901
2040 8901
2041 8901
2042 8901
2043 8901
2044 8901
2045 8901
2046 8901
2047 8901
2048 8901
2049 8901
2050 8938
2051 8938
2052 8938
2053 8938
2054 8938
2055 8938
2056 8938
2057 8938
2058 8938
2059 8938
2060 8938
2061 8938
2062 8938
2063 8938
2064 8938
2065 8938
2066 8984
2067 8984
2068 8984
2069 8984
2070 8984
2071 8984
2072 8984
2073 8984
2074 8984
2075 8984
2076 8984
2077 8984
2078 8984
2079 8984
2080 8984
2081 8984
2082 8984
2083 8984
2084 8984
2085 8984
2086 9013
2087 9013
2088 9013
2089 9013
2090 9013
2091 9013
2092 9013
2093 9013
2094 9013
2095 9013
2096 9013
2097 9013
2098 9013
2099 9013
2100 9071
2101 9071
2102 9071
2103 9071
2104 9071
2105 9071
2106 9071
2107 9071
2108 9071
2109 9071
2110 9071
2111 9071
2112 9071
2113 9071
2114 9071
2115 9071
2116 9071
2117 9071
2118 9071
2119 9071
2120 9071
2121 9071
2122 9071
2123 9071
2124 9071
2125 9071
2126 9078
2127 9078
2128 9078
2129 9078
2130 9078
2131 9110
2132 9110
2133 9110
2134 9110
2135 9110
2136 9110
2137 9110
2138 9110
2139 9110
2140 9110
2141 9110
2142 9110
2143 9110
2144 9110
2145 9110
2146 9116
2147 9116
2148 9116
2149 9116
2150 9116
2151 9181
2152 9181
2153 9181
2154 9181
2155 9181
2156 9181
2157 9181
2158 9181
2159 9181
2160 9181
2161 9181
2162 9181
2163 9181
2164 9181
2165 9181
2166 9181
2167 9181
2168 9181
2169 9181
2170 9181
2171 9181
2172 9181
2173 9181
2174 9181
2175 9181
2176 9181
2177 9181
2178 9181
2179 9215
2180 9215
2181 9215
2182 9215
2183 9215
2184 9215
2185 9215
2186 9215
2187 9215
2188 9215
2189 9215
2190 9215
2191 9215
2192 9215
2193 9215
2194 9215
2195 9223
2196 9223
2197 9223
2198 9223
2199 9223
2200 9223
2201 9261
2202 9261
2203 9261
2204 9261
2205 9261
2206 9261
2207 9261
2208 9261
2209 9261
2210 9261
2211 9261
2212 9261
2213 9261
2214 9261
2215 9261
2216 9261
2217 9261
2218 9261
2219 9293
2220 9293
2221 9293
2222 9293
2223 9293
2224 9293
2225 9293
2226 9293
2227 9293
2228 9293
2229 9293
2230 9293
2231 9293
2232 9293
2233 9293
2234 9332
2235 9332
2236 9332
2237 9332
2238 9332
2239 9332
2240 9332
2241 9332
2242 9332
2243 9332
2244 9332
2245 9332
2246 9332
2247 9332
2248 9332
2249 9332
2250 9332
2251 9332
2252 9332
2253 9340
2254 9340
2255 9340
2256 9340
2257 9340
2258 9352
2259 9352
2260 9352
2261 9352
2262 9352
2263 9352
2264 9352
2265 9352
2266 9410
2267 9410
2268 9410
2269 9410
2270 9410
2271 9410
2272 9410
2273 9410
2274 9410
2275 9410
2276 9410
2277 9410
2278 9410
2279 9410
2280 9410
2281 9410
2282 9410
2283 9410
2284 9410
2285 9410
2286 9410
2287 9410
2288 9410
2289 9410
2290 9410
2291 9410
2292 9447
2293 9447
2294 9447
2295 9447
2296 9447
2297 9447
2298 9447
2299 9447
2300 9447
2301 9447
2302 9447
2303 9447
2304 9447
2305 9447
2306 9447
2307 9447
2308 9447
2309 9447
2310 9556
2311 9556
2312 9556
2313 9556
2314 9556
2315 9556
2316 9556
2317 9556
2318 9556
2319 9556
2320 9556
2321 9556
2322 9556
2323 9556
2324 9556
2325 9556
2326 9556
2327 9556
2328 9556
2329 9556
2330 9556
2331 9556
2332 9556
2333 9556
2334 9556
2335 9556
2336 9556
2337 9556
2338 9556
2339 9556
2340 9556
2341 9556
2342 9556
2343 9556
2344 9556
2345 9556
2346 9556
2347 9556
2348 9556
2349 9556
2350 9556
2351 9556
2352 9556
2353 9556
2354 9556
2355 9556
2356 9556
2357 9556
2358 9588
2359 9588
2360 9588
2361 9588
2362 9588
2363 9588
2364 9588
2365 9588
2366 9588
2367 9588
2368 9588
2369 9588
2370 9588
2371 9588
2372 9588
2373 9588
2374 9594
2375 9594
2376 9594
2377 9594
2378 9594
2379 9594
2380 9640
2381 9640
2382 9640
2383 9640
2384 9640
2385 9640
2386 9640
2387 9640
2388 9640
2389 9640
2390 9640
2391 9640
2392 9640
2393 9640
2394 9640
2395 9640
2396 9640
2397 9640
2398 9640
2399 9640
2400 9640
2401 9640
2402 9702
2403 9702
2404 9702
2405 9702
2406 9702
2407 9702
2408 9702
2409 9702
2410 9702
2411 9702
2412 9702
2413 9702
2414 9702
2415 9702
2416 9702
2417 9702
2418 9702
2419 9702
2420 9702
2421 9702
2422 9702
2423 9702
2424 9702
2425 9702
2426 9702
2427 9702
2428 9702
2429 9702
2430 9702
2431 9748
2432 9748
2433 9748
2434 9748
2435 9748
2436 9748
2437 9748
2438 9748
2439 9748
2440 9748
2441 9748
2442 9748
2443 9748
2444 9748
2445 9748
2446 9748
2447 9748
2448 9748
2449 9748
2450 9748
2451 9748
2452 9748
2453 9813
2454 9813
2455 9813
2456 9813
2457 9813
2458 9813
2459 9813
2460 9813
2461 9813
2462 9813
2463 9813
2464 9813
2465 9813
2466 9813
2467 9813
2468 9813
2469 9813
2470 9813
2471 9813
2472 9813
2473 9813
2474 9813
2475 9813
2476 9813
2477 9813
2478 9813
2479 9813
2480 9813
2481 9813
2482 9813
2483 9813
2484 9849
2485 9849
2486 9849
2487 9849
2488 9849
2489 9849
2490 9849
2491 9849
2492 9849
2493 9849
2494 9849
2495 9849
2496 9849
2497 9849
2498 9849
2499 9849
2500 9849
2501 9849
2502 9861
2503 9861
2504 9861
2505 9861
2506 9861
2507 9861
2508 9861
2509 9861
2510 9896
2511 9896
2512 9896
2513 9896
2514 9896
2515 9896
2516 9896
2517 9896
2518 9896
2519 9896
2520 9896
2521 9896
2522 9896
2523 9896
2524 9896
2525 9896
2526 9896
2527 9896
2528 9928
2529 9928
2530 9928
2531 9928
2532 9928
2533 9928
2534 9928
2535 9928
2536 9928
2537 9928
2538 9928
2539 9928
2540 9928
2541 9928
2542 9928
2543 9928
2544 9928
2545 9932
2546 9932
2547 9932
2548 9932
2549 9932
2550 9949
2551 9949
2552 9949
2553 9949
2554 9949
2555 9949
2556 9949
2557 9949
2558 9949
2559 9949
2560 10018
2561 10018
2562 10018
2563 10018
2564 10018
2565 10018
2566 10018
2567 10018
2568 10018
2569 10018
2570 10018
2571 10018
2572 10018
2573 10018
2574 10018
2575 10018
2576 10018
2577 10018
2578 10018
2579 10018
2580 10018
2581 10018
2582 10018
2583 10018
2584 10018
2585 10018
2586 10018
2587 10018
2588 10018
2589 10018
2590 10018
2591 10018
2592 10018
2593 10018
2594 10018
2595 10018
2596 10076
2597 10076
2598 10076
2599 10076
2600 10076
2601 10076
2602 10076
2603 10076
2604 10076
2605 10076
2606 10076
2607 10076
2608 10076
2609 10076
2610 10076
2611 10076
2612 10076
2613 10076
2614 10076
2615 10076
2616 10076
2617 10076
2618 10076
2619 10076
2620 10076
2621 10076
2622 10076
2623 10076
2624 10076
2625 10080
2626 10080
2627 10080
2628 10080
2629 10114
2630 10114
2631 10114
2632 10114
2633 10114
2634 10114
2635 10114
2636 10114
2637 10114
2638 10114
2639 10114
2640 10114
2641 10114
2642 10114
2643 10114
2644 10114
2645 10114
2646 10114
2647 10154
2648 10154
2649 10154
2650 10154
2651 10154
2652 10154
2653 10154
2654 10154
2655 10154
2656 10154
2657 10154
2658 10154
2659 10154
2660 10154
2661 10154
2662 10154
2663 10154
2664 10154
2665 10154
2666 10154
2667 10154
2668 10214
2669 10214
2670 10214
2671 10214
2672 10214
2673 10214
2674 10214
2675 10214
2676 10214
2677 10214
2678 10214
2679 10214
2680 10214
2681 10214
2682 10214
2683 10214
2684 10214
2685 10214
2686 10214
2687 10214
2688 10214
2689 10214
2690 10214
2691 10214
2692 10214
2693 10214
2694 10214
2695 10214
2696 10214
2697 10214
2698 10240
2699 10240
2700 10240
2701 10240
2702 10240
2703 10240
2704 10240
2705 10240
2706 10240
2707 10240
2708 10240
2709 10240
2710 10240
2711 10240
2712 10249
2713 10249
2714 10249
2715 10249
2716 10249
2717 10249
2718 10249
2719 10249
2720 10249
2721 10249
2722 10348
2723 10348
2724 10348
2725 10348
2726 10348
2727 10348
2728 10348
2729 10348
2730 10348
2731 10348
2732 10348
2733 10348
2734 10348
2735 10348
2736 10348
2737 10348
2738 10348
2739 10348
2740 10348
2741 10348
2742 10348
2743 10348
2744 10348
2745 10348
2746 10348
2747 10348
2748 10348
2749 10348
2750 10348
2751 10348
2752 10348
2753 10348
2754 10348
2755 10348
2756 10348
2757 10348
2758 10348
2759 10348
2760 10348
2761 10348
2762 10348
2763 10348
2764 10348
2765 10348
2766 10348
2767 10348
2768 10348
2769 10348
2770 10406
2771 10406
2772 10406
2773 10406
2774 10406
2775 10406
2776 10406
2777 10406
2778 10406
2779 10406
2780 10406
2781 10406
2782 10406
2783 10406
2784 10406
2785 10406
2786 10406
2787 10406
2788 10406
2789 10406
2790 10406
2791 10406
2792 10406
2793 10406
2794 10406
2795 10406
2796 10406
2797 10406
2798 10406
2799 10406
2800 10440
2801 10440
2802 10440
2803 10440
2804 10440
2805 10440
2806 10440
2807 10440
2808 10440
2809 10440
2810 10440
2811 10440
2812 10440
2813 10440
2814 10440
2815 10440
2816 10440
2817 10440
2818 10441
2819 10441
2820 10441
2821 10441
2822 10441
2823 10450
2824 10450
2825 10450
2826 10450
2827 10450
2828 10450
2829 10450
2830 10464
2831 10464
2832 10464
2833 10464
2834 10464
2835 10464
2836 10464
2837 10464
2838 10464
2839 10533
2840 10533
2841 10533
2842 10533
2843 10533
2844 10533
2845 10533
2846 10533
2847 10533
2848 10533
2849 10533
2850 10533
2851 10533
2852 10533
2853 10533
2854 10533
2855 10533
2856 10533
2857 10533
2858 10533
2859 10533
2860 10533
2861 10533
2862 10533
2863 10533
2864 10533
2865 10533
2866 10533
2867 10533
2868 10533
2869 10533
2870 10533
2871 10533
2872 10533
2873 10533
2874 10580
2875 10580
2876 10580
2877 10580
2878 10580
2879 10580
2880 10580
2881 10580
2882 10580
2883 10580
2884 10580
2885 10580
2886 10580
2887 10580
2888 10580
2889 10580
2890 10580
2891 10580
2892 10580
2893 10580
2894 10580
2895 10580
2896 10580
2897 10580
2898 10580
2899 10614
2900 10614
2901 10614
2902 10614
2903 10614
2904 10614
2905 10614
2906 10614
2907 10614
2908 10614
2909 10614
2910 10614
2911 10614
2912 10614
2913 10614
2914 10614
2915 10614
2916 10614
2917 10614
2918 10614
2919 10640
2920 10640
2921 10640
2922 10640
2923 10640
2924 10640
2925 10640
2926 10640
2927 10640
2928 10640
2929 10640
2930 10640
2931 10640
2932 10640
2933 10640
2934 10696
2935 10696
2936 10696
2937 10696
2938 10696
2939 10696
2940 10696
2941 10696
2942 10696
2943 10696
2944 10696
2945 10696
2946 10696
2947 10696
2948 10696
2949 10696
2950 10696
2951 10696
2952 10696
2953 10696
2954 10696
2955 10696
2956 10696
2957 10696
2958 10696
2959 10696
2960 10696
2961 10696
2962 10696
2963 10696
2964 10733
2965 10733
2966 10733
2967 10733
2968 10733
2969 10733
2970 10733
2971 10733
2972 10733
2973 10733
2974 10733
2975 10733
2976 10733
2977 10733
2978 10733
2979 10733
2980 10733
2981 10733
2982 10733
2983 10733
2984 10797
2985 10797
2986 10797
2987 10797
2988 10797
2989 10797
2990 10797
2991 10797
2992 10797
2993 10797
2994 10797
2995 10797
2996 10797
2997 10797
2998 10797
2999 10797
3000 10797
3001 10797
3002 10797
3003 10797
3004 10797
3005 10797
3006 10797
3007 10797
3008 10797
3009 10797
3010 10797
3011 10797
3012 10797
3013 10797
3014 10797
3015 10797
3016 10797
3017 10797
3018 10828
3019 10828
3020 10828
3021 10828
3022 10828
3023 10828
3024 10828
3025 10828
3026 10828
3027 10828
3028 10828
3029 10828
3030 10828
3031 10828
3032 10828
3033 10828
3034 10828
3035 10828
3036 10889
3037 10889
3038 10889
3039 10889
3040 10889
3041 10889
3042 10889
3043 10889
3044 10889
3045 10889
3046 10889
3047 10889
3048 10889
3049 10889
3050 10889
3051 10889
3052 10889
3053 10889
3054 10889
3055 10889
3056 10889
3057 10889
3058 10889
3059 10889
3060 10889
3061 10889
3062 10889
3063 10889
3064 10889
3065 10889
3066 10889
3067 10889
3068 10889
3069 10895
3070 10895
3071 10895
3072 10895
3073 10895
3074 10895
3075 10947
3076 10947
3077 10947
3078 10947
3079 10947
3080 10947
3081 10947
3082 10947
3083 10947
3084 10947
3085 10947
3086 10947
3087 10947
3088 10947
3089 10947
3090 10947
3091 10947
3092 10947
3093 10947
3094 10947
3095 10947
3096 10947
3097 10947
3098 10947
3099 10947
3100 10947
3101 10947
3102 10947
3103 10990
3104 10990
3105 10990
3106 10990
3107 10990
3108 10990
3109 10990
3110 10990
3111 10990
3112 10990
3113 10990
3114 10990
3115 10990
3116 10990
3117 10990
3118 10990
3119 10990
3120 10990
3121 10990
3122 10990
3123 10990
3124 10990
3125 10990
3126 10990
3127 10990
3128 11023
3129 11023
3130 11023
3131 11023
3132 11023
3133 11023
3134 11023
3135 11023
3136 11023
3137 11023
3138 11023
3139 11023
3140 11023
3141 11023
3142 11023
3143 11023
3144 11023
3145 11023
3146 11023
3147 11037
3148 11037
3149 11037
3150 11037
3151 11037
3152 11037
3153 11037
3154 11037
3155 11037
3156 11037
3157 11037
3158 11046
3159 11046
3160 11046
3161 11046
3162 11046
3163 11046
3164 11046
3165 11055
3166 11055
3167 11055
3168 11055
3169 11055
3170 11055
3171 11055
3172 11055
3173 11055
3174 11055
3175 11055
3176 11055
3177 11060
3178 11060
3179 11060
3180 11060
3181 11060
3182 11060
3183 11069
3184 11069
3185 11069
3186 11069
3187 11069
3188 11069
3189 11069
3190 11085
3191 11085
3192 11085
3193 11085
3194 11085
3195 11085
3196 11085
3197 11085
3198 11085
3199 11085
3200 11085
3201 11085
3202 11108
3203 11108
3204 11108
3205 11108
3206 11108
3207 11108
3208 11108
3209 11108
3210 11108
3211 11108
3212 11108
3213 11108
3214 11108
3215 11108
3216 11140
3217 11140
3218 11140
3219 11140
3220 11140
3221 11140
3222 11140
3223 11140
3224 11140
3225 11140
3226 11140
3227 11140
3228 11140
3229 11140
3230 11140
3231 11140
3232 11140
3233 11140
3234 11140
3235 11140
3236 11204
3237 11204
3238 11204
3239 11204
3240 11204
3241 11204
3242 11204
3243 11204
3244 11204
3245 11204
3246 11204
3247 11204
3248 11204
3249 11204
3250 11204
3251 11204
3252 11204
3253 11204
3254 11204
3255 11204
3256 11204
3257 11204
3258 11204
3259 11204
3260 11204
3261 11204
3262 11204
3263 11204
3264 11204
3265 11204
3266 11204
3267 11204
3268 11204
3269 11204
3270 11204
3271 11237
3272 11237
3273 11237
3274 11237
3275 11237
3276 11237
3277 11237
3278 11237
3279 11237
3280 11237
3281 11237
3282 11237
3283 11237
3284 11237
3285 11237
3286 11237
3287 11237
3288 11237
3289 11237
3290 11274
3291 11274
3292 11274
3293 11274
3294 11274
3295 11274
3296 11274
3297 11274
3298 11274
3299 11274
3300 11274
3301 11274
3302 11274
3303 11274
3304 11274
3305 11274
3306 11274
3307 11274
3308 11274
3309 11274
3310 11274
3311 11274
3312 11307
3313 11307
3314 11307
3315 11307
3316 11307
3317 11307
3318 11307
3319 11307
3320 11307
3321 11307
3322 11307
3323 11307
3324 11307
3325 11307
3326 11307
3327 11307
3328 11307
3329 11307
3330 11307
3331 11307
3332 11324
3333 11324
3334 11324
3335 11324
3336 11324
3337 11324
3338 11324
3339 11324
3340 11324
3341 11324
3342 11324
3343 11324
3344 11324
3345 11379
3346 11379
3347 11379
3348 11379
3349 11379
3350 11379
3351 11379
3352 11379
3353 11379
3354 11379
3355 11379
3356 11379
3357 11379
3358 11379
3359 11379
3360 11379
3361 11379
3362 11379
3363 11379
3364 11379
3365 11379
3366 11379
3367 11379
3368 11379
3369 11379
3370 11379
3371 11379
3372 11379
3373 11379
3374 11379
3375 11379
3376 11401
3377 11401
3378 11401
3379 11401
3380 11401
3381 11401
3382 11401
3383 11401
3384 11401
3385 11401
3386 11401
3387 11401
3388 11401
3389 11401
3390 11401
3391 11402
3392 11402
3393 11402
3394 11402
3395 11435
3396 11435
3397 11435
3398 11435
3399 11435
3400 11435
3401 11435
3402 11435
3403 11435
3404 11435
3405 11435
3406 11435
3407 11435
3408 11435
3409 11435
3410 11435
3411 11435
3412 11435
3413 11435
3414 11435
3415 11435
3416 11435
3417 11435
3418 11435
3419 11435
3420 11435
3421 11435
3422 11435
3423 11466
3424 11466
3425 11466
3426 11466
3427 11466
3428 11466
3429 11466
3430 11466
3431 11466
3432 11466
3433 11466
3434 11466
3435 11466
3436 11466
3437 11466
3438 11466
3439 11466
3440 11466
3441 11466
3442 11473
3443 11473
3444 11473
3445 11473
3446 11473
3447 11473
3448 11473
3449 11484
3450 11484
3451 11484
3452 11484
3453 11484
3454 11484
3455 11484
3456 11484
3457 11484
3458 11518
3459 11518
3460 11518
3461 11518
3462 11518
3463 11518
3464 11518
3465 11518
3466 11518
3467 11518
3468 11518
3469 11518
3470 11518
3471 11518
3472 11518
3473 11518
3474 11518
3475 11518
3476 11518
3477 11518
3478 11518
3479 11532
3480 11532
3481 11532
3482 11532
3483 11532
3484 11532
3485 11532
3486 11532
3487 11532
3488 11532
3489 11532
3490 11554
3491 11554
3492 11554
3493 11554
3494 11554
3495 11554
3496 11554
3497 11554
3498 11554
3499 11554
3500 11554
3501 11554
3502 11554
3503 11554
3504 11554
3505 11591
3506 11591
3507 11591
3508 11591
3509 11591
3510 11591
3511 11591
3512 11591
3513 11591
3514 11591
3515 11591
3516 11591
3517 11591
3518 11591
3519 11591
3520 11591
3521 11591
3522 11591
3523 11591
3524 11591
3525 11591
3526 11591
3527 11591
3528 11602
3529 11602
3530 11602
3531 11602
3532 11602
3533 11602
3534 11602
3535 11602
3536 11602
3537 11602
3538 11602
3539 11602
3540 11602
3541 11634
3542 11634
3543 11634
3544 11634
3545 11634
3546 11634
3547 11634
3548 11634
3549 11634
3550 11634
3551 11634
3552 11634
3553 11634
3554 11634
3555 11634
3556 11634
3557 11634
3558 11634
3559 11634
3560 11634
3561 11669
3562 11669
3563 11669
3564 11669
3565 11669
3566 11669
3567 11669
3568 11669
3569 11669
3570 11669
3571 11669
3572 11669
3573 11669
3574 11669
3575 11669
3576 11669
3577 11669
3578 11669
3579 11669
3580 11669
3581 11669
3582 11669
3583 11703
3584 11703
3585 11703
3586 11703
3587 11703
3588 11703
3589 11703
3590 11703
3591 11703
3592 11703
3593 11703
3594 11703
3595 11703
3596 11703
3597 11703
3598 11703
3599 11703
3600 11703
