1 1
2 1
3 1
4 2
5 2
6 2
7 2
8 2
9 4
10 5
11 5
12 5
13 6
14 7
15 7
16 7
17 7
18 9
19 9
20 9
21 9
22 9
23 9
24 9
25 9
26 9
27 9
28 10
29 11
30 13
31 14
32 14
33 14
34 14
35 14
36 14
37 14
38 15
39 16
40 16
41 17
42 17
43 18
44 18
45 19
46 19
47 19
48 19
49 20
50 21
51 21
52 21
53 21
54 21
55 21
56 21
57 21
58 21
59 23
60 23
61 23
62 24
63 24
64 24
65 24
66 25
67 25
68 26
69 26
70 26
71 26
72 26
73 26
74 26
75 27
76 27
77 28
78 28
79 29
80 29
81 30
82 31
83 31
84 31
85 32
86 32
87 32
88 32
89 32
90 32
91 32
92 32
93 32
94 32
95 32
96 32
97 32
98 33
99 33
100 33
101 33
102 33
103 33
104 33
105 35
106 35
107 36
108 36
109 38
110 38
111 39
112 39
113 39
114 39
115 39
116 39
117 39
118 39
119 41
120 42
121 43
122 43
123 44
124 44
125 45
126 45
127 47
128 47
129 50
130 51
131 51
132 51
133 51
134 51
135 51
136 52
137 52
138 52
139 52
140 52
141 52
142 52
143 53
144 54
145 54
146 54
147 54
148 54
149 55
150 55
151 55
152 58
153 58
154 58
155 58
156 59
157 59
158 59
159 59
160 59
161 59
162 59
163 59
164 59
165 61
166 61
167 62
168 62
169 63
170 63
171 63
172 65
173 65
174 65
175 65
176 68
177 68
178 70
179 70
180 70
181 70
182 70
183 70
184 71
185 71
186 71
187 71
188 71
189 71
190 71
191 71
192 72
193 72
194 72
195 73
196 74
197 74
198 74
199 74
200 74
201 74
202 75
203 76
204 76
205 76
206 77
207 77
208 78
209 78
210 79
211 80
212 81
213 81
214 82
215 82
216 82
217 82
218 82
219 82
220 82
221 82
222 82
223 82
224 82
225 82
226 82
227 82
228 82
229 82
230 82
231 82
232 82
233 83
234 83
235 83
236 83
237 84
238 85
239 85
240 85
241 85
242 86
243 86
244 87
245 87
246 89
247 89
248 90
249 90
250 90
251 90
252 90
253 91
254 91
255 92
256 92
257 92
258 92
259 93
260 93
261 93
262 94
263 94
264 94
265 94
266 94
267 94
268 94
269 94
270 94
271 94
272 95
273 95
274 95
275 95
276 96
277 96
278 97
279 97
280 98
281 99
282 99
283 99
284 100
285 100
286 100
287 100
288 100
289 100
290 101
291 101
292 101
293 101
294 101
295 101
296 101
297 101
298 101
299 101
300 101
301 101
302 101
303 101
304 101
305 101
306 101
307 101
308 101
309 102
310 102
311 102
312 102
313 102
314 102
315 103
316 103
317 104
318 104
319 104
320 104
321 104
322 105
323 105
324 105
325 108
326 108
327 108
328 108
329 108
330 108
331 108
332 108
333 110
334 110
335 111
336 111
337 111
338 112
339 112
340 115
341 115
342 116
343 117
344 118
345 118
346 119
347 120
348 120
349 120
350 120
351 120
