1 312
2 312
3 312
4 474
5 474
6 474
7 474
8 474
9 618
10 618
11 618
12 618
13 618
14 762
15 762
16 762
17 762
18 762
19 919
20 919
21 919
22 919
23 919
24 919
25 919
26 919
27 1063
28 1063
29 1063
30 1063
31 1063
32 1063
33 1063
34 1063
35 1207
36 1207
37 1207
38 1207
39 1207
40 1207
41 1207
42 1207
43 1207
44 1351
45 1351
46 1351
47 1351
48 1351
49 1351
50 1351
51 1351
52 1351
53 1351
54 1485
55 1485
56 1485
57 1485
58 1485
59 1485
60 1485
61 1485
62 1485
63 1485
64 1625
65 1625
66 1625
67 1625
68 1625
69 1625
70 1625
71 1625
72 1625
73 1625
74 1625
75 1787
76 1787
77 1787
78 1787
79 1787
80 1787
81 1787
82 1787
83 1787
84 1787
85 1787
86 1787
87 1787
88 1787
89 1934
90 1934
91 1934
92 1934
93 1934
94 1934
95 1934
96 1934
97 1934
98 1934
99 1934
100 1934
101 1934
102 2065
103 2065
104 2065
105 2065
106 2065
107 2065
108 2065
109 2065
110 2065
111 2065
112 2065
113 2065
114 2065
115 2209
116 2209
117 2209
118 2209
119 2209
120 2209
121 2209
122 2209
123 2209
124 2209
125 2209
126 2209
127 2209
128 2209
129 2209
130 2209
131 2347
132 2347
133 2347
134 2347
135 2347
136 2347
137 2347
138 2347
139 2347
140 2347
141 2347
142 2347
143 2347
144 2347
145 2347
146 2376
147 2376
148 2376
149 2376
150 2526
151 2526
152 2526
153 2526
154 2526
155 2526
156 2526
157 2526
158 2526
159 2526
160 2526
161 2526
162 2526
163 2526
164 2526
165 2526
166 2526
167 2550
168 2550
169 2550
170 2550
171 2712
172 2712
173 2712
174 2712
175 2712
176 2712
177 2712
178 2712
179 2712
180 2712
181 2712
182 2712
183 2712
184 2712
185 2712
186 2712
187 2712
188 2712
189 2712
190 2712
191 2862
192 2862
193 2862
194 2862
195 2862
196 2862
197 2862
198 2862
199 2862
200 2862
201 2862
202 2862
203 2862
204 2862
205 2862
206 2862
207 2862
208 2862
209 2862
210 2862
211 2862
212 3012
213 3012
214 3012
215 3012
216 3012
217 3012
218 3012
219 3012
220 3012
221 3012
222 3012
223 3012
224 3012
225 3012
226 3012
227 3012
228 3012
229 3012
230 3012
231 3012
232 3156
233 3156
234 3156
235 3156
236 3156
237 3156
238 3156
239 3156
240 3156
241 3156
242 3156
243 3156
244 3156
245 3156
246 3156
247 3156
248 3156
249 3156
250 3156
251 3156
252 3156
253 3156
254 3305
255 3305
256 3305
257 3305
258 3305
259 3305
260 3305
261 3305
262 3305
263 3305
264 3305
265 3305
266 3305
267 3305
268 3305
269 3305
270 3305
271 3305
272 3305
273 3305
274 3305
275 3305
276 3305
277 3450
278 3450
279 3450
280 3450
281 3450
282 3450
283 3450
284 3450
285 3450
286 3450
287 3450
288 3450
289 3450
290 3450
291 3450
292 3450
293 3450
294 3450
295 3450
296 3450
297 3450
298 3450
299 3450
300 3594
301 3594
302 3594
303 3594
304 3594
305 3594
306 3594
307 3594
308 3594
309 3594
310 3594
311 3594
312 3594
313 3594
314 3594
315 3594
316 3594
317 3594
318 3594
319 3594
320 3594
321 3594
322 3594
323 3594
324 3734
325 3734
326 3734
327 3734
328 3734
329 3734
330 3734
331 3734
332 3734
333 3734
334 3734
335 3734
336 3734
337 3734
338 3734
339 3734
340 3734
341 3734
342 3734
343 3734
344 3734
345 3734
346 3734
347 3734
348 3885
349 3885
350 3885
351 3885
352 3885
353 3885
354 3885
355 3885
356 3885
357 3885
358 3885
359 3885
360 3885
361 3885
362 3885
363 3885
364 3885
365 3885
366 3885
367 3885
368 3885
369 3885
370 3885
371 3885
372 3885
373 3885
374 3885
375 4031
376 4031
377 4031
378 4031
379 4031
380 4031
381 4031
382 4031
383 4031
384 4031
385 4031
386 4031
387 4031
388 4031
389 4031
390 4031
391 4031
392 4031
393 4031
394 4031
395 4031
396 4031
397 4031
398 4031
399 4031
400 4031
401 4031
402 4193
403 4193
404 4193
405 4193
406 4193
407 4193
408 4193
409 4193
410 4193
411 4193
412 4193
413 4193
414 4193
415 4193
416 4193
417 4193
418 4193
419 4193
420 4193
421 4193
422 4193
423 4193
424 4193
425 4193
426 4193
427 4193
428 4193
429 4193
430 4193
431 4193
432 4193
433 4343
434 4343
435 4343
436 4343
437 4343
438 4343
439 4343
440 4343
441 4343
442 4343
443 4343
444 4343
445 4343
446 4343
447 4343
448 4343
449 4343
450 4343
451 4343
452 4343
453 4343
454 4343
455 4343
456 4343
457 4343
458 4343
459 4343
460 4343
461 4343
462 4343
463 4369
464 4369
465 4369
466 4369
467 4369
468 4369
469 4513
470 4513
471 4513
472 4513
473 4513
474 4513
475 4513
476 4513
477 4513
478 4513
479 4513
480 4513
481 4513
482 4513
483 4513
484 4513
485 4513
486 4513
487 4513
488 4513
489 4513
490 4513
491 4513
492 4513
493 4513
494 4513
495 4513
496 4513
497 4513
498 4513
499 4657
500 4657
501 4657
502 4657
503 4657
504 4657
505 4657
506 4657
507 4657
508 4657
509 4657
510 4657
511 4657
512 4657
513 4657
514 4657
515 4657
516 4657
517 4657
518 4657
519 4657
520 4657
521 4657
522 4657
523 4657
524 4657
525 4657
526 4657
527 4657
528 4657
529 4657
530 4801
531 4801
532 4801
533 4801
534 4801
535 4801
536 4801
537 4801
538 4801
539 4801
540 4801
541 4801
542 4801
543 4801
544 4801
545 4801
546 4801
547 4801
548 4801
549 4801
550 4801
551 4801
552 4801
553 4801
554 4801
555 4801
556 4801
557 4801
558 4801
559 4801
560 4801
561 4827
562 4827
563 4827
564 4827
565 4827
566 4827
567 4827
568 4961
569 4961
570 4961
571 4961
572 4961
573 4961
574 4961
575 4961
576 4961
577 4961
578 4961
579 4961
580 4961
581 4961
582 4961
583 4961
584 4961
585 4961
586 4961
587 4961
588 4961
589 4961
590 4961
591 4961
592 4961
593 4961
594 4961
595 4961
596 4961
597 4961
598 4961
599 5111
600 5111
601 5111
602 5111
603 5111
604 5111
605 5111
606 5111
607 5111
608 5111
609 5111
610 5111
611 5111
612 5111
613 5111
614 5111
615 5111
616 5111
617 5111
618 5111
619 5111
620 5111
621 5111
622 5111
623 5111
624 5111
625 5111
626 5111
627 5111
628 5111
629 5111
630 5111
631 5111
632 5111
633 5111
634 5255
635 5255
636 5255
637 5255
638 5255
639 5255
640 5255
641 5255
642 5255
643 5255
644 5255
645 5255
646 5255
647 5255
648 5255
649 5255
650 5255
651 5255
652 5255
653 5255
654 5255
655 5255
656 5255
657 5255
658 5255
659 5255
660 5255
661 5255
662 5255
663 5255
664 5255
665 5255
666 5255
667 5255
668 5255
669 5417
670 5417
671 5417
672 5417
673 5417
674 5417
675 5417
676 5417
677 5417
678 5417
679 5417
680 5417
681 5417
682 5417
683 5417
684 5417
685 5417
686 5417
687 5417
688 5417
689 5417
690 5417
691 5417
692 5417
693 5417
694 5417
695 5417
696 5417
697 5417
698 5417
699 5417
700 5417
701 5417
702 5417
703 5417
704 5417
705 5417
706 5417
707 5417
708 5417
709 5567
710 5567
711 5567
712 5567
713 5567
714 5567
715 5567
716 5567
717 5567
718 5567
719 5567
720 5567
721 5567
722 5567
723 5567
724 5567
725 5567
726 5567
727 5567
728 5567
729 5567
730 5567
731 5567
732 5567
733 5567
734 5567
735 5567
736 5567
737 5567
738 5567
739 5567
740 5567
741 5567
742 5567
743 5567
744 5567
745 5567
746 5567
747 5567
748 5717
749 5717
750 5717
751 5717
752 5717
753 5717
754 5717
755 5717
756 5717
757 5717
758 5717
759 5717
760 5717
761 5717
762 5717
763 5717
764 5717
765 5717
766 5717
767 5717
768 5717
769 5717
770 5717
771 5717
772 5717
773 5717
774 5717
775 5717
776 5717
777 5717
778 5717
779 5717
780 5717
781 5717
782 5717
783 5717
784 5717
785 5717
786 5717
787 5717
788 5879
789 5879
790 5879
791 5879
792 5879
793 5879
794 5879
795 5879
796 5879
797 5879
798 5879
799 5879
800 5879
801 5879
802 5879
803 5879
804 5879
805 5879
806 5879
807 5879
808 5879
809 5879
810 5879
811 5879
812 5879
813 5879
814 5879
815 5879
816 5879
817 5879
818 5879
819 5879
820 5879
821 5879
822 5879
823 5879
824 5879
825 5879
826 5879
827 5879
828 5879
829 5879
830 5879
831 5879
832 6026
833 6026
834 6026
835 6026
836 6026
837 6026
838 6026
839 6026
840 6026
841 6026
842 6026
843 6026
844 6026
845 6026
846 6026
847 6026
848 6026
849 6026
850 6026
851 6026
852 6026
853 6026
854 6026
855 6026
856 6026
857 6026
858 6026
859 6026
860 6026
861 6026
862 6026
863 6026
864 6026
865 6026
866 6026
867 6026
868 6026
869 6026
870 6026
871 6026
872 6188
873 6188
874 6188
875 6188
876 6188
877 6188
878 6188
879 6188
880 6188
881 6188
882 6188
883 6188
884 6188
885 6188
886 6188
887 6188
888 6188
889 6188
890 6188
891 6188
892 6188
893 6188
894 6188
895 6188
896 6188
897 6188
898 6188
899 6188
900 6188
901 6188
902 6188
903 6188
904 6188
905 6188
906 6188
907 6188
908 6188
909 6188
910 6188
911 6188
912 6188
913 6188
914 6188
915 6188
916 6188
917 6188
918 6335
919 6335
920 6335
921 6335
922 6335
923 6335
924 6335
925 6335
926 6335
927 6335
928 6335
929 6335
930 6335
931 6335
932 6335
933 6335
934 6335
935 6335
936 6335
937 6335
938 6335
939 6335
940 6335
941 6335
942 6335
943 6335
944 6335
945 6335
946 6335
947 6335
948 6335
949 6335
950 6335
951 6335
952 6335
953 6335
954 6335
955 6335
956 6335
957 6335
958 6335
959 6335
960 6497
961 6497
962 6497
963 6497
964 6497
965 6497
966 6497
967 6497
968 6497
969 6497
970 6497
971 6497
972 6497
973 6497
974 6497
975 6497
976 6497
977 6497
978 6497
979 6497
980 6497
981 6497
982 6497
983 6497
984 6497
985 6497
986 6497
987 6497
988 6497
989 6497
990 6497
991 6497
992 6497
993 6497
994 6497
995 6497
996 6497
997 6497
998 6497
999 6497
1000 6497
1001 6497
1002 6497
1003 6497
1004 6497
1005 6497
1006 6497
1007 6639
1008 6639
1009 6639
1010 6639
1011 6639
1012 6639
1013 6639
1014 6639
1015 6639
1016 6639
1017 6639
1018 6639
1019 6639
1020 6639
1021 6639
1022 6639
1023 6639
1024 6639
1025 6639
1026 6639
1027 6639
1028 6639
1029 6639
1030 6639
1031 6639
1032 6639
1033 6639
1034 6639
1035 6639
1036 6639
1037 6639
1038 6639
1039 6639
1040 6639
1041 6639
1042 6639
1043 6639
1044 6639
1045 6639
1046 6639
1047 6639
1048 6639
1049 6639
1050 6639
1051 6783
1052 6783
1053 6783
1054 6783
1055 6783
1056 6783
1057 6783
1058 6783
1059 6783
1060 6783
1061 6783
1062 6783
1063 6783
1064 6783
1065 6783
1066 6783
1067 6783
1068 6783
1069 6783
1070 6783
1071 6783
1072 6783
1073 6783
1074 6783
1075 6783
1076 6783
1077 6783
1078 6783
1079 6783
1080 6783
1081 6783
1082 6783
1083 6783
1084 6783
1085 6783
1086 6783
1087 6783
1088 6783
1089 6783
1090 6783
1091 6783
1092 6783
1093 6783
1094 6783
1095 6927
1096 6927
1097 6927
1098 6927
1099 6927
1100 6927
1101 6927
1102 6927
1103 6927
1104 6927
1105 6927
1106 6927
1107 6927
1108 6927
1109 6927
1110 6927
1111 6927
1112 6927
1113 6927
1114 6927
1115 6927
1116 6927
1117 6927
1118 6927
1119 6927
1120 6927
1121 6927
1122 6927
1123 6927
1124 6927
1125 6927
1126 6927
1127 6927
1128 6927
1129 6927
1130 6927
1131 6927
1132 6927
1133 6927
1134 6927
1135 6927
1136 6927
1137 6927
1138 6927
1139 6927
1140 6927
1141 7077
1142 7077
1143 7077
1144 7077
1145 7077
1146 7077
1147 7077
1148 7077
1149 7077
1150 7077
1151 7077
1152 7077
1153 7077
1154 7077
1155 7077
1156 7077
1157 7077
1158 7077
1159 7077
1160 7077
1161 7077
1162 7077
1163 7077
1164 7077
1165 7077
1166 7077
1167 7077
1168 7077
1169 7077
1170 7077
1171 7077
1172 7077
1173 7077
1174 7077
1175 7077
1176 7077
1177 7077
1178 7077
1179 7077
1180 7077
1181 7077
1182 7077
1183 7077
1184 7077
1185 7077
1186 7077
1187 7077
1188 7077
1189 7077
1190 7239
1191 7239
1192 7239
1193 7239
1194 7239
1195 7239
1196 7239
1197 7239
1198 7239
1199 7239
1200 7239
1201 7239
1202 7239
1203 7239
1204 7239
1205 7239
1206 7239
1207 7239
1208 7239
1209 7239
1210 7239
1211 7239
1212 7239
1213 7239
1214 7239
1215 7239
1216 7239
1217 7239
1218 7239
1219 7239
1220 7239
1221 7239
1222 7239
1223 7239
1224 7239
1225 7239
1226 7239
1227 7239
1228 7239
1229 7239
1230 7239
1231 7239
1232 7239
1233 7239
1234 7239
1235 7239
1236 7239
1237 7239
1238 7239
1239 7239
1240 7239
1241 7239
1242 7239
1243 7399
1244 7399
1245 7399
1246 7399
1247 7399
1248 7399
1249 7399
1250 7399
1251 7399
1252 7399
1253 7399
1254 7399
1255 7399
1256 7399
1257 7399
1258 7399
1259 7399
1260 7399
1261 7399
1262 7399
1263 7399
1264 7399
1265 7399
1266 7399
1267 7399
1268 7399
1269 7399
1270 7399
1271 7399
1272 7399
1273 7399
1274 7399
1275 7399
1276 7399
1277 7399
1278 7399
1279 7399
1280 7399
1281 7399
1282 7399
1283 7399
1284 7399
1285 7399
1286 7399
1287 7399
1288 7399
1289 7399
1290 7399
1291 7399
1292 7399
1293 7399
1294 7399
1295 7399
1296 7399
1297 7399
1298 7543
1299 7543
1300 7543
1301 7543
1302 7543
1303 7543
1304 7543
1305 7543
1306 7543
1307 7543
1308 7543
1309 7543
1310 7543
1311 7543
1312 7543
1313 7543
1314 7543
1315 7543
1316 7543
1317 7543
1318 7543
1319 7543
1320 7543
1321 7543
1322 7543
1323 7543
1324 7543
1325 7543
1326 7543
1327 7543
1328 7543
1329 7543
1330 7543
1331 7543
1332 7543
1333 7543
1334 7543
1335 7543
1336 7543
1337 7543
1338 7543
1339 7543
1340 7543
1341 7543
1342 7543
1343 7543
1344 7543
1345 7543
1346 7543
1347 7543
1348 7679
1349 7679
1350 7679
1351 7679
1352 7679
1353 7679
1354 7679
1355 7679
1356 7679
1357 7679
1358 7679
1359 7679
1360 7679
1361 7679
1362 7679
1363 7679
1364 7679
1365 7679
1366 7679
1367 7679
1368 7679
1369 7679
1370 7679
1371 7679
1372 7679
1373 7679
1374 7679
1375 7679
1376 7679
1377 7679
1378 7679
1379 7679
1380 7679
1381 7679
1382 7679
1383 7679
1384 7679
1385 7679
1386 7679
1387 7679
1388 7679
1389 7679
1390 7679
1391 7679
1392 7679
1393 7679
1394 7679
1395 7679
1396 7823
1397 7823
1398 7823
1399 7823
1400 7823
1401 7823
1402 7823
1403 7823
1404 7823
1405 7823
1406 7823
1407 7823
1408 7823
1409 7823
1410 7823
1411 7823
1412 7823
1413 7823
1414 7823
1415 7823
1416 7823
1417 7823
1418 7823
1419 7823
1420 7823
1421 7823
1422 7823
1423 7823
1424 7823
1425 7823
1426 7823
1427 7823
1428 7823
1429 7823
1430 7823
1431 7823
1432 7823
1433 7823
1434 7823
1435 7823
1436 7823
1437 7823
1438 7823
1439 7823
1440 7823
1441 7823
1442 7823
1443 7823
1444 7823
1445 7823
1446 7823
1447 7982
1448 7982
1449 7982
1450 7982
1451 7982
1452 7982
1453 7982
1454 7982
1455 7982
1456 7982
1457 7982
1458 7982
1459 7982
1460 7982
1461 7982
1462 7982
1463 7982
1464 7982
1465 7982
1466 7982
1467 7982
1468 7982
1469 7982
1470 7982
1471 7982
1472 7982
1473 7982
1474 7982
1475 7982
1476 7982
1477 7982
1478 7982
1479 7982
1480 7982
1481 7982
1482 7982
1483 7982
1484 7982
1485 7982
1486 7982
1487 7982
1488 7982
1489 7982
1490 7982
1491 7982
1492 7982
1493 7982
1494 7982
1495 7982
1496 7982
1497 7982
1498 7982
1499 7982
1500 7982
1501 7982
1502 7982
1503 7982
1504 8149
1505 8149
1506 8149
1507 8149
1508 8149
1509 8149
1510 8149
1511 8149
1512 8149
1513 8149
1514 8149
1515 8149
1516 8149
1517 8149
1518 8149
1519 8149
1520 8149
1521 8149
1522 8149
1523 8149
1524 8149
1525 8149
1526 8149
1527 8149
1528 8149
1529 8149
1530 8149
1531 8149
1532 8149
1533 8149
1534 8149
1535 8149
1536 8149
1537 8149
1538 8149
1539 8149
1540 8149
1541 8149
1542 8149
1543 8149
1544 8149
1545 8149
1546 8149
1547 8149
1548 8149
1549 8149
1550 8149
1551 8149
1552 8149
1553 8149
1554 8149
1555 8149
1556 8149
1557 8149
1558 8149
1559 8149
1560 8149
1561 8149
1562 8149
1563 8149
1564 8149
1565 8149
1566 8293
1567 8293
1568 8293
1569 8293
1570 8293
1571 8293
1572 8293
1573 8293
1574 8293
1575 8293
1576 8293
1577 8293
1578 8293
1579 8293
1580 8293
1581 8293
1582 8293
1583 8293
1584 8293
1585 8293
1586 8293
1587 8293
1588 8293
1589 8293
1590 8293
1591 8293
1592 8293
1593 8293
1594 8293
1595 8293
1596 8293
1597 8293
1598 8293
1599 8293
1600 8293
1601 8293
1602 8293
1603 8293
1604 8293
1605 8293
1606 8293
1607 8293
1608 8293
1609 8293
1610 8293
1611 8293
1612 8293
1613 8293
1614 8293
1615 8293
1616 8293
1617 8293
1618 8293
1619 8293
1620 8293
1621 8443
1622 8443
1623 8443
1624 8443
1625 8443
1626 8443
1627 8443
1628 8443
1629 8443
1630 8443
1631 8443
1632 8443
1633 8443
1634 8443
1635 8443
1636 8443
1637 8443
1638 8443
1639 8443
1640 8443
1641 8443
1642 8443
1643 8443
1644 8443
1645 8443
1646 8443
1647 8443
1648 8443
1649 8443
1650 8443
1651 8443
1652 8443
1653 8443
1654 8443
1655 8443
1656 8443
1657 8443
1658 8443
1659 8443
1660 8443
1661 8443
1662 8443
1663 8443
1664 8443
1665 8443
1666 8443
1667 8443
1668 8443
1669 8443
1670 8443
1671 8443
1672 8443
1673 8443
1674 8443
1675 8443
1676 8443
1677 8443
1678 8443
1679 8587
1680 8587
1681 8587
1682 8587
1683 8587
1684 8587
1685 8587
1686 8587
1687 8587
1688 8587
1689 8587
1690 8587
1691 8587
1692 8587
1693 8587
1694 8587
1695 8587
1696 8587
1697 8587
1698 8587
1699 8587
1700 8587
1701 8587
1702 8587
1703 8587
1704 8587
1705 8587
1706 8587
1707 8587
1708 8587
1709 8587
1710 8587
1711 8587
1712 8587
1713 8587
1714 8587
1715 8587
1716 8587
1717 8587
1718 8587
1719 8587
1720 8587
1721 8587
1722 8587
1723 8587
1724 8587
1725 8587
1726 8587
1727 8587
1728 8587
1729 8587
1730 8587
1731 8587
1732 8587
1733 8587
1734 8587
1735 8737
1736 8737
1737 8737
1738 8737
1739 8737
1740 8737
1741 8737
1742 8737
1743 8737
1744 8737
1745 8737
1746 8737
1747 8737
1748 8737
1749 8737
1750 8737
1751 8737
1752 8737
1753 8737
1754 8737
1755 8737
1756 8737
1757 8737
1758 8737
1759 8737
1760 8737
1761 8737
1762 8737
1763 8737
1764 8737
1765 8737
1766 8737
1767 8737
1768 8737
1769 8737
1770 8737
1771 8737
1772 8737
1773 8737
1774 8737
1775 8737
1776 8737
1777 8737
1778 8737
1779 8737
1780 8737
1781 8737
1782 8737
1783 8737
1784 8737
1785 8737
1786 8737
1787 8737
1788 8737
1789 8737
1790 8737
1791 8737
1792 8737
1793 8737
1794 8737
1795 8737
1796 8878
1797 8878
1798 8878
1799 8878
1800 8878
1801 8878
1802 8878
1803 8878
1804 8878
1805 8878
1806 8878
1807 8878
1808 8878
1809 8878
1810 8878
1811 8878
1812 8878
1813 8878
1814 8878
1815 8878
1816 8878
1817 8878
1818 8878
1819 8878
1820 8878
1821 8878
1822 8878
1823 8878
1824 8878
1825 8878
1826 8878
1827 8878
1828 8878
1829 8878
1830 8878
1831 8878
1832 8878
1833 8878
1834 8878
1835 8878
1836 8878
1837 8878
1838 8878
1839 8878
1840 8878
1841 8878
1842 8878
1843 8878
1844 8878
1845 8878
1846 8878
1847 8878
1848 8878
1849 8878
1850 8878
1851 8878
1852 8878
1853 8904
1854 8904
1855 8904
1856 8904
1857 8904
1858 8904
1859 8904
1860 8904
1861 8904
1862 8904
1863 8904
1864 8904
1865 8904
1866 9066
1867 9066
1868 9066
1869 9066
1870 9066
1871 9066
1872 9066
1873 9066
1874 9066
1875 9066
1876 9066
1877 9066
1878 9066
1879 9066
1880 9066
1881 9066
1882 9066
1883 9066
1884 9066
1885 9066
1886 9066
1887 9066
1888 9066
1889 9066
1890 9066
1891 9066
1892 9066
1893 9066
1894 9066
1895 9066
1896 9066
1897 9066
1898 9066
1899 9066
1900 9066
1901 9066
1902 9066
1903 9066
1904 9066
1905 9066
1906 9066
1907 9066
1908 9066
1909 9066
1910 9066
1911 9066
1912 9066
1913 9066
1914 9066
1915 9066
1916 9066
1917 9066
1918 9066
1919 9066
1920 9066
1921 9066
1922 9066
1923 9066
1924 9066
1925 9066
1926 9066
1927 9066
1928 9066
1929 9066
1930 9066
1931 9066
1932 9066
1933 9211
1934 9211
1935 9211
1936 9211
1937 9211
1938 9211
1939 9211
1940 9211
1941 9211
1942 9211
1943 9211
1944 9211
1945 9211
1946 9211
1947 9211
1948 9211
1949 9211
1950 9211
1951 9211
1952 9211
1953 9211
1954 9211
1955 9211
1956 9211
1957 9211
1958 9211
1959 9211
1960 9211
1961 9211
1962 9211
1963 9211
1964 9211
1965 9211
1966 9211
1967 9211
1968 9211
1969 9211
1970 9211
1971 9211
1972 9211
1973 9211
1974 9211
1975 9211
1976 9211
1977 9211
1978 9211
1979 9211
1980 9211
1981 9211
1982 9211
1983 9211
1984 9211
1985 9211
1986 9211
1987 9211
1988 9211
1989 9211
1990 9211
1991 9211
1992 9211
1993 9211
1994 9211
1995 9369
1996 9369
1997 9369
1998 9369
1999 9369
2000 9369
2001 9369
2002 9369
2003 9369
2004 9369
2005 9369
2006 9369
2007 9369
2008 9369
2009 9369
2010 9369
2011 9369
2012 9369
2013 9369
2014 9369
2015 9369
2016 9369
2017 9369
2018 9369
2019 9369
2020 9369
2021 9369
2022 9369
2023 9369
2024 9369
2025 9369
2026 9369
2027 9369
2028 9369
2029 9369
2030 9369
2031 9369
2032 9369
2033 9369
2034 9369
2035 9369
2036 9369
2037 9369
2038 9369
2039 9369
2040 9369
2041 9369
2042 9369
2043 9369
2044 9369
2045 9369
2046 9369
2047 9369
2048 9369
2049 9369
2050 9369
2051 9369
2052 9369
2053 9369
2054 9369
2055 9369
2056 9369
2057 9369
2058 9369
2059 9369
2060 9369
2061 9369
2062 9519
2063 9519
2064 9519
2065 9519
2066 9519
2067 9519
2068 9519
2069 9519
2070 9519
2071 9519
2072 9519
2073 9519
2074 9519
2075 9519
2076 9519
2077 9519
2078 9519
2079 9519
2080 9519
2081 9519
2082 9519
2083 9519
2084 9519
2085 9519
2086 9519
2087 9519
2088 9519
2089 9519
2090 9519
2091 9519
2092 9519
2093 9519
2094 9519
2095 9519
2096 9519
2097 9519
2098 9519
2099 9519
2100 9519
2101 9519
2102 9519
2103 9519
2104 9519
2105 9519
2106 9519
2107 9519
2108 9519
2109 9519
2110 9519
2111 9519
2112 9519
2113 9519
2114 9519
2115 9519
2116 9519
2117 9519
2118 9519
2119 9519
2120 9519
2121 9519
2122 9519
2123 9519
2124 9519
2125 9519
2126 9519
2127 9519
2128 9681
2129 9681
2130 9681
2131 9681
2132 9681
2133 9681
2134 9681
2135 9681
2136 9681
2137 9681
2138 9681
2139 9681
2140 9681
2141 9681
2142 9681
2143 9681
2144 9681
2145 9681
2146 9681
2147 9681
2148 9681
2149 9681
2150 9681
2151 9681
2152 9681
2153 9681
2154 9681
2155 9681
2156 9681
2157 9681
2158 9681
2159 9681
2160 9681
2161 9681
2162 9681
2163 9681
2164 9681
2165 9681
2166 9681
2167 9681
2168 9681
2169 9681
2170 9681
2171 9681
2172 9681
2173 9681
2174 9681
2175 9681
2176 9681
2177 9681
2178 9681
2179 9681
2180 9681
2181 9681
2182 9681
2183 9681
2184 9681
2185 9681
2186 9681
2187 9681
2188 9681
2189 9681
2190 9681
2191 9681
2192 9681
2193 9681
2194 9681
2195 9681
2196 9681
2197 9681
2198 9681
2199 9681
2200 9681
2201 9825
2202 9825
2203 9825
2204 9825
2205 9825
2206 9825
2207 9825
2208 9825
2209 9825
2210 9825
2211 9825
2212 9825
2213 9825
2214 9825
2215 9825
2216 9825
2217 9825
2218 9825
2219 9825
2220 9825
2221 9825
2222 9825
2223 9825
2224 9825
2225 9825
2226 9825
2227 9825
2228 9825
2229 9825
2230 9825
2231 9825
2232 9825
2233 9825
2234 9825
2235 9825
2236 9825
2237 9825
2238 9825
2239 9825
2240 9825
2241 9825
2242 9825
2243 9825
2244 9825
2245 9825
2246 9825
2247 9825
2248 9825
2249 9825
2250 9825
2251 9825
2252 9825
2253 9825
2254 9825
2255 9825
2256 9825
2257 9825
2258 9825
2259 9825
2260 9825
2261 9825
2262 9825
2263 9825
2264 9825
2265 9825
2266 9972
2267 9972
2268 9972
2269 9972
2270 9972
2271 9972
2272 9972
2273 9972
2274 9972
2275 9972
2276 9972
2277 9972
2278 9972
2279 9972
2280 9972
2281 9972
2282 9972
2283 9972
2284 9972
2285 9972
2286 9972
2287 9972
2288 9972
2289 9972
2290 9972
2291 9972
2292 9972
2293 9972
2294 9972
2295 9972
2296 9972
2297 9972
2298 9972
2299 9972
2300 9972
2301 9972
2302 9972
2303 9972
2304 9972
2305 9972
2306 9972
2307 9972
2308 9972
2309 9972
2310 9972
2311 9972
2312 9972
2313 9972
2314 9972
2315 9972
2316 9972
2317 9972
2318 9972
2319 9972
2320 9972
2321 9972
2322 9972
2323 9972
2324 9972
2325 9972
2326 9972
2327 9972
2328 9972
2329 9972
2330 9972
2331 9972
2332 9972
2333 9972
2334 10134
2335 10134
2336 10134
2337 10134
2338 10134
2339 10134
2340 10134
2341 10134
2342 10134
2343 10134
2344 10134
2345 10134
2346 10134
2347 10134
2348 10134
2349 10134
2350 10134
2351 10134
2352 10134
2353 10134
2354 10134
2355 10134
2356 10134
2357 10134
2358 10134
2359 10134
2360 10134
2361 10134
2362 10134
2363 10134
2364 10134
2365 10134
2366 10134
2367 10134
2368 10134
2369 10134
2370 10134
2371 10134
2372 10134
2373 10134
2374 10134
2375 10134
2376 10134
2377 10134
2378 10134
2379 10134
2380 10134
2381 10134
2382 10134
2383 10134
2384 10134
2385 10134
2386 10134
2387 10134
2388 10134
2389 10134
2390 10134
2391 10134
2392 10134
2393 10134
2394 10134
2395 10134
2396 10134
2397 10134
2398 10134
2399 10134
2400 10134
2401 10134
2402 10134
2403 10134
2404 10134
2405 10134
2406 10134
2407 10134
2408 10134
2409 10284
2410 10284
2411 10284
2412 10284
2413 10284
2414 10284
2415 10284
2416 10284
2417 10284
2418 10284
2419 10284
2420 10284
2421 10284
2422 10284
2423 10284
2424 10284
2425 10284
2426 10284
2427 10284
2428 10284
2429 10284
2430 10284
2431 10284
2432 10284
2433 10284
2434 10284
2435 10284
2436 10284
2437 10284
2438 10284
2439 10284
2440 10284
2441 10284
2442 10284
2443 10284
2444 10284
2445 10284
2446 10284
2447 10284
2448 10284
2449 10284
2450 10284
2451 10284
2452 10284
2453 10284
2454 10284
2455 10284
2456 10284
2457 10284
2458 10284
2459 10284
2460 10284
2461 10284
2462 10284
2463 10284
2464 10284
2465 10284
2466 10284
2467 10284
2468 10284
2469 10284
2470 10284
2471 10284
2472 10284
2473 10284
2474 10284
2475 10284
2476 10284
2477 10284
2478 10284
2479 10284
2480 10284
2481 10428
2482 10428
2483 10428
2484 10428
2485 10428
2486 10428
2487 10428
2488 10428
2489 10428
2490 10428
2491 10428
2492 10428
2493 10428
2494 10428
2495 10428
2496 10428
2497 10428
2498 10428
2499 10428
2500 10428
2501 10428
2502 10428
2503 10428
2504 10428
2505 10428
2506 10428
2507 10428
2508 10428
2509 10428
2510 10428
2511 10428
2512 10428
2513 10428
2514 10428
2515 10428
2516 10428
2517 10428
2518 10428
2519 10428
2520 10428
2521 10428
2522 10428
2523 10428
2524 10428
2525 10428
2526 10428
2527 10428
2528 10428
2529 10428
2530 10428
2531 10428
2532 10428
2533 10428
2534 10428
2535 10428
2536 10428
2537 10428
2538 10428
2539 10428
2540 10428
2541 10428
2542 10428
2543 10428
2544 10428
2545 10428
2546 10428
2547 10428
2548 10428
2549 10428
2550 10428
2551 10578
2552 10578
2553 10578
2554 10578
2555 10578
2556 10578
2557 10578
2558 10578
2559 10578
2560 10578
2561 10578
2562 10578
2563 10578
2564 10578
2565 10578
2566 10578
2567 10578
2568 10578
2569 10578
2570 10578
2571 10578
2572 10578
2573 10578
2574 10578
2575 10578
2576 10578
2577 10578
2578 10578
2579 10578
2580 10578
2581 10578
2582 10578
2583 10578
2584 10578
2585 10578
2586 10578
2587 10578
2588 10578
2589 10578
2590 10578
2591 10578
2592 10578
2593 10578
2594 10578
2595 10578
2596 10578
2597 10578
2598 10578
2599 10578
2600 10578
2601 10578
2602 10578
2603 10578
2604 10578
2605 10578
2606 10578
2607 10578
2608 10578
2609 10578
2610 10578
2611 10578
2612 10578
2613 10578
2614 10578
2615 10578
2616 10578
2617 10578
2618 10578
2619 10578
2620 10578
2621 10578
2622 10578
2623 10578
2624 10578
2625 10578
2626 10578
2627 10578
2628 10578
2629 10728
2630 10728
2631 10728
2632 10728
2633 10728
2634 10728
2635 10728
2636 10728
2637 10728
2638 10728
2639 10728
2640 10728
2641 10728
2642 10728
2643 10728
2644 10728
2645 10728
2646 10728
2647 10728
2648 10728
2649 10728
2650 10728
2651 10728
2652 10728
2653 10728
2654 10728
2655 10728
2656 10728
2657 10728
2658 10728
2659 10728
2660 10728
2661 10728
2662 10728
2663 10728
2664 10728
2665 10728
2666 10728
2667 10728
2668 10728
2669 10728
2670 10728
2671 10728
2672 10728
2673 10728
2674 10728
2675 10728
2676 10728
2677 10728
2678 10728
2679 10728
2680 10728
2681 10728
2682 10728
2683 10728
2684 10728
2685 10728
2686 10728
2687 10728
2688 10728
2689 10728
2690 10728
2691 10728
2692 10728
2693 10728
2694 10728
2695 10728
2696 10728
2697 10728
2698 10728
2699 10728
2700 10728
2701 10728
2702 10728
2703 10728
2704 10728
2705 10890
2706 10890
2707 10890
2708 10890
2709 10890
2710 10890
2711 10890
2712 10890
2713 10890
2714 10890
2715 10890
2716 10890
2717 10890
2718 10890
2719 10890
2720 10890
2721 10890
2722 10890
2723 10890
2724 10890
2725 10890
2726 10890
2727 10890
2728 10890
2729 10890
2730 10890
2731 10890
2732 10890
2733 10890
2734 10890
2735 10890
2736 10890
2737 10890
2738 10890
2739 10890
2740 10890
2741 10890
2742 10890
2743 10890
2744 10890
2745 10890
2746 10890
2747 10890
2748 10890
2749 10890
2750 10890
2751 10890
2752 10890
2753 10890
2754 10890
2755 10890
2756 10890
2757 10890
2758 10890
2759 10890
2760 10890
2761 10890
2762 10890
2763 10890
2764 10890
2765 10890
2766 10890
2767 10890
2768 10890
2769 10890
2770 10890
2771 10890
2772 10890
2773 10890
2774 10890
2775 10890
2776 10890
2777 10890
2778 10890
2779 10890
2780 10890
2781 10890
2782 10890
2783 10890
2784 10890
2785 10890
2786 10890
2787 11034
2788 11034
2789 11034
2790 11034
2791 11034
2792 11034
2793 11034
2794 11034
2795 11034
2796 11034
2797 11034
2798 11034
2799 11034
2800 11034
2801 11034
2802 11034
2803 11034
2804 11034
2805 11034
2806 11034
2807 11034
2808 11034
2809 11034
2810 11034
2811 11034
2812 11034
2813 11034
2814 11034
2815 11034
2816 11034
2817 11034
2818 11034
2819 11034
2820 11034
2821 11034
2822 11034
2823 11034
2824 11034
2825 11034
2826 11034
2827 11034
2828 11034
2829 11034
2830 11034
2831 11034
2832 11034
2833 11034
2834 11034
2835 11034
2836 11034
2837 11034
2838 11034
2839 11034
2840 11034
2841 11034
2842 11034
2843 11034
2844 11034
2845 11034
2846 11034
2847 11034
2848 11034
2849 11034
2850 11034
2851 11034
2852 11034
2853 11034
2854 11034
2855 11034
2856 11034
2857 11034
2858 11034
2859 11034
2860 11034
2861 11165
2862 11165
2863 11165
2864 11165
2865 11165
2866 11165
2867 11165
2868 11165
2869 11165
2870 11165
2871 11165
2872 11165
2873 11165
2874 11165
2875 11165
2876 11165
2877 11165
2878 11165
2879 11165
2880 11165
2881 11165
2882 11165
2883 11165
2884 11165
2885 11165
2886 11165
2887 11165
2888 11165
2889 11165
2890 11165
2891 11165
2892 11165
2893 11165
2894 11165
2895 11165
2896 11165
2897 11165
2898 11165
2899 11165
2900 11165
2901 11165
2902 11165
2903 11165
2904 11165
2905 11165
2906 11165
2907 11165
2908 11165
2909 11165
2910 11165
2911 11165
2912 11165
2913 11165
2914 11165
2915 11165
2916 11165
2917 11165
2918 11165
2919 11165
2920 11165
2921 11165
2922 11165
2923 11165
2924 11165
2925 11165
2926 11165
2927 11165
2928 11165
2929 11165
2930 11327
2931 11327
2932 11327
2933 11327
2934 11327
2935 11327
2936 11327
2937 11327
2938 11327
2939 11327
2940 11327
2941 11327
2942 11327
2943 11327
2944 11327
2945 11327
2946 11327
2947 11327
2948 11327
2949 11327
2950 11327
2951 11327
2952 11327
2953 11327
2954 11327
2955 11327
2956 11327
2957 11327
2958 11327
2959 11327
2960 11327
2961 11327
2962 11327
2963 11327
2964 11327
2965 11327
2966 11327
2967 11327
2968 11327
2969 11327
2970 11327
2971 11327
2972 11327
2973 11327
2974 11327
2975 11327
2976 11327
2977 11327
2978 11327
2979 11327
2980 11327
2981 11327
2982 11327
2983 11327
2984 11327
2985 11327
2986 11327
2987 11327
2988 11327
2989 11327
2990 11327
2991 11327
2992 11327
2993 11327
2994 11327
2995 11327
2996 11327
2997 11327
2998 11327
2999 11327
3000 11327
3001 11327
3002 11327
3003 11327
3004 11327
3005 11327
3006 11327
3007 11327
3008 11327
3009 11327
3010 11327
3011 11327
3012 11327
3013 11327
3014 11327
3015 11327
3016 11467
3017 11467
3018 11467
3019 11467
3020 11467
3021 11467
3022 11467
3023 11467
3024 11467
3025 11467
3026 11467
3027 11467
3028 11467
3029 11467
3030 11467
3031 11467
3032 11467
3033 11467
3034 11467
3035 11467
3036 11467
3037 11467
3038 11467
3039 11467
3040 11467
3041 11467
3042 11467
3043 11467
3044 11467
3045 11467
3046 11467
3047 11467
3048 11467
3049 11467
3050 11467
3051 11467
3052 11467
3053 11467
3054 11467
3055 11467
3056 11467
3057 11467
3058 11467
3059 11467
3060 11467
3061 11467
3062 11467
3063 11467
3064 11467
3065 11467
3066 11467
3067 11467
3068 11467
3069 11467
3070 11467
3071 11467
3072 11467
3073 11467
3074 11467
3075 11467
3076 11467
3077 11467
3078 11467
3079 11467
3080 11467
3081 11467
3082 11467
3083 11467
3084 11467
3085 11467
3086 11467
3087 11467
3088 11467
3089 11467
3090 11467
3091 11609
3092 11609
3093 11609
3094 11609
3095 11609
3096 11609
3097 11609
3098 11609
3099 11609
3100 11609
3101 11609
3102 11609
3103 11609
3104 11609
3105 11609
3106 11609
3107 11609
3108 11609
3109 11609
3110 11609
3111 11609
3112 11609
3113 11609
3114 11609
3115 11609
3116 11609
3117 11609
3118 11609
3119 11609
3120 11609
3121 11609
3122 11609
3123 11609
3124 11609
3125 11609
3126 11609
3127 11609
3128 11609
3129 11609
3130 11609
3131 11609
3132 11609
3133 11609
3134 11609
3135 11609
3136 11609
3137 11609
3138 11609
3139 11609
3140 11609
3141 11609
3142 11609
3143 11609
3144 11609
3145 11609
3146 11609
3147 11609
3148 11609
3149 11609
3150 11609
3151 11609
3152 11609
3153 11609
3154 11609
3155 11609
3156 11609
3157 11609
3158 11609
3159 11609
3160 11609
3161 11609
3162 11609
3163 11609
3164 11609
3165 11609
3166 11609
3167 11609
3168 11771
3169 11771
3170 11771
3171 11771
3172 11771
3173 11771
3174 11771
3175 11771
3176 11771
3177 11771
3178 11771
3179 11771
3180 11771
3181 11771
3182 11771
3183 11771
3184 11771
3185 11771
3186 11771
3187 11771
3188 11771
3189 11771
3190 11771
3191 11771
3192 11771
3193 11771
3194 11771
3195 11771
3196 11771
3197 11771
3198 11771
3199 11771
3200 11771
3201 11771
3202 11771
3203 11771
3204 11771
3205 11771
3206 11771
3207 11771
3208 11771
3209 11771
3210 11771
3211 11771
3212 11771
3213 11771
3214 11771
3215 11771
3216 11771
3217 11771
3218 11771
3219 11771
3220 11771
3221 11771
3222 11771
3223 11771
3224 11771
3225 11771
3226 11771
3227 11771
3228 11771
3229 11771
3230 11771
3231 11771
3232 11771
3233 11771
3234 11771
3235 11771
3236 11771
3237 11771
3238 11771
3239 11771
3240 11771
3241 11771
3242 11771
3243 11771
3244 11771
3245 11771
3246 11771
3247 11771
3248 11771
3249 11771
3250 11771
3251 11771
3252 11771
3253 11771
3254 11771
3255 11771
3256 11771
3257 11771
3258 11920
3259 11920
3260 11920
3261 11920
3262 11920
3263 11920
3264 11920
3265 11920
3266 11920
3267 11920
3268 11920
3269 11920
3270 11920
3271 11920
3272 11920
3273 11920
3274 11920
3275 11920
3276 11920
3277 11920
3278 11920
3279 11920
3280 11920
3281 11920
3282 11920
3283 11920
3284 11920
3285 11920
3286 11920
3287 11920
3288 11920
3289 11920
3290 11920
3291 11920
3292 11920
3293 11920
3294 11920
3295 11920
3296 11920
3297 11920
3298 11920
3299 11920
3300 11920
3301 11920
3302 11920
3303 11920
3304 11920
3305 11920
3306 11920
3307 11920
3308 11920
3309 11920
3310 11920
3311 11920
3312 11920
3313 11920
3314 11920
3315 11920
3316 11920
3317 11920
3318 11920
3319 11920
3320 11920
3321 11920
3322 11920
3323 11920
3324 11920
3325 11920
3326 11920
3327 11920
3328 11920
3329 11920
3330 11920
3331 11920
3332 11920
3333 11920
3334 11920
3335 11920
3336 11920
3337 11920
3338 11920
3339 11920
3340 11920
3341 11920
3342 12061
3343 12061
3344 12061
3345 12061
3346 12061
3347 12061
3348 12061
3349 12061
3350 12061
3351 12061
3352 12061
3353 12061
3354 12061
3355 12061
3356 12061
3357 12061
3358 12061
3359 12061
3360 12061
3361 12061
3362 12061
3363 12061
3364 12061
3365 12061
3366 12061
3367 12061
3368 12061
3369 12061
3370 12061
3371 12061
3372 12061
3373 12061
3374 12061
3375 12061
3376 12061
3377 12061
3378 12061
3379 12061
3380 12061
3381 12061
3382 12061
3383 12061
3384 12061
3385 12061
3386 12061
3387 12061
3388 12061
3389 12061
3390 12061
3391 12061
3392 12061
3393 12061
3394 12061
3395 12061
3396 12061
3397 12061
3398 12061
3399 12061
3400 12061
3401 12061
3402 12061
3403 12061
3404 12061
3405 12061
3406 12061
3407 12061
3408 12061
3409 12061
3410 12061
3411 12061
3412 12061
3413 12061
3414 12061
3415 12061
3416 12061
3417 12061
3418 12061
3419 12061
3420 12061
3421 12061
3422 12090
3423 12090
3424 12090
3425 12090
3426 12090
3427 12090
3428 12090
3429 12090
3430 12090
3431 12090
3432 12090
3433 12090
3434 12090
3435 12090
3436 12090
3437 12090
3438 12090
3439 12090
3440 12090
3441 12231
3442 12231
3443 12231
3444 12231
3445 12231
3446 12231
3447 12231
3448 12231
3449 12231
3450 12231
3451 12231
3452 12231
3453 12231
3454 12231
3455 12231
3456 12231
3457 12231
3458 12231
3459 12231
3460 12231
3461 12231
3462 12231
3463 12231
3464 12231
3465 12231
3466 12231
3467 12231
3468 12231
3469 12231
3470 12231
3471 12231
3472 12231
3473 12231
3474 12231
3475 12231
3476 12231
3477 12231
3478 12231
3479 12231
3480 12231
3481 12231
3482 12231
3483 12231
3484 12231
3485 12231
3486 12231
3487 12231
3488 12231
3489 12231
3490 12231
3491 12231
3492 12231
3493 12231
3494 12231
3495 12231
3496 12231
3497 12231
3498 12231
3499 12231
3500 12231
3501 12231
3502 12231
3503 12231
3504 12231
3505 12231
3506 12231
3507 12231
3508 12231
3509 12231
3510 12231
3511 12231
3512 12231
3513 12231
3514 12231
3515 12231
3516 12231
3517 12231
3518 12231
3519 12231
3520 12231
3521 12231
3522 12231
3523 12375
3524 12375
3525 12375
3526 12375
3527 12375
3528 12375
3529 12375
3530 12375
3531 12375
3532 12375
3533 12375
3534 12375
3535 12375
3536 12375
3537 12375
3538 12375
3539 12375
3540 12375
3541 12375
3542 12375
3543 12375
3544 12375
3545 12375
3546 12375
3547 12375
3548 12375
3549 12375
3550 12375
3551 12375
3552 12375
3553 12375
3554 12375
3555 12375
3556 12375
3557 12375
3558 12375
3559 12375
3560 12375
3561 12375
3562 12375
3563 12375
3564 12375
3565 12375
3566 12375
3567 12375
3568 12375
3569 12375
3570 12375
3571 12375
3572 12375
3573 12375
3574 12375
3575 12375
3576 12375
3577 12375
3578 12375
3579 12375
3580 12375
3581 12375
3582 12375
3583 12375
3584 12375
3585 12375
3586 12375
3587 12375
3588 12375
3589 12375
3590 12375
3591 12375
3592 12375
3593 12375
3594 12375
3595 12375
3596 12375
3597 12375
3598 12375
3599 12375
3600 12375
