1 276
2 276
3 437
4 437
5 437
6 437
7 580
8 580
9 580
10 580
11 683
12 683
13 683
14 683
15 788
16 788
17 788
18 788
19 788
20 894
21 894
22 894
23 894
24 894
25 1035
26 1035
27 1035
28 1035
29 1035
30 1035
31 1035
32 1139
33 1139
34 1139
35 1139
36 1139
37 1224
38 1224
39 1224
40 1224
41 1224
42 1224
43 1297
44 1297
45 1297
46 1297
47 1437
48 1437
49 1437
50 1437
51 1437
52 1437
53 1437
54 1437
55 1437
56 1437
57 1518
58 1518
59 1518
60 1518
61 1518
62 1518
63 1630
64 1630
65 1630
66 1630
67 1630
68 1630
69 1630
70 1630
71 1773
72 1773
73 1773
74 1773
75 1773
76 1773
77 1773
78 1773
79 1773
80 1773
81 1773
82 1773
83 1857
84 1857
85 1857
86 1857
87 1857
88 1857
89 1857
90 1886
91 1886
92 1886
93 2028
94 2028
95 2028
96 2028
97 2028
98 2028
99 2028
100 2028
101 2028
102 2028
103 2028
104 2028
105 2028
106 2052
107 2052
108 2052
109 2213
110 2213
111 2213
112 2213
113 2213
114 2213
115 2213
116 2213
117 2213
118 2213
119 2213
120 2213
121 2213
122 2213
123 2213
124 2213
125 2327
126 2327
127 2327
128 2327
129 2327
130 2327
131 2327
132 2327
133 2327
134 2327
135 2327
136 2327
137 2414
138 2414
139 2414
140 2414
141 2414
142 2414
143 2414
144 2414
145 2414
146 2414
147 2545
148 2545
149 2545
150 2545
151 2545
152 2545
153 2545
154 2545
155 2545
156 2545
157 2545
158 2545
159 2545
160 2545
161 2545
162 2658
163 2658
164 2658
165 2658
166 2658
167 2658
168 2658
169 2658
170 2658
171 2658
172 2658
173 2658
174 2658
175 2658
176 2773
177 2773
178 2773
179 2773
180 2773
181 2773
182 2773
183 2773
184 2773
185 2773
186 2773
187 2773
188 2773
189 2773
190 2914
191 2914
192 2914
193 2914
194 2914
195 2914
196 2914
197 2914
198 2914
199 2914
200 2914
201 2914
202 2914
203 2914
204 2914
205 2914
206 2914
207 2914
208 2914
209 3002
210 3002
211 3002
212 3002
213 3002
214 3002
215 3002
216 3002
217 3002
218 3002
219 3002
220 3002
221 3086
222 3086
223 3086
224 3086
225 3086
226 3086
227 3086
228 3086
229 3086
230 3086
231 3086
232 3086
233 3175
234 3175
235 3175
236 3175
237 3175
238 3175
239 3175
240 3175
241 3175
242 3175
243 3175
244 3175
245 3308
246 3308
247 3308
248 3308
249 3308
250 3308
251 3308
252 3308
253 3308
254 3308
255 3308
256 3308
257 3308
258 3308
259 3308
260 3308
261 3308
262 3308
263 3308
264 3308
265 3457
266 3457
267 3457
268 3457
269 3457
270 3457
271 3457
272 3457
273 3457
274 3457
275 3457
276 3457
277 3457
278 3457
279 3457
280 3457
281 3457
282 3457
283 3457
284 3457
285 3457
286 3457
287 3457
288 3483
289 3483
290 3483
291 3483
292 3483
293 3626
294 3626
295 3626
296 3626
297 3626
298 3626
299 3626
300 3626
301 3626
302 3626
303 3626
304 3626
305 3626
306 3626
307 3626
308 3626
309 3626
310 3626
311 3626
312 3626
313 3626
314 3626
315 3626
316 3768
317 3768
318 3768
319 3768
320 3768
321 3768
322 3768
323 3768
324 3768
325 3768
326 3768
327 3768
328 3768
329 3768
330 3768
331 3768
332 3768
333 3768
334 3768
335 3768
336 3768
337 3768
338 3768
339 3768
340 3898
341 3898
342 3898
343 3898
344 3898
345 3898
346 3898
347 3898
348 3898
349 3898
350 3898
351 3898
352 3898
353 3898
354 3898
355 3898
356 3898
357 3898
358 3898
359 3898
360 3898
361 3898
362 3924
363 3924
364 3924
365 3924
366 3924
367 3962
368 3962
369 3962
370 3962
371 3962
372 3962
373 3962
374 3962
375 4078
376 4078
377 4078
378 4078
379 4078
380 4078
381 4078
382 4078
383 4078
384 4078
385 4078
386 4078
387 4078
388 4078
389 4078
390 4078
391 4078
392 4078
393 4078
394 4078
395 4078
396 4215
397 4215
398 4215
399 4215
400 4215
401 4215
402 4215
403 4215
404 4215
405 4215
406 4215
407 4215
408 4215
409 4215
410 4215
411 4215
412 4215
413 4215
414 4215
415 4215
416 4215
417 4215
418 4215
419 4215
420 4215
421 4215
422 4357
423 4357
424 4357
425 4357
426 4357
427 4357
428 4357
429 4357
430 4357
431 4357
432 4357
433 4357
434 4357
435 4357
436 4357
437 4357
438 4357
439 4357
440 4357
441 4357
442 4357
443 4357
444 4357
445 4357
446 4357
447 4357
448 4357
449 4506
450 4506
451 4506
452 4506
453 4506
454 4506
455 4506
456 4506
457 4506
458 4506
459 4506
460 4506
461 4506
462 4506
463 4506
464 4506
465 4506
466 4506
467 4506
468 4506
469 4506
470 4506
471 4506
472 4506
473 4506
474 4506
475 4506
476 4506
477 4506
478 4506
479 4650
480 4650
481 4650
482 4650
483 4650
484 4650
485 4650
486 4650
487 4650
488 4650
489 4650
490 4650
491 4650
492 4650
493 4650
494 4650
495 4650
496 4650
497 4650
498 4650
499 4650
500 4650
501 4650
502 4650
503 4650
504 4650
505 4650
506 4650
507 4650
508 4650
509 4650
510 4805
511 4805
512 4805
513 4805
514 4805
515 4805
516 4805
517 4805
518 4805
519 4805
520 4805
521 4805
522 4805
523 4805
524 4805
525 4805
526 4805
527 4805
528 4805
529 4805
530 4805
531 4805
532 4805
533 4805
534 4805
535 4805
536 4805
537 4805
538 4805
539 4805
540 4805
541 4805
542 4805
543 4893
544 4893
545 4893
546 4893
547 4893
548 4893
549 4893
550 4893
551 4893
552 4893
553 4893
554 4893
555 4893
556 4893
557 4893
558 4893
559 4893
560 4893
561 4893
562 5011
563 5011
564 5011
565 5011
566 5011
567 5011
568 5011
569 5011
570 5011
571 5011
572 5011
573 5011
574 5011
575 5011
576 5011
577 5011
578 5011
579 5011
580 5011
581 5011
582 5011
583 5011
584 5011
585 5011
586 5011
587 5011
588 5011
589 5099
590 5099
591 5099
592 5099
593 5099
594 5099
595 5099
596 5099
597 5099
598 5099
599 5099
600 5099
601 5099
602 5099
603 5099
604 5099
605 5099
606 5099
607 5099
608 5099
609 5232
610 5232
611 5232
612 5232
613 5232
614 5232
615 5232
616 5232
617 5232
618 5232
619 5232
620 5232
621 5232
622 5232
623 5232
624 5232
625 5232
626 5232
627 5232
628 5232
629 5232
630 5232
631 5232
632 5232
633 5232
634 5232
635 5232
636 5232
637 5232
638 5232
639 5336
640 5336
641 5336
642 5336
643 5336
644 5336
645 5336
646 5336
647 5336
648 5336
649 5336
650 5336
651 5336
652 5336
653 5336
654 5336
655 5336
656 5336
657 5336
658 5336
659 5336
660 5336
661 5336
662 5336
663 5336
664 5336
665 5440
666 5440
667 5440
668 5440
669 5440
670 5440
671 5440
672 5440
673 5440
674 5440
675 5440
676 5440
677 5440
678 5440
679 5440
680 5440
681 5440
682 5440
683 5440
684 5440
685 5440
686 5440
687 5440
688 5440
689 5440
690 5579
691 5579
692 5579
693 5579
694 5579
695 5579
696 5579
697 5579
698 5579
699 5579
700 5579
701 5579
702 5579
703 5579
704 5579
705 5579
706 5579
707 5579
708 5579
709 5579
710 5579
711 5579
712 5579
713 5579
714 5579
715 5579
716 5579
717 5579
718 5579
719 5579
720 5579
721 5579
722 5579
723 5579
724 5706
725 5706
726 5706
727 5706
728 5706
729 5706
730 5706
731 5706
732 5706
733 5706
734 5706
735 5706
736 5706
737 5706
738 5706
739 5706
740 5706
741 5706
742 5706
743 5706
744 5706
745 5706
746 5706
747 5706
748 5706
749 5706
750 5706
751 5706
752 5706
753 5706
754 5706
755 5706
756 5706
757 5867
758 5867
759 5867
760 5867
761 5867
762 5867
763 5867
764 5867
765 5867
766 5867
767 5867
768 5867
769 5867
770 5867
771 5867
772 5867
773 5867
774 5867
775 5867
776 5867
777 5867
778 5867
779 5867
780 5867
781 5867
782 5867
783 5867
784 5867
785 5867
786 5867
787 5867
788 5867
789 5867
790 5867
791 5867
792 5867
793 5867
794 5867
795 5867
796 5867
797 5867
798 5867
799 5993
800 5993
801 5993
802 5993
803 5993
804 5993
805 5993
806 5993
807 5993
808 5993
809 5993
810 5993
811 5993
812 5993
813 5993
814 5993
815 5993
816 5993
817 5993
818 5993
819 5993
820 5993
821 5993
822 5993
823 5993
824 5993
825 5993
826 5993
827 5993
828 5993
829 5993
830 5993
831 5993
832 6128
833 6128
834 6128
835 6128
836 6128
837 6128
838 6128
839 6128
840 6128
841 6128
842 6128
843 6128
844 6128
845 6128
846 6128
847 6128
848 6128
849 6128
850 6128
851 6128
852 6128
853 6128
854 6128
855 6128
856 6128
857 6128
858 6128
859 6128
860 6128
861 6128
862 6128
863 6128
864 6128
865 6128
866 6128
867 6128
868 6128
869 6212
870 6212
871 6212
872 6212
873 6212
874 6212
875 6212
876 6212
877 6212
878 6212
879 6212
880 6212
881 6212
882 6212
883 6212
884 6212
885 6212
886 6212
887 6212
888 6212
889 6212
890 6212
891 6212
892 6212
893 6350
894 6350
895 6350
896 6350
897 6350
898 6350
899 6350
900 6350
901 6350
902 6350
903 6350
904 6350
905 6350
906 6350
907 6350
908 6350
909 6350
910 6350
911 6350
912 6350
913 6350
914 6350
915 6350
916 6350
917 6350
918 6350
919 6350
920 6350
921 6350
922 6350
923 6350
924 6350
925 6350
926 6350
927 6350
928 6350
929 6350
930 6350
931 6350
932 6463
933 6463
934 6463
935 6463
936 6463
937 6463
938 6463
939 6463
940 6463
941 6463
942 6463
943 6463
944 6463
945 6463
946 6463
947 6463
948 6463
949 6463
950 6463
951 6463
952 6463
953 6463
954 6463
955 6463
956 6463
957 6463
958 6463
959 6463
960 6463
961 6463
962 6463
963 6463
964 6573
965 6573
966 6573
967 6573
968 6573
969 6573
970 6573
971 6573
972 6573
973 6573
974 6573
975 6573
976 6573
977 6573
978 6573
979 6573
980 6573
981 6573
982 6573
983 6573
984 6573
985 6573
986 6573
987 6573
988 6573
989 6573
990 6573
991 6573
992 6573
993 6573
994 6573
995 6573
996 6573
997 6715
998 6715
999 6715
1000 6715
1001 6715
1002 6715
1003 6715
1004 6715
1005 6715
1006 6715
1007 6715
1008 6715
1009 6715
1010 6715
1011 6715
1012 6715
1013 6715
1014 6715
1015 6715
1016 6715
1017 6715
1018 6715
1019 6715
1020 6715
1021 6715
1022 6715
1023 6715
1024 6715
1025 6715
1026 6715
1027 6715
1028 6715
1029 6715
1030 6715
1031 6715
1032 6715
1033 6715
1034 6715
1035 6715
1036 6715
1037 6715
1038 6715
1039 6831
1040 6831
1041 6831
1042 6831
1043 6831
1044 6831
1045 6831
1046 6831
1047 6831
1048 6831
1049 6831
1050 6831
1051 6831
1052 6831
1053 6831
1054 6831
1055 6831
1056 6831
1057 6831
1058 6831
1059 6831
1060 6831
1061 6831
1062 6831
1063 6831
1064 6831
1065 6831
1066 6831
1067 6831
1068 6831
1069 6831
1070 6831
1071 6831
1072 6831
1073 6831
1074 6916
1075 6916
1076 6916
1077 6916
1078 6916
1079 6916
1080 6916
1081 6916
1082 6916
1083 6916
1084 6916
1085 6916
1086 6916
1087 6916
1088 6916
1089 6916
1090 6916
1091 6916
1092 6916
1093 6916
1094 6916
1095 6916
1096 6916
1097 6916
1098 6916
1099 6916
1100 6916
1101 7035
1102 7035
1103 7035
1104 7035
1105 7035
1106 7035
1107 7035
1108 7035
1109 7035
1110 7035
1111 7035
1112 7035
1113 7035
1114 7035
1115 7035
1116 7035
1117 7035
1118 7035
1119 7035
1120 7035
1121 7035
1122 7035
1123 7035
1124 7035
1125 7035
1126 7035
1127 7035
1128 7035
1129 7035
1130 7035
1131 7035
1132 7035
1133 7035
1134 7035
1135 7035
1136 7035
1137 7035
1138 7035
1139 7126
1140 7126
1141 7126
1142 7126
1143 7126
1144 7126
1145 7126
1146 7126
1147 7126
1148 7126
1149 7126
1150 7126
1151 7126
1152 7126
1153 7126
1154 7126
1155 7126
1156 7126
1157 7126
1158 7126
1159 7126
1160 7126
1161 7126
1162 7126
1163 7126
1164 7126
1165 7126
1166 7126
1167 7126
1168 7152
1169 7152
1170 7152
1171 7152
1172 7152
1173 7152
1174 7152
1175 7152
1176 7152
1177 7152
1178 7280
1179 7280
1180 7280
1181 7280
1182 7280
1183 7280
1184 7280
1185 7280
1186 7280
1187 7280
1188 7280
1189 7280
1190 7280
1191 7280
1192 7280
1193 7280
1194 7280
1195 7280
1196 7280
1197 7280
1198 7280
1199 7280
1200 7280
1201 7280
1202 7280
1203 7280
1204 7280
1205 7280
1206 7280
1207 7280
1208 7280
1209 7280
1210 7280
1211 7280
1212 7280
1213 7280
1214 7280
1215 7280
1216 7280
1217 7280
1218 7280
1219 7358
1220 7358
1221 7358
1222 7358
1223 7358
1224 7358
1225 7358
1226 7358
1227 7358
1228 7358
1229 7358
1230 7358
1231 7358
1232 7358
1233 7358
1234 7358
1235 7358
1236 7358
1237 7358
1238 7358
1239 7358
1240 7358
1241 7358
1242 7358
1243 7358
1244 7358
1245 7358
1246 7446
1247 7446
1248 7446
1249 7446
1250 7446
1251 7446
1252 7446
1253 7446
1254 7446
1255 7446
1256 7446
1257 7446
1258 7446
1259 7446
1260 7446
1261 7446
1262 7446
1263 7446
1264 7446
1265 7446
1266 7446
1267 7446
1268 7446
1269 7446
1270 7446
1271 7446
1272 7446
1273 7446
1274 7446
1275 7596
1276 7596
1277 7596
1278 7596
1279 7596
1280 7596
1281 7596
1282 7596
1283 7596
1284 7596
1285 7596
1286 7596
1287 7596
1288 7596
1289 7596
1290 7596
1291 7596
1292 7596
1293 7596
1294 7596
1295 7596
1296 7596
1297 7596
1298 7596
1299 7596
1300 7596
1301 7596
1302 7596
1303 7596
1304 7596
1305 7596
1306 7596
1307 7596
1308 7596
1309 7596
1310 7596
1311 7596
1312 7596
1313 7596
1314 7596
1315 7596
1316 7596
1317 7596
1318 7596
1319 7596
1320 7596
1321 7596
1322 7596
1323 7596
1324 7596
1325 7596
1326 7730
1327 7730
1328 7730
1329 7730
1330 7730
1331 7730
1332 7730
1333 7730
1334 7730
1335 7730
1336 7730
1337 7730
1338 7730
1339 7730
1340 7730
1341 7730
1342 7730
1343 7730
1344 7730
1345 7730
1346 7730
1347 7730
1348 7730
1349 7730
1350 7730
1351 7730
1352 7730
1353 7730
1354 7730
1355 7730
1356 7730
1357 7730
1358 7730
1359 7730
1360 7730
1361 7730
1362 7730
1363 7730
1364 7730
1365 7730
1366 7730
1367 7730
1368 7730
1369 7730
1370 7730
1371 7730
1372 7849
1373 7849
1374 7849
1375 7849
1376 7849
1377 7849
1378 7849
1379 7849
1380 7849
1381 7849
1382 7849
1383 7849
1384 7849
1385 7849
1386 7849
1387 7849
1388 7849
1389 7849
1390 7849
1391 7849
1392 7849
1393 7849
1394 7849
1395 7849
1396 7849
1397 7849
1398 7849
1399 7849
1400 7849
1401 7849
1402 7849
1403 7849
1404 7849
1405 7849
1406 7849
1407 7849
1408 7849
1409 7849
1410 7849
1411 7849
1412 7849
1413 7849
1414 7935
1415 7935
1416 7935
1417 7935
1418 7935
1419 7935
1420 7935
1421 7935
1422 7935
1423 7935
1424 7935
1425 7935
1426 7935
1427 7935
1428 7935
1429 7935
1430 7935
1431 7935
1432 7935
1433 7935
1434 7935
1435 7935
1436 7935
1437 7935
1438 7935
1439 7935
1440 7935
1441 7935
1442 7935
1443 7935
1444 7935
1445 7935
1446 8063
1447 8063
1448 8063
1449 8063
1450 8063
1451 8063
1452 8063
1453 8063
1454 8063
1455 8063
1456 8063
1457 8063
1458 8063
1459 8063
1460 8063
1461 8063
1462 8063
1463 8063
1464 8063
1465 8063
1466 8063
1467 8063
1468 8063
1469 8063
1470 8063
1471 8063
1472 8063
1473 8063
1474 8063
1475 8063
1476 8063
1477 8063
1478 8063
1479 8063
1480 8063
1481 8063
1482 8063
1483 8063
1484 8063
1485 8063
1486 8063
1487 8063
1488 8063
1489 8063
1490 8063
1491 8063
1492 8205
1493 8205
1494 8205
1495 8205
1496 8205
1497 8205
1498 8205
1499 8205
1500 8205
1501 8205
1502 8205
1503 8205
1504 8205
1505 8205
1506 8205
1507 8205
1508 8205
1509 8205
1510 8205
1511 8205
1512 8205
1513 8205
1514 8205
1515 8205
1516 8205
1517 8205
1518 8205
1519 8205
1520 8205
1521 8205
1522 8205
1523 8205
1524 8205
1525 8205
1526 8205
1527 8205
1528 8205
1529 8205
1530 8205
1531 8205
1532 8205
1533 8205
1534 8205
1535 8205
1536 8205
1537 8205
1538 8205
1539 8205
1540 8205
1541 8205
1542 8205
1543 8205
1544 8348
1545 8348
1546 8348
1547 8348
1548 8348
1549 8348
1550 8348
1551 8348
1552 8348
1553 8348
1554 8348
1555 8348
1556 8348
1557 8348
1558 8348
1559 8348
1560 8348
1561 8348
1562 8348
1563 8348
1564 8348
1565 8348
1566 8348
1567 8348
1568 8348
1569 8348
1570 8348
1571 8348
1572 8348
1573 8348
1574 8348
1575 8348
1576 8348
1577 8348
1578 8348
1579 8348
1580 8348
1581 8348
1582 8348
1583 8348
1584 8348
1585 8348
1586 8348
1587 8348
1588 8348
1589 8348
1590 8348
1591 8348
1592 8348
1593 8348
1594 8348
1595 8348
1596 8348
1597 8348
1598 8498
1599 8498
1600 8498
1601 8498
1602 8498
1603 8498
1604 8498
1605 8498
1606 8498
1607 8498
1608 8498
1609 8498
1610 8498
1611 8498
1612 8498
1613 8498
1614 8498
1615 8498
1616 8498
1617 8498
1618 8498
1619 8498
1620 8498
1621 8498
1622 8498
1623 8498
1624 8498
1625 8498
1626 8498
1627 8498
1628 8498
1629 8498
1630 8498
1631 8498
1632 8498
1633 8498
1634 8498
1635 8498
1636 8498
1637 8498
1638 8498
1639 8498
1640 8498
1641 8498
1642 8498
1643 8498
1644 8498
1645 8498
1646 8498
1647 8498
1648 8498
1649 8498
1650 8498
1651 8498
1652 8498
1653 8498
1654 8498
1655 8498
1656 8498
1657 8498
1658 8498
1659 8648
1660 8648
1661 8648
1662 8648
1663 8648
1664 8648
1665 8648
1666 8648
1667 8648
1668 8648
1669 8648
1670 8648
1671 8648
1672 8648
1673 8648
1674 8648
1675 8648
1676 8648
1677 8648
1678 8648
1679 8648
1680 8648
1681 8648
1682 8648
1683 8648
1684 8648
1685 8648
1686 8648
1687 8648
1688 8648
1689 8648
1690 8648
1691 8648
1692 8648
1693 8648
1694 8648
1695 8648
1696 8648
1697 8648
1698 8648
1699 8648
1700 8648
1701 8648
1702 8648
1703 8648
1704 8648
1705 8648
1706 8648
1707 8648
1708 8648
1709 8648
1710 8648
1711 8648
1712 8648
1713 8648
1714 8648
1715 8648
1716 8648
1717 8798
1718 8798
1719 8798
1720 8798
1721 8798
1722 8798
1723 8798
1724 8798
1725 8798
1726 8798
1727 8798
1728 8798
1729 8798
1730 8798
1731 8798
1732 8798
1733 8798
1734 8798
1735 8798
1736 8798
1737 8798
1738 8798
1739 8798
1740 8798
1741 8798
1742 8798
1743 8798
1744 8798
1745 8798
1746 8798
1747 8798
1748 8798
1749 8798
1750 8798
1751 8798
1752 8798
1753 8798
1754 8798
1755 8798
1756 8798
1757 8798
1758 8798
1759 8798
1760 8798
1761 8798
1762 8798
1763 8798
1764 8798
1765 8798
1766 8798
1767 8798
1768 8798
1769 8798
1770 8798
1771 8798
1772 8798
1773 8798
1774 8798
1775 8798
1776 8909
1777 8909
1778 8909
1779 8909
1780 8909
1781 8909
1782 8909
1783 8909
1784 8909
1785 8909
1786 8909
1787 8909
1788 8909
1789 8909
1790 8909
1791 8909
1792 8909
1793 8909
1794 8909
1795 8909
1796 8909
1797 8909
1798 8909
1799 8909
1800 8909
1801 8909
1802 8909
1803 8909
1804 8909
1805 8909
1806 8909
1807 8909
1808 8909
1809 8909
1810 8909
1811 8909
1812 8909
1813 8909
1814 8909
1815 8909
1816 8909
1817 8909
1818 8909
1819 8909
1820 8909
1821 9033
1822 9033
1823 9033
1824 9033
1825 9033
1826 9033
1827 9033
1828 9033
1829 9033
1830 9033
1831 9033
1832 9033
1833 9033
1834 9033
1835 9033
1836 9033
1837 9033
1838 9033
1839 9033
1840 9033
1841 9033
1842 9033
1843 9033
1844 9033
1845 9033
1846 9033
1847 9033
1848 9033
1849 9033
1850 9033
1851 9033
1852 9033
1853 9033
1854 9033
1855 9033
1856 9033
1857 9033
1858 9033
1859 9033
1860 9033
1861 9033
1862 9033
1863 9033
1864 9033
1865 9033
1866 9033
1867 9033
1868 9033
1869 9033
1870 9033
1871 9033
1872 9195
1873 9195
1874 9195
1875 9195
1876 9195
1877 9195
1878 9195
1879 9195
1880 9195
1881 9195
1882 9195
1883 9195
1884 9195
1885 9195
1886 9195
1887 9195
1888 9195
1889 9195
1890 9195
1891 9195
1892 9195
1893 9195
1894 9195
1895 9195
1896 9195
1897 9195
1898 9195
1899 9195
1900 9195
1901 9195
1902 9195
1903 9195
1904 9195
1905 9195
1906 9195
1907 9195
1908 9195
1909 9195
1910 9195
1911 9195
1912 9195
1913 9195
1914 9195
1915 9195
1916 9195
1917 9195
1918 9195
1919 9195
1920 9195
1921 9195
1922 9195
1923 9195
1924 9195
1925 9195
1926 9195
1927 9195
1928 9195
1929 9195
1930 9195
1931 9195
1932 9195
1933 9195
1934 9195
1935 9195
1936 9195
1937 9195
1938 9195
1939 9288
1940 9288
1941 9288
1942 9288
1943 9288
1944 9288
1945 9288
1946 9288
1947 9288
1948 9288
1949 9288
1950 9288
1951 9288
1952 9288
1953 9288
1954 9288
1955 9288
1956 9288
1957 9288
1958 9288
1959 9288
1960 9288
1961 9288
1962 9288
1963 9288
1964 9288
1965 9288
1966 9288
1967 9288
1968 9288
1969 9288
1970 9288
1971 9288
1972 9288
1973 9288
1974 9288
1975 9288
1976 9288
1977 9288
1978 9364
1979 9364
1980 9364
1981 9364
1982 9364
1983 9364
1984 9364
1985 9364
1986 9364
1987 9364
1988 9364
1989 9364
1990 9364
1991 9364
1992 9364
1993 9364
1994 9364
1995 9364
1996 9364
1997 9364
1998 9364
1999 9364
2000 9364
2001 9364
2002 9364
2003 9364
2004 9364
2005 9364
2006 9364
2007 9364
2008 9364
2009 9364
2010 9364
2011 9522
2012 9522
2013 9522
2014 9522
2015 9522
2016 9522
2017 9522
2018 9522
2019 9522
2020 9522
2021 9522
2022 9522
2023 9522
2024 9522
2025 9522
2026 9522
2027 9522
2028 9522
2029 9522
2030 9522
2031 9522
2032 9522
2033 9522
2034 9522
2035 9522
2036 9522
2037 9522
2038 9522
2039 9522
2040 9522
2041 9522
2042 9522
2043 9522
2044 9522
2045 9522
2046 9522
2047 9522
2048 9522
2049 9522
2050 9522
2051 9522
2052 9522
2053 9522
2054 9522
2055 9522
2056 9522
2057 9522
2058 9522
2059 9522
2060 9522
2061 9522
2062 9522
2063 9522
2064 9522
2065 9522
2066 9522
2067 9522
2068 9522
2069 9522
2070 9522
2071 9522
2072 9522
2073 9522
2074 9522
2075 9522
2076 9522
2077 9522
2078 9522
2079 9607
2080 9607
2081 9607
2082 9607
2083 9607
2084 9607
2085 9607
2086 9607
2087 9607
2088 9607
2089 9607
2090 9607
2091 9607
2092 9607
2093 9607
2094 9607
2095 9607
2096 9607
2097 9607
2098 9607
2099 9607
2100 9607
2101 9607
2102 9607
2103 9607
2104 9607
2105 9607
2106 9607
2107 9607
2108 9607
2109 9607
2110 9607
2111 9607
2112 9607
2113 9607
2114 9607
2115 9607
2116 9686
2117 9686
2118 9686
2119 9686
2120 9686
2121 9686
2122 9686
2123 9686
2124 9686
2125 9686
2126 9686
2127 9686
2128 9686
2129 9686
2130 9686
2131 9686
2132 9686
2133 9686
2134 9686
2135 9686
2136 9686
2137 9686
2138 9686
2139 9686
2140 9686
2141 9686
2142 9686
2143 9686
2144 9686
2145 9686
2146 9686
2147 9686
2148 9686
2149 9686
2150 9686
2151 9686
2152 9715
2153 9715
2154 9715
2155 9715
2156 9715
2157 9715
2158 9715
2159 9715
2160 9715
2161 9715
2162 9715
2163 9715
2164 9715
2165 9715
2166 9715
2167 9809
2168 9809
2169 9809
2170 9809
2171 9809
2172 9809
2173 9809
2174 9809
2175 9809
2176 9809
2177 9809
2178 9809
2179 9809
2180 9809
2181 9809
2182 9809
2183 9809
2184 9809
2185 9809
2186 9809
2187 9809
2188 9809
2189 9809
2190 9809
2191 9809
2192 9809
2193 9809
2194 9809
2195 9809
2196 9809
2197 9809
2198 9809
2199 9809
2200 9809
2201 9809
2202 9809
2203 9809
2204 9809
2205 9809
2206 9809
2207 9809
2208 9809
2209 9922
2210 9922
2211 9922
2212 9922
2213 9922
2214 9922
2215 9922
2216 9922
2217 9922
2218 9922
2219 9922
2220 9922
2221 9922
2222 9922
2223 9922
2224 9922
2225 9922
2226 9922
2227 9922
2228 9922
2229 9922
2230 9922
2231 9922
2232 9922
2233 9922
2234 9922
2235 9922
2236 9922
2237 9922
2238 9922
2239 9922
2240 9922
2241 9922
2242 9922
2243 9922
2244 9922
2245 9922
2246 9922
2247 9922
2248 9922
2249 9922
2250 9922
2251 9922
2252 9922
2253 9922
2254 9922
2255 9922
2256 9922
2257 9922
2258 9922
2259 9922
2260 10078
2261 10078
2262 10078
2263 10078
2264 10078
2265 10078
2266 10078
2267 10078
2268 10078
2269 10078
2270 10078
2271 10078
2272 10078
2273 10078
2274 10078
2275 10078
2276 10078
2277 10078
2278 10078
2279 10078
2280 10078
2281 10078
2282 10078
2283 10078
2284 10078
2285 10078
2286 10078
2287 10078
2288 10078
2289 10078
2290 10078
2291 10078
2292 10078
2293 10078
2294 10078
2295 10078
2296 10078
2297 10078
2298 10078
2299 10078
2300 10078
2301 10078
2302 10078
2303 10078
2304 10078
2305 10078
2306 10078
2307 10078
2308 10078
2309 10078
2310 10078
2311 10078
2312 10078
2313 10078
2314 10078
2315 10078
2316 10078
2317 10078
2318 10078
2319 10078
2320 10078
2321 10078
2322 10078
2323 10078
2324 10078
2325 10078
2326 10078
2327 10078
2328 10078
2329 10078
2330 10078
2331 10187
2332 10187
2333 10187
2334 10187
2335 10187
2336 10187
2337 10187
2338 10187
2339 10187
2340 10187
2341 10187
2342 10187
2343 10187
2344 10187
2345 10187
2346 10187
2347 10187
2348 10187
2349 10187
2350 10187
2351 10187
2352 10187
2353 10187
2354 10187
2355 10187
2356 10187
2357 10187
2358 10187
2359 10187
2360 10187
2361 10187
2362 10187
2363 10187
2364 10187
2365 10187
2366 10187
2367 10187
2368 10187
2369 10187
2370 10187
2371 10187
2372 10187
2373 10187
2374 10187
2375 10187
2376 10187
2377 10187
2378 10187
2379 10187
2380 10187
2381 10187
2382 10335
2383 10335
2384 10335
2385 10335
2386 10335
2387 10335
2388 10335
2389 10335
2390 10335
2391 10335
2392 10335
2393 10335
2394 10335
2395 10335
2396 10335
2397 10335
2398 10335
2399 10335
2400 10335
2401 10335
2402 10335
2403 10335
2404 10335
2405 10335
2406 10335
2407 10335
2408 10335
2409 10335
2410 10335
2411 10335
2412 10335
2413 10335
2414 10335
2415 10335
2416 10335
2417 10335
2418 10335
2419 10335
2420 10335
2421 10335
2422 10335
2423 10335
2424 10335
2425 10335
2426 10335
2427 10335
2428 10335
2429 10335
2430 10335
2431 10335
2432 10335
2433 10335
2434 10335
2435 10335
2436 10335
2437 10335
2438 10335
2439 10335
2440 10335
2441 10335
2442 10335
2443 10335
2444 10335
2445 10335
2446 10335
2447 10335
2448 10335
2449 10335
2450 10335
2451 10440
2452 10440
2453 10440
2454 10440
2455 10440
2456 10440
2457 10440
2458 10440
2459 10440
2460 10440
2461 10440
2462 10440
2463 10440
2464 10440
2465 10440
2466 10440
2467 10440
2468 10440
2469 10440
2470 10440
2471 10440
2472 10440
2473 10440
2474 10440
2475 10440
2476 10440
2477 10440
2478 10440
2479 10440
2480 10440
2481 10440
2482 10440
2483 10440
2484 10440
2485 10440
2486 10440
2487 10440
2488 10440
2489 10440
2490 10440
2491 10440
2492 10440
2493 10440
2494 10440
2495 10440
2496 10440
2497 10440
2498 10440
2499 10440
2500 10440
2501 10440
2502 10440
2503 10440
2504 10518
2505 10518
2506 10518
2507 10518
2508 10518
2509 10518
2510 10518
2511 10518
2512 10518
2513 10518
2514 10518
2515 10518
2516 10518
2517 10518
2518 10518
2519 10518
2520 10518
2521 10518
2522 10518
2523 10518
2524 10518
2525 10518
2526 10518
2527 10518
2528 10518
2529 10518
2530 10518
2531 10518
2532 10518
2533 10518
2534 10518
2535 10518
2536 10518
2537 10518
2538 10518
2539 10518
2540 10518
2541 10518
2542 10518
2543 10628
2544 10628
2545 10628
2546 10628
2547 10628
2548 10628
2549 10628
2550 10628
2551 10628
2552 10628
2553 10628
2554 10628
2555 10628
2556 10628
2557 10628
2558 10628
2559 10628
2560 10628
2561 10628
2562 10628
2563 10628
2564 10628
2565 10628
2566 10628
2567 10628
2568 10628
2569 10628
2570 10628
2571 10628
2572 10628
2573 10628
2574 10628
2575 10628
2576 10628
2577 10628
2578 10628
2579 10628
2580 10628
2581 10628
2582 10628
2583 10628
2584 10628
2585 10628
2586 10628
2587 10628
2588 10628
2589 10628
2590 10628
2591 10628
2592 10628
2593 10628
2594 10628
2595 10628
2596 10628
2597 10722
2598 10722
2599 10722
2600 10722
2601 10722
2602 10722
2603 10722
2604 10722
2605 10722
2606 10722
2607 10722
2608 10722
2609 10722
2610 10722
2611 10722
2612 10722
2613 10722
2614 10722
2615 10722
2616 10722
2617 10722
2618 10722
2619 10722
2620 10722
2621 10722
2622 10722
2623 10722
2624 10722
2625 10722
2626 10722
2627 10722
2628 10722
2629 10722
2630 10722
2631 10722
2632 10722
2633 10722
2634 10722
2635 10722
2636 10722
2637 10722
2638 10722
2639 10722
2640 10722
2641 10722
2642 10722
2643 10722
2644 10853
2645 10853
2646 10853
2647 10853
2648 10853
2649 10853
2650 10853
2651 10853
2652 10853
2653 10853
2654 10853
2655 10853
2656 10853
2657 10853
2658 10853
2659 10853
2660 10853
2661 10853
2662 10853
2663 10853
2664 10853
2665 10853
2666 10853
2667 10853
2668 10853
2669 10853
2670 10853
2671 10853
2672 10853
2673 10853
2674 10853
2675 10853
2676 10853
2677 10853
2678 10853
2679 10853
2680 10853
2681 10853
2682 10853
2683 10853
2684 10853
2685 10853
2686 10853
2687 10853
2688 10853
2689 10853
2690 10853
2691 10853
2692 10853
2693 10853
2694 10853
2695 10853
2696 10853
2697 10853
2698 10853
2699 10853
2700 10853
2701 10853
2702 10853
2703 10853
2704 10853
2705 10853
2706 10853
2707 10853
2708 10853
2709 10882
2710 10882
2711 10882
2712 10882
2713 10882
2714 10882
2715 10882
2716 10882
2717 10882
2718 10882
2719 10882
2720 10882
2721 10882
2722 10882
2723 10882
2724 10882
2725 10882
2726 10911
2727 10911
2728 10911
2729 10911
2730 10911
2731 10911
2732 10911
2733 10911
2734 10911
2735 10911
2736 10911
2737 10911
2738 10911
2739 10911
2740 10911
2741 10911
2742 10911
2743 10911
2744 10911
2745 10911
2746 10982
2747 10982
2748 10982
2749 10982
2750 10982
2751 10982
2752 10982
2753 10982
2754 10982
2755 10982
2756 10982
2757 10982
2758 10982
2759 10982
2760 10982
2761 10982
2762 10982
2763 10982
2764 10982
2765 10982
2766 10982
2767 10982
2768 10982
2769 10982
2770 10982
2771 10982
2772 10982
2773 10982
2774 10982
2775 10982
2776 10982
2777 10982
2778 10982
2779 10982
2780 10982
2781 10982
2782 10982
2783 10982
2784 11130
2785 11130
2786 11130
2787 11130
2788 11130
2789 11130
2790 11130
2791 11130
2792 11130
2793 11130
2794 11130
2795 11130
2796 11130
2797 11130
2798 11130
2799 11130
2800 11130
2801 11130
2802 11130
2803 11130
2804 11130
2805 11130
2806 11130
2807 11130
2808 11130
2809 11130
2810 11130
2811 11130
2812 11130
2813 11130
2814 11130
2815 11130
2816 11130
2817 11130
2818 11130
2819 11130
2820 11130
2821 11130
2822 11130
2823 11130
2824 11130
2825 11130
2826 11130
2827 11130
2828 11130
2829 11130
2830 11130
2831 11130
2832 11130
2833 11130
2834 11130
2835 11130
2836 11130
2837 11130
2838 11130
2839 11130
2840 11130
2841 11130
2842 11130
2843 11130
2844 11130
2845 11130
2846 11130
2847 11130
2848 11130
2849 11130
2850 11130
2851 11130
2852 11130
2853 11130
2854 11130
2855 11130
2856 11130
2857 11130
2858 11130
2859 11130
2860 11292
2861 11292
2862 11292
2863 11292
2864 11292
2865 11292
2866 11292
2867 11292
2868 11292
2869 11292
2870 11292
2871 11292
2872 11292
2873 11292
2874 11292
2875 11292
2876 11292
2877 11292
2878 11292
2879 11292
2880 11292
2881 11292
2882 11292
2883 11292
2884 11292
2885 11292
2886 11292
2887 11292
2888 11292
2889 11292
2890 11292
2891 11292
2892 11292
2893 11292
2894 11292
2895 11292
2896 11292
2897 11292
2898 11292
2899 11292
2900 11292
2901 11292
2902 11292
2903 11292
2904 11292
2905 11292
2906 11292
2907 11292
2908 11292
2909 11292
2910 11292
2911 11292
2912 11292
2913 11292
2914 11292
2915 11292
2916 11292
2917 11292
2918 11292
2919 11292
2920 11292
2921 11292
2922 11292
2923 11292
2924 11292
2925 11292
2926 11292
2927 11292
2928 11292
2929 11292
2930 11292
2931 11292
2932 11292
2933 11292
2934 11292
2935 11292
2936 11292
2937 11292
2938 11292
2939 11292
2940 11292
2941 11292
2942 11292
2943 11292
2944 11429
2945 11429
2946 11429
2947 11429
2948 11429
2949 11429
2950 11429
2951 11429
2952 11429
2953 11429
2954 11429
2955 11429
2956 11429
2957 11429
2958 11429
2959 11429
2960 11429
2961 11429
2962 11429
2963 11429
2964 11429
2965 11429
2966 11429
2967 11429
2968 11429
2969 11429
2970 11429
2971 11429
2972 11429
2973 11429
2974 11429
2975 11429
2976 11429
2977 11429
2978 11429
2979 11429
2980 11429
2981 11429
2982 11429
2983 11429
2984 11429
2985 11429
2986 11429
2987 11429
2988 11429
2989 11429
2990 11429
2991 11429
2992 11429
2993 11429
2994 11429
2995 11429
2996 11429
2997 11429
2998 11429
2999 11429
3000 11429
3001 11429
3002 11429
3003 11429
3004 11429
3005 11429
3006 11429
3007 11429
3008 11429
3009 11429
3010 11429
3011 11429
3012 11429
3013 11429
3014 11429
3015 11429
3016 11520
3017 11520
3018 11520
3019 11520
3020 11520
3021 11520
3022 11520
3023 11520
3024 11520
3025 11520
3026 11520
3027 11520
3028 11520
3029 11520
3030 11520
3031 11520
3032 11520
3033 11520
3034 11520
3035 11520
3036 11520
3037 11520
3038 11520
3039 11520
3040 11520
3041 11520
3042 11520
3043 11520
3044 11520
3045 11520
3046 11520
3047 11520
3048 11520
3049 11520
3050 11520
3051 11520
3052 11520
3053 11520
3054 11520
3055 11520
3056 11520
3057 11520
3058 11520
3059 11520
3060 11520
3061 11520
3062 11520
3063 11520
3064 11520
3065 11598
3066 11598
3067 11598
3068 11598
3069 11598
3070 11598
3071 11598
3072 11598
3073 11598
3074 11598
3075 11598
3076 11598
3077 11598
3078 11598
3079 11598
3080 11598
3081 11598
3082 11598
3083 11598
3084 11598
3085 11598
3086 11598
3087 11598
3088 11598
3089 11598
3090 11598
3091 11598
3092 11598
3093 11598
3094 11598
3095 11598
3096 11598
3097 11598
3098 11598
3099 11598
3100 11598
3101 11598
3102 11598
3103 11598
3104 11598
3105 11598
3106 11598
3107 11598
3108 11598
3109 11728
3110 11728
3111 11728
3112 11728
3113 11728
3114 11728
3115 11728
3116 11728
3117 11728
3118 11728
3119 11728
3120 11728
3121 11728
3122 11728
3123 11728
3124 11728
3125 11728
3126 11728
3127 11728
3128 11728
3129 11728
3130 11728
3131 11728
3132 11728
3133 11728
3134 11728
3135 11728
3136 11728
3137 11728
3138 11728
3139 11728
3140 11728
3141 11728
3142 11728
3143 11728
3144 11728
3145 11728
3146 11728
3147 11728
3148 11728
3149 11728
3150 11728
3151 11728
3152 11728
3153 11728
3154 11728
3155 11728
3156 11728
3157 11728
3158 11728
3159 11728
3160 11728
3161 11728
3162 11728
3163 11728
3164 11728
3165 11728
3166 11728
3167 11728
3168 11728
3169 11728
3170 11728
3171 11728
3172 11728
3173 11728
3174 11728
3175 11728
3176 11728
3177 11728
3178 11728
3179 11838
3180 11838
3181 11838
3182 11838
3183 11838
3184 11838
3185 11838
3186 11838
3187 11838
3188 11838
3189 11838
3190 11838
3191 11838
3192 11838
3193 11838
3194 11838
3195 11838
3196 11838
3197 11838
3198 11838
3199 11838
3200 11838
3201 11838
3202 11838
3203 11838
3204 11838
3205 11838
3206 11838
3207 11838
3208 11838
3209 11838
3210 11838
3211 11838
3212 11838
3213 11838
3214 11838
3215 11838
3216 11838
3217 11838
3218 11838
3219 11838
3220 11838
3221 11838
3222 11838
3223 11838
3224 11838
3225 11838
3226 11838
3227 11838
3228 11838
3229 11838
3230 11838
3231 11838
3232 11838
3233 11838
3234 11838
3235 11838
3236 11838
3237 11838
3238 11838
3239 11838
3240 11838
3241 11930
3242 11930
3243 11930
3244 11930
3245 11930
3246 11930
3247 11930
3248 11930
3249 11930
3250 11930
3251 11930
3252 11930
3253 11930
3254 11930
3255 11930
3256 11930
3257 11930
3258 11930
3259 11930
3260 11930
3261 11930
3262 11930
3263 11930
3264 11930
3265 11930
3266 11930
3267 11930
3268 11930
3269 11930
3270 11930
3271 11930
3272 11930
3273 11930
3274 11930
3275 11930
3276 11930
3277 11930
3278 11930
3279 11930
3280 11930
3281 11930
3282 11930
3283 11930
3284 11930
3285 11930
3286 11930
3287 11930
3288 11930
3289 11930
3290 11930
3291 11930
3292 11930
3293 12029
3294 12029
3295 12029
3296 12029
3297 12029
3298 12029
3299 12029
3300 12029
3301 12029
3302 12029
3303 12029
3304 12029
3305 12029
3306 12029
3307 12029
3308 12029
3309 12029
3310 12029
3311 12029
3312 12029
3313 12029
3314 12029
3315 12029
3316 12029
3317 12029
3318 12029
3319 12029
3320 12029
3321 12029
3322 12029
3323 12029
3324 12029
3325 12029
3326 12029
3327 12029
3328 12029
3329 12029
3330 12029
3331 12029
3332 12029
3333 12029
3334 12029
3335 12029
3336 12029
3337 12029
3338 12029
3339 12029
3340 12029
3341 12029
3342 12029
3343 12029
3344 12029
3345 12029
3346 12029
3347 12029
3348 12029
3349 12053
3350 12053
3351 12053
3352 12053
3353 12053
3354 12053
3355 12053
3356 12053
3357 12053
3358 12053
3359 12053
3360 12053
3361 12053
3362 12053
3363 12053
3364 12053
3365 12166
3366 12166
3367 12166
3368 12166
3369 12166
3370 12166
3371 12166
3372 12166
3373 12166
3374 12166
3375 12166
3376 12166
3377 12166
3378 12166
3379 12166
3380 12166
3381 12166
3382 12166
3383 12166
3384 12166
3385 12166
3386 12166
3387 12166
3388 12166
3389 12166
3390 12166
3391 12166
3392 12166
3393 12166
3394 12166
3395 12166
3396 12166
3397 12166
3398 12166
3399 12166
3400 12166
3401 12166
3402 12166
3403 12166
3404 12166
3405 12166
3406 12166
3407 12166
3408 12166
3409 12166
3410 12166
3411 12166
3412 12166
3413 12166
3414 12166
3415 12166
3416 12166
3417 12166
3418 12166
3419 12166
3420 12166
3421 12166
3422 12166
3423 12166
3424 12166
3425 12166
3426 12166
3427 12166
3428 12166
3429 12166
3430 12250
3431 12250
3432 12250
3433 12250
3434 12250
3435 12250
3436 12250
3437 12250
3438 12250
3439 12250
3440 12250
3441 12250
3442 12250
3443 12250
3444 12250
3445 12250
3446 12250
3447 12250
3448 12250
3449 12250
3450 12250
3451 12250
3452 12250
3453 12250
3454 12250
3455 12250
3456 12250
3457 12250
3458 12250
3459 12250
3460 12250
3461 12250
3462 12250
3463 12250
3464 12250
3465 12250
3466 12250
3467 12250
3468 12250
3469 12250
3470 12250
3471 12250
3472 12250
3473 12250
3474 12250
3475 12250
3476 12250
3477 12250
3478 12250
3479 12353
3480 12353
3481 12353
3482 12353
3483 12353
3484 12353
3485 12353
3486 12353
3487 12353
3488 12353
3489 12353
3490 12353
3491 12353
3492 12353
3493 12353
3494 12353
3495 12353
3496 12353
3497 12353
3498 12353
3499 12353
3500 12353
3501 12353
3502 12353
3503 12353
3504 12353
3505 12353
3506 12353
3507 12353
3508 12353
3509 12353
3510 12353
3511 12353
3512 12353
3513 12353
3514 12353
3515 12353
3516 12353
3517 12353
3518 12353
3519 12353
3520 12353
3521 12353
3522 12353
3523 12353
3524 12353
3525 12353
3526 12353
3527 12353
3528 12353
3529 12353
3530 12353
3531 12353
3532 12353
3533 12353
3534 12353
3535 12353
3536 12353
3537 12353
3538 12353
3539 12353
3540 12497
3541 12497
3542 12497
3543 12497
3544 12497
3545 12497
3546 12497
3547 12497
3548 12497
3549 12497
3550 12497
3551 12497
3552 12497
3553 12497
3554 12497
3555 12497
3556 12497
3557 12497
3558 12497
3559 12497
3560 12497
3561 12497
3562 12497
3563 12497
3564 12497
3565 12497
3566 12497
3567 12497
3568 12497
3569 12497
3570 12497
3571 12497
3572 12497
3573 12497
3574 12497
3575 12497
3576 12497
3577 12497
3578 12497
3579 12497
3580 12497
3581 12497
3582 12497
3583 12497
3584 12497
3585 12497
3586 12497
3587 12497
3588 12497
3589 12497
3590 12497
3591 12497
3592 12497
3593 12497
3594 12497
3595 12497
3596 12497
3597 12497
3598 12497
3599 12497
3600 12497
