1 5
2 6
3 7
4 21
5 21
6 24
7 25
8 42
9 58
10 60
11 76
12 76
13 79
14 80
15 97
16 98
17 99
18 114
19 147
20 148
21 149
22 149
23 149
24 150
25 151
26 151
27 152
28 155
29 157
30 172
31 191
32 193
33 193
34 193
35 193
36 197
37 197
38 213
39 229
40 247
41 248
42 262
43 262
44 278
45 278
46 311
47 311
48 311
49 326
50 326
51 326
52 328
53 328
54 328
55 328
56 328
57 328
58 330
59 330
60 330
61 345
62 363
63 380
64 393
65 397
66 399
67 399
68 401
69 402
70 402
71 402
72 417
73 419
74 419
75 419
76 421
77 421
78 437
79 454
80 455
81 474
82 475
83 475
84 495
85 496
86 496
87 500
88 511
89 511
90 512
91 527
92 527
93 528
94 528
95 528
96 529
97 531
98 533
99 536
100 536
101 536
102 536
103 543
104 545
105 558
106 559
107 559
108 560
109 561
110 568
111 569
112 569
113 584
114 586
115 586
116 605
117 622
118 623
119 623
120 638
121 639
122 641
123 641
124 642
125 642
126 642
127 642
128 642
129 657
130 658
131 659
132 660
133 679
134 679
135 679
136 683
137 698
138 714
139 714
140 714
141 735
142 750
143 750
144 760
145 760
146 760
147 760
148 760
149 761
150 761
151 761
152 761
153 761
154 761
155 764
156 765
157 766
158 767
159 783
160 784
161 784
162 784
163 785
164 801
165 801
166 816
167 816
168 829
169 833
170 833
171 854
172 858
173 862
174 862
175 862
176 862
177 862
178 862
179 862
180 862
181 866
182 881
183 896
184 896
185 900
186 902
187 902
188 903
189 903
190 903
191 917
192 917
193 917
194 918
195 919
196 935
197 956
198 956
199 971
200 971
201 971
202 972
203 973
204 973
205 973
206 973
207 988
208 988
209 988
210 1002
211 1002
212 1002
213 1003
214 1021
215 1021
216 1035
217 1036
218 1036
219 1037
220 1057
221 1057
222 1066
223 1080
224 1080
225 1080
226 1080
227 1080
228 1080
229 1081
230 1081
231 1098
232 1099
233 1099
234 1099
235 1101
236 1101
237 1119
238 1119
239 1119
240 1121
241 1121
242 1124
243 1140
244 1140
245 1141
246 1141
247 1143
248 1144
249 1144
250 1144
251 1151
252 1166
253 1168
254 1168
255 1168
256 1168
257 1168
258 1168
259 1168
260 1168
261 1168
262 1168
263 1168
264 1168
265 1168
266 1184
267 1184
268 1201
269 1201
270 1201
271 1202
272 1204
273 1204
274 1204
275 1218
276 1219
277 1220
278 1235
279 1235
280 1235
281 1255
282 1255
283 1257
284 1272
285 1272
286 1291
287 1291
288 1306
289 1306
290 1308
291 1324
292 1324
293 1325
294 1327
295 1328
296 1329
297 1346
298 1346
299 1346
300 1350
301 1351
302 1352
303 1353
304 1354
305 1354
306 1355
307 1355
308 1355
309 1355
310 1370
311 1370
312 1371
313 1373
314 1387
315 1387
316 1407
317 1407
318 1408
319 1408
320 1422
321 1422
322 1422
323 1438
324 1438
325 1438
326 1438
327 1439
328 1441
329 1457
330 1457
331 1458
332 1478
333 1478
334 1496
335 1496
336 1498
337 1498
338 1498
339 1500
340 1501
341 1501
342 1501
343 1501
344 1501
345 1501
346 1506
347 1506
348 1513
349 1514
350 1515
351 1515
352 1515
353 1515
354 1515
355 1515
356 1516
357 1516
358 1516
359 1516
360 1516
361 1517
362 1517
363 1517
364 1533
365 1533
366 1533
367 1533
368 1533
369 1550
370 1550
371 1565
372 1566
373 1566
374 1568
375 1572
376 1588
377 1588
378 1588
379 1607
380 1607
381 1607
382 1612
383 1612
384 1612
385 1612
386 1612
387 1612
388 1621
389 1621
390 1621
391 1638
392 1638
393 1638
394 1641
395 1641
396 1661
397 1661
398 1661
399 1677
400 1677
401 1680
402 1681
403 1682
404 1685
405 1687
406 1687
407 1702
408 1702
409 1717
410 1717
411 1718
412 1719
413 1720
414 1720
415 1741
416 1741
417 1760
418 1760
419 1760
420 1761
421 1762
422 1762
423 1763
424 1764
425 1767
426 1771
427 1793
428 1793
429 1793
430 1793
431 1794
432 1794
433 1794
